18:58:35.568 [main] INFO SLHttpClient - Created SLApacheHttpClient
18:58:35.891 [main] DEBUG SLHttpClient - [To LABS] - attempt '#1' out of '5, url:'https://dev-ftv-gw.dev.sealights.co/api/v1/agents/labs/integ_puppet_038a_gfftvlab02'
18:58:35.898 [main] INFO SLHttpClient - [To LABS] - sending GET, url:'https://dev-ftv-gw.dev.sealights.co/api/v1/agents/labs/integ_puppet_038a_gfftvlab02', token: ...X3B1_efpQ4''
18:58:35.912 [main] DEBUG io.sealights.dependencies.org.apache.hc.client5.http.impl.classic.InternalHttpClient - ex-00000001: preparing request execution
18:58:35.927 [main] DEBUG io.sealights.dependencies.org.apache.hc.client5.http.protocol.RequestAddCookies - Cookie spec selected: strict
18:58:35.948 [main] DEBUG io.sealights.dependencies.org.apache.hc.client5.http.protocol.RequestAuthCache - Auth cache not set in the context
18:58:35.949 [main] DEBUG io.sealights.dependencies.org.apache.hc.client5.http.impl.classic.ProtocolExec - ex-00000001: proxy auth state: UNCHALLENGED
18:58:35.952 [main] DEBUG io.sealights.dependencies.org.apache.hc.client5.http.impl.classic.ConnectExec - ex-00000001: acquiring connection with route {s}->https://dev-ftv-gw.dev.sealights.co:443
18:58:35.953 [main] DEBUG io.sealights.dependencies.org.apache.hc.client5.http.impl.classic.InternalHttpClient - ex-00000001: acquiring endpoint (20000 MILLISECONDS)
18:58:35.958 [main] DEBUG io.sealights.dependencies.org.apache.hc.client5.http.impl.io.PoolingHttpClientConnectionManager - ex-00000001: endpoint lease request (20000 MILLISECONDS) [route: {s}->https://dev-ftv-gw.dev.sealights.co:443][total available: 0; route allocated: 0 of 5; total allocated: 0 of 25]
18:58:35.973 [main] DEBUG io.sealights.dependencies.org.apache.hc.client5.http.impl.io.PoolingHttpClientConnectionManager - ex-00000001: endpoint leased [route: {s}->https://dev-ftv-gw.dev.sealights.co:443][total available: 0; route allocated: 1 of 5; total allocated: 1 of 25]
18:58:36.015 [main] DEBUG io.sealights.dependencies.org.apache.hc.client5.http.impl.io.PoolingHttpClientConnectionManager - ex-00000001: acquired ep-00000000
18:58:36.016 [main] DEBUG io.sealights.dependencies.org.apache.hc.client5.http.impl.classic.InternalHttpClient - ex-00000001: acquired endpoint ep-00000000
18:58:36.016 [main] DEBUG io.sealights.dependencies.org.apache.hc.client5.http.impl.classic.ConnectExec - ex-00000001: opening connection {s}->https://dev-ftv-gw.dev.sealights.co:443
18:58:36.018 [main] DEBUG io.sealights.dependencies.org.apache.hc.client5.http.impl.classic.InternalHttpClient - ep-00000000: connecting endpoint (10000 MILLISECONDS)
18:58:36.019 [main] DEBUG io.sealights.dependencies.org.apache.hc.client5.http.impl.io.PoolingHttpClientConnectionManager - ep-00000000: connecting endpoint to https://dev-ftv-gw.dev.sealights.co:443 (10000 MILLISECONDS)
18:58:36.229 [main] DEBUG io.sealights.dependencies.org.apache.hc.client5.http.impl.io.DefaultHttpClientConnectionOperator - http-outgoing-0: connecting to dev-ftv-gw.dev.sealights.co/54.246.202.189:443
18:58:36.230 [main] DEBUG io.sealights.dependencies.org.apache.hc.client5.http.ssl.SSLConnectionSocketFactory - Connecting socket to dev-ftv-gw.dev.sealights.co/54.246.202.189:443 with timeout 10000 MILLISECONDS
18:58:36.437 [main] DEBUG io.sealights.dependencies.org.apache.hc.client5.http.ssl.SSLConnectionSocketFactory - Enabled protocols: [TLSv1.3, TLSv1.2]
18:58:36.438 [main] DEBUG io.sealights.dependencies.org.apache.hc.client5.http.ssl.SSLConnectionSocketFactory - Enabled cipher suites: [TLS_AES_128_GCM_SHA256, TLS_AES_256_GCM_SHA384, TLS_ECDHE_ECDSA_WITH_AES_256_GCM_SHA384, TLS_ECDHE_ECDSA_WITH_AES_128_GCM_SHA256, TLS_ECDHE_RSA_WITH_AES_256_GCM_SHA384, TLS_RSA_WITH_AES_256_GCM_SHA384, TLS_ECDH_ECDSA_WITH_AES_256_GCM_SHA384, TLS_ECDH_RSA_WITH_AES_256_GCM_SHA384, TLS_DHE_RSA_WITH_AES_256_GCM_SHA384, TLS_DHE_DSS_WITH_AES_256_GCM_SHA384, TLS_ECDHE_RSA_WITH_AES_128_GCM_SHA256, TLS_RSA_WITH_AES_128_GCM_SHA256, TLS_ECDH_ECDSA_WITH_AES_128_GCM_SHA256, TLS_ECDH_RSA_WITH_AES_128_GCM_SHA256, TLS_DHE_RSA_WITH_AES_128_GCM_SHA256, TLS_DHE_DSS_WITH_AES_128_GCM_SHA256, TLS_ECDHE_ECDSA_WITH_AES_256_CBC_SHA384, TLS_ECDHE_RSA_WITH_AES_256_CBC_SHA384, TLS_RSA_WITH_AES_256_CBC_SHA256, TLS_ECDH_ECDSA_WITH_AES_256_CBC_SHA384, TLS_ECDH_RSA_WITH_AES_256_CBC_SHA384, TLS_DHE_RSA_WITH_AES_256_CBC_SHA256, TLS_DHE_DSS_WITH_AES_256_CBC_SHA256, TLS_ECDHE_ECDSA_WITH_AES_256_CBC_SHA, TLS_ECDHE_RSA_WITH_AES_256_CBC_SHA, TLS_RSA_WITH_AES_256_CBC_SHA, TLS_ECDH_ECDSA_WITH_AES_256_CBC_SHA, TLS_ECDH_RSA_WITH_AES_256_CBC_SHA, TLS_DHE_RSA_WITH_AES_256_CBC_SHA, TLS_DHE_DSS_WITH_AES_256_CBC_SHA, TLS_ECDHE_ECDSA_WITH_AES_128_CBC_SHA256, TLS_ECDHE_RSA_WITH_AES_128_CBC_SHA256, TLS_RSA_WITH_AES_128_CBC_SHA256, TLS_ECDH_ECDSA_WITH_AES_128_CBC_SHA256, TLS_ECDH_RSA_WITH_AES_128_CBC_SHA256, TLS_DHE_RSA_WITH_AES_128_CBC_SHA256, TLS_DHE_DSS_WITH_AES_128_CBC_SHA256, TLS_ECDHE_ECDSA_WITH_AES_128_CBC_SHA, TLS_ECDHE_RSA_WITH_AES_128_CBC_SHA, TLS_RSA_WITH_AES_128_CBC_SHA, TLS_ECDH_ECDSA_WITH_AES_128_CBC_SHA, TLS_ECDH_RSA_WITH_AES_128_CBC_SHA, TLS_DHE_RSA_WITH_AES_128_CBC_SHA, TLS_DHE_DSS_WITH_AES_128_CBC_SHA, TLS_EMPTY_RENEGOTIATION_INFO_SCSV]
18:58:36.438 [main] DEBUG io.sealights.dependencies.org.apache.hc.client5.http.ssl.SSLConnectionSocketFactory - Starting handshake
18:58:37.322 [main] DEBUG io.sealights.dependencies.org.apache.hc.client5.http.ssl.SSLConnectionSocketFactory - Secure session established
18:58:37.324 [main] DEBUG io.sealights.dependencies.org.apache.hc.client5.http.ssl.SSLConnectionSocketFactory -  negotiated protocol: TLSv1.2
18:58:37.325 [main] DEBUG io.sealights.dependencies.org.apache.hc.client5.http.ssl.SSLConnectionSocketFactory -  negotiated cipher suite: TLS_ECDHE_RSA_WITH_AES_128_GCM_SHA256
18:58:37.325 [main] DEBUG io.sealights.dependencies.org.apache.hc.client5.http.ssl.SSLConnectionSocketFactory -  peer principal: CN=*.dev.sealights.co
18:58:37.326 [main] DEBUG io.sealights.dependencies.org.apache.hc.client5.http.ssl.SSLConnectionSocketFactory -  peer alternative names: [*.dev.sealights.co]
18:58:37.327 [main] DEBUG io.sealights.dependencies.org.apache.hc.client5.http.ssl.SSLConnectionSocketFactory -  issuer principal: CN=Amazon, OU=Server CA 1B, O=Amazon, C=US
18:58:37.337 [main] DEBUG io.sealights.dependencies.org.apache.hc.client5.http.impl.io.DefaultHttpClientConnectionOperator - http-outgoing-0: connection established 192.168.81.55:48278<->54.246.202.189:443
18:58:37.338 [main] DEBUG io.sealights.dependencies.org.apache.hc.client5.http.impl.io.PoolingHttpClientConnectionManager - ep-00000000: connected http-outgoing-0
18:58:37.339 [main] DEBUG io.sealights.dependencies.org.apache.hc.client5.http.impl.classic.InternalHttpClient - ep-00000000: endpoint connected
18:58:37.340 [main] DEBUG io.sealights.dependencies.org.apache.hc.client5.http.impl.classic.MainClientExec - ex-00000001: executing GET /api/v1/agents/labs/integ_puppet_038a_gfftvlab02 HTTP/1.1
18:58:37.342 [main] DEBUG io.sealights.dependencies.org.apache.hc.client5.http.impl.classic.InternalHttpClient - ep-00000000: start execution ex-00000001
18:58:37.343 [main] DEBUG io.sealights.dependencies.org.apache.hc.client5.http.impl.io.PoolingHttpClientConnectionManager - ep-00000000: executing exchange ex-00000001 over http-outgoing-0
18:58:37.344 [main] DEBUG io.sealights.dependencies.org.apache.hc.client5.http.headers - http-outgoing-0 >> GET /api/v1/agents/labs/integ_puppet_038a_gfftvlab02 HTTP/1.1
18:58:37.344 [main] DEBUG io.sealights.dependencies.org.apache.hc.client5.http.headers - http-outgoing-0 >> Authorization: Bearer eyJhbGciOiJSUzUxMiIsInR5cCI6IkpXVCJ9.eyJpc3MiOiJodHRwczovL0RFVi1mdHYuYXV0aC5zZWFsaWdodHMuaW8vIiwiand0aWQiOiJERVYtZnR2LGktMGMxNjU4YjA0ZTljMDMwMzMsQVBJR1ctOTYzN2FjOGUtMzAyYy00YTk1LTkyZjItZGExNTFiNDljNDI0LDE2NzA0MjE2MzI1NDAiLCJzdWJqZWN0IjoiU2VhTGlnaHRzQGFnZW50IiwiYXVkaWVuY2UiOlsiYWdlbnRzIl0sIngtc2wtcm9sZSI6ImFnZW50IiwieC1zbC1zZXJ2ZXIiOiJodHRwczovL2Rldi1mdHYtZ3cuZGV2LnNlYWxpZ2h0cy5jby9hcGkiLCJzbF9pbXBlcl9zdWJqZWN0IjoiIiwiaWF0IjoxNjcwNDIxNjMyfQ.IyAO7_zibgusLv_pPwTwlBICvRwh7EbC7Ee-Zqmx6azkjaRYDb8olKjiWM_HeYFGnIIczAuWIurFUm-h9noPOzLp-0h-r6fu3Yt4utvF9b1NhQNtL9aLlJ4-h7kDZA7K5AN39Agx6DB_be9XLcLHnwANskq16xn-H6xOOqq-VFqrN98hUl_sRiHf0CKm6RbsumyF1byqZIizENT7unGfJc6tP0poNRgpJkue0UJklgT6HRT8bPi_7rJJgUAu6Vb0LhkCManH_CsllFMxSMBFMJWM-Zxvs5pKHmK1JcIuy08i0r0cJR1axLDtFXcx8Fn_u1dtpLMk-BZCUCOKxh-YXT651AjvCsHwX2JCqxlcD7aLaQIMC3mmq6Qie7YezILQ6_GYDu-oREVgQsN2eob2k0oiFloLn4AmJllq66GasP8Oq20MuHScWvop95McYiictsdHohkkb_z97UIj70LF49qNTJxy5ZGeY90vbZ34mFBfF7cTAXY47q5ReqpyokYx-DABpjFYgS-1i6x_e-4_3Zreni1-SOmueHhhFS_S9hC-gLXvJuiDwIDPaxR16eF_I-S4w0l0071ddqt_-8HgoQcfV85zOzpgHz7IjCfhDIUDB3eI_uwW523hV-4eCoM8ElRa7lCfhQlL2iwEn-623dVjEZI1cD2sfX3B1_efpQ4
18:58:37.345 [main] DEBUG io.sealights.dependencies.org.apache.hc.client5.http.headers - http-outgoing-0 >> Host: dev-ftv-gw.dev.sealights.co
18:58:37.345 [main] DEBUG io.sealights.dependencies.org.apache.hc.client5.http.headers - http-outgoing-0 >> Connection: keep-alive
18:58:37.346 [main] DEBUG io.sealights.dependencies.org.apache.hc.client5.http.headers - http-outgoing-0 >> User-Agent: Apache-HttpClient/5.0.3 (Java/11.0.12)
18:58:37.346 [main] DEBUG io.sealights.dependencies.org.apache.hc.client5.http.wire - http-outgoing-0 >> "GET /api/v1/agents/labs/integ_puppet_038a_gfftvlab02 HTTP/1.1[\r][\n]"
18:58:37.347 [main] DEBUG io.sealights.dependencies.org.apache.hc.client5.http.wire - http-outgoing-0 >> "Authorization: Bearer eyJhbGciOiJSUzUxMiIsInR5cCI6IkpXVCJ9.eyJpc3MiOiJodHRwczovL0RFVi1mdHYuYXV0aC5zZWFsaWdodHMuaW8vIiwiand0aWQiOiJERVYtZnR2LGktMGMxNjU4YjA0ZTljMDMwMzMsQVBJR1ctOTYzN2FjOGUtMzAyYy00YTk1LTkyZjItZGExNTFiNDljNDI0LDE2NzA0MjE2MzI1NDAiLCJzdWJqZWN0IjoiU2VhTGlnaHRzQGFnZW50IiwiYXVkaWVuY2UiOlsiYWdlbnRzIl0sIngtc2wtcm9sZSI6ImFnZW50IiwieC1zbC1zZXJ2ZXIiOiJodHRwczovL2Rldi1mdHYtZ3cuZGV2LnNlYWxpZ2h0cy5jby9hcGkiLCJzbF9pbXBlcl9zdWJqZWN0IjoiIiwiaWF0IjoxNjcwNDIxNjMyfQ.IyAO7_zibgusLv_pPwTwlBICvRwh7EbC7Ee-Zqmx6azkjaRYDb8olKjiWM_HeYFGnIIczAuWIurFUm-h9noPOzLp-0h-r6fu3Yt4utvF9b1NhQNtL9aLlJ4-h7kDZA7K5AN39Agx6DB_be9XLcLHnwANskq16xn-H6xOOqq-VFqrN98hUl_sRiHf0CKm6RbsumyF1byqZIizENT7unGfJc6tP0poNRgpJkue0UJklgT6HRT8bPi_7rJJgUAu6Vb0LhkCManH_CsllFMxSMBFMJWM-Zxvs5pKHmK1JcIuy08i0r0cJR1axLDtFXcx8Fn_u1dtpLMk-BZCUCOKxh-YXT651AjvCsHwX2JCqxlcD7aLaQIMC3mmq6Qie7YezILQ6_GYDu-oREVgQsN2eob2k0oiFloLn4AmJllq66GasP8Oq20MuHScWvop95McYiictsdHohkkb_z97UIj70LF49qNTJxy5ZGeY90vbZ34mFBfF7cTAXY47q5ReqpyokYx-DABpjFYgS-1i6x_e-4_3Zreni1-SOmueHhhFS_S9hC-gLXvJuiDwIDPaxR16eF_I-S4w0l0071ddqt_-8HgoQcfV85zOzpgHz7IjCfhDIUDB3eI_uwW523hV-4eCoM8ElRa7lCfhQlL2iwEn-623dVjEZI1cD2sfX3B1_efpQ4[\r][\n]"
18:58:37.347 [main] DEBUG io.sealights.dependencies.org.apache.hc.client5.http.wire - http-outgoing-0 >> "Host: dev-ftv-gw.dev.sealights.co[\r][\n]"
18:58:37.348 [main] DEBUG io.sealights.dependencies.org.apache.hc.client5.http.wire - http-outgoing-0 >> "Connection: keep-alive[\r][\n]"
18:58:37.348 [main] DEBUG io.sealights.dependencies.org.apache.hc.client5.http.wire - http-outgoing-0 >> "User-Agent: Apache-HttpClient/5.0.3 (Java/11.0.12)[\r][\n]"
18:58:37.349 [main] DEBUG io.sealights.dependencies.org.apache.hc.client5.http.wire - http-outgoing-0 >> "[\r][\n]"
18:58:37.693 [main] DEBUG io.sealights.dependencies.org.apache.hc.client5.http.wire - http-outgoing-0 << "HTTP/1.1 200 OK[\r][\n]"
18:58:37.694 [main] DEBUG io.sealights.dependencies.org.apache.hc.client5.http.wire - http-outgoing-0 << "Access-Control-Expose-Headers: api-version,content-length,content-md5,content-type,date,request-id,response-time[\r][\n]"
18:58:37.695 [main] DEBUG io.sealights.dependencies.org.apache.hc.client5.http.wire - http-outgoing-0 << "content-type: application/json; charset=utf-8[\r][\n]"
18:58:37.696 [main] DEBUG io.sealights.dependencies.org.apache.hc.client5.http.wire - http-outgoing-0 << "Date: Thu, 08 Dec 2022 16:58:37 GMT[\r][\n]"
18:58:37.697 [main] DEBUG io.sealights.dependencies.org.apache.hc.client5.http.wire - http-outgoing-0 << "Vary: Origin[\r][\n]"
18:58:37.698 [main] DEBUG io.sealights.dependencies.org.apache.hc.client5.http.wire - http-outgoing-0 << "X-Powered-By: Express[\r][\n]"
18:58:37.699 [main] DEBUG io.sealights.dependencies.org.apache.hc.client5.http.wire - http-outgoing-0 << "X-Request-Id: 328d1909-82e5-43b9-a9d1-8df6f8315a84[\r][\n]"
18:58:37.700 [main] DEBUG io.sealights.dependencies.org.apache.hc.client5.http.wire - http-outgoing-0 << "x-sl-txid: APIGW-328d1909-82e5-43b9-a9d1-8df6f8315a84[\r][\n]"
18:58:37.701 [main] DEBUG io.sealights.dependencies.org.apache.hc.client5.http.wire - http-outgoing-0 << "Content-Length: 169[\r][\n]"
18:58:37.702 [main] DEBUG io.sealights.dependencies.org.apache.hc.client5.http.wire - http-outgoing-0 << "Connection: keep-alive[\r][\n]"
18:58:37.702 [main] DEBUG io.sealights.dependencies.org.apache.hc.client5.http.wire - http-outgoing-0 << "[\r][\n]"
18:58:37.703 [main] DEBUG io.sealights.dependencies.org.apache.hc.client5.http.wire - http-outgoing-0 << "{"data":{"labId":"integ_puppet_038a_gfftvlab02","appName":"gf-ftv-lab02","branchName":"puppet","testEnv":null,"labAlias":"gf-ftv-lab02","isMultiLab":false,"isFtv":true}}"
18:58:37.713 [main] DEBUG io.sealights.dependencies.org.apache.hc.client5.http.headers - http-outgoing-0 << HTTP/1.1 200 OK
18:58:37.714 [main] DEBUG io.sealights.dependencies.org.apache.hc.client5.http.headers - http-outgoing-0 << Access-Control-Expose-Headers: api-version,content-length,content-md5,content-type,date,request-id,response-time
18:58:37.715 [main] DEBUG io.sealights.dependencies.org.apache.hc.client5.http.headers - http-outgoing-0 << content-type: application/json; charset=utf-8
18:58:37.715 [main] DEBUG io.sealights.dependencies.org.apache.hc.client5.http.headers - http-outgoing-0 << Date: Thu, 08 Dec 2022 16:58:37 GMT
18:58:37.716 [main] DEBUG io.sealights.dependencies.org.apache.hc.client5.http.headers - http-outgoing-0 << Vary: Origin
18:58:37.717 [main] DEBUG io.sealights.dependencies.org.apache.hc.client5.http.headers - http-outgoing-0 << X-Powered-By: Express
18:58:37.717 [main] DEBUG io.sealights.dependencies.org.apache.hc.client5.http.headers - http-outgoing-0 << X-Request-Id: 328d1909-82e5-43b9-a9d1-8df6f8315a84
18:58:37.718 [main] DEBUG io.sealights.dependencies.org.apache.hc.client5.http.headers - http-outgoing-0 << x-sl-txid: APIGW-328d1909-82e5-43b9-a9d1-8df6f8315a84
18:58:37.719 [main] DEBUG io.sealights.dependencies.org.apache.hc.client5.http.headers - http-outgoing-0 << Content-Length: 169
18:58:37.719 [main] DEBUG io.sealights.dependencies.org.apache.hc.client5.http.headers - http-outgoing-0 << Connection: keep-alive
18:58:37.732 [main] DEBUG io.sealights.dependencies.org.apache.hc.client5.http.impl.classic.MainClientExec - ex-00000001: connection can be kept alive for 3 MINUTES
18:58:37.741 [main] DEBUG io.sealights.dependencies.org.apache.hc.client5.http.impl.classic.InternalHttpClient - ep-00000000: releasing valid endpoint
18:58:37.741 [main] DEBUG io.sealights.dependencies.org.apache.hc.client5.http.impl.io.PoolingHttpClientConnectionManager - ep-00000000: releasing endpoint
18:58:37.742 [main] DEBUG io.sealights.dependencies.org.apache.hc.client5.http.impl.io.PoolingHttpClientConnectionManager - ep-00000000: connection http-outgoing-0 can be kept alive for 3 MINUTES
18:58:37.743 [main] DEBUG io.sealights.dependencies.org.apache.hc.client5.http.impl.io.PoolingHttpClientConnectionManager - ep-00000000: connection released [route: {s}->https://dev-ftv-gw.dev.sealights.co:443][total available: 1; route allocated: 1 of 5; total allocated: 1 of 25]
18:58:37.744 [main] INFO SLHttpClient - [From LABS] - responsed GET url:'https://dev-ftv-gw.dev.sealights.co/api/v1/agents/labs/integ_puppet_038a_gfftvlab02', status:200, message:null', body:'{"data":{"labId":"integ_puppet_038a_gfftvlab02","appName":"gf-ftv-lab02","branchName":"puppet","testEnv":null,"labAlias":"gf-ftv-lab02","isMultiLab":false,"isFtv":true}}''
18:58:37.774 [main] INFO SLHttpClient - [From LABS] - responsed GET url:'https://dev-ftv-gw.dev.sealights.co/api/v1/agents/labs/integ_puppet_038a_gfftvlab02', status:200, message:null', body:'{"data":{"labId":"integ_puppet_038a_gfftvlab02","appName":"gf-ftv-lab02","branchName":"puppet","testEnv":null,"labAlias":"gf-ftv-lab02","isMultiLab":false,"isFtv":true}}''
18:58:37.778 [main] DEBUG SLHttpClient - [To LABS] - attempt '#1' out of '5, url:'https://dev-ftv-gw.dev.sealights.co/api/v3/agents/build-sessions'
18:58:37.813 [main] INFO SLHttpClient - [To LABS] - sending POST, url:'https://dev-ftv-gw.dev.sealights.co/api/v3/agents/build-sessions', token: ...X3B1_efpQ4', body:'{"appName":"gf-ftv-lab02","buildName":null,"branchName":"puppet","labId":"integ_puppet_038a_gfftvlab02","checksum":"410f53b0-0faf-490e-bb8f-16ebfd3ff6e2"}''
18:58:37.815 [main] DEBUG io.sealights.dependencies.org.apache.hc.client5.http.impl.classic.InternalHttpClient - ex-00000002: preparing request execution
18:58:37.816 [main] DEBUG io.sealights.dependencies.org.apache.hc.client5.http.protocol.RequestAddCookies - Cookie spec selected: strict
18:58:37.816 [main] DEBUG io.sealights.dependencies.org.apache.hc.client5.http.protocol.RequestAuthCache - Auth cache not set in the context
18:58:37.817 [main] DEBUG io.sealights.dependencies.org.apache.hc.client5.http.impl.classic.ProtocolExec - ex-00000002: proxy auth state: UNCHALLENGED
18:58:37.817 [main] DEBUG io.sealights.dependencies.org.apache.hc.client5.http.impl.classic.ConnectExec - ex-00000002: acquiring connection with route {s}->https://dev-ftv-gw.dev.sealights.co:443
18:58:37.817 [main] DEBUG io.sealights.dependencies.org.apache.hc.client5.http.impl.classic.InternalHttpClient - ex-00000002: acquiring endpoint (20000 MILLISECONDS)
18:58:37.818 [main] DEBUG io.sealights.dependencies.org.apache.hc.client5.http.impl.io.PoolingHttpClientConnectionManager - ex-00000002: endpoint lease request (20000 MILLISECONDS) [route: {s}->https://dev-ftv-gw.dev.sealights.co:443][total available: 1; route allocated: 1 of 5; total allocated: 1 of 25]
18:58:37.819 [main] DEBUG io.sealights.dependencies.org.apache.hc.client5.http.impl.io.PoolingHttpClientConnectionManager - ex-00000002: endpoint leased [route: {s}->https://dev-ftv-gw.dev.sealights.co:443][total available: 0; route allocated: 1 of 5; total allocated: 1 of 25]
18:58:37.820 [main] DEBUG io.sealights.dependencies.org.apache.hc.client5.http.impl.io.PoolingHttpClientConnectionManager - ex-00000002: acquired ep-00000001
18:58:37.821 [main] DEBUG io.sealights.dependencies.org.apache.hc.client5.http.impl.classic.InternalHttpClient - ex-00000002: acquired endpoint ep-00000001
18:58:37.821 [main] DEBUG io.sealights.dependencies.org.apache.hc.client5.http.impl.classic.MainClientExec - ex-00000002: executing POST /api/v3/agents/build-sessions HTTP/1.1
18:58:37.822 [main] DEBUG io.sealights.dependencies.org.apache.hc.client5.http.impl.classic.InternalHttpClient - ep-00000001: start execution ex-00000002
18:58:37.822 [main] DEBUG io.sealights.dependencies.org.apache.hc.client5.http.impl.io.PoolingHttpClientConnectionManager - ep-00000001: executing exchange ex-00000002 over http-outgoing-0
18:58:37.823 [main] DEBUG io.sealights.dependencies.org.apache.hc.client5.http.headers - http-outgoing-0 >> POST /api/v3/agents/build-sessions HTTP/1.1
18:58:37.823 [main] DEBUG io.sealights.dependencies.org.apache.hc.client5.http.headers - http-outgoing-0 >> Authorization: Bearer eyJhbGciOiJSUzUxMiIsInR5cCI6IkpXVCJ9.eyJpc3MiOiJodHRwczovL0RFVi1mdHYuYXV0aC5zZWFsaWdodHMuaW8vIiwiand0aWQiOiJERVYtZnR2LGktMGMxNjU4YjA0ZTljMDMwMzMsQVBJR1ctOTYzN2FjOGUtMzAyYy00YTk1LTkyZjItZGExNTFiNDljNDI0LDE2NzA0MjE2MzI1NDAiLCJzdWJqZWN0IjoiU2VhTGlnaHRzQGFnZW50IiwiYXVkaWVuY2UiOlsiYWdlbnRzIl0sIngtc2wtcm9sZSI6ImFnZW50IiwieC1zbC1zZXJ2ZXIiOiJodHRwczovL2Rldi1mdHYtZ3cuZGV2LnNlYWxpZ2h0cy5jby9hcGkiLCJzbF9pbXBlcl9zdWJqZWN0IjoiIiwiaWF0IjoxNjcwNDIxNjMyfQ.IyAO7_zibgusLv_pPwTwlBICvRwh7EbC7Ee-Zqmx6azkjaRYDb8olKjiWM_HeYFGnIIczAuWIurFUm-h9noPOzLp-0h-r6fu3Yt4utvF9b1NhQNtL9aLlJ4-h7kDZA7K5AN39Agx6DB_be9XLcLHnwANskq16xn-H6xOOqq-VFqrN98hUl_sRiHf0CKm6RbsumyF1byqZIizENT7unGfJc6tP0poNRgpJkue0UJklgT6HRT8bPi_7rJJgUAu6Vb0LhkCManH_CsllFMxSMBFMJWM-Zxvs5pKHmK1JcIuy08i0r0cJR1axLDtFXcx8Fn_u1dtpLMk-BZCUCOKxh-YXT651AjvCsHwX2JCqxlcD7aLaQIMC3mmq6Qie7YezILQ6_GYDu-oREVgQsN2eob2k0oiFloLn4AmJllq66GasP8Oq20MuHScWvop95McYiictsdHohkkb_z97UIj70LF49qNTJxy5ZGeY90vbZ34mFBfF7cTAXY47q5ReqpyokYx-DABpjFYgS-1i6x_e-4_3Zreni1-SOmueHhhFS_S9hC-gLXvJuiDwIDPaxR16eF_I-S4w0l0071ddqt_-8HgoQcfV85zOzpgHz7IjCfhDIUDB3eI_uwW523hV-4eCoM8ElRa7lCfhQlL2iwEn-623dVjEZI1cD2sfX3B1_efpQ4
18:58:37.824 [main] DEBUG io.sealights.dependencies.org.apache.hc.client5.http.headers - http-outgoing-0 >> Content-Length: 154
18:58:37.824 [main] DEBUG io.sealights.dependencies.org.apache.hc.client5.http.headers - http-outgoing-0 >> Content-Type: application/json; charset=UTF-8
18:58:37.825 [main] DEBUG io.sealights.dependencies.org.apache.hc.client5.http.headers - http-outgoing-0 >> Host: dev-ftv-gw.dev.sealights.co
18:58:37.825 [main] DEBUG io.sealights.dependencies.org.apache.hc.client5.http.headers - http-outgoing-0 >> Connection: keep-alive
18:58:37.826 [main] DEBUG io.sealights.dependencies.org.apache.hc.client5.http.headers - http-outgoing-0 >> User-Agent: Apache-HttpClient/5.0.3 (Java/11.0.12)
18:58:37.826 [main] DEBUG io.sealights.dependencies.org.apache.hc.client5.http.wire - http-outgoing-0 >> "POST /api/v3/agents/build-sessions HTTP/1.1[\r][\n]"
18:58:37.827 [main] DEBUG io.sealights.dependencies.org.apache.hc.client5.http.wire - http-outgoing-0 >> "Authorization: Bearer eyJhbGciOiJSUzUxMiIsInR5cCI6IkpXVCJ9.eyJpc3MiOiJodHRwczovL0RFVi1mdHYuYXV0aC5zZWFsaWdodHMuaW8vIiwiand0aWQiOiJERVYtZnR2LGktMGMxNjU4YjA0ZTljMDMwMzMsQVBJR1ctOTYzN2FjOGUtMzAyYy00YTk1LTkyZjItZGExNTFiNDljNDI0LDE2NzA0MjE2MzI1NDAiLCJzdWJqZWN0IjoiU2VhTGlnaHRzQGFnZW50IiwiYXVkaWVuY2UiOlsiYWdlbnRzIl0sIngtc2wtcm9sZSI6ImFnZW50IiwieC1zbC1zZXJ2ZXIiOiJodHRwczovL2Rldi1mdHYtZ3cuZGV2LnNlYWxpZ2h0cy5jby9hcGkiLCJzbF9pbXBlcl9zdWJqZWN0IjoiIiwiaWF0IjoxNjcwNDIxNjMyfQ.IyAO7_zibgusLv_pPwTwlBICvRwh7EbC7Ee-Zqmx6azkjaRYDb8olKjiWM_HeYFGnIIczAuWIurFUm-h9noPOzLp-0h-r6fu3Yt4utvF9b1NhQNtL9aLlJ4-h7kDZA7K5AN39Agx6DB_be9XLcLHnwANskq16xn-H6xOOqq-VFqrN98hUl_sRiHf0CKm6RbsumyF1byqZIizENT7unGfJc6tP0poNRgpJkue0UJklgT6HRT8bPi_7rJJgUAu6Vb0LhkCManH_CsllFMxSMBFMJWM-Zxvs5pKHmK1JcIuy08i0r0cJR1axLDtFXcx8Fn_u1dtpLMk-BZCUCOKxh-YXT651AjvCsHwX2JCqxlcD7aLaQIMC3mmq6Qie7YezILQ6_GYDu-oREVgQsN2eob2k0oiFloLn4AmJllq66GasP8Oq20MuHScWvop95McYiictsdHohkkb_z97UIj70LF49qNTJxy5ZGeY90vbZ34mFBfF7cTAXY47q5ReqpyokYx-DABpjFYgS-1i6x_e-4_3Zreni1-SOmueHhhFS_S9hC-gLXvJuiDwIDPaxR16eF_I-S4w0l0071ddqt_-8HgoQcfV85zOzpgHz7IjCfhDIUDB3eI_uwW523hV-4eCoM8ElRa7lCfhQlL2iwEn-623dVjEZI1cD2sfX3B1_efpQ4[\r][\n]"
18:58:37.828 [main] DEBUG io.sealights.dependencies.org.apache.hc.client5.http.wire - http-outgoing-0 >> "Content-Length: 154[\r][\n]"
18:58:37.828 [main] DEBUG io.sealights.dependencies.org.apache.hc.client5.http.wire - http-outgoing-0 >> "Content-Type: application/json; charset=UTF-8[\r][\n]"
18:58:37.829 [main] DEBUG io.sealights.dependencies.org.apache.hc.client5.http.wire - http-outgoing-0 >> "Host: dev-ftv-gw.dev.sealights.co[\r][\n]"
18:58:37.829 [main] DEBUG io.sealights.dependencies.org.apache.hc.client5.http.wire - http-outgoing-0 >> "Connection: keep-alive[\r][\n]"
18:58:37.830 [main] DEBUG io.sealights.dependencies.org.apache.hc.client5.http.wire - http-outgoing-0 >> "User-Agent: Apache-HttpClient/5.0.3 (Java/11.0.12)[\r][\n]"
18:58:37.830 [main] DEBUG io.sealights.dependencies.org.apache.hc.client5.http.wire - http-outgoing-0 >> "[\r][\n]"
18:58:37.831 [main] DEBUG io.sealights.dependencies.org.apache.hc.client5.http.wire - http-outgoing-0 >> "{"appName":"gf-ftv-lab02","buildName":null,"branchName":"puppet","labId":"integ_puppet_038a_gfftvlab02","checksum":"410f53b0-0faf-490e-bb8f-16ebfd3ff6e2"}"
18:58:38.233 [main] DEBUG io.sealights.dependencies.org.apache.hc.client5.http.wire - http-outgoing-0 << "HTTP/1.1 200 OK[\r][\n]"
18:58:38.234 [main] DEBUG io.sealights.dependencies.org.apache.hc.client5.http.wire - http-outgoing-0 << "Access-Control-Expose-Headers: api-version,content-length,content-md5,content-type,date,request-id,response-time[\r][\n]"
18:58:38.235 [main] DEBUG io.sealights.dependencies.org.apache.hc.client5.http.wire - http-outgoing-0 << "content-type: application/json; charset=utf-8[\r][\n]"
18:58:38.236 [main] DEBUG io.sealights.dependencies.org.apache.hc.client5.http.wire - http-outgoing-0 << "Date: Thu, 08 Dec 2022 16:58:38 GMT[\r][\n]"
18:58:38.237 [main] DEBUG io.sealights.dependencies.org.apache.hc.client5.http.wire - http-outgoing-0 << "Vary: Origin, Accept-Encoding[\r][\n]"
18:58:38.239 [main] DEBUG io.sealights.dependencies.org.apache.hc.client5.http.wire - http-outgoing-0 << "X-Powered-By: Express[\r][\n]"
18:58:38.239 [main] DEBUG io.sealights.dependencies.org.apache.hc.client5.http.wire - http-outgoing-0 << "X-Request-Id: 728494a2-2197-4e4f-87c2-6405e13ae6c9[\r][\n]"
18:58:38.240 [main] DEBUG io.sealights.dependencies.org.apache.hc.client5.http.wire - http-outgoing-0 << "x-sl-txid: APIGW-728494a2-2197-4e4f-87c2-6405e13ae6c9[\r][\n]"
18:58:38.241 [main] DEBUG io.sealights.dependencies.org.apache.hc.client5.http.wire - http-outgoing-0 << "Content-Length: 234[\r][\n]"
18:58:38.242 [main] DEBUG io.sealights.dependencies.org.apache.hc.client5.http.wire - http-outgoing-0 << "Connection: keep-alive[\r][\n]"
18:58:38.243 [main] DEBUG io.sealights.dependencies.org.apache.hc.client5.http.wire - http-outgoing-0 << "[\r][\n]"
18:58:38.244 [main] DEBUG io.sealights.dependencies.org.apache.hc.client5.http.wire - http-outgoing-0 << "{"data":{"checksum":"410f53b0-0faf-490e-bb8f-16ebfd3ff6e2","appName":"gf-ftv-lab02","buildName":"Thu, 08 Dec 2022 16:58:38 GMT","branchName":"puppet","buildSessionId":"42ff8971-c8e2-4fe2-9bf0-14c1b6b31567","buildSessionType":"BUILD"}}"
18:58:38.245 [main] DEBUG io.sealights.dependencies.org.apache.hc.client5.http.headers - http-outgoing-0 << HTTP/1.1 200 OK
18:58:38.245 [main] DEBUG io.sealights.dependencies.org.apache.hc.client5.http.headers - http-outgoing-0 << Access-Control-Expose-Headers: api-version,content-length,content-md5,content-type,date,request-id,response-time
18:58:38.246 [main] DEBUG io.sealights.dependencies.org.apache.hc.client5.http.headers - http-outgoing-0 << content-type: application/json; charset=utf-8
18:58:38.247 [main] DEBUG io.sealights.dependencies.org.apache.hc.client5.http.headers - http-outgoing-0 << Date: Thu, 08 Dec 2022 16:58:38 GMT
18:58:38.248 [main] DEBUG io.sealights.dependencies.org.apache.hc.client5.http.headers - http-outgoing-0 << Vary: Origin, Accept-Encoding
18:58:38.248 [main] DEBUG io.sealights.dependencies.org.apache.hc.client5.http.headers - http-outgoing-0 << X-Powered-By: Express
18:58:38.249 [main] DEBUG io.sealights.dependencies.org.apache.hc.client5.http.headers - http-outgoing-0 << X-Request-Id: 728494a2-2197-4e4f-87c2-6405e13ae6c9
18:58:38.250 [main] DEBUG io.sealights.dependencies.org.apache.hc.client5.http.headers - http-outgoing-0 << x-sl-txid: APIGW-728494a2-2197-4e4f-87c2-6405e13ae6c9
18:58:38.250 [main] DEBUG io.sealights.dependencies.org.apache.hc.client5.http.headers - http-outgoing-0 << Content-Length: 234
18:58:38.251 [main] DEBUG io.sealights.dependencies.org.apache.hc.client5.http.headers - http-outgoing-0 << Connection: keep-alive
18:58:38.252 [main] DEBUG io.sealights.dependencies.org.apache.hc.client5.http.impl.classic.MainClientExec - ex-00000002: connection can be kept alive for 3 MINUTES
18:58:38.253 [main] DEBUG io.sealights.dependencies.org.apache.hc.client5.http.impl.classic.InternalHttpClient - ep-00000001: releasing valid endpoint
18:58:38.253 [main] DEBUG io.sealights.dependencies.org.apache.hc.client5.http.impl.io.PoolingHttpClientConnectionManager - ep-00000001: releasing endpoint
18:58:38.254 [main] DEBUG io.sealights.dependencies.org.apache.hc.client5.http.impl.io.PoolingHttpClientConnectionManager - ep-00000001: connection http-outgoing-0 can be kept alive for 3 MINUTES
18:58:38.255 [main] DEBUG io.sealights.dependencies.org.apache.hc.client5.http.impl.io.PoolingHttpClientConnectionManager - ep-00000001: connection released [route: {s}->https://dev-ftv-gw.dev.sealights.co:443][total available: 1; route allocated: 1 of 5; total allocated: 1 of 25]
18:58:38.255 [main] INFO SLHttpClient - [From LABS] - responsed POST url:'https://dev-ftv-gw.dev.sealights.co/api/v3/agents/build-sessions', status:200, message:null', body:'{"data":{"checksum":"410f53b0-0faf-490e-bb8f-16ebfd3ff6e2","appName":"gf-ftv-lab02","buildName":"Thu, 08 Dec 2022 16:58:38 GMT","branchName":"puppet","buildSessionId":"42ff8971-c8e2-4fe2-9bf0-14c1b6b31567","buildSessionType":"BUILD"}}''
18:58:38.259 [main] INFO SLHttpClient - [From LABS] - responsed POST url:'https://dev-ftv-gw.dev.sealights.co/api/v3/agents/build-sessions', status:200, message:null', body:'{"data":{"checksum":"410f53b0-0faf-490e-bb8f-16ebfd3ff6e2","appName":"gf-ftv-lab02","buildName":"Thu, 08 Dec 2022 16:58:38 GMT","branchName":"puppet","buildSessionId":"42ff8971-c8e2-4fe2-9bf0-14c1b6b31567","buildSessionType":"BUILD"}}''
18:58:38.284 [main] DEBUG DefaultAgentEventsController - Updated configuration: 
	token:eyJhbGciOiJSUzUxMiIsInR5cCI6IkpXVCJ9.eyJpc3MiOiJodHRwczovL0RFVi1mdHYuYXV0aC5zZWFsaWdodHMuaW8vIiwiand0aWQiOiJERVYtZnR2LGktMGMxNjU4YjA0ZTljMDMwMzMsQVBJR1ctOTYzN2FjOGUtMzAyYy00YTk1LTkyZjItZGExNTFiNDljNDI0LDE2NzA0MjE2MzI1NDAiLCJzdWJqZWN0IjoiU2VhTGlnaHRzQGFnZW50IiwiYXVkaWVuY2UiOlsiYWdlbnRzIl0sIngtc2wtcm9sZSI6ImFnZW50IiwieC1zbC1zZXJ2ZXIiOiJodHRwczovL2Rldi1mdHYtZ3cuZGV2LnNlYWxpZ2h0cy5jby9hcGkiLCJzbF9pbXBlcl9zdWJqZWN0IjoiIiwiaWF0IjoxNjcwNDIxNjMyfQ.IyAO7_zibgusLv_pPwTwlBICvRwh7EbC7Ee-Zqmx6azkjaRYDb8olKjiWM_HeYFGnIIczAuWIurFUm-h9noPOzLp-0h-r6fu3Yt4utvF9b1NhQNtL9aLlJ4-h7kDZA7K5AN39Agx6DB_be9XLcLHnwANskq16xn-H6xOOqq-VFqrN98hUl_sRiHf0CKm6RbsumyF1byqZIizENT7unGfJc6tP0poNRgpJkue0UJklgT6HRT8bPi_7rJJgUAu6Vb0LhkCManH_CsllFMxSMBFMJWM-Zxvs5pKHmK1JcIuy08i0r0cJR1axLDtFXcx8Fn_u1dtpLMk-BZCUCOKxh-YXT651AjvCsHwX2JCqxlcD7aLaQIMC3mmq6Qie7YezILQ6_GYDu-oREVgQsN2eob2k0oiFloLn4AmJllq66GasP8Oq20MuHScWvop95McYiictsdHohkkb_z97UIj70LF49qNTJxy5ZGeY90vbZ34mFBfF7cTAXY47q5ReqpyokYx-DABpjFYgS-1i6x_e-4_3Zreni1-SOmueHhhFS_S9hC-gLXvJuiDwIDPaxR16eF_I-S4w0l0071ddqt_-8HgoQcfV85zOzpgHz7IjCfhDIUDB3eI_uwW523hV-4eCoM8ElRa7lCfhQlL2iwEn-623dVjEZI1cD2sfX3B1_efpQ4,
	server:https://dev-ftv-gw.dev.sealights.co/api,
	buildSessionId:42ff8971-c8e2-4fe2-9bf0-14c1b6b31567,
	proxy:null
18:58:38.302 [main] ERROR ReflectionUtils - Can't get field: 'timeClock'.
java.lang.NoSuchFieldException: Couldn't find field 'timeClock' on class 'class io.sealights.onpremise.agents.ftv.config.model.FtvAgentConfiguration'.
	at io.sealights.onpremise.agents.commons.ReflectionUtils.getFieldSafe(ReflectionUtils.java:132)
	at io.sealights.onpremise.agents.commons.ReflectionUtils.getFieldSafe(ReflectionUtils.java:106)
	at io.sealights.onpremise.agents.commons.lifecycle.events.DefaultAgentEventsController.configureTimeClock(DefaultAgentEventsController.java:85)
	at io.sealights.onpremise.agents.commons.lifecycle.events.DefaultAgentEventsController.init(DefaultAgentEventsController.java:53)
	at io.sealights.onpremise.agents.commons.lifecycle.events.AgentLifeCycle.initEventController(AgentLifeCycle.java:36)
	at io.sealights.onpremise.agents.ftv.PreMain.lambda$null$1(PreMain.java:42)
	at java.base/java.util.Optional.ifPresent(Optional.java:183)
	at io.sealights.onpremise.agents.ftv.PreMain.lambda$initAgentLifecycleAndNotifyStart$2(PreMain.java:40)
	at io.sealights.onpremise.agents.ftv.context.AgentContextFunction.apply(AgentContextFunction.java:18)
	at io.sealights.onpremise.agents.ftv.context.AgentContextFunction.lambda$flatMap$1(AgentContextFunction.java:26)
	at io.sealights.onpremise.agents.ftv.context.AgentContextFunction.lambda$flatMap$1(AgentContextFunction.java:26)
	at io.sealights.onpremise.agents.ftv.context.AgentContextFunction.apply(AgentContextFunction.java:18)
	at io.sealights.onpremise.agents.ftv.context.AgentContext.apply(AgentContext.java:91)
	at io.sealights.onpremise.agents.ftv.PreMain.lambda$premain$0(PreMain.java:21)
	at java.base/java.util.Optional.flatMap(Optional.java:294)
	at io.sealights.onpremise.agents.ftv.PreMain.premain(PreMain.java:21)
	at java.base/jdk.internal.reflect.NativeMethodAccessorImpl.invoke0(Native Method)
	at java.base/jdk.internal.reflect.NativeMethodAccessorImpl.invoke(NativeMethodAccessorImpl.java:62)
	at java.base/jdk.internal.reflect.DelegatingMethodAccessorImpl.invoke(DelegatingMethodAccessorImpl.java:43)
	at java.base/java.lang.reflect.Method.invoke(Method.java:566)
	at java.instrument/sun.instrument.InstrumentationImpl.loadClassAndStartAgent(InstrumentationImpl.java:513)
	at java.instrument/sun.instrument.InstrumentationImpl.loadClassAndCallPremain(InstrumentationImpl.java:525)
18:58:38.303 [main] ERROR DefaultAgentEventsController - Error applying updated configuration to Time Clock Dispatcher.
java.lang.NullPointerException: null
	at io.sealights.onpremise.agents.commons.lifecycle.events.DefaultAgentEventsController.configureTimeClock(DefaultAgentEventsController.java:86)
	at io.sealights.onpremise.agents.commons.lifecycle.events.DefaultAgentEventsController.init(DefaultAgentEventsController.java:53)
	at io.sealights.onpremise.agents.commons.lifecycle.events.AgentLifeCycle.initEventController(AgentLifeCycle.java:36)
	at io.sealights.onpremise.agents.ftv.PreMain.lambda$null$1(PreMain.java:42)
	at java.base/java.util.Optional.ifPresent(Optional.java:183)
	at io.sealights.onpremise.agents.ftv.PreMain.lambda$initAgentLifecycleAndNotifyStart$2(PreMain.java:40)
	at io.sealights.onpremise.agents.ftv.context.AgentContextFunction.apply(AgentContextFunction.java:18)
	at io.sealights.onpremise.agents.ftv.context.AgentContextFunction.lambda$flatMap$1(AgentContextFunction.java:26)
	at io.sealights.onpremise.agents.ftv.context.AgentContextFunction.lambda$flatMap$1(AgentContextFunction.java:26)
	at io.sealights.onpremise.agents.ftv.context.AgentContextFunction.apply(AgentContextFunction.java:18)
	at io.sealights.onpremise.agents.ftv.context.AgentContext.apply(AgentContext.java:91)
	at io.sealights.onpremise.agents.ftv.PreMain.lambda$premain$0(PreMain.java:21)
	at java.base/java.util.Optional.flatMap(Optional.java:294)
	at io.sealights.onpremise.agents.ftv.PreMain.premain(PreMain.java:21)
	at java.base/jdk.internal.reflect.NativeMethodAccessorImpl.invoke0(Native Method)
	at java.base/jdk.internal.reflect.NativeMethodAccessorImpl.invoke(NativeMethodAccessorImpl.java:62)
	at java.base/jdk.internal.reflect.DelegatingMethodAccessorImpl.invoke(DelegatingMethodAccessorImpl.java:43)
	at java.base/java.lang.reflect.Method.invoke(Method.java:566)
	at java.instrument/sun.instrument.InstrumentationImpl.loadClassAndStartAgent(InstrumentationImpl.java:513)
	at java.instrument/sun.instrument.InstrumentationImpl.loadClassAndCallPremain(InstrumentationImpl.java:525)
18:58:38.304 [main] INFO DefaultAgentEventsController - ping will be send with interval 120 secs
18:58:38.305 [main] DEBUG TaskScheduler - Task 'ping-agent' will run periodically with interval=120000 millis, first execution delay=120000 millis
18:58:38.306 [main] DEBUG AgentEventsController - Verify time clock ...
18:58:38.306 [main] INFO AgentEventsController - Time Clock Dispatcher is disabled
18:58:38.345 [main] DEBUG AgentInstanceInfoBuilder - created (technology=Java, agentType=Ftv, agentVersion=4.0.0-SNAPSHOT, buildSessionId=42ff8971-c8e2-4fe2-9bf0-14c1b6b31567, uniqueModuleId=,appName=gf-ftv-lab02, labId=integ_puppet_038a_gfftvlab02, agentConfig={server=https://dev-ftv-gw.dev.sealights.co/api, proxy=null, buildSessionId=42ff8971-c8e2-4fe2-9bf0-14c1b6b31567, token=eyJhbGciOiJSUzUxMiIsInR5cCI6IkpXVCJ9.eyJpc3MiOiJodHRwczovL0RFVi1mdHYuYXV0aC5zZWFsaWdodHMuaW8vIiwiand0aWQiOiJERVYtZnR2LGktMGMxNjU4YjA0ZTljMDMwMzMsQVBJR1ctOTYzN2FjOGUtMzAyYy00YTk1LTkyZjItZGExNTFiNDljNDI0LDE2NzA0MjE2MzI1NDAiLCJzdWJqZWN0IjoiU2VhTGlnaHRzQGFnZW50IiwiYXVkaWVuY2UiOlsiYWdlbnRzIl0sIngtc2wtcm9sZSI6ImFnZW50IiwieC1zbC1zZXJ2ZXIiOiJodHRwczovL2Rldi1mdHYtZ3cuZGV2LnNlYWxpZ2h0cy5jby9hcGkiLCJzbF9pbXBlcl9zdWJqZWN0IjoiIiwiaWF0IjoxNjcwNDIxNjMyfQ.IyAO7_zibgusLv_pPwTwlBICvRwh7EbC7Ee-Zqmx6azkjaRYDb8olKjiWM_HeYFGnIIczAuWIurFUm-h9noPOzLp-0h-r6fu3Yt4utvF9b1NhQNtL9aLlJ4-h7kDZA7K5AN39Agx6DB_be9XLcLHnwANskq16xn-H6xOOqq-VFqrN98hUl_sRiHf0CKm6RbsumyF1byqZIizENT7unGfJc6tP0poNRgpJkue0UJklgT6HRT8bPi_7rJJgUAu6Vb0LhkCManH_CsllFMxSMBFMJWM-Zxvs5pKHmK1JcIuy08i0r0cJR1axLDtFXcx8Fn_u1dtpLMk-BZCUCOKxh-YXT651AjvCsHwX2JCqxlcD7aLaQIMC3mmq6Qie7YezILQ6_GYDu-oREVgQsN2eob2k0oiFloLn4AmJllq66GasP8Oq20MuHScWvop95McYiictsdHohkkb_z97UIj70LF49qNTJxy5ZGeY90vbZ34mFBfF7cTAXY47q5ReqpyokYx-DABpjFYgS-1i6x_e-4_3Zreni1-SOmueHhhFS_S9hC-gLXvJuiDwIDPaxR16eF_I-S4w0l0071ddqt_-8HgoQcfV85zOzpgHz7IjCfhDIUDB3eI_uwW523hV-4eCoM8ElRa7lCfhQlL2iwEn-623dVjEZI1cD2sfX3B1_efpQ4}, tags=[], processId=6662, processArch=x32, processSessionId=0, argv=[ftv-hello-app-0.0.1-SNAPSHOT.jar, -javaagent:java-agent-ftv-4.0.0-SNAPSHOT.jar=appname=gf-ftv-lab02,labId=integ_puppet_038a_gfftvlab02,packagesincluded=dev.futa.sealights*,workspacepath=.,token=eyJhbGciOiJSUzUxMiIsInR5cCI6IkpXVCJ9.eyJpc3MiOiJodHRwczovL0RFVi1mdHYuYXV0aC5zZWFsaWdodHMuaW8vIiwiand0aWQiOiJERVYtZnR2LGktMGMxNjU4YjA0ZTljMDMwMzMsQVBJR1ctOTYzN2FjOGUtMzAyYy00YTk1LTkyZjItZGExNTFiNDljNDI0LDE2NzA0MjE2MzI1NDAiLCJzdWJqZWN0IjoiU2VhTGlnaHRzQGFnZW50IiwiYXVkaWVuY2UiOlsiYWdlbnRzIl0sIngtc2wtcm9sZSI6ImFnZW50IiwieC1zbC1zZXJ2ZXIiOiJodHRwczovL2Rldi1mdHYtZ3cuZGV2LnNlYWxpZ2h0cy5jby9hcGkiLCJzbF9pbXBlcl9zdWJqZWN0IjoiIiwiaWF0IjoxNjcwNDIxNjMyfQ.IyAO7_zibgusLv_pPwTwlBICvRwh7EbC7Ee-Zqmx6azkjaRYDb8olKjiWM_HeYFGnIIczAuWIurFUm-h9noPOzLp-0h-r6fu3Yt4utvF9b1NhQNtL9aLlJ4-h7kDZA7K5AN39Agx6DB_be9XLcLHnwANskq16xn-H6xOOqq-VFqrN98hUl_sRiHf0CKm6RbsumyF1byqZIizENT7unGfJc6tP0poNRgpJkue0UJklgT6HRT8bPi_7rJJgUAu6Vb0LhkCManH_CsllFMxSMBFMJWM-Zxvs5pKHmK1JcIuy08i0r0cJR1axLDtFXcx8Fn_u1dtpLMk-BZCUCOKxh-YXT651AjvCsHwX2JCqxlcD7aLaQIMC3mmq6Qie7YezILQ6_GYDu-oREVgQsN2eob2k0oiFloLn4AmJllq66GasP8Oq20MuHScWvop95McYiictsdHohkkb_z97UIj70LF49qNTJxy5ZGeY90vbZ34mFBfF7cTAXY47q5ReqpyokYx-DABpjFYgS-1i6x_e-4_3Zreni1-SOmueHhhFS_S9hC-gLXvJuiDwIDPaxR16eF_I-S4w0l0071ddqt_-8HgoQcfV85zOzpgHz7IjCfhDIUDB3eI_uwW523hV-4eCoM8ElRa7lCfhQlL2iwEn-623dVjEZI1cD2sfX3B1_efpQ4, -Dsl.includes=dev.futa.sealights*], cwd=/mnt/c/projekty/sealigths/ftv-hello-app/deployments, envVars={path=/home/gfuta/.sdkman/candidates/java/11.0.12-open/bin:/usr/local/sbin:/usr/local/bin:/usr/sbin:/usr/bin:/sbin:/bin:/usr/games:/usr/local/games:/usr/lib/wsl/lib:/mnt/c/Program Files (x86)/jdk/bin:/mnt/c/Program Files/Git/cmd:/mnt/c/Windows/system32:/mnt/c/Windows:/mnt/c/Windows/System32/Wbem:/mnt/c/Windows/System32/WindowsPowerShell/v1.0/:/mnt/c/Windows/System32/OpenSSH/:/mnt/c/Program Files/dotnet/:/mnt/c/Program Files (x86)/NVIDIA Corporation/PhysX/Common:/mnt/c/Program Files/Git/cmd:/mnt/c/Users/grzeg/AppData/Local/Microsoft/WindowsApps:/mnt/c/Program Files/JetBrains/IntelliJ IDEA 2022.2.3/bin:/mnt/c/programy/jvms_v2.1.1_386:/mnt/c/programy/apache-maven-3.8.6/bin:/mnt/c/Users/grzeg/AppData/Roaming/nvm:/mnt/c/Program Files/nodejs:/mnt/c/Program Files/Docker/Docker/resources/bin:/mnt/c/programy/gradle-7.6/bin:/mnt/c/Users/grzeg/AppData/Roaming/npm:/mnt/c/Program Files/JetBrains/DataGrip 2022.2.5/bin:/snap/bin}, tools=[], sendsPing=true)
18:58:38.361 [main] INFO AgentEventsDispatcher - Handling agentStart ...
18:58:38.362 [main] DEBUG TaskScheduler - Task 'agent-events' will run periodically with interval=10000 millis, first execution delay=0 millis
18:58:38.363 [agent-events] INFO AgentEventsDispatcher - Sending 1 accumulated events ...
18:58:38.366 [agent-events] DEBUG AgentEventServiceHandler - sending event(s):[AGENT_STARTED(1001)], agent:'Ftv' ...
18:58:38.367 [agent-events] DEBUG SLHttpClient - [To ES] - attempt '#1' out of '12, url:'https://dev-ftv-gw.dev.sealights.co/api/v3/agents/agent-events'
18:58:38.456 [agent-events] INFO SLHttpClient - [To ES] - sending POST, url:'https://dev-ftv-gw.dev.sealights.co/api/v3/agents/agent-events', token: ...X3B1_efpQ4', body:'{"agentId":"39dff78e-aef2-4d27-88d0-df5183b1f800","buildSessionId":"42ff8971-c8e2-4fe2-9bf0-14c1b6b31567","events":[{"type":1001,"utcTimestamp_ms":1670518718310,"data":{"agentInfo":{"technology":"Java","agentType":"Ftv","agentVersion":"4.0.0-SNAPSHOT","buildSessionId":"42ff8971-c8e2-4fe2-9bf0-14c1b6b31567","uniqueModuleId":"","appName":"gf-ftv-lab02","labId":"integ_puppet_038a_gfftvlab02","agentConfig":{"server":"https://dev-ftv-gw.dev.sealights.co/api","proxy":"null","buildSessionId":"42ff8971-c8e2-4fe2-9bf0-14c1b6b31567","token":"eyJhbGciOiJSUzUxMiIsInR5cCI6IkpXVCJ9.eyJpc3MiOiJodHRwczovL0RFVi1mdHYuYXV0aC5zZWFsaWdodHMuaW8vIiwiand0aWQiOiJERVYtZnR2LGktMGMxNjU4YjA0ZTljMDMwMzMsQVBJR1ctOTYzN2FjOGUtMzAyYy00YTk1LTkyZjItZGExNTFiNDljNDI0LDE2NzA0MjE2MzI1NDAiLCJzdWJqZWN0IjoiU2VhTGlnaHRzQGFnZW50IiwiYXVkaWVuY2UiOlsiYWdlbnRzIl0sIngtc2wtcm9sZSI6ImFnZW50IiwieC1zbC1zZXJ2ZXIiOiJodHRwczovL2Rldi1mdHYtZ3cuZGV2LnNlYWxpZ2h0cy5jby9hcGkiLCJzbF9pbXBlcl9zdWJqZWN0IjoiIiwiaWF0IjoxNjcwNDIxNjMyfQ.IyAO7_zibgusLv_pPwTwlBICvRwh7EbC7Ee-Zqmx6a...(truncated to 1024 Bytes)''
18:58:38.456 [agent-events] DEBUG io.sealights.dependencies.org.apache.hc.client5.http.impl.classic.InternalHttpClient - ex-00000003: preparing request execution
18:58:38.457 [agent-events] DEBUG io.sealights.dependencies.org.apache.hc.client5.http.protocol.RequestAddCookies - Cookie spec selected: strict
18:58:38.457 [agent-events] DEBUG io.sealights.dependencies.org.apache.hc.client5.http.protocol.RequestAuthCache - Auth cache not set in the context
18:58:38.458 [agent-events] DEBUG io.sealights.dependencies.org.apache.hc.client5.http.impl.classic.ProtocolExec - ex-00000003: proxy auth state: UNCHALLENGED
18:58:38.458 [agent-events] DEBUG io.sealights.dependencies.org.apache.hc.client5.http.impl.classic.ConnectExec - ex-00000003: acquiring connection with route {s}->https://dev-ftv-gw.dev.sealights.co:443
18:58:38.459 [agent-events] DEBUG io.sealights.dependencies.org.apache.hc.client5.http.impl.classic.InternalHttpClient - ex-00000003: acquiring endpoint (20000 MILLISECONDS)
18:58:38.459 [agent-events] DEBUG io.sealights.dependencies.org.apache.hc.client5.http.impl.io.PoolingHttpClientConnectionManager - ex-00000003: endpoint lease request (20000 MILLISECONDS) [route: {s}->https://dev-ftv-gw.dev.sealights.co:443][total available: 1; route allocated: 1 of 5; total allocated: 1 of 25]
18:58:38.459 [agent-events] DEBUG io.sealights.dependencies.org.apache.hc.client5.http.impl.io.PoolingHttpClientConnectionManager - ex-00000003: endpoint leased [route: {s}->https://dev-ftv-gw.dev.sealights.co:443][total available: 0; route allocated: 1 of 5; total allocated: 1 of 25]
18:58:38.460 [agent-events] DEBUG io.sealights.dependencies.org.apache.hc.client5.http.impl.io.PoolingHttpClientConnectionManager - ex-00000003: acquired ep-00000002
18:58:38.460 [agent-events] DEBUG io.sealights.dependencies.org.apache.hc.client5.http.impl.classic.InternalHttpClient - ex-00000003: acquired endpoint ep-00000002
18:58:38.461 [agent-events] DEBUG io.sealights.dependencies.org.apache.hc.client5.http.impl.classic.MainClientExec - ex-00000003: executing POST /api/v3/agents/agent-events HTTP/1.1
18:58:38.461 [agent-events] DEBUG io.sealights.dependencies.org.apache.hc.client5.http.impl.classic.InternalHttpClient - ep-00000002: start execution ex-00000003
18:58:38.461 [agent-events] DEBUG io.sealights.dependencies.org.apache.hc.client5.http.impl.io.PoolingHttpClientConnectionManager - ep-00000002: executing exchange ex-00000003 over http-outgoing-0
18:58:38.462 [agent-events] DEBUG io.sealights.dependencies.org.apache.hc.client5.http.headers - http-outgoing-0 >> POST /api/v3/agents/agent-events HTTP/1.1
18:58:38.462 [agent-events] DEBUG io.sealights.dependencies.org.apache.hc.client5.http.headers - http-outgoing-0 >> Authorization: Bearer eyJhbGciOiJSUzUxMiIsInR5cCI6IkpXVCJ9.eyJpc3MiOiJodHRwczovL0RFVi1mdHYuYXV0aC5zZWFsaWdodHMuaW8vIiwiand0aWQiOiJERVYtZnR2LGktMGMxNjU4YjA0ZTljMDMwMzMsQVBJR1ctOTYzN2FjOGUtMzAyYy00YTk1LTkyZjItZGExNTFiNDljNDI0LDE2NzA0MjE2MzI1NDAiLCJzdWJqZWN0IjoiU2VhTGlnaHRzQGFnZW50IiwiYXVkaWVuY2UiOlsiYWdlbnRzIl0sIngtc2wtcm9sZSI6ImFnZW50IiwieC1zbC1zZXJ2ZXIiOiJodHRwczovL2Rldi1mdHYtZ3cuZGV2LnNlYWxpZ2h0cy5jby9hcGkiLCJzbF9pbXBlcl9zdWJqZWN0IjoiIiwiaWF0IjoxNjcwNDIxNjMyfQ.IyAO7_zibgusLv_pPwTwlBICvRwh7EbC7Ee-Zqmx6azkjaRYDb8olKjiWM_HeYFGnIIczAuWIurFUm-h9noPOzLp-0h-r6fu3Yt4utvF9b1NhQNtL9aLlJ4-h7kDZA7K5AN39Agx6DB_be9XLcLHnwANskq16xn-H6xOOqq-VFqrN98hUl_sRiHf0CKm6RbsumyF1byqZIizENT7unGfJc6tP0poNRgpJkue0UJklgT6HRT8bPi_7rJJgUAu6Vb0LhkCManH_CsllFMxSMBFMJWM-Zxvs5pKHmK1JcIuy08i0r0cJR1axLDtFXcx8Fn_u1dtpLMk-BZCUCOKxh-YXT651AjvCsHwX2JCqxlcD7aLaQIMC3mmq6Qie7YezILQ6_GYDu-oREVgQsN2eob2k0oiFloLn4AmJllq66GasP8Oq20MuHScWvop95McYiictsdHohkkb_z97UIj70LF49qNTJxy5ZGeY90vbZ34mFBfF7cTAXY47q5ReqpyokYx-DABpjFYgS-1i6x_e-4_3Zreni1-SOmueHhhFS_S9hC-gLXvJuiDwIDPaxR16eF_I-S4w0l0071ddqt_-8HgoQcfV85zOzpgHz7IjCfhDIUDB3eI_uwW523hV-4eCoM8ElRa7lCfhQlL2iwEn-623dVjEZI1cD2sfX3B1_efpQ4
18:58:38.462 [agent-events] DEBUG io.sealights.dependencies.org.apache.hc.client5.http.headers - http-outgoing-0 >> Content-Length: 4704
18:58:38.463 [agent-events] DEBUG io.sealights.dependencies.org.apache.hc.client5.http.headers - http-outgoing-0 >> Content-Type: application/json; charset=UTF-8
18:58:38.463 [agent-events] DEBUG io.sealights.dependencies.org.apache.hc.client5.http.headers - http-outgoing-0 >> Host: dev-ftv-gw.dev.sealights.co
18:58:38.464 [agent-events] DEBUG io.sealights.dependencies.org.apache.hc.client5.http.headers - http-outgoing-0 >> Connection: keep-alive
18:58:38.464 [agent-events] DEBUG io.sealights.dependencies.org.apache.hc.client5.http.headers - http-outgoing-0 >> User-Agent: Apache-HttpClient/5.0.3 (Java/11.0.12)
18:58:38.464 [agent-events] DEBUG io.sealights.dependencies.org.apache.hc.client5.http.wire - http-outgoing-0 >> "POST /api/v3/agents/agent-events HTTP/1.1[\r][\n]"
18:58:38.465 [agent-events] DEBUG io.sealights.dependencies.org.apache.hc.client5.http.wire - http-outgoing-0 >> "Authorization: Bearer eyJhbGciOiJSUzUxMiIsInR5cCI6IkpXVCJ9.eyJpc3MiOiJodHRwczovL0RFVi1mdHYuYXV0aC5zZWFsaWdodHMuaW8vIiwiand0aWQiOiJERVYtZnR2LGktMGMxNjU4YjA0ZTljMDMwMzMsQVBJR1ctOTYzN2FjOGUtMzAyYy00YTk1LTkyZjItZGExNTFiNDljNDI0LDE2NzA0MjE2MzI1NDAiLCJzdWJqZWN0IjoiU2VhTGlnaHRzQGFnZW50IiwiYXVkaWVuY2UiOlsiYWdlbnRzIl0sIngtc2wtcm9sZSI6ImFnZW50IiwieC1zbC1zZXJ2ZXIiOiJodHRwczovL2Rldi1mdHYtZ3cuZGV2LnNlYWxpZ2h0cy5jby9hcGkiLCJzbF9pbXBlcl9zdWJqZWN0IjoiIiwiaWF0IjoxNjcwNDIxNjMyfQ.IyAO7_zibgusLv_pPwTwlBICvRwh7EbC7Ee-Zqmx6azkjaRYDb8olKjiWM_HeYFGnIIczAuWIurFUm-h9noPOzLp-0h-r6fu3Yt4utvF9b1NhQNtL9aLlJ4-h7kDZA7K5AN39Agx6DB_be9XLcLHnwANskq16xn-H6xOOqq-VFqrN98hUl_sRiHf0CKm6RbsumyF1byqZIizENT7unGfJc6tP0poNRgpJkue0UJklgT6HRT8bPi_7rJJgUAu6Vb0LhkCManH_CsllFMxSMBFMJWM-Zxvs5pKHmK1JcIuy08i0r0cJR1axLDtFXcx8Fn_u1dtpLMk-BZCUCOKxh-YXT651AjvCsHwX2JCqxlcD7aLaQIMC3mmq6Qie7YezILQ6_GYDu-oREVgQsN2eob2k0oiFloLn4AmJllq66GasP8Oq20MuHScWvop95McYiictsdHohkkb_z97UIj70LF49qNTJxy5ZGeY90vbZ34mFBfF7cTAXY47q5ReqpyokYx-DABpjFYgS-1i6x_e-4_3Zreni1-SOmueHhhFS_S9hC-gLXvJuiDwIDPaxR16eF_I-S4w0l0071ddqt_-8HgoQcfV85zOzpgHz7IjCfhDIUDB3eI_uwW523hV-4eCoM8ElRa7lCfhQlL2iwEn-623dVjEZI1cD2sfX3B1_efpQ4[\r][\n]"
18:58:38.465 [agent-events] DEBUG io.sealights.dependencies.org.apache.hc.client5.http.wire - http-outgoing-0 >> "Content-Length: 4704[\r][\n]"
18:58:38.466 [agent-events] DEBUG io.sealights.dependencies.org.apache.hc.client5.http.wire - http-outgoing-0 >> "Content-Type: application/json; charset=UTF-8[\r][\n]"
18:58:38.466 [agent-events] DEBUG io.sealights.dependencies.org.apache.hc.client5.http.wire - http-outgoing-0 >> "Host: dev-ftv-gw.dev.sealights.co[\r][\n]"
18:58:38.466 [agent-events] DEBUG io.sealights.dependencies.org.apache.hc.client5.http.wire - http-outgoing-0 >> "Connection: keep-alive[\r][\n]"
18:58:38.467 [agent-events] DEBUG io.sealights.dependencies.org.apache.hc.client5.http.wire - http-outgoing-0 >> "User-Agent: Apache-HttpClient/5.0.3 (Java/11.0.12)[\r][\n]"
18:58:38.467 [agent-events] DEBUG io.sealights.dependencies.org.apache.hc.client5.http.wire - http-outgoing-0 >> "[\r][\n]"
18:58:38.468 [agent-events] DEBUG io.sealights.dependencies.org.apache.hc.client5.http.wire - http-outgoing-0 >> "{"agentId":"39dff78e-aef2-4d27-88d0-df5183b1f800","buildSessionId":"42ff8971-c8e2-4fe2-9bf0-14c1b6b31567","events":[{"type":1001,"utcTimestamp_ms":1670518718310,"data":{"agentInfo":{"technology":"Java","agentType":"Ftv","agentVersion":"4.0.0-SNAPSHOT","buildSessionId":"42ff8971-c8e2-4fe2-9bf0-14c1b6b31567","uniqueModuleId":"","appName":"gf-ftv-lab02","labId":"integ_puppet_038a_gfftvlab02","agentConfig":{"server":"https://dev-ftv-gw.dev.sealights.co/api","proxy":"null","buildSessionId":"42ff8971-c8e2-4fe2-9bf0-14c1b6b31567","token":"eyJhbGciOiJSUzUxMiIsInR5cCI6IkpXVCJ9.eyJpc3MiOiJodHRwczovL0RFVi1mdHYuYXV0aC5zZWFsaWdodHMuaW8vIiwiand0aWQiOiJERVYtZnR2LGktMGMxNjU4YjA0ZTljMDMwMzMsQVBJR1ctOTYzN2FjOGUtMzAyYy00YTk1LTkyZjItZGExNTFiNDljNDI0LDE2NzA0MjE2MzI1NDAiLCJzdWJqZWN0IjoiU2VhTGlnaHRzQGFnZW50IiwiYXVkaWVuY2UiOlsiYWdlbnRzIl0sIngtc2wtcm9sZSI6ImFnZW50IiwieC1zbC1zZXJ2ZXIiOiJodHRwczovL2Rldi1mdHYtZ3cuZGV2LnNlYWxpZ2h0cy5jby9hcGkiLCJzbF9pbXBlcl9zdWJqZWN0IjoiIiwiaWF0IjoxNjcwNDIxNjMyfQ.IyAO7_zibgusLv_pPwTwlBICvRwh7EbC7Ee-Zqmx6azkjaRYDb8olKjiWM_HeYFGnIIczAuWIurFUm-h9noPOzLp-0h-r6fu3Yt4utvF9b1NhQNtL9aLlJ4-h7kDZA7K5AN39Agx6DB_be9XLcLHnwANskq16xn-H6xOOqq-VFqrN98hUl_sRiHf0CKm6RbsumyF1byqZIizENT7unGfJc6tP0poNRgpJkue0UJklgT6HRT8bPi_7rJJgUAu6Vb0LhkCManH_CsllFMxSMBFMJWM-Zxvs5pKHmK1JcIuy08i0r0cJR1axLDtFXcx8Fn_u1dtpLMk-BZCUCOKxh-YXT651AjvCsHwX2JCqxlcD7aLaQIMC3mmq6Qie7YezILQ6_GYDu-oREVgQsN2eob2k0oiFloLn4AmJllq66GasP8Oq20MuHScWvop95McYiictsdHohkkb_z97UIj70LF49qNTJxy5ZGeY90vbZ34mFBfF7cTAXY47q5ReqpyokYx-DABpjFYgS-1i6x_e-4_3Zreni1-SOmueHhhFS_S9hC-gLXvJuiDwIDPaxR16eF_I-S4w0l0071ddqt_-8HgoQcfV85zOzpgHz7IjCfhDIUDB3eI_uwW523hV-4eCoM8ElRa7lCfhQlL2iwEn-623dVjEZI1cD2sfX3B1_efpQ4"},"tags":[],"processId":6662,"processArch":"x32","processSessionId":0,"argv":["ftv-hello-app-0.0.1-SNAPSHOT.jar","-javaagent:java-agent-ftv-4.0.0-SNAPSHOT.jar=appname=gf-ftv-lab02,labId=integ_puppet_038a_gfftvlab02,packagesincluded=dev.futa.sealights*,workspacepath=.,token=eyJhbGciOiJSUzUxMiIsInR5cCI6IkpXVCJ9.eyJpc3MiOiJodHRwczovL0RFVi1mdHYuYXV0aC5zZWFsaWdodHMuaW8vIiwiand0aWQiOiJERVYtZnR2LGktMGMxNjU4YjA0ZTljMDMwMzMsQVBJR1ctOTYzN2FjOGUtMzAyYy00YTk1LTkyZjItZGExNTFiNDljNDI0LDE2NzA0MjE2MzI1NDAiLCJzdWJqZWN0IjoiU2VhTGlnaHRzQGFnZW50IiwiYXVkaWVuY2UiOlsiYWdlbnRzIl0sIngtc2wtcm9sZSI6ImFnZW50IiwieC1zbC1zZXJ2ZXIiOiJodHRwczovL2Rldi1mdHYtZ3cuZGV2LnNlYWxpZ2h0cy5jby9hcGkiLCJzbF9pbXBlcl9zdWJqZWN0IjoiIiwiaWF0IjoxNjcwNDIxNjMyfQ.IyAO7_zibgusLv_pPwTwlBICvRwh7EbC7Ee-Zqmx6azkjaRYDb8olKjiWM_HeYFGnIIczAuWIurFUm-h9noPOzLp-0h-r6fu3Yt4utvF9b1NhQNtL9aLlJ4-h7kDZA7K5AN39Agx6DB_be9XLcLHnwANskq16xn-H6xOOqq-VFqrN98hUl_sRiHf0CKm6RbsumyF1byqZIizENT7unGfJc6tP0poNRgpJkue0UJklgT6HRT8bPi_7rJJgUAu6Vb0LhkCManH_CsllFMxSMBFMJWM-Zxvs5pKHmK1JcIuy08i0r0cJR1axLDtFXcx8Fn_u1dtpLMk-BZCUCOKxh-YXT651AjvCsHwX2JCqxlcD7aLaQIMC3mmq6Qie7YezILQ6_GYDu-oREVgQsN2eob2k0oiFloLn4AmJllq66GasP8Oq20MuHScWvop95McYiictsdHohkkb_z97UIj70LF49qNTJxy5ZGeY90vbZ34mFBfF7cTAXY47q5ReqpyokYx-DABpjFYgS-1i6x_e-4_3Zreni1-SOmueHhhFS_S9hC-gLXvJuiDwIDPaxR16eF_I-S4w0l0071ddqt_-8HgoQcfV85zOzpgHz7IjCfhDIUDB3eI_uwW523hV-4eCoM8ElRa7lCfhQlL2iwEn-623dVjEZI1cD2sfX3B1_efpQ4","-Dsl.includes=dev.futa.sealights*"],"cwd":"/mnt/c/projekty/sealigths/ftv-hello-app/deployments","envVars":{"path":"/home/gfuta/.sdkman/candidates/java/11.0.12-open/bin:/usr/local/sbin:/usr/local/bin:/usr/sbin:/usr/bin:/sbin:/bin:/usr/games:/usr/local/games:/usr/lib/wsl/lib:/mnt/c/Program Files (x86)/jdk/bin:/mnt/c/Program Files/Git/cmd:/mnt/c/Windows/system32:/mnt/c/Windows:/mnt/c/Windows/System32/Wbem:/mnt/c/Windows/System32/WindowsPowerShell/v1.0/:/mnt/c/Windows/System32/OpenSSH/:/mnt/c/Program Files/dotnet/:/mnt/c/Program Files (x86)/NVIDIA Corporation/PhysX/Common:/mnt/c/Program Files/Git/cmd:/mnt/c/Users/grzeg/AppData/Local/Microsoft/WindowsApps:/mnt/c/Program Files/JetBrains/IntelliJ IDEA 2022.2.3/bin:/mnt/c/programy/jvms_v2.1.1_386:/mnt/c/programy/apache-maven-3.8.6/bin:/mnt/c/Users/grzeg/AppData/Roaming/nvm:/mnt/c/Program Files/nodejs:/mnt/c/Program Files/Docker/Docker/resources/bin:/mnt/c/programy/gradle-7.6/bin:/mnt/c/Users/grzeg/AppData/Roaming/npm:/mnt/c/Program Files/JetBrains/DataGrip 2022.2.5/bin:/snap/bin"},"tools":[],"sendsPing":true},"machineInfo":{"machineName":"hajfa","arch":"amd64","os":"Linux","localDateTime":"2022-12-08T18:58:38+0200","localDateTimeUnix_s":1670525918352,"ipAddress":["fe80:0:0:0:215:5dff:fe94:6fe6%eth0","192.168.81.55","0:0:0:0:0:0:0:1%lo","127.0.0.1"]},"techSpecificInfo":{"javaVendor":"Oracle Corporation","javaVersion":"11.0.12","jvmName":"OpenJDK 64-Bit Server VM","systemProps":{"sl.includes":"dev.futa.sealights*"}},"ciInfo":{"jobName":null,"jobId":null,"jobUrl":null,"partialData":true},"pingData":{"agentInfo":null,"avgCpuLoad":0,"freeRam_KB":238315,"labId":null}}}]}"
java.lang.RuntimeException: java.lang.IllegalArgumentException: Unsupported class file major version 2056
java.lang.RuntimeException: java.lang.IllegalArgumentException: Unsupported class file major version 2056
18:58:38.631 [main] DEBUG ClassMappingBuilder - Created classes mapping:
18:58:38.634 [main] DEBUG SLHttpClient - [To BUILD_MAPPING] - attempt '#1' out of '12, url:'https://dev-ftv-gw.dev.sealights.co/api/v5/agents/build-sessions/42ff8971-c8e2-4fe2-9bf0-14c1b6b31567/buildend'
18:58:38.636 [main] INFO SLHttpClient - [To BUILD_MAPPING] - sending POST, url:'https://dev-ftv-gw.dev.sealights.co/api/v5/agents/build-sessions/42ff8971-c8e2-4fe2-9bf0-14c1b6b31567/buildend', token: ...X3B1_efpQ4', body:'{"agentId":"39dff78e-aef2-4d27-88d0-df5183b1f800","partsCount":1,"labId":"integ_puppet_038a_gfftvlab02","status":{"success":true,"message":"n00p","duration":262}}''
18:58:38.636 [main] DEBUG io.sealights.dependencies.org.apache.hc.client5.http.impl.classic.InternalHttpClient - ex-00000004: preparing request execution
18:58:38.637 [main] DEBUG io.sealights.dependencies.org.apache.hc.client5.http.protocol.RequestAddCookies - Cookie spec selected: strict
18:58:38.637 [main] DEBUG io.sealights.dependencies.org.apache.hc.client5.http.protocol.RequestAuthCache - Auth cache not set in the context
18:58:38.638 [main] DEBUG io.sealights.dependencies.org.apache.hc.client5.http.impl.classic.ProtocolExec - ex-00000004: proxy auth state: UNCHALLENGED
18:58:38.639 [main] DEBUG io.sealights.dependencies.org.apache.hc.client5.http.impl.classic.ConnectExec - ex-00000004: acquiring connection with route {s}->https://dev-ftv-gw.dev.sealights.co:443
18:58:38.639 [main] DEBUG io.sealights.dependencies.org.apache.hc.client5.http.impl.classic.InternalHttpClient - ex-00000004: acquiring endpoint (20000 MILLISECONDS)
18:58:38.640 [main] DEBUG io.sealights.dependencies.org.apache.hc.client5.http.impl.io.PoolingHttpClientConnectionManager - ex-00000004: endpoint lease request (20000 MILLISECONDS) [route: {s}->https://dev-ftv-gw.dev.sealights.co:443][total available: 0; route allocated: 1 of 5; total allocated: 1 of 25]
18:58:38.640 [main] DEBUG io.sealights.dependencies.org.apache.hc.client5.http.impl.io.PoolingHttpClientConnectionManager - ex-00000004: endpoint leased [route: {s}->https://dev-ftv-gw.dev.sealights.co:443][total available: 0; route allocated: 2 of 5; total allocated: 2 of 25]
18:58:38.641 [main] DEBUG io.sealights.dependencies.org.apache.hc.client5.http.impl.io.PoolingHttpClientConnectionManager - ex-00000004: acquired ep-00000003
18:58:38.641 [main] DEBUG io.sealights.dependencies.org.apache.hc.client5.http.impl.classic.InternalHttpClient - ex-00000004: acquired endpoint ep-00000003
18:58:38.642 [main] DEBUG io.sealights.dependencies.org.apache.hc.client5.http.impl.classic.ConnectExec - ex-00000004: opening connection {s}->https://dev-ftv-gw.dev.sealights.co:443
18:58:38.642 [main] DEBUG io.sealights.dependencies.org.apache.hc.client5.http.impl.classic.InternalHttpClient - ep-00000003: connecting endpoint (10000 MILLISECONDS)
18:58:38.643 [main] DEBUG io.sealights.dependencies.org.apache.hc.client5.http.impl.io.PoolingHttpClientConnectionManager - ep-00000003: connecting endpoint to https://dev-ftv-gw.dev.sealights.co:443 (10000 MILLISECONDS)
18:58:38.644 [main] DEBUG io.sealights.dependencies.org.apache.hc.client5.http.impl.io.DefaultHttpClientConnectionOperator - http-outgoing-1: connecting to dev-ftv-gw.dev.sealights.co/54.246.202.189:443
18:58:38.644 [main] DEBUG io.sealights.dependencies.org.apache.hc.client5.http.ssl.SSLConnectionSocketFactory - Connecting socket to dev-ftv-gw.dev.sealights.co/54.246.202.189:443 with timeout 10000 MILLISECONDS
18:58:38.823 [agent-events] DEBUG io.sealights.dependencies.org.apache.hc.client5.http.wire - http-outgoing-0 << "HTTP/1.1 200 OK[\r][\n]"
18:58:38.824 [agent-events] DEBUG io.sealights.dependencies.org.apache.hc.client5.http.wire - http-outgoing-0 << "Access-Control-Expose-Headers: api-version,content-length,content-md5,content-type,date,request-id,response-time[\r][\n]"
18:58:38.825 [agent-events] DEBUG io.sealights.dependencies.org.apache.hc.client5.http.wire - http-outgoing-0 << "Date: Thu, 08 Dec 2022 16:58:39 GMT[\r][\n]"
18:58:38.826 [agent-events] DEBUG io.sealights.dependencies.org.apache.hc.client5.http.wire - http-outgoing-0 << "Vary: Origin[\r][\n]"
18:58:38.827 [agent-events] DEBUG io.sealights.dependencies.org.apache.hc.client5.http.wire - http-outgoing-0 << "X-Powered-By: Express[\r][\n]"
18:58:38.826 [main] DEBUG io.sealights.dependencies.org.apache.hc.client5.http.ssl.SSLConnectionSocketFactory - Enabled protocols: [TLSv1.3, TLSv1.2]
18:58:38.827 [agent-events] DEBUG io.sealights.dependencies.org.apache.hc.client5.http.wire - http-outgoing-0 << "X-Request-Id: 477964bd-36f4-43e2-993e-fde5fe057b4e[\r][\n]"
18:58:38.828 [main] DEBUG io.sealights.dependencies.org.apache.hc.client5.http.ssl.SSLConnectionSocketFactory - Enabled cipher suites: [TLS_AES_128_GCM_SHA256, TLS_AES_256_GCM_SHA384, TLS_ECDHE_ECDSA_WITH_AES_256_GCM_SHA384, TLS_ECDHE_ECDSA_WITH_AES_128_GCM_SHA256, TLS_ECDHE_RSA_WITH_AES_256_GCM_SHA384, TLS_RSA_WITH_AES_256_GCM_SHA384, TLS_ECDH_ECDSA_WITH_AES_256_GCM_SHA384, TLS_ECDH_RSA_WITH_AES_256_GCM_SHA384, TLS_DHE_RSA_WITH_AES_256_GCM_SHA384, TLS_DHE_DSS_WITH_AES_256_GCM_SHA384, TLS_ECDHE_RSA_WITH_AES_128_GCM_SHA256, TLS_RSA_WITH_AES_128_GCM_SHA256, TLS_ECDH_ECDSA_WITH_AES_128_GCM_SHA256, TLS_ECDH_RSA_WITH_AES_128_GCM_SHA256, TLS_DHE_RSA_WITH_AES_128_GCM_SHA256, TLS_DHE_DSS_WITH_AES_128_GCM_SHA256, TLS_ECDHE_ECDSA_WITH_AES_256_CBC_SHA384, TLS_ECDHE_RSA_WITH_AES_256_CBC_SHA384, TLS_RSA_WITH_AES_256_CBC_SHA256, TLS_ECDH_ECDSA_WITH_AES_256_CBC_SHA384, TLS_ECDH_RSA_WITH_AES_256_CBC_SHA384, TLS_DHE_RSA_WITH_AES_256_CBC_SHA256, TLS_DHE_DSS_WITH_AES_256_CBC_SHA256, TLS_ECDHE_ECDSA_WITH_AES_256_CBC_SHA, TLS_ECDHE_RSA_WITH_AES_256_CBC_SHA, TLS_RSA_WITH_AES_256_CBC_SHA, TLS_ECDH_ECDSA_WITH_AES_256_CBC_SHA, TLS_ECDH_RSA_WITH_AES_256_CBC_SHA, TLS_DHE_RSA_WITH_AES_256_CBC_SHA, TLS_DHE_DSS_WITH_AES_256_CBC_SHA, TLS_ECDHE_ECDSA_WITH_AES_128_CBC_SHA256, TLS_ECDHE_RSA_WITH_AES_128_CBC_SHA256, TLS_RSA_WITH_AES_128_CBC_SHA256, TLS_ECDH_ECDSA_WITH_AES_128_CBC_SHA256, TLS_ECDH_RSA_WITH_AES_128_CBC_SHA256, TLS_DHE_RSA_WITH_AES_128_CBC_SHA256, TLS_DHE_DSS_WITH_AES_128_CBC_SHA256, TLS_ECDHE_ECDSA_WITH_AES_128_CBC_SHA, TLS_ECDHE_RSA_WITH_AES_128_CBC_SHA, TLS_RSA_WITH_AES_128_CBC_SHA, TLS_ECDH_ECDSA_WITH_AES_128_CBC_SHA, TLS_ECDH_RSA_WITH_AES_128_CBC_SHA, TLS_DHE_RSA_WITH_AES_128_CBC_SHA, TLS_DHE_DSS_WITH_AES_128_CBC_SHA, TLS_EMPTY_RENEGOTIATION_INFO_SCSV]
18:58:38.828 [agent-events] DEBUG io.sealights.dependencies.org.apache.hc.client5.http.wire - http-outgoing-0 << "x-sl-txid: APIGW-477964bd-36f4-43e2-993e-fde5fe057b4e[\r][\n]"
18:58:38.829 [main] DEBUG io.sealights.dependencies.org.apache.hc.client5.http.ssl.SSLConnectionSocketFactory - Starting handshake
18:58:38.829 [agent-events] DEBUG io.sealights.dependencies.org.apache.hc.client5.http.wire - http-outgoing-0 << "Content-Length: 0[\r][\n]"
18:58:38.830 [agent-events] DEBUG io.sealights.dependencies.org.apache.hc.client5.http.wire - http-outgoing-0 << "Connection: keep-alive[\r][\n]"
18:58:38.831 [agent-events] DEBUG io.sealights.dependencies.org.apache.hc.client5.http.wire - http-outgoing-0 << "[\r][\n]"
18:58:38.832 [agent-events] DEBUG io.sealights.dependencies.org.apache.hc.client5.http.headers - http-outgoing-0 << HTTP/1.1 200 OK
18:58:38.832 [agent-events] DEBUG io.sealights.dependencies.org.apache.hc.client5.http.headers - http-outgoing-0 << Access-Control-Expose-Headers: api-version,content-length,content-md5,content-type,date,request-id,response-time
18:58:38.832 [agent-events] DEBUG io.sealights.dependencies.org.apache.hc.client5.http.headers - http-outgoing-0 << Date: Thu, 08 Dec 2022 16:58:39 GMT
18:58:38.833 [agent-events] DEBUG io.sealights.dependencies.org.apache.hc.client5.http.headers - http-outgoing-0 << Vary: Origin
18:58:38.833 [agent-events] DEBUG io.sealights.dependencies.org.apache.hc.client5.http.headers - http-outgoing-0 << X-Powered-By: Express
18:58:38.834 [agent-events] DEBUG io.sealights.dependencies.org.apache.hc.client5.http.headers - http-outgoing-0 << X-Request-Id: 477964bd-36f4-43e2-993e-fde5fe057b4e
18:58:38.834 [agent-events] DEBUG io.sealights.dependencies.org.apache.hc.client5.http.headers - http-outgoing-0 << x-sl-txid: APIGW-477964bd-36f4-43e2-993e-fde5fe057b4e
18:58:38.835 [agent-events] DEBUG io.sealights.dependencies.org.apache.hc.client5.http.headers - http-outgoing-0 << Content-Length: 0
18:58:38.835 [agent-events] DEBUG io.sealights.dependencies.org.apache.hc.client5.http.headers - http-outgoing-0 << Connection: keep-alive
18:58:38.835 [agent-events] DEBUG io.sealights.dependencies.org.apache.hc.client5.http.impl.classic.MainClientExec - ex-00000003: connection can be kept alive for 3 MINUTES
18:58:38.836 [agent-events] DEBUG io.sealights.dependencies.org.apache.hc.client5.http.impl.classic.InternalHttpClient - ep-00000002: releasing valid endpoint
18:58:38.836 [agent-events] DEBUG io.sealights.dependencies.org.apache.hc.client5.http.impl.io.PoolingHttpClientConnectionManager - ep-00000002: releasing endpoint
18:58:38.836 [agent-events] DEBUG io.sealights.dependencies.org.apache.hc.client5.http.impl.io.PoolingHttpClientConnectionManager - ep-00000002: connection http-outgoing-0 can be kept alive for 3 MINUTES
18:58:38.837 [agent-events] DEBUG io.sealights.dependencies.org.apache.hc.client5.http.impl.io.PoolingHttpClientConnectionManager - ep-00000002: connection released [route: {s}->https://dev-ftv-gw.dev.sealights.co:443][total available: 1; route allocated: 2 of 5; total allocated: 2 of 25]
18:58:38.837 [agent-events] INFO SLHttpClient - [From ES] - responsed POST url:'https://dev-ftv-gw.dev.sealights.co/api/v3/agents/agent-events', status:200, message:null', body:'''
18:58:38.838 [agent-events] INFO SLHttpClient - [From ES] - responsed POST url:'https://dev-ftv-gw.dev.sealights.co/api/v3/agents/agent-events', status:200, message:null', body:'''
18:58:38.838 [agent-events] DEBUG AgentEventServiceHandler - sent successfully event(s):[AGENT_STARTED(1001)], agent:'Ftv'
18:58:39.653 [main] DEBUG io.sealights.dependencies.org.apache.hc.client5.http.ssl.SSLConnectionSocketFactory - Secure session established
18:58:39.654 [main] DEBUG io.sealights.dependencies.org.apache.hc.client5.http.ssl.SSLConnectionSocketFactory -  negotiated protocol: TLSv1.2
18:58:39.655 [main] DEBUG io.sealights.dependencies.org.apache.hc.client5.http.ssl.SSLConnectionSocketFactory -  negotiated cipher suite: TLS_ECDHE_RSA_WITH_AES_128_GCM_SHA256
18:58:39.656 [main] DEBUG io.sealights.dependencies.org.apache.hc.client5.http.ssl.SSLConnectionSocketFactory -  peer principal: CN=*.dev.sealights.co
18:58:39.657 [main] DEBUG io.sealights.dependencies.org.apache.hc.client5.http.ssl.SSLConnectionSocketFactory -  peer alternative names: [*.dev.sealights.co]
18:58:39.658 [main] DEBUG io.sealights.dependencies.org.apache.hc.client5.http.ssl.SSLConnectionSocketFactory -  issuer principal: CN=Amazon, OU=Server CA 1B, O=Amazon, C=US
18:58:39.659 [main] DEBUG io.sealights.dependencies.org.apache.hc.client5.http.impl.io.DefaultHttpClientConnectionOperator - http-outgoing-1: connection established 192.168.81.55:48280<->54.246.202.189:443
18:58:39.659 [main] DEBUG io.sealights.dependencies.org.apache.hc.client5.http.impl.io.PoolingHttpClientConnectionManager - ep-00000003: connected http-outgoing-1
18:58:39.660 [main] DEBUG io.sealights.dependencies.org.apache.hc.client5.http.impl.classic.InternalHttpClient - ep-00000003: endpoint connected
18:58:39.660 [main] DEBUG io.sealights.dependencies.org.apache.hc.client5.http.impl.classic.MainClientExec - ex-00000004: executing POST /api/v5/agents/build-sessions/42ff8971-c8e2-4fe2-9bf0-14c1b6b31567/buildend HTTP/1.1
18:58:39.661 [main] DEBUG io.sealights.dependencies.org.apache.hc.client5.http.impl.classic.InternalHttpClient - ep-00000003: start execution ex-00000004
18:58:39.662 [main] DEBUG io.sealights.dependencies.org.apache.hc.client5.http.impl.io.PoolingHttpClientConnectionManager - ep-00000003: executing exchange ex-00000004 over http-outgoing-1
18:58:39.662 [main] DEBUG io.sealights.dependencies.org.apache.hc.client5.http.headers - http-outgoing-1 >> POST /api/v5/agents/build-sessions/42ff8971-c8e2-4fe2-9bf0-14c1b6b31567/buildend HTTP/1.1
18:58:39.663 [main] DEBUG io.sealights.dependencies.org.apache.hc.client5.http.headers - http-outgoing-1 >> Authorization: Bearer eyJhbGciOiJSUzUxMiIsInR5cCI6IkpXVCJ9.eyJpc3MiOiJodHRwczovL0RFVi1mdHYuYXV0aC5zZWFsaWdodHMuaW8vIiwiand0aWQiOiJERVYtZnR2LGktMGMxNjU4YjA0ZTljMDMwMzMsQVBJR1ctOTYzN2FjOGUtMzAyYy00YTk1LTkyZjItZGExNTFiNDljNDI0LDE2NzA0MjE2MzI1NDAiLCJzdWJqZWN0IjoiU2VhTGlnaHRzQGFnZW50IiwiYXVkaWVuY2UiOlsiYWdlbnRzIl0sIngtc2wtcm9sZSI6ImFnZW50IiwieC1zbC1zZXJ2ZXIiOiJodHRwczovL2Rldi1mdHYtZ3cuZGV2LnNlYWxpZ2h0cy5jby9hcGkiLCJzbF9pbXBlcl9zdWJqZWN0IjoiIiwiaWF0IjoxNjcwNDIxNjMyfQ.IyAO7_zibgusLv_pPwTwlBICvRwh7EbC7Ee-Zqmx6azkjaRYDb8olKjiWM_HeYFGnIIczAuWIurFUm-h9noPOzLp-0h-r6fu3Yt4utvF9b1NhQNtL9aLlJ4-h7kDZA7K5AN39Agx6DB_be9XLcLHnwANskq16xn-H6xOOqq-VFqrN98hUl_sRiHf0CKm6RbsumyF1byqZIizENT7unGfJc6tP0poNRgpJkue0UJklgT6HRT8bPi_7rJJgUAu6Vb0LhkCManH_CsllFMxSMBFMJWM-Zxvs5pKHmK1JcIuy08i0r0cJR1axLDtFXcx8Fn_u1dtpLMk-BZCUCOKxh-YXT651AjvCsHwX2JCqxlcD7aLaQIMC3mmq6Qie7YezILQ6_GYDu-oREVgQsN2eob2k0oiFloLn4AmJllq66GasP8Oq20MuHScWvop95McYiictsdHohkkb_z97UIj70LF49qNTJxy5ZGeY90vbZ34mFBfF7cTAXY47q5ReqpyokYx-DABpjFYgS-1i6x_e-4_3Zreni1-SOmueHhhFS_S9hC-gLXvJuiDwIDPaxR16eF_I-S4w0l0071ddqt_-8HgoQcfV85zOzpgHz7IjCfhDIUDB3eI_uwW523hV-4eCoM8ElRa7lCfhQlL2iwEn-623dVjEZI1cD2sfX3B1_efpQ4
18:58:39.664 [main] DEBUG io.sealights.dependencies.org.apache.hc.client5.http.headers - http-outgoing-1 >> Content-Length: 162
18:58:39.664 [main] DEBUG io.sealights.dependencies.org.apache.hc.client5.http.headers - http-outgoing-1 >> Content-Type: application/json; charset=UTF-8
18:58:39.665 [main] DEBUG io.sealights.dependencies.org.apache.hc.client5.http.headers - http-outgoing-1 >> Host: dev-ftv-gw.dev.sealights.co
18:58:39.665 [main] DEBUG io.sealights.dependencies.org.apache.hc.client5.http.headers - http-outgoing-1 >> Connection: keep-alive
18:58:39.666 [main] DEBUG io.sealights.dependencies.org.apache.hc.client5.http.headers - http-outgoing-1 >> User-Agent: Apache-HttpClient/5.0.3 (Java/11.0.12)
18:58:39.666 [main] DEBUG io.sealights.dependencies.org.apache.hc.client5.http.wire - http-outgoing-1 >> "POST /api/v5/agents/build-sessions/42ff8971-c8e2-4fe2-9bf0-14c1b6b31567/buildend HTTP/1.1[\r][\n]"
18:58:39.667 [main] DEBUG io.sealights.dependencies.org.apache.hc.client5.http.wire - http-outgoing-1 >> "Authorization: Bearer eyJhbGciOiJSUzUxMiIsInR5cCI6IkpXVCJ9.eyJpc3MiOiJodHRwczovL0RFVi1mdHYuYXV0aC5zZWFsaWdodHMuaW8vIiwiand0aWQiOiJERVYtZnR2LGktMGMxNjU4YjA0ZTljMDMwMzMsQVBJR1ctOTYzN2FjOGUtMzAyYy00YTk1LTkyZjItZGExNTFiNDljNDI0LDE2NzA0MjE2MzI1NDAiLCJzdWJqZWN0IjoiU2VhTGlnaHRzQGFnZW50IiwiYXVkaWVuY2UiOlsiYWdlbnRzIl0sIngtc2wtcm9sZSI6ImFnZW50IiwieC1zbC1zZXJ2ZXIiOiJodHRwczovL2Rldi1mdHYtZ3cuZGV2LnNlYWxpZ2h0cy5jby9hcGkiLCJzbF9pbXBlcl9zdWJqZWN0IjoiIiwiaWF0IjoxNjcwNDIxNjMyfQ.IyAO7_zibgusLv_pPwTwlBICvRwh7EbC7Ee-Zqmx6azkjaRYDb8olKjiWM_HeYFGnIIczAuWIurFUm-h9noPOzLp-0h-r6fu3Yt4utvF9b1NhQNtL9aLlJ4-h7kDZA7K5AN39Agx6DB_be9XLcLHnwANskq16xn-H6xOOqq-VFqrN98hUl_sRiHf0CKm6RbsumyF1byqZIizENT7unGfJc6tP0poNRgpJkue0UJklgT6HRT8bPi_7rJJgUAu6Vb0LhkCManH_CsllFMxSMBFMJWM-Zxvs5pKHmK1JcIuy08i0r0cJR1axLDtFXcx8Fn_u1dtpLMk-BZCUCOKxh-YXT651AjvCsHwX2JCqxlcD7aLaQIMC3mmq6Qie7YezILQ6_GYDu-oREVgQsN2eob2k0oiFloLn4AmJllq66GasP8Oq20MuHScWvop95McYiictsdHohkkb_z97UIj70LF49qNTJxy5ZGeY90vbZ34mFBfF7cTAXY47q5ReqpyokYx-DABpjFYgS-1i6x_e-4_3Zreni1-SOmueHhhFS_S9hC-gLXvJuiDwIDPaxR16eF_I-S4w0l0071ddqt_-8HgoQcfV85zOzpgHz7IjCfhDIUDB3eI_uwW523hV-4eCoM8ElRa7lCfhQlL2iwEn-623dVjEZI1cD2sfX3B1_efpQ4[\r][\n]"
18:58:39.668 [main] DEBUG io.sealights.dependencies.org.apache.hc.client5.http.wire - http-outgoing-1 >> "Content-Length: 162[\r][\n]"
18:58:39.668 [main] DEBUG io.sealights.dependencies.org.apache.hc.client5.http.wire - http-outgoing-1 >> "Content-Type: application/json; charset=UTF-8[\r][\n]"
18:58:39.669 [main] DEBUG io.sealights.dependencies.org.apache.hc.client5.http.wire - http-outgoing-1 >> "Host: dev-ftv-gw.dev.sealights.co[\r][\n]"
18:58:39.669 [main] DEBUG io.sealights.dependencies.org.apache.hc.client5.http.wire - http-outgoing-1 >> "Connection: keep-alive[\r][\n]"
18:58:39.670 [main] DEBUG io.sealights.dependencies.org.apache.hc.client5.http.wire - http-outgoing-1 >> "User-Agent: Apache-HttpClient/5.0.3 (Java/11.0.12)[\r][\n]"
18:58:39.670 [main] DEBUG io.sealights.dependencies.org.apache.hc.client5.http.wire - http-outgoing-1 >> "[\r][\n]"
18:58:39.670 [main] DEBUG io.sealights.dependencies.org.apache.hc.client5.http.wire - http-outgoing-1 >> "{"agentId":"39dff78e-aef2-4d27-88d0-df5183b1f800","partsCount":1,"labId":"integ_puppet_038a_gfftvlab02","status":{"success":true,"message":"n00p","duration":262}}"
18:58:40.048 [main] DEBUG io.sealights.dependencies.org.apache.hc.client5.http.wire - http-outgoing-1 << "HTTP/1.1 200 OK[\r][\n]"
18:58:40.049 [main] DEBUG io.sealights.dependencies.org.apache.hc.client5.http.wire - http-outgoing-1 << "Access-Control-Expose-Headers: api-version,content-length,content-md5,content-type,date,request-id,response-time[\r][\n]"
18:58:40.050 [main] DEBUG io.sealights.dependencies.org.apache.hc.client5.http.wire - http-outgoing-1 << "Date: Thu, 08 Dec 2022 16:58:40 GMT[\r][\n]"
18:58:40.052 [main] DEBUG io.sealights.dependencies.org.apache.hc.client5.http.wire - http-outgoing-1 << "ETag: W/"0-2jmj7l5rSw0yVb/vlWAYkK/YBwk"[\r][\n]"
18:58:40.053 [main] DEBUG io.sealights.dependencies.org.apache.hc.client5.http.wire - http-outgoing-1 << "Vary: Origin[\r][\n]"
18:58:40.053 [main] DEBUG io.sealights.dependencies.org.apache.hc.client5.http.wire - http-outgoing-1 << "X-Powered-By: Express[\r][\n]"
18:58:40.054 [main] DEBUG io.sealights.dependencies.org.apache.hc.client5.http.wire - http-outgoing-1 << "X-Request-Id: 75ea1bf2-e909-4142-88ef-3b3be21aa3d0[\r][\n]"
18:58:40.055 [main] DEBUG io.sealights.dependencies.org.apache.hc.client5.http.wire - http-outgoing-1 << "x-sl-txid: APIGW-75ea1bf2-e909-4142-88ef-3b3be21aa3d0[\r][\n]"
18:58:40.056 [main] DEBUG io.sealights.dependencies.org.apache.hc.client5.http.wire - http-outgoing-1 << "Content-Length: 0[\r][\n]"
18:58:40.057 [main] DEBUG io.sealights.dependencies.org.apache.hc.client5.http.wire - http-outgoing-1 << "Connection: keep-alive[\r][\n]"
18:58:40.058 [main] DEBUG io.sealights.dependencies.org.apache.hc.client5.http.wire - http-outgoing-1 << "[\r][\n]"
18:58:40.059 [main] DEBUG io.sealights.dependencies.org.apache.hc.client5.http.headers - http-outgoing-1 << HTTP/1.1 200 OK
18:58:40.060 [main] DEBUG io.sealights.dependencies.org.apache.hc.client5.http.headers - http-outgoing-1 << Access-Control-Expose-Headers: api-version,content-length,content-md5,content-type,date,request-id,response-time
18:58:40.060 [main] DEBUG io.sealights.dependencies.org.apache.hc.client5.http.headers - http-outgoing-1 << Date: Thu, 08 Dec 2022 16:58:40 GMT
18:58:40.061 [main] DEBUG io.sealights.dependencies.org.apache.hc.client5.http.headers - http-outgoing-1 << ETag: W/"0-2jmj7l5rSw0yVb/vlWAYkK/YBwk"
18:58:40.062 [main] DEBUG io.sealights.dependencies.org.apache.hc.client5.http.headers - http-outgoing-1 << Vary: Origin
18:58:40.062 [main] DEBUG io.sealights.dependencies.org.apache.hc.client5.http.headers - http-outgoing-1 << X-Powered-By: Express
18:58:40.063 [main] DEBUG io.sealights.dependencies.org.apache.hc.client5.http.headers - http-outgoing-1 << X-Request-Id: 75ea1bf2-e909-4142-88ef-3b3be21aa3d0
18:58:40.064 [main] DEBUG io.sealights.dependencies.org.apache.hc.client5.http.headers - http-outgoing-1 << x-sl-txid: APIGW-75ea1bf2-e909-4142-88ef-3b3be21aa3d0
18:58:40.064 [main] DEBUG io.sealights.dependencies.org.apache.hc.client5.http.headers - http-outgoing-1 << Content-Length: 0
18:58:40.065 [main] DEBUG io.sealights.dependencies.org.apache.hc.client5.http.headers - http-outgoing-1 << Connection: keep-alive
18:58:40.065 [main] DEBUG io.sealights.dependencies.org.apache.hc.client5.http.impl.classic.MainClientExec - ex-00000004: connection can be kept alive for 3 MINUTES
18:58:40.066 [main] DEBUG io.sealights.dependencies.org.apache.hc.client5.http.impl.classic.InternalHttpClient - ep-00000003: releasing valid endpoint
18:58:40.067 [main] DEBUG io.sealights.dependencies.org.apache.hc.client5.http.impl.io.PoolingHttpClientConnectionManager - ep-00000003: releasing endpoint
18:58:40.067 [main] DEBUG io.sealights.dependencies.org.apache.hc.client5.http.impl.io.PoolingHttpClientConnectionManager - ep-00000003: connection http-outgoing-1 can be kept alive for 3 MINUTES
18:58:40.068 [main] DEBUG io.sealights.dependencies.org.apache.hc.client5.http.impl.io.PoolingHttpClientConnectionManager - ep-00000003: connection released [route: {s}->https://dev-ftv-gw.dev.sealights.co:443][total available: 2; route allocated: 2 of 5; total allocated: 2 of 25]
18:58:40.069 [main] INFO SLHttpClient - [From BUILD_MAPPING] - responsed POST url:'https://dev-ftv-gw.dev.sealights.co/api/v5/agents/build-sessions/42ff8971-c8e2-4fe2-9bf0-14c1b6b31567/buildend', status:200, message:null', body:'''
18:58:40.070 [main] INFO SLHttpClient - [From BUILD_MAPPING] - responsed POST url:'https://dev-ftv-gw.dev.sealights.co/api/v5/agents/build-sessions/42ff8971-c8e2-4fe2-9bf0-14c1b6b31567/buildend', status:200, message:null', body:'''
18:58:40.112 [main] INFO ROOT - SL-Logging for Agent [version='4.0.0-SNAPSHOT'] [AgentID='39dff78e-aef2-4d27-88d0-df5183b1f800'] started with configuration: (appendToConsole=false, appendToFile=false, sendIntervalMins=0, sendLogsOnShutdown=false, logFileName=sl-java-agent, logsFolder=logs, fileCount=10, logLimitInMB=10, logLevel=off, sendMaxEntries=10)
18:58:35,484 |-INFO in io.sealights.dependencies.ch.qos.logback.classic.LoggerContext[default] - Could NOT find resource [logback-test.xml]
18:58:35,485 |-INFO in io.sealights.dependencies.ch.qos.logback.classic.LoggerContext[default] - Could NOT find resource [logback.groovy]
18:58:35,485 |-INFO in io.sealights.dependencies.ch.qos.logback.classic.LoggerContext[default] - Could NOT find resource [logback.xml]
18:58:35,495 |-INFO in io.sealights.dependencies.ch.qos.logback.classic.BasicConfigurator@f9879ac - Setting up default configuration.

18:58:40.129 [main] DEBUG SLHttpClient - [To BSS] - attempt '#1' out of '5, url:'https://dev-ftv-gw.dev.sealights.co/api/v2/agents/buildsession/42ff8971-c8e2-4fe2-9bf0-14c1b6b31567'
18:58:40.129 [main] INFO SLHttpClient - [To BSS] - sending GET, url:'https://dev-ftv-gw.dev.sealights.co/api/v2/agents/buildsession/42ff8971-c8e2-4fe2-9bf0-14c1b6b31567', token: ...X3B1_efpQ4''
18:58:40.463 [main] INFO SLHttpClient - [From BSS] - responsed GET url:'https://dev-ftv-gw.dev.sealights.co/api/v2/agents/buildsession/42ff8971-c8e2-4fe2-9bf0-14c1b6b31567', status:200, message:null', body:'{"customerId":"SeaLights","checksum":"410f53b0-0faf-490e-bb8f-16ebfd3ff6e2","appName":"gf-ftv-lab02","branchName":"puppet","buildName":"Thu, 08 Dec 2022 16:58:38 GMT","buildSessionId":"42ff8971-c8e2-4fe2-9bf0-14c1b6b31567","buildSessionType":"BUILD","created":1670518718353,"lab":{"labId":"integ_puppet_038a_gfftvlab02","appName":"gf-ftv-lab02","branchName":"puppet","testEnv":null,"labAlias":"gf-ftv-lab02","isMultiLab":false,"isFtv":true},"trackingId":"APIGW-728494a2-2197-4e4f-87c2-6405e13ae6c9"}''
18:58:40.478 [main] INFO SLHttpClient - [From BSS] - responsed GET url:'https://dev-ftv-gw.dev.sealights.co/api/v2/agents/buildsession/42ff8971-c8e2-4fe2-9bf0-14c1b6b31567', status:200, message:null', body:'{"customerId":"SeaLights","checksum":"410f53b0-0faf-490e-bb8f-16ebfd3ff6e2","appName":"gf-ftv-lab02","branchName":"puppet","buildName":"Thu, 08 Dec 2022 16:58:38 GMT","buildSessionId":"42ff8971-c8e2-4fe2-9bf0-14c1b6b31567","buildSessionType":"BUILD","created":1670518718353,"lab":{"labId":"integ_puppet_038a_gfftvlab02","appName":"gf-ftv-lab02","branchName":"puppet","testEnv":null,"labAlias":"gf-ftv-lab02","isMultiLab":false,"isFtv":true},"trackingId":"APIGW-728494a2-2197-4e4f-87c2-6405e13ae6c9"}''
18:58:40.491 [main] INFO SLHttpClient - [To CS] - sending GET, url:'https://dev-ftv-gw.dev.sealights.co/api/v3/config?agentId=39dff78e-aef2-4d27-88d0-df5183b1f800&buildName=Thu%2C+08+Dec+2022+16%3A58%3A38+GMT&agentType=Java&testStage=Unit+Tests&appName=gf-ftv-lab02&labId=integ_puppet_038a_gfftvlab02&agentVersion=4.0.0-SNAPSHOT&branchName=puppet', token: ...X3B1_efpQ4''
18:58:40.837 [main] INFO SLHttpClient - [From CS] - GET url:'https://dev-ftv-gw.dev.sealights.co/api/v3/config?agentId=39dff78e-aef2-4d27-88d0-df5183b1f800&buildName=Thu%2C+08+Dec+2022+16%3A58%3A38+GMT&agentType=Java&testStage=Unit+Tests&appName=gf-ftv-lab02&labId=integ_puppet_038a_gfftvlab02&agentVersion=4.0.0-SNAPSHOT&branchName=puppet', status:404, message:null (resource not found)
18:58:40.838 [main] INFO SLHttpClient - [From CS] - GET url:'https://dev-ftv-gw.dev.sealights.co/api/v3/config?agentId=39dff78e-aef2-4d27-88d0-df5183b1f800&buildName=Thu%2C+08+Dec+2022+16%3A58%3A38+GMT&agentType=Java&testStage=Unit+Tests&appName=gf-ftv-lab02&labId=integ_puppet_038a_gfftvlab02&agentVersion=4.0.0-SNAPSHOT&branchName=puppet', status:404, message:null (resource not found)
[Sealights Test Listener] [39] - [premain] SeaLights Test Listener is running. agentID: '39dff78e-aef2-4d27-88d0-df5183b1f800', version:'4.0.0-SNAPSHOT'
18:58:40.858 [main] DEBUG AgentEventsController - Verify time clock ...
18:58:40.859 [main] INFO AgentEventsController - Time Clock Dispatcher is disabled
18:58:40.860 [main] DEBUG AgentInstanceInfoBuilder - created (technology=Java, agentType=Ftv, agentVersion=4.0.0-SNAPSHOT, buildSessionId=42ff8971-c8e2-4fe2-9bf0-14c1b6b31567, uniqueModuleId=,appName=gf-ftv-lab02, labId=integ_puppet_038a_gfftvlab02, agentConfig={server=https://dev-ftv-gw.dev.sealights.co/api, proxy=null, buildSessionId=42ff8971-c8e2-4fe2-9bf0-14c1b6b31567, token=eyJhbGciOiJSUzUxMiIsInR5cCI6IkpXVCJ9.eyJpc3MiOiJodHRwczovL0RFVi1mdHYuYXV0aC5zZWFsaWdodHMuaW8vIiwiand0aWQiOiJERVYtZnR2LGktMGMxNjU4YjA0ZTljMDMwMzMsQVBJR1ctOTYzN2FjOGUtMzAyYy00YTk1LTkyZjItZGExNTFiNDljNDI0LDE2NzA0MjE2MzI1NDAiLCJzdWJqZWN0IjoiU2VhTGlnaHRzQGFnZW50IiwiYXVkaWVuY2UiOlsiYWdlbnRzIl0sIngtc2wtcm9sZSI6ImFnZW50IiwieC1zbC1zZXJ2ZXIiOiJodHRwczovL2Rldi1mdHYtZ3cuZGV2LnNlYWxpZ2h0cy5jby9hcGkiLCJzbF9pbXBlcl9zdWJqZWN0IjoiIiwiaWF0IjoxNjcwNDIxNjMyfQ.IyAO7_zibgusLv_pPwTwlBICvRwh7EbC7Ee-Zqmx6azkjaRYDb8olKjiWM_HeYFGnIIczAuWIurFUm-h9noPOzLp-0h-r6fu3Yt4utvF9b1NhQNtL9aLlJ4-h7kDZA7K5AN39Agx6DB_be9XLcLHnwANskq16xn-H6xOOqq-VFqrN98hUl_sRiHf0CKm6RbsumyF1byqZIizENT7unGfJc6tP0poNRgpJkue0UJklgT6HRT8bPi_7rJJgUAu6Vb0LhkCManH_CsllFMxSMBFMJWM-Zxvs5pKHmK1JcIuy08i0r0cJR1axLDtFXcx8Fn_u1dtpLMk-BZCUCOKxh-YXT651AjvCsHwX2JCqxlcD7aLaQIMC3mmq6Qie7YezILQ6_GYDu-oREVgQsN2eob2k0oiFloLn4AmJllq66GasP8Oq20MuHScWvop95McYiictsdHohkkb_z97UIj70LF49qNTJxy5ZGeY90vbZ34mFBfF7cTAXY47q5ReqpyokYx-DABpjFYgS-1i6x_e-4_3Zreni1-SOmueHhhFS_S9hC-gLXvJuiDwIDPaxR16eF_I-S4w0l0071ddqt_-8HgoQcfV85zOzpgHz7IjCfhDIUDB3eI_uwW523hV-4eCoM8ElRa7lCfhQlL2iwEn-623dVjEZI1cD2sfX3B1_efpQ4}, tags=[], processId=6662, processArch=x32, processSessionId=0, argv=[ftv-hello-app-0.0.1-SNAPSHOT.jar, -javaagent:java-agent-ftv-4.0.0-SNAPSHOT.jar=appname=gf-ftv-lab02,labId=integ_puppet_038a_gfftvlab02,packagesincluded=dev.futa.sealights*,workspacepath=.,token=eyJhbGciOiJSUzUxMiIsInR5cCI6IkpXVCJ9.eyJpc3MiOiJodHRwczovL0RFVi1mdHYuYXV0aC5zZWFsaWdodHMuaW8vIiwiand0aWQiOiJERVYtZnR2LGktMGMxNjU4YjA0ZTljMDMwMzMsQVBJR1ctOTYzN2FjOGUtMzAyYy00YTk1LTkyZjItZGExNTFiNDljNDI0LDE2NzA0MjE2MzI1NDAiLCJzdWJqZWN0IjoiU2VhTGlnaHRzQGFnZW50IiwiYXVkaWVuY2UiOlsiYWdlbnRzIl0sIngtc2wtcm9sZSI6ImFnZW50IiwieC1zbC1zZXJ2ZXIiOiJodHRwczovL2Rldi1mdHYtZ3cuZGV2LnNlYWxpZ2h0cy5jby9hcGkiLCJzbF9pbXBlcl9zdWJqZWN0IjoiIiwiaWF0IjoxNjcwNDIxNjMyfQ.IyAO7_zibgusLv_pPwTwlBICvRwh7EbC7Ee-Zqmx6azkjaRYDb8olKjiWM_HeYFGnIIczAuWIurFUm-h9noPOzLp-0h-r6fu3Yt4utvF9b1NhQNtL9aLlJ4-h7kDZA7K5AN39Agx6DB_be9XLcLHnwANskq16xn-H6xOOqq-VFqrN98hUl_sRiHf0CKm6RbsumyF1byqZIizENT7unGfJc6tP0poNRgpJkue0UJklgT6HRT8bPi_7rJJgUAu6Vb0LhkCManH_CsllFMxSMBFMJWM-Zxvs5pKHmK1JcIuy08i0r0cJR1axLDtFXcx8Fn_u1dtpLMk-BZCUCOKxh-YXT651AjvCsHwX2JCqxlcD7aLaQIMC3mmq6Qie7YezILQ6_GYDu-oREVgQsN2eob2k0oiFloLn4AmJllq66GasP8Oq20MuHScWvop95McYiictsdHohkkb_z97UIj70LF49qNTJxy5ZGeY90vbZ34mFBfF7cTAXY47q5ReqpyokYx-DABpjFYgS-1i6x_e-4_3Zreni1-SOmueHhhFS_S9hC-gLXvJuiDwIDPaxR16eF_I-S4w0l0071ddqt_-8HgoQcfV85zOzpgHz7IjCfhDIUDB3eI_uwW523hV-4eCoM8ElRa7lCfhQlL2iwEn-623dVjEZI1cD2sfX3B1_efpQ4, -Dsl.includes=dev.futa.sealights*], cwd=/mnt/c/projekty/sealigths/ftv-hello-app/deployments, envVars={path=/home/gfuta/.sdkman/candidates/java/11.0.12-open/bin:/usr/local/sbin:/usr/local/bin:/usr/sbin:/usr/bin:/sbin:/bin:/usr/games:/usr/local/games:/usr/lib/wsl/lib:/mnt/c/Program Files (x86)/jdk/bin:/mnt/c/Program Files/Git/cmd:/mnt/c/Windows/system32:/mnt/c/Windows:/mnt/c/Windows/System32/Wbem:/mnt/c/Windows/System32/WindowsPowerShell/v1.0/:/mnt/c/Windows/System32/OpenSSH/:/mnt/c/Program Files/dotnet/:/mnt/c/Program Files (x86)/NVIDIA Corporation/PhysX/Common:/mnt/c/Program Files/Git/cmd:/mnt/c/Users/grzeg/AppData/Local/Microsoft/WindowsApps:/mnt/c/Program Files/JetBrains/IntelliJ IDEA 2022.2.3/bin:/mnt/c/programy/jvms_v2.1.1_386:/mnt/c/programy/apache-maven-3.8.6/bin:/mnt/c/Users/grzeg/AppData/Roaming/nvm:/mnt/c/Program Files/nodejs:/mnt/c/Program Files/Docker/Docker/resources/bin:/mnt/c/programy/gradle-7.6/bin:/mnt/c/Users/grzeg/AppData/Roaming/npm:/mnt/c/Program Files/JetBrains/DataGrip 2022.2.5/bin:/snap/bin}, tools=[], sendsPing=true)
18:58:40.861 [main] INFO AgentEventsDispatcher - Handling agentStart ...
18:58:40.862 [main] DEBUG TaskScheduler - Task 'agent-events' was cancelled (interrupt flag=true)
18:58:40.862 [main] DEBUG TaskScheduler - Task 'agent-events' will run periodically with interval=10000 millis, first execution delay=0 millis
18:58:40.863 [agent-events] INFO AgentEventsDispatcher - Sending 1 accumulated events ...
18:58:40.864 [agent-events] DEBUG AgentEventServiceHandler - sending event(s):[AGENT_STARTED(1001)], agent:'Ftv' ...
18:58:40.864 [agent-events] DEBUG SLHttpClient - [To ES] - attempt '#1' out of '12, url:'https://dev-ftv-gw.dev.sealights.co/api/v3/agents/agent-events'
18:58:40.865 [agent-events] INFO SLHttpClient - [To ES] - sending POST, url:'https://dev-ftv-gw.dev.sealights.co/api/v3/agents/agent-events', token: ...X3B1_efpQ4', body:'{"agentId":"39dff78e-aef2-4d27-88d0-df5183b1f800","buildSessionId":"42ff8971-c8e2-4fe2-9bf0-14c1b6b31567","events":[{"type":1001,"utcTimestamp_ms":1670518720859,"data":{"agentInfo":{"technology":"Java","agentType":"Ftv","agentVersion":"4.0.0-SNAPSHOT","buildSessionId":"42ff8971-c8e2-4fe2-9bf0-14c1b6b31567","uniqueModuleId":"","appName":"gf-ftv-lab02","labId":"integ_puppet_038a_gfftvlab02","agentConfig":{"server":"https://dev-ftv-gw.dev.sealights.co/api","proxy":"null","buildSessionId":"42ff8971-c8e2-4fe2-9bf0-14c1b6b31567","token":"eyJhbGciOiJSUzUxMiIsInR5cCI6IkpXVCJ9.eyJpc3MiOiJodHRwczovL0RFVi1mdHYuYXV0aC5zZWFsaWdodHMuaW8vIiwiand0aWQiOiJERVYtZnR2LGktMGMxNjU4YjA0ZTljMDMwMzMsQVBJR1ctOTYzN2FjOGUtMzAyYy00YTk1LTkyZjItZGExNTFiNDljNDI0LDE2NzA0MjE2MzI1NDAiLCJzdWJqZWN0IjoiU2VhTGlnaHRzQGFnZW50IiwiYXVkaWVuY2UiOlsiYWdlbnRzIl0sIngtc2wtcm9sZSI6ImFnZW50IiwieC1zbC1zZXJ2ZXIiOiJodHRwczovL2Rldi1mdHYtZ3cuZGV2LnNlYWxpZ2h0cy5jby9hcGkiLCJzbF9pbXBlcl9zdWJqZWN0IjoiIiwiaWF0IjoxNjcwNDIxNjMyfQ.IyAO7_zibgusLv_pPwTwlBICvRwh7EbC7Ee-Zqmx6a...(truncated to 1024 Bytes)''
18:58:41.064 [main] INFO SLHttpClient - [To TMS] - sending GET, url:'https://dev-ftv-gw.dev.sealights.co/api/v3/test-exclusions/42ff8971-c8e2-4fe2-9bf0-14c1b6b31567/Unit%20Tests', token: ...X3B1_efpQ4''
18:58:41.259 [agent-events] INFO SLHttpClient - [From ES] - responsed POST url:'https://dev-ftv-gw.dev.sealights.co/api/v3/agents/agent-events', status:200, message:null', body:'''
18:58:41.260 [agent-events] INFO SLHttpClient - [From ES] - responsed POST url:'https://dev-ftv-gw.dev.sealights.co/api/v3/agents/agent-events', status:200, message:null', body:'''
18:58:41.261 [agent-events] DEBUG AgentEventServiceHandler - sent successfully event(s):[AGENT_STARTED(1001)], agent:'Ftv'
18:58:41.422 [main] INFO SLHttpClient - [From TMS] - responsed GET url:'https://dev-ftv-gw.dev.sealights.co/api/v3/test-exclusions/42ff8971-c8e2-4fe2-9bf0-14c1b6b31567/Unit%20Tests', status:200, message:null', body:'{"testSelectionEnabled":true,"recommendationSetStatus":"noHistory"}''
18:58:41.430 [main] INFO SLHttpClient - [From TMS] - responsed GET url:'https://dev-ftv-gw.dev.sealights.co/api/v3/test-exclusions/42ff8971-c8e2-4fe2-9bf0-14c1b6b31567/Unit%20Tests', status:200, message:null', body:'{"testSelectionEnabled":true,"recommendationSetStatus":"noHistory"}''
18:58:41.433 [main] DEBUG AgentEventsController - Verify time clock ...
18:58:41.434 [main] INFO AgentEventsController - Time Clock Dispatcher is disabled
18:58:41.440 [main] DEBUG AgentEventsController - class io.sealights.onpremise.agentevents.eventservice.proxy.api.types.StringDataEvents$GenericMessageEvent event was added, local time: 1670518721440, event timestamp: 1670518721439
18:58:41.446 [main] DEBUG AgentEventsController - Verify time clock ...
18:58:41.447 [main] INFO AgentEventsController - Time Clock Dispatcher is disabled
18:58:41.447 [main] DEBUG AgentEventsController - class io.sealights.onpremise.agentevents.eventservice.proxy.api.types.StringDataEvents$GenericWarningEvent event was added, local time: 1670518721447, event timestamp: 1670518721447
18:58:41.448 [main] WARN AgentLifeCycle - Test selection recommendations were ignored, reason: recommendationsTimeout
18:58:41.455 [get-exec] DEBUG SLHttpClient - [To TST] - attempt '#1' out of '5, url:'https://dev-ftv-gw.dev.sealights.co/api/v4/testExecution/integ_puppet_038a_gfftvlab02'
18:58:41.455 [get-exec] INFO SLHttpClient - [To TST] - sending GET, url:'https://dev-ftv-gw.dev.sealights.co/api/v4/testExecution/integ_puppet_038a_gfftvlab02', token: ...X3B1_efpQ4''
18:58:41.785 [main] DEBUG AgentEventsController - Verify time clock ...
18:58:41.785 [main] INFO AgentEventsController - Time Clock Dispatcher is disabled
18:58:41.785 [main] DEBUG AgentEventsController - class io.sealights.onpremise.agentevents.eventservice.proxy.api.types.SimpleEvents$FirstCoveragePerformedEvent event was sent, local time: 1670518721785, event timestamp: 1670518721785
18:58:41.795 [get-exec] INFO SLHttpClient - [From TST] - responsed GET url:'https://dev-ftv-gw.dev.sealights.co/api/v4/testExecution/integ_puppet_038a_gfftvlab02', status:200, message:null', body:'{"execution":null}''
18:58:41.798 [get-exec] INFO SLHttpClient - [From TST] - responsed GET url:'https://dev-ftv-gw.dev.sealights.co/api/v4/testExecution/integ_puppet_038a_gfftvlab02', status:200, message:null', body:'{"execution":null}''

  .   ____          _            __ _ _
 /\\ / ___'_ __ _ _(_)_ __  __ _ \ \ \ \
( ( )\___ | '_ | '_| | '_ \/ _` | \ \ \ \
 \\/  ___)| |_)| | | | | || (_| |  ) ) ) )
  '  |____| .__|_| |_|_| |_\__, | / / / /
 =========|_|==============|___/=/_/_/_/
 :: Spring Boot ::                (v2.7.6)

2022-12-08 18:58:44.401  INFO 6662 --- [           main] d.f.s.ftv.FtvHelloAppApplication         : Starting FtvHelloAppApplication using Java 11.0.12 on hajfa with PID 6662 (/mnt/c/projekty/sealigths/ftv-hello-app/deployments/ftv-hello-app-0.0.1-SNAPSHOT.jar started by gfuta in /mnt/c/projekty/sealigths/ftv-hello-app/deployments)
2022-12-08 18:58:44.413  INFO 6662 --- [           main] d.f.s.ftv.FtvHelloAppApplication         : No active profile set, falling back to 1 default profile: "default"
2022-12-08 18:58:47.705  INFO 6662 --- [           main] o.s.b.w.embedded.tomcat.TomcatWebServer  : Tomcat initialized with port(s): 8080 (http)
2022-12-08 18:58:47.745  INFO 6662 --- [           main] o.apache.catalina.core.StandardService   : Starting service [Tomcat]
2022-12-08 18:58:47.745  INFO 6662 --- [           main] org.apache.catalina.core.StandardEngine  : Starting Servlet engine: [Apache Tomcat/9.0.69]
2022-12-08 18:58:47.962  INFO 6662 --- [           main] o.a.c.c.C.[Tomcat].[localhost].[/]       : Initializing Spring embedded WebApplicationContext
2022-12-08 18:58:47.963  INFO 6662 --- [           main] w.s.c.ServletWebServerApplicationContext : Root WebApplicationContext: initialization completed in 3283 ms
2022-12-08 18:58:49.315  INFO 6662 --- [           main] o.s.b.w.embedded.tomcat.TomcatWebServer  : Tomcat started on port(s): 8080 (http) with context path ''
2022-12-08 18:58:49.338  INFO 6662 --- [           main] d.f.s.ftv.FtvHelloAppApplication         : Started FtvHelloAppApplication in 6.876 seconds (JVM running for 14.842)
18:58:51.262 [agent-events] INFO AgentEventsDispatcher - Sending 3 accumulated events ...
18:58:51.265 [agent-events] DEBUG AgentEventServiceHandler - sending event(s):[GENERIC_MESSAGE(2000), GENERIC_WARNING(3000), FIRST_COVERAGE_INSTRUMENTATION_PERFORMED(1005)], agent:'Ftv' ...
18:58:51.266 [agent-events] DEBUG SLHttpClient - [To ES] - attempt '#1' out of '12, url:'https://dev-ftv-gw.dev.sealights.co/api/v3/agents/agent-events'
18:58:51.274 [agent-events] INFO SLHttpClient - [To ES] - sending POST, url:'https://dev-ftv-gw.dev.sealights.co/api/v3/agents/agent-events', token: ...X3B1_efpQ4', body:'{"agentId":"39dff78e-aef2-4d27-88d0-df5183b1f800","buildSessionId":"42ff8971-c8e2-4fe2-9bf0-14c1b6b31567","events":[{"type":2000,"utcTimestamp_ms":1670518721439,"data":"test recommendations: \ntestSelectionEnabled=true,\nstatus=noHistory,\nexcludedTests size=null(names in debug)\nexcludedTests:"},{"type":3000,"utcTimestamp_ms":1670518721447,"data":"Test selection recommendations were ignored, reason: recommendationsTimeout"},{"type":1005,"utcTimestamp_ms":1670518721785}]}''
18:58:51.610 [agent-events] INFO SLHttpClient - [From ES] - responsed POST url:'https://dev-ftv-gw.dev.sealights.co/api/v3/agents/agent-events', status:200, message:null', body:'''
18:58:51.611 [agent-events] INFO SLHttpClient - [From ES] - responsed POST url:'https://dev-ftv-gw.dev.sealights.co/api/v3/agents/agent-events', status:200, message:null', body:'''
18:58:51.613 [agent-events] DEBUG AgentEventServiceHandler - sent successfully event(s):[GENERIC_MESSAGE(2000), GENERIC_WARNING(3000), FIRST_COVERAGE_INSTRUMENTATION_PERFORMED(1005)], agent:'Ftv'
18:58:51.799 [get-exec] DEBUG SLHttpClient - [To TST] - attempt '#1' out of '5, url:'https://dev-ftv-gw.dev.sealights.co/api/v4/testExecution/integ_puppet_038a_gfftvlab02'
18:58:51.801 [get-exec] INFO SLHttpClient - [To TST] - sending GET, url:'https://dev-ftv-gw.dev.sealights.co/api/v4/testExecution/integ_puppet_038a_gfftvlab02', token: ...X3B1_efpQ4''
18:58:52.136 [get-exec] INFO SLHttpClient - [From TST] - responsed GET url:'https://dev-ftv-gw.dev.sealights.co/api/v4/testExecution/integ_puppet_038a_gfftvlab02', status:200, message:null', body:'{"execution":null}''
18:58:52.137 [get-exec] INFO SLHttpClient - [From TST] - responsed GET url:'https://dev-ftv-gw.dev.sealights.co/api/v4/testExecution/integ_puppet_038a_gfftvlab02', status:200, message:null', body:'{"execution":null}''
18:59:02.137 [get-exec] DEBUG SLHttpClient - [To TST] - attempt '#1' out of '5, url:'https://dev-ftv-gw.dev.sealights.co/api/v4/testExecution/integ_puppet_038a_gfftvlab02'
18:59:02.139 [get-exec] INFO SLHttpClient - [To TST] - sending GET, url:'https://dev-ftv-gw.dev.sealights.co/api/v4/testExecution/integ_puppet_038a_gfftvlab02', token: ...X3B1_efpQ4''
18:59:02.479 [get-exec] INFO SLHttpClient - [From TST] - responsed GET url:'https://dev-ftv-gw.dev.sealights.co/api/v4/testExecution/integ_puppet_038a_gfftvlab02', status:200, message:null', body:'{"execution":null}''
18:59:02.480 [get-exec] INFO SLHttpClient - [From TST] - responsed GET url:'https://dev-ftv-gw.dev.sealights.co/api/v4/testExecution/integ_puppet_038a_gfftvlab02', status:200, message:null', body:'{"execution":null}''
18:59:12.481 [get-exec] DEBUG SLHttpClient - [To TST] - attempt '#1' out of '5, url:'https://dev-ftv-gw.dev.sealights.co/api/v4/testExecution/integ_puppet_038a_gfftvlab02'
18:59:12.482 [get-exec] INFO SLHttpClient - [To TST] - sending GET, url:'https://dev-ftv-gw.dev.sealights.co/api/v4/testExecution/integ_puppet_038a_gfftvlab02', token: ...X3B1_efpQ4''
18:59:12.816 [get-exec] INFO SLHttpClient - [From TST] - responsed GET url:'https://dev-ftv-gw.dev.sealights.co/api/v4/testExecution/integ_puppet_038a_gfftvlab02', status:200, message:null', body:'{"execution":null}''
18:59:12.818 [get-exec] INFO SLHttpClient - [From TST] - responsed GET url:'https://dev-ftv-gw.dev.sealights.co/api/v4/testExecution/integ_puppet_038a_gfftvlab02', status:200, message:null', body:'{"execution":null}''
18:59:22.819 [get-exec] DEBUG SLHttpClient - [To TST] - attempt '#1' out of '5, url:'https://dev-ftv-gw.dev.sealights.co/api/v4/testExecution/integ_puppet_038a_gfftvlab02'
18:59:22.821 [get-exec] INFO SLHttpClient - [To TST] - sending GET, url:'https://dev-ftv-gw.dev.sealights.co/api/v4/testExecution/integ_puppet_038a_gfftvlab02', token: ...X3B1_efpQ4''
18:59:23.257 [get-exec] INFO SLHttpClient - [From TST] - responsed GET url:'https://dev-ftv-gw.dev.sealights.co/api/v4/testExecution/integ_puppet_038a_gfftvlab02', status:200, message:null', body:'{"execution":null}''
18:59:23.258 [get-exec] INFO SLHttpClient - [From TST] - responsed GET url:'https://dev-ftv-gw.dev.sealights.co/api/v4/testExecution/integ_puppet_038a_gfftvlab02', status:200, message:null', body:'{"execution":null}''
18:59:33.260 [get-exec] DEBUG SLHttpClient - [To TST] - attempt '#1' out of '5, url:'https://dev-ftv-gw.dev.sealights.co/api/v4/testExecution/integ_puppet_038a_gfftvlab02'
18:59:33.261 [get-exec] INFO SLHttpClient - [To TST] - sending GET, url:'https://dev-ftv-gw.dev.sealights.co/api/v4/testExecution/integ_puppet_038a_gfftvlab02', token: ...X3B1_efpQ4''
18:59:33.595 [get-exec] INFO SLHttpClient - [From TST] - responsed GET url:'https://dev-ftv-gw.dev.sealights.co/api/v4/testExecution/integ_puppet_038a_gfftvlab02', status:200, message:null', body:'{"execution":null}''
18:59:33.596 [get-exec] INFO SLHttpClient - [From TST] - responsed GET url:'https://dev-ftv-gw.dev.sealights.co/api/v4/testExecution/integ_puppet_038a_gfftvlab02', status:200, message:null', body:'{"execution":null}''
18:59:42.806 [ShutdownHook] DEBUG TaskScheduler - Shutdown done
18:59:42.807 [ShutdownHook] DEBUG TaskScheduler - Schedular was stopped
18:59:42.809 [ShutdownHook] DEBUG AgentEventsController - Verify time clock ...
18:59:42.810 [ShutdownHook] INFO AgentEventsController - Time Clock Dispatcher is disabled
18:59:42.810 [ShutdownHook] DEBUG AgentEventsController - class io.sealights.onpremise.agentevents.eventservice.proxy.api.types.StringDataEvents$GenericMessageEvent event was added, local time: 1670518782810, event timestamp: 1670518782810
18:59:42.811 [ShutdownHook] DEBUG TaskScheduler - Task 'ping-agent' was cancelled (interrupt flag=false)
18:59:42.812 [ShutdownHook] DEBUG TaskScheduler - Shutdown done
18:59:42.812 [ShutdownHook] DEBUG TaskScheduler - Schedular was stopped
18:59:42.812 [ShutdownHook] DEBUG AgentEventsController - Verify time clock ...
18:59:42.813 [ShutdownHook] INFO AgentEventsController - Time Clock Dispatcher is disabled
18:59:42.813 [ShutdownHook] INFO AgentEventsDispatcher - Handling agentShutdown ...
18:59:42.813 [ShutdownHook] DEBUG TaskScheduler - Task 'agent-events' was cancelled (interrupt flag=true)
18:59:42.814 [ShutdownHook] INFO AgentEventsDispatcher - Sending 2 accumulated events ...
18:59:42.814 [ShutdownHook] DEBUG AgentEventServiceHandler - sending event(s):[GENERIC_MESSAGE(2000), AGENT_SHUTDOWN(1002)], agent:'Ftv' ...
18:59:42.814 [ShutdownHook] DEBUG SLHttpClient - [To ES] - attempt '#1' out of '12, url:'https://dev-ftv-gw.dev.sealights.co/api/v3/agents/agent-events'
18:59:42.816 [ShutdownHook] INFO SLHttpClient - [To ES] - sending POST, url:'https://dev-ftv-gw.dev.sealights.co/api/v3/agents/agent-events', token: ...X3B1_efpQ4', body:'{"agentId":"39dff78e-aef2-4d27-88d0-df5183b1f800","buildSessionId":"42ff8971-c8e2-4fe2-9bf0-14c1b6b31567","events":[{"type":2000,"utcTimestamp_ms":1670518782810,"data":"test events send summary - success counters:(requests=0, items=0)"},{"type":1002,"utcTimestamp_ms":1670518782813,"data":{"agentInfo":null,"avgCpuLoad":0,"freeRam_KB":173393,"labId":null}}]}''
18:59:43.158 [ShutdownHook] INFO SLHttpClient - [From ES] - responsed POST url:'https://dev-ftv-gw.dev.sealights.co/api/v3/agents/agent-events', status:200, message:null', body:'''
18:59:43.159 [ShutdownHook] INFO SLHttpClient - [From ES] - responsed POST url:'https://dev-ftv-gw.dev.sealights.co/api/v3/agents/agent-events', status:200, message:null', body:'''
18:59:43.161 [ShutdownHook] DEBUG AgentEventServiceHandler - sent successfully event(s):[GENERIC_MESSAGE(2000), AGENT_SHUTDOWN(1002)], agent:'Ftv'
18:59:43.162 [ShutdownHook] DEBUG TaskScheduler - Shutdown done
18:59:43.163 [ShutdownHook] DEBUG TaskScheduler - Schedular was stopped
[Sealights Test Listener] [39] - Done.
