18:49:06.424 [main] INFO SLHttpClient - Created SLApacheHttpClient
18:49:06.691 [main] DEBUG SLHttpClient - [To LABS] - attempt '#1' out of '5, url:'https://dev-ftv-gw.dev.sealights.co/api/v1/agents/labs/integ_puppet_038a_gfftvlab02'
18:49:06.695 [main] INFO SLHttpClient - [To LABS] - sending GET, url:'https://dev-ftv-gw.dev.sealights.co/api/v1/agents/labs/integ_puppet_038a_gfftvlab02', token: ...X3B1_efpQ4''
18:49:06.706 [main] DEBUG io.sealights.dependencies.org.apache.hc.client5.http.impl.classic.InternalHttpClient - ex-00000001: preparing request execution
18:49:06.718 [main] DEBUG io.sealights.dependencies.org.apache.hc.client5.http.protocol.RequestAddCookies - Cookie spec selected: strict
18:49:06.732 [main] DEBUG io.sealights.dependencies.org.apache.hc.client5.http.protocol.RequestAuthCache - Auth cache not set in the context
18:49:06.732 [main] DEBUG io.sealights.dependencies.org.apache.hc.client5.http.impl.classic.ProtocolExec - ex-00000001: proxy auth state: UNCHALLENGED
18:49:06.734 [main] DEBUG io.sealights.dependencies.org.apache.hc.client5.http.impl.classic.ConnectExec - ex-00000001: acquiring connection with route {s}->https://dev-ftv-gw.dev.sealights.co:443
18:49:06.734 [main] DEBUG io.sealights.dependencies.org.apache.hc.client5.http.impl.classic.InternalHttpClient - ex-00000001: acquiring endpoint (20000 MILLISECONDS)
18:49:06.736 [main] DEBUG io.sealights.dependencies.org.apache.hc.client5.http.impl.io.PoolingHttpClientConnectionManager - ex-00000001: endpoint lease request (20000 MILLISECONDS) [route: {s}->https://dev-ftv-gw.dev.sealights.co:443][total available: 0; route allocated: 0 of 5; total allocated: 0 of 25]
18:49:06.742 [main] DEBUG io.sealights.dependencies.org.apache.hc.client5.http.impl.io.PoolingHttpClientConnectionManager - ex-00000001: endpoint leased [route: {s}->https://dev-ftv-gw.dev.sealights.co:443][total available: 0; route allocated: 1 of 5; total allocated: 1 of 25]
18:49:06.762 [main] DEBUG io.sealights.dependencies.org.apache.hc.client5.http.impl.io.PoolingHttpClientConnectionManager - ex-00000001: acquired ep-00000000
18:49:06.762 [main] DEBUG io.sealights.dependencies.org.apache.hc.client5.http.impl.classic.InternalHttpClient - ex-00000001: acquired endpoint ep-00000000
18:49:06.762 [main] DEBUG io.sealights.dependencies.org.apache.hc.client5.http.impl.classic.ConnectExec - ex-00000001: opening connection {s}->https://dev-ftv-gw.dev.sealights.co:443
18:49:06.764 [main] DEBUG io.sealights.dependencies.org.apache.hc.client5.http.impl.classic.InternalHttpClient - ep-00000000: connecting endpoint (10000 MILLISECONDS)
18:49:06.764 [main] DEBUG io.sealights.dependencies.org.apache.hc.client5.http.impl.io.PoolingHttpClientConnectionManager - ep-00000000: connecting endpoint to https://dev-ftv-gw.dev.sealights.co:443 (10000 MILLISECONDS)
18:49:07.016 [main] DEBUG io.sealights.dependencies.org.apache.hc.client5.http.impl.io.DefaultHttpClientConnectionOperator - http-outgoing-0: connecting to dev-ftv-gw.dev.sealights.co/34.250.231.255:443
18:49:07.016 [main] DEBUG io.sealights.dependencies.org.apache.hc.client5.http.ssl.SSLConnectionSocketFactory - Connecting socket to dev-ftv-gw.dev.sealights.co/34.250.231.255:443 with timeout 10000 MILLISECONDS
18:49:07.219 [main] DEBUG io.sealights.dependencies.org.apache.hc.client5.http.ssl.SSLConnectionSocketFactory - Enabled protocols: [TLSv1.3, TLSv1.2]
18:49:07.220 [main] DEBUG io.sealights.dependencies.org.apache.hc.client5.http.ssl.SSLConnectionSocketFactory - Enabled cipher suites: [TLS_AES_128_GCM_SHA256, TLS_AES_256_GCM_SHA384, TLS_ECDHE_ECDSA_WITH_AES_256_GCM_SHA384, TLS_ECDHE_ECDSA_WITH_AES_128_GCM_SHA256, TLS_ECDHE_RSA_WITH_AES_256_GCM_SHA384, TLS_RSA_WITH_AES_256_GCM_SHA384, TLS_ECDH_ECDSA_WITH_AES_256_GCM_SHA384, TLS_ECDH_RSA_WITH_AES_256_GCM_SHA384, TLS_DHE_RSA_WITH_AES_256_GCM_SHA384, TLS_DHE_DSS_WITH_AES_256_GCM_SHA384, TLS_ECDHE_RSA_WITH_AES_128_GCM_SHA256, TLS_RSA_WITH_AES_128_GCM_SHA256, TLS_ECDH_ECDSA_WITH_AES_128_GCM_SHA256, TLS_ECDH_RSA_WITH_AES_128_GCM_SHA256, TLS_DHE_RSA_WITH_AES_128_GCM_SHA256, TLS_DHE_DSS_WITH_AES_128_GCM_SHA256, TLS_ECDHE_ECDSA_WITH_AES_256_CBC_SHA384, TLS_ECDHE_RSA_WITH_AES_256_CBC_SHA384, TLS_RSA_WITH_AES_256_CBC_SHA256, TLS_ECDH_ECDSA_WITH_AES_256_CBC_SHA384, TLS_ECDH_RSA_WITH_AES_256_CBC_SHA384, TLS_DHE_RSA_WITH_AES_256_CBC_SHA256, TLS_DHE_DSS_WITH_AES_256_CBC_SHA256, TLS_ECDHE_ECDSA_WITH_AES_256_CBC_SHA, TLS_ECDHE_RSA_WITH_AES_256_CBC_SHA, TLS_RSA_WITH_AES_256_CBC_SHA, TLS_ECDH_ECDSA_WITH_AES_256_CBC_SHA, TLS_ECDH_RSA_WITH_AES_256_CBC_SHA, TLS_DHE_RSA_WITH_AES_256_CBC_SHA, TLS_DHE_DSS_WITH_AES_256_CBC_SHA, TLS_ECDHE_ECDSA_WITH_AES_128_CBC_SHA256, TLS_ECDHE_RSA_WITH_AES_128_CBC_SHA256, TLS_RSA_WITH_AES_128_CBC_SHA256, TLS_ECDH_ECDSA_WITH_AES_128_CBC_SHA256, TLS_ECDH_RSA_WITH_AES_128_CBC_SHA256, TLS_DHE_RSA_WITH_AES_128_CBC_SHA256, TLS_DHE_DSS_WITH_AES_128_CBC_SHA256, TLS_ECDHE_ECDSA_WITH_AES_128_CBC_SHA, TLS_ECDHE_RSA_WITH_AES_128_CBC_SHA, TLS_RSA_WITH_AES_128_CBC_SHA, TLS_ECDH_ECDSA_WITH_AES_128_CBC_SHA, TLS_ECDH_RSA_WITH_AES_128_CBC_SHA, TLS_DHE_RSA_WITH_AES_128_CBC_SHA, TLS_DHE_DSS_WITH_AES_128_CBC_SHA, TLS_EMPTY_RENEGOTIATION_INFO_SCSV]
18:49:07.220 [main] DEBUG io.sealights.dependencies.org.apache.hc.client5.http.ssl.SSLConnectionSocketFactory - Starting handshake
18:49:08.126 [main] DEBUG io.sealights.dependencies.org.apache.hc.client5.http.ssl.SSLConnectionSocketFactory - Secure session established
18:49:08.126 [main] DEBUG io.sealights.dependencies.org.apache.hc.client5.http.ssl.SSLConnectionSocketFactory -  negotiated protocol: TLSv1.2
18:49:08.127 [main] DEBUG io.sealights.dependencies.org.apache.hc.client5.http.ssl.SSLConnectionSocketFactory -  negotiated cipher suite: TLS_ECDHE_RSA_WITH_AES_128_GCM_SHA256
18:49:08.128 [main] DEBUG io.sealights.dependencies.org.apache.hc.client5.http.ssl.SSLConnectionSocketFactory -  peer principal: CN=*.dev.sealights.co
18:49:08.129 [main] DEBUG io.sealights.dependencies.org.apache.hc.client5.http.ssl.SSLConnectionSocketFactory -  peer alternative names: [*.dev.sealights.co]
18:49:08.129 [main] DEBUG io.sealights.dependencies.org.apache.hc.client5.http.ssl.SSLConnectionSocketFactory -  issuer principal: CN=Amazon, OU=Server CA 1B, O=Amazon, C=US
18:49:08.137 [main] DEBUG io.sealights.dependencies.org.apache.hc.client5.http.impl.io.DefaultHttpClientConnectionOperator - http-outgoing-0: connection established 192.168.81.55:57966<->34.250.231.255:443
18:49:08.137 [main] DEBUG io.sealights.dependencies.org.apache.hc.client5.http.impl.io.PoolingHttpClientConnectionManager - ep-00000000: connected http-outgoing-0
18:49:08.138 [main] DEBUG io.sealights.dependencies.org.apache.hc.client5.http.impl.classic.InternalHttpClient - ep-00000000: endpoint connected
18:49:08.139 [main] DEBUG io.sealights.dependencies.org.apache.hc.client5.http.impl.classic.MainClientExec - ex-00000001: executing GET /api/v1/agents/labs/integ_puppet_038a_gfftvlab02 HTTP/1.1
18:49:08.141 [main] DEBUG io.sealights.dependencies.org.apache.hc.client5.http.impl.classic.InternalHttpClient - ep-00000000: start execution ex-00000001
18:49:08.142 [main] DEBUG io.sealights.dependencies.org.apache.hc.client5.http.impl.io.PoolingHttpClientConnectionManager - ep-00000000: executing exchange ex-00000001 over http-outgoing-0
18:49:08.142 [main] DEBUG io.sealights.dependencies.org.apache.hc.client5.http.headers - http-outgoing-0 >> GET /api/v1/agents/labs/integ_puppet_038a_gfftvlab02 HTTP/1.1
18:49:08.143 [main] DEBUG io.sealights.dependencies.org.apache.hc.client5.http.headers - http-outgoing-0 >> Authorization: Bearer eyJhbGciOiJSUzUxMiIsInR5cCI6IkpXVCJ9.eyJpc3MiOiJodHRwczovL0RFVi1mdHYuYXV0aC5zZWFsaWdodHMuaW8vIiwiand0aWQiOiJERVYtZnR2LGktMGMxNjU4YjA0ZTljMDMwMzMsQVBJR1ctOTYzN2FjOGUtMzAyYy00YTk1LTkyZjItZGExNTFiNDljNDI0LDE2NzA0MjE2MzI1NDAiLCJzdWJqZWN0IjoiU2VhTGlnaHRzQGFnZW50IiwiYXVkaWVuY2UiOlsiYWdlbnRzIl0sIngtc2wtcm9sZSI6ImFnZW50IiwieC1zbC1zZXJ2ZXIiOiJodHRwczovL2Rldi1mdHYtZ3cuZGV2LnNlYWxpZ2h0cy5jby9hcGkiLCJzbF9pbXBlcl9zdWJqZWN0IjoiIiwiaWF0IjoxNjcwNDIxNjMyfQ.IyAO7_zibgusLv_pPwTwlBICvRwh7EbC7Ee-Zqmx6azkjaRYDb8olKjiWM_HeYFGnIIczAuWIurFUm-h9noPOzLp-0h-r6fu3Yt4utvF9b1NhQNtL9aLlJ4-h7kDZA7K5AN39Agx6DB_be9XLcLHnwANskq16xn-H6xOOqq-VFqrN98hUl_sRiHf0CKm6RbsumyF1byqZIizENT7unGfJc6tP0poNRgpJkue0UJklgT6HRT8bPi_7rJJgUAu6Vb0LhkCManH_CsllFMxSMBFMJWM-Zxvs5pKHmK1JcIuy08i0r0cJR1axLDtFXcx8Fn_u1dtpLMk-BZCUCOKxh-YXT651AjvCsHwX2JCqxlcD7aLaQIMC3mmq6Qie7YezILQ6_GYDu-oREVgQsN2eob2k0oiFloLn4AmJllq66GasP8Oq20MuHScWvop95McYiictsdHohkkb_z97UIj70LF49qNTJxy5ZGeY90vbZ34mFBfF7cTAXY47q5ReqpyokYx-DABpjFYgS-1i6x_e-4_3Zreni1-SOmueHhhFS_S9hC-gLXvJuiDwIDPaxR16eF_I-S4w0l0071ddqt_-8HgoQcfV85zOzpgHz7IjCfhDIUDB3eI_uwW523hV-4eCoM8ElRa7lCfhQlL2iwEn-623dVjEZI1cD2sfX3B1_efpQ4
18:49:08.144 [main] DEBUG io.sealights.dependencies.org.apache.hc.client5.http.headers - http-outgoing-0 >> Host: dev-ftv-gw.dev.sealights.co
18:49:08.144 [main] DEBUG io.sealights.dependencies.org.apache.hc.client5.http.headers - http-outgoing-0 >> Connection: keep-alive
18:49:08.144 [main] DEBUG io.sealights.dependencies.org.apache.hc.client5.http.headers - http-outgoing-0 >> User-Agent: Apache-HttpClient/5.0.3 (Java/11.0.12)
18:49:08.145 [main] DEBUG io.sealights.dependencies.org.apache.hc.client5.http.wire - http-outgoing-0 >> "GET /api/v1/agents/labs/integ_puppet_038a_gfftvlab02 HTTP/1.1[\r][\n]"
18:49:08.145 [main] DEBUG io.sealights.dependencies.org.apache.hc.client5.http.wire - http-outgoing-0 >> "Authorization: Bearer eyJhbGciOiJSUzUxMiIsInR5cCI6IkpXVCJ9.eyJpc3MiOiJodHRwczovL0RFVi1mdHYuYXV0aC5zZWFsaWdodHMuaW8vIiwiand0aWQiOiJERVYtZnR2LGktMGMxNjU4YjA0ZTljMDMwMzMsQVBJR1ctOTYzN2FjOGUtMzAyYy00YTk1LTkyZjItZGExNTFiNDljNDI0LDE2NzA0MjE2MzI1NDAiLCJzdWJqZWN0IjoiU2VhTGlnaHRzQGFnZW50IiwiYXVkaWVuY2UiOlsiYWdlbnRzIl0sIngtc2wtcm9sZSI6ImFnZW50IiwieC1zbC1zZXJ2ZXIiOiJodHRwczovL2Rldi1mdHYtZ3cuZGV2LnNlYWxpZ2h0cy5jby9hcGkiLCJzbF9pbXBlcl9zdWJqZWN0IjoiIiwiaWF0IjoxNjcwNDIxNjMyfQ.IyAO7_zibgusLv_pPwTwlBICvRwh7EbC7Ee-Zqmx6azkjaRYDb8olKjiWM_HeYFGnIIczAuWIurFUm-h9noPOzLp-0h-r6fu3Yt4utvF9b1NhQNtL9aLlJ4-h7kDZA7K5AN39Agx6DB_be9XLcLHnwANskq16xn-H6xOOqq-VFqrN98hUl_sRiHf0CKm6RbsumyF1byqZIizENT7unGfJc6tP0poNRgpJkue0UJklgT6HRT8bPi_7rJJgUAu6Vb0LhkCManH_CsllFMxSMBFMJWM-Zxvs5pKHmK1JcIuy08i0r0cJR1axLDtFXcx8Fn_u1dtpLMk-BZCUCOKxh-YXT651AjvCsHwX2JCqxlcD7aLaQIMC3mmq6Qie7YezILQ6_GYDu-oREVgQsN2eob2k0oiFloLn4AmJllq66GasP8Oq20MuHScWvop95McYiictsdHohkkb_z97UIj70LF49qNTJxy5ZGeY90vbZ34mFBfF7cTAXY47q5ReqpyokYx-DABpjFYgS-1i6x_e-4_3Zreni1-SOmueHhhFS_S9hC-gLXvJuiDwIDPaxR16eF_I-S4w0l0071ddqt_-8HgoQcfV85zOzpgHz7IjCfhDIUDB3eI_uwW523hV-4eCoM8ElRa7lCfhQlL2iwEn-623dVjEZI1cD2sfX3B1_efpQ4[\r][\n]"
18:49:08.146 [main] DEBUG io.sealights.dependencies.org.apache.hc.client5.http.wire - http-outgoing-0 >> "Host: dev-ftv-gw.dev.sealights.co[\r][\n]"
18:49:08.146 [main] DEBUG io.sealights.dependencies.org.apache.hc.client5.http.wire - http-outgoing-0 >> "Connection: keep-alive[\r][\n]"
18:49:08.147 [main] DEBUG io.sealights.dependencies.org.apache.hc.client5.http.wire - http-outgoing-0 >> "User-Agent: Apache-HttpClient/5.0.3 (Java/11.0.12)[\r][\n]"
18:49:08.147 [main] DEBUG io.sealights.dependencies.org.apache.hc.client5.http.wire - http-outgoing-0 >> "[\r][\n]"
18:49:08.498 [main] DEBUG io.sealights.dependencies.org.apache.hc.client5.http.wire - http-outgoing-0 << "HTTP/1.1 200 OK[\r][\n]"
18:49:08.498 [main] DEBUG io.sealights.dependencies.org.apache.hc.client5.http.wire - http-outgoing-0 << "Access-Control-Expose-Headers: api-version,content-length,content-md5,content-type,date,request-id,response-time[\r][\n]"
18:49:08.499 [main] DEBUG io.sealights.dependencies.org.apache.hc.client5.http.wire - http-outgoing-0 << "content-type: application/json; charset=utf-8[\r][\n]"
18:49:08.500 [main] DEBUG io.sealights.dependencies.org.apache.hc.client5.http.wire - http-outgoing-0 << "Date: Thu, 08 Dec 2022 16:49:08 GMT[\r][\n]"
18:49:08.501 [main] DEBUG io.sealights.dependencies.org.apache.hc.client5.http.wire - http-outgoing-0 << "Vary: Origin[\r][\n]"
18:49:08.502 [main] DEBUG io.sealights.dependencies.org.apache.hc.client5.http.wire - http-outgoing-0 << "X-Powered-By: Express[\r][\n]"
18:49:08.503 [main] DEBUG io.sealights.dependencies.org.apache.hc.client5.http.wire - http-outgoing-0 << "X-Request-Id: 016f7dd1-d881-4ee2-a1c2-e99a0c487ef9[\r][\n]"
18:49:08.503 [main] DEBUG io.sealights.dependencies.org.apache.hc.client5.http.wire - http-outgoing-0 << "x-sl-txid: APIGW-016f7dd1-d881-4ee2-a1c2-e99a0c487ef9[\r][\n]"
18:49:08.504 [main] DEBUG io.sealights.dependencies.org.apache.hc.client5.http.wire - http-outgoing-0 << "Content-Length: 169[\r][\n]"
18:49:08.505 [main] DEBUG io.sealights.dependencies.org.apache.hc.client5.http.wire - http-outgoing-0 << "Connection: keep-alive[\r][\n]"
18:49:08.505 [main] DEBUG io.sealights.dependencies.org.apache.hc.client5.http.wire - http-outgoing-0 << "[\r][\n]"
18:49:08.506 [main] DEBUG io.sealights.dependencies.org.apache.hc.client5.http.wire - http-outgoing-0 << "{"data":{"labId":"integ_puppet_038a_gfftvlab02","appName":"gf-ftv-lab02","branchName":"puppet","testEnv":null,"labAlias":"gf-ftv-lab02","isMultiLab":false,"isFtv":true}}"
18:49:08.513 [main] DEBUG io.sealights.dependencies.org.apache.hc.client5.http.headers - http-outgoing-0 << HTTP/1.1 200 OK
18:49:08.514 [main] DEBUG io.sealights.dependencies.org.apache.hc.client5.http.headers - http-outgoing-0 << Access-Control-Expose-Headers: api-version,content-length,content-md5,content-type,date,request-id,response-time
18:49:08.514 [main] DEBUG io.sealights.dependencies.org.apache.hc.client5.http.headers - http-outgoing-0 << content-type: application/json; charset=utf-8
18:49:08.515 [main] DEBUG io.sealights.dependencies.org.apache.hc.client5.http.headers - http-outgoing-0 << Date: Thu, 08 Dec 2022 16:49:08 GMT
18:49:08.515 [main] DEBUG io.sealights.dependencies.org.apache.hc.client5.http.headers - http-outgoing-0 << Vary: Origin
18:49:08.516 [main] DEBUG io.sealights.dependencies.org.apache.hc.client5.http.headers - http-outgoing-0 << X-Powered-By: Express
18:49:08.517 [main] DEBUG io.sealights.dependencies.org.apache.hc.client5.http.headers - http-outgoing-0 << X-Request-Id: 016f7dd1-d881-4ee2-a1c2-e99a0c487ef9
18:49:08.518 [main] DEBUG io.sealights.dependencies.org.apache.hc.client5.http.headers - http-outgoing-0 << x-sl-txid: APIGW-016f7dd1-d881-4ee2-a1c2-e99a0c487ef9
18:49:08.518 [main] DEBUG io.sealights.dependencies.org.apache.hc.client5.http.headers - http-outgoing-0 << Content-Length: 169
18:49:08.519 [main] DEBUG io.sealights.dependencies.org.apache.hc.client5.http.headers - http-outgoing-0 << Connection: keep-alive
18:49:08.530 [main] DEBUG io.sealights.dependencies.org.apache.hc.client5.http.impl.classic.MainClientExec - ex-00000001: connection can be kept alive for 3 MINUTES
18:49:08.538 [main] DEBUG io.sealights.dependencies.org.apache.hc.client5.http.impl.classic.InternalHttpClient - ep-00000000: releasing valid endpoint
18:49:08.539 [main] DEBUG io.sealights.dependencies.org.apache.hc.client5.http.impl.io.PoolingHttpClientConnectionManager - ep-00000000: releasing endpoint
18:49:08.540 [main] DEBUG io.sealights.dependencies.org.apache.hc.client5.http.impl.io.PoolingHttpClientConnectionManager - ep-00000000: connection http-outgoing-0 can be kept alive for 3 MINUTES
18:49:08.541 [main] DEBUG io.sealights.dependencies.org.apache.hc.client5.http.impl.io.PoolingHttpClientConnectionManager - ep-00000000: connection released [route: {s}->https://dev-ftv-gw.dev.sealights.co:443][total available: 1; route allocated: 1 of 5; total allocated: 1 of 25]
18:49:08.542 [main] INFO SLHttpClient - [From LABS] - responsed GET url:'https://dev-ftv-gw.dev.sealights.co/api/v1/agents/labs/integ_puppet_038a_gfftvlab02', status:200, message:null', body:'{"data":{"labId":"integ_puppet_038a_gfftvlab02","appName":"gf-ftv-lab02","branchName":"puppet","testEnv":null,"labAlias":"gf-ftv-lab02","isMultiLab":false,"isFtv":true}}''
18:49:08.560 [main] INFO SLHttpClient - [From LABS] - responsed GET url:'https://dev-ftv-gw.dev.sealights.co/api/v1/agents/labs/integ_puppet_038a_gfftvlab02', status:200, message:null', body:'{"data":{"labId":"integ_puppet_038a_gfftvlab02","appName":"gf-ftv-lab02","branchName":"puppet","testEnv":null,"labAlias":"gf-ftv-lab02","isMultiLab":false,"isFtv":true}}''
18:49:08.563 [main] DEBUG SLHttpClient - [To LABS] - attempt '#1' out of '5, url:'https://dev-ftv-gw.dev.sealights.co/api/v3/agents/build-sessions'
18:49:08.586 [main] INFO SLHttpClient - [To LABS] - sending POST, url:'https://dev-ftv-gw.dev.sealights.co/api/v3/agents/build-sessions', token: ...X3B1_efpQ4', body:'{"appName":"gf-ftv-lab02","buildName":null,"branchName":"puppet","labId":"integ_puppet_038a_gfftvlab02","checksum":"bb843641-7129-4b31-8027-a3aaab6879ff"}''
18:49:08.587 [main] DEBUG io.sealights.dependencies.org.apache.hc.client5.http.impl.classic.InternalHttpClient - ex-00000002: preparing request execution
18:49:08.588 [main] DEBUG io.sealights.dependencies.org.apache.hc.client5.http.protocol.RequestAddCookies - Cookie spec selected: strict
18:49:08.588 [main] DEBUG io.sealights.dependencies.org.apache.hc.client5.http.protocol.RequestAuthCache - Auth cache not set in the context
18:49:08.589 [main] DEBUG io.sealights.dependencies.org.apache.hc.client5.http.impl.classic.ProtocolExec - ex-00000002: proxy auth state: UNCHALLENGED
18:49:08.589 [main] DEBUG io.sealights.dependencies.org.apache.hc.client5.http.impl.classic.ConnectExec - ex-00000002: acquiring connection with route {s}->https://dev-ftv-gw.dev.sealights.co:443
18:49:08.590 [main] DEBUG io.sealights.dependencies.org.apache.hc.client5.http.impl.classic.InternalHttpClient - ex-00000002: acquiring endpoint (20000 MILLISECONDS)
18:49:08.591 [main] DEBUG io.sealights.dependencies.org.apache.hc.client5.http.impl.io.PoolingHttpClientConnectionManager - ex-00000002: endpoint lease request (20000 MILLISECONDS) [route: {s}->https://dev-ftv-gw.dev.sealights.co:443][total available: 1; route allocated: 1 of 5; total allocated: 1 of 25]
18:49:08.591 [main] DEBUG io.sealights.dependencies.org.apache.hc.client5.http.impl.io.PoolingHttpClientConnectionManager - ex-00000002: endpoint leased [route: {s}->https://dev-ftv-gw.dev.sealights.co:443][total available: 0; route allocated: 1 of 5; total allocated: 1 of 25]
18:49:08.592 [main] DEBUG io.sealights.dependencies.org.apache.hc.client5.http.impl.io.PoolingHttpClientConnectionManager - ex-00000002: acquired ep-00000001
18:49:08.592 [main] DEBUG io.sealights.dependencies.org.apache.hc.client5.http.impl.classic.InternalHttpClient - ex-00000002: acquired endpoint ep-00000001
18:49:08.593 [main] DEBUG io.sealights.dependencies.org.apache.hc.client5.http.impl.classic.MainClientExec - ex-00000002: executing POST /api/v3/agents/build-sessions HTTP/1.1
18:49:08.593 [main] DEBUG io.sealights.dependencies.org.apache.hc.client5.http.impl.classic.InternalHttpClient - ep-00000001: start execution ex-00000002
18:49:08.594 [main] DEBUG io.sealights.dependencies.org.apache.hc.client5.http.impl.io.PoolingHttpClientConnectionManager - ep-00000001: executing exchange ex-00000002 over http-outgoing-0
18:49:08.595 [main] DEBUG io.sealights.dependencies.org.apache.hc.client5.http.headers - http-outgoing-0 >> POST /api/v3/agents/build-sessions HTTP/1.1
18:49:08.595 [main] DEBUG io.sealights.dependencies.org.apache.hc.client5.http.headers - http-outgoing-0 >> Authorization: Bearer eyJhbGciOiJSUzUxMiIsInR5cCI6IkpXVCJ9.eyJpc3MiOiJodHRwczovL0RFVi1mdHYuYXV0aC5zZWFsaWdodHMuaW8vIiwiand0aWQiOiJERVYtZnR2LGktMGMxNjU4YjA0ZTljMDMwMzMsQVBJR1ctOTYzN2FjOGUtMzAyYy00YTk1LTkyZjItZGExNTFiNDljNDI0LDE2NzA0MjE2MzI1NDAiLCJzdWJqZWN0IjoiU2VhTGlnaHRzQGFnZW50IiwiYXVkaWVuY2UiOlsiYWdlbnRzIl0sIngtc2wtcm9sZSI6ImFnZW50IiwieC1zbC1zZXJ2ZXIiOiJodHRwczovL2Rldi1mdHYtZ3cuZGV2LnNlYWxpZ2h0cy5jby9hcGkiLCJzbF9pbXBlcl9zdWJqZWN0IjoiIiwiaWF0IjoxNjcwNDIxNjMyfQ.IyAO7_zibgusLv_pPwTwlBICvRwh7EbC7Ee-Zqmx6azkjaRYDb8olKjiWM_HeYFGnIIczAuWIurFUm-h9noPOzLp-0h-r6fu3Yt4utvF9b1NhQNtL9aLlJ4-h7kDZA7K5AN39Agx6DB_be9XLcLHnwANskq16xn-H6xOOqq-VFqrN98hUl_sRiHf0CKm6RbsumyF1byqZIizENT7unGfJc6tP0poNRgpJkue0UJklgT6HRT8bPi_7rJJgUAu6Vb0LhkCManH_CsllFMxSMBFMJWM-Zxvs5pKHmK1JcIuy08i0r0cJR1axLDtFXcx8Fn_u1dtpLMk-BZCUCOKxh-YXT651AjvCsHwX2JCqxlcD7aLaQIMC3mmq6Qie7YezILQ6_GYDu-oREVgQsN2eob2k0oiFloLn4AmJllq66GasP8Oq20MuHScWvop95McYiictsdHohkkb_z97UIj70LF49qNTJxy5ZGeY90vbZ34mFBfF7cTAXY47q5ReqpyokYx-DABpjFYgS-1i6x_e-4_3Zreni1-SOmueHhhFS_S9hC-gLXvJuiDwIDPaxR16eF_I-S4w0l0071ddqt_-8HgoQcfV85zOzpgHz7IjCfhDIUDB3eI_uwW523hV-4eCoM8ElRa7lCfhQlL2iwEn-623dVjEZI1cD2sfX3B1_efpQ4
18:49:08.595 [main] DEBUG io.sealights.dependencies.org.apache.hc.client5.http.headers - http-outgoing-0 >> Content-Length: 154
18:49:08.596 [main] DEBUG io.sealights.dependencies.org.apache.hc.client5.http.headers - http-outgoing-0 >> Content-Type: application/json; charset=UTF-8
18:49:08.596 [main] DEBUG io.sealights.dependencies.org.apache.hc.client5.http.headers - http-outgoing-0 >> Host: dev-ftv-gw.dev.sealights.co
18:49:08.596 [main] DEBUG io.sealights.dependencies.org.apache.hc.client5.http.headers - http-outgoing-0 >> Connection: keep-alive
18:49:08.597 [main] DEBUG io.sealights.dependencies.org.apache.hc.client5.http.headers - http-outgoing-0 >> User-Agent: Apache-HttpClient/5.0.3 (Java/11.0.12)
18:49:08.597 [main] DEBUG io.sealights.dependencies.org.apache.hc.client5.http.wire - http-outgoing-0 >> "POST /api/v3/agents/build-sessions HTTP/1.1[\r][\n]"
18:49:08.598 [main] DEBUG io.sealights.dependencies.org.apache.hc.client5.http.wire - http-outgoing-0 >> "Authorization: Bearer eyJhbGciOiJSUzUxMiIsInR5cCI6IkpXVCJ9.eyJpc3MiOiJodHRwczovL0RFVi1mdHYuYXV0aC5zZWFsaWdodHMuaW8vIiwiand0aWQiOiJERVYtZnR2LGktMGMxNjU4YjA0ZTljMDMwMzMsQVBJR1ctOTYzN2FjOGUtMzAyYy00YTk1LTkyZjItZGExNTFiNDljNDI0LDE2NzA0MjE2MzI1NDAiLCJzdWJqZWN0IjoiU2VhTGlnaHRzQGFnZW50IiwiYXVkaWVuY2UiOlsiYWdlbnRzIl0sIngtc2wtcm9sZSI6ImFnZW50IiwieC1zbC1zZXJ2ZXIiOiJodHRwczovL2Rldi1mdHYtZ3cuZGV2LnNlYWxpZ2h0cy5jby9hcGkiLCJzbF9pbXBlcl9zdWJqZWN0IjoiIiwiaWF0IjoxNjcwNDIxNjMyfQ.IyAO7_zibgusLv_pPwTwlBICvRwh7EbC7Ee-Zqmx6azkjaRYDb8olKjiWM_HeYFGnIIczAuWIurFUm-h9noPOzLp-0h-r6fu3Yt4utvF9b1NhQNtL9aLlJ4-h7kDZA7K5AN39Agx6DB_be9XLcLHnwANskq16xn-H6xOOqq-VFqrN98hUl_sRiHf0CKm6RbsumyF1byqZIizENT7unGfJc6tP0poNRgpJkue0UJklgT6HRT8bPi_7rJJgUAu6Vb0LhkCManH_CsllFMxSMBFMJWM-Zxvs5pKHmK1JcIuy08i0r0cJR1axLDtFXcx8Fn_u1dtpLMk-BZCUCOKxh-YXT651AjvCsHwX2JCqxlcD7aLaQIMC3mmq6Qie7YezILQ6_GYDu-oREVgQsN2eob2k0oiFloLn4AmJllq66GasP8Oq20MuHScWvop95McYiictsdHohkkb_z97UIj70LF49qNTJxy5ZGeY90vbZ34mFBfF7cTAXY47q5ReqpyokYx-DABpjFYgS-1i6x_e-4_3Zreni1-SOmueHhhFS_S9hC-gLXvJuiDwIDPaxR16eF_I-S4w0l0071ddqt_-8HgoQcfV85zOzpgHz7IjCfhDIUDB3eI_uwW523hV-4eCoM8ElRa7lCfhQlL2iwEn-623dVjEZI1cD2sfX3B1_efpQ4[\r][\n]"
18:49:08.598 [main] DEBUG io.sealights.dependencies.org.apache.hc.client5.http.wire - http-outgoing-0 >> "Content-Length: 154[\r][\n]"
18:49:08.598 [main] DEBUG io.sealights.dependencies.org.apache.hc.client5.http.wire - http-outgoing-0 >> "Content-Type: application/json; charset=UTF-8[\r][\n]"
18:49:08.599 [main] DEBUG io.sealights.dependencies.org.apache.hc.client5.http.wire - http-outgoing-0 >> "Host: dev-ftv-gw.dev.sealights.co[\r][\n]"
18:49:08.599 [main] DEBUG io.sealights.dependencies.org.apache.hc.client5.http.wire - http-outgoing-0 >> "Connection: keep-alive[\r][\n]"
18:49:08.599 [main] DEBUG io.sealights.dependencies.org.apache.hc.client5.http.wire - http-outgoing-0 >> "User-Agent: Apache-HttpClient/5.0.3 (Java/11.0.12)[\r][\n]"
18:49:08.600 [main] DEBUG io.sealights.dependencies.org.apache.hc.client5.http.wire - http-outgoing-0 >> "[\r][\n]"
18:49:08.600 [main] DEBUG io.sealights.dependencies.org.apache.hc.client5.http.wire - http-outgoing-0 >> "{"appName":"gf-ftv-lab02","buildName":null,"branchName":"puppet","labId":"integ_puppet_038a_gfftvlab02","checksum":"bb843641-7129-4b31-8027-a3aaab6879ff"}"
18:49:09.040 [main] DEBUG io.sealights.dependencies.org.apache.hc.client5.http.wire - http-outgoing-0 << "HTTP/1.1 200 OK[\r][\n]"
18:49:09.041 [main] DEBUG io.sealights.dependencies.org.apache.hc.client5.http.wire - http-outgoing-0 << "Access-Control-Expose-Headers: api-version,content-length,content-md5,content-type,date,request-id,response-time[\r][\n]"
18:49:09.042 [main] DEBUG io.sealights.dependencies.org.apache.hc.client5.http.wire - http-outgoing-0 << "content-type: application/json; charset=utf-8[\r][\n]"
18:49:09.043 [main] DEBUG io.sealights.dependencies.org.apache.hc.client5.http.wire - http-outgoing-0 << "Date: Thu, 08 Dec 2022 16:49:09 GMT[\r][\n]"
18:49:09.044 [main] DEBUG io.sealights.dependencies.org.apache.hc.client5.http.wire - http-outgoing-0 << "Vary: Origin, Accept-Encoding[\r][\n]"
18:49:09.045 [main] DEBUG io.sealights.dependencies.org.apache.hc.client5.http.wire - http-outgoing-0 << "X-Powered-By: Express[\r][\n]"
18:49:09.046 [main] DEBUG io.sealights.dependencies.org.apache.hc.client5.http.wire - http-outgoing-0 << "X-Request-Id: 750c5630-6eba-4801-9063-8a6e92e98980[\r][\n]"
18:49:09.046 [main] DEBUG io.sealights.dependencies.org.apache.hc.client5.http.wire - http-outgoing-0 << "x-sl-txid: APIGW-750c5630-6eba-4801-9063-8a6e92e98980[\r][\n]"
18:49:09.047 [main] DEBUG io.sealights.dependencies.org.apache.hc.client5.http.wire - http-outgoing-0 << "Content-Length: 234[\r][\n]"
18:49:09.048 [main] DEBUG io.sealights.dependencies.org.apache.hc.client5.http.wire - http-outgoing-0 << "Connection: keep-alive[\r][\n]"
18:49:09.048 [main] DEBUG io.sealights.dependencies.org.apache.hc.client5.http.wire - http-outgoing-0 << "[\r][\n]"
18:49:09.049 [main] DEBUG io.sealights.dependencies.org.apache.hc.client5.http.wire - http-outgoing-0 << "{"data":{"checksum":"bb843641-7129-4b31-8027-a3aaab6879ff","appName":"gf-ftv-lab02","buildName":"Thu, 08 Dec 2022 16:49:09 GMT","branchName":"puppet","buildSessionId":"2a849179-9b6a-4f41-8607-e446150d655a","buildSessionType":"BUILD"}}"
18:49:09.050 [main] DEBUG io.sealights.dependencies.org.apache.hc.client5.http.headers - http-outgoing-0 << HTTP/1.1 200 OK
18:49:09.051 [main] DEBUG io.sealights.dependencies.org.apache.hc.client5.http.headers - http-outgoing-0 << Access-Control-Expose-Headers: api-version,content-length,content-md5,content-type,date,request-id,response-time
18:49:09.052 [main] DEBUG io.sealights.dependencies.org.apache.hc.client5.http.headers - http-outgoing-0 << content-type: application/json; charset=utf-8
18:49:09.052 [main] DEBUG io.sealights.dependencies.org.apache.hc.client5.http.headers - http-outgoing-0 << Date: Thu, 08 Dec 2022 16:49:09 GMT
18:49:09.053 [main] DEBUG io.sealights.dependencies.org.apache.hc.client5.http.headers - http-outgoing-0 << Vary: Origin, Accept-Encoding
18:49:09.053 [main] DEBUG io.sealights.dependencies.org.apache.hc.client5.http.headers - http-outgoing-0 << X-Powered-By: Express
18:49:09.054 [main] DEBUG io.sealights.dependencies.org.apache.hc.client5.http.headers - http-outgoing-0 << X-Request-Id: 750c5630-6eba-4801-9063-8a6e92e98980
18:49:09.055 [main] DEBUG io.sealights.dependencies.org.apache.hc.client5.http.headers - http-outgoing-0 << x-sl-txid: APIGW-750c5630-6eba-4801-9063-8a6e92e98980
18:49:09.055 [main] DEBUG io.sealights.dependencies.org.apache.hc.client5.http.headers - http-outgoing-0 << Content-Length: 234
18:49:09.056 [main] DEBUG io.sealights.dependencies.org.apache.hc.client5.http.headers - http-outgoing-0 << Connection: keep-alive
18:49:09.057 [main] DEBUG io.sealights.dependencies.org.apache.hc.client5.http.impl.classic.MainClientExec - ex-00000002: connection can be kept alive for 3 MINUTES
18:49:09.058 [main] DEBUG io.sealights.dependencies.org.apache.hc.client5.http.impl.classic.InternalHttpClient - ep-00000001: releasing valid endpoint
18:49:09.058 [main] DEBUG io.sealights.dependencies.org.apache.hc.client5.http.impl.io.PoolingHttpClientConnectionManager - ep-00000001: releasing endpoint
18:49:09.059 [main] DEBUG io.sealights.dependencies.org.apache.hc.client5.http.impl.io.PoolingHttpClientConnectionManager - ep-00000001: connection http-outgoing-0 can be kept alive for 3 MINUTES
18:49:09.060 [main] DEBUG io.sealights.dependencies.org.apache.hc.client5.http.impl.io.PoolingHttpClientConnectionManager - ep-00000001: connection released [route: {s}->https://dev-ftv-gw.dev.sealights.co:443][total available: 1; route allocated: 1 of 5; total allocated: 1 of 25]
18:49:09.061 [main] INFO SLHttpClient - [From LABS] - responsed POST url:'https://dev-ftv-gw.dev.sealights.co/api/v3/agents/build-sessions', status:200, message:null', body:'{"data":{"checksum":"bb843641-7129-4b31-8027-a3aaab6879ff","appName":"gf-ftv-lab02","buildName":"Thu, 08 Dec 2022 16:49:09 GMT","branchName":"puppet","buildSessionId":"2a849179-9b6a-4f41-8607-e446150d655a","buildSessionType":"BUILD"}}''
18:49:09.064 [main] INFO SLHttpClient - [From LABS] - responsed POST url:'https://dev-ftv-gw.dev.sealights.co/api/v3/agents/build-sessions', status:200, message:null', body:'{"data":{"checksum":"bb843641-7129-4b31-8027-a3aaab6879ff","appName":"gf-ftv-lab02","buildName":"Thu, 08 Dec 2022 16:49:09 GMT","branchName":"puppet","buildSessionId":"2a849179-9b6a-4f41-8607-e446150d655a","buildSessionType":"BUILD"}}''
18:49:09.090 [main] DEBUG DefaultAgentEventsController - Updated configuration: 
	token:eyJhbGciOiJSUzUxMiIsInR5cCI6IkpXVCJ9.eyJpc3MiOiJodHRwczovL0RFVi1mdHYuYXV0aC5zZWFsaWdodHMuaW8vIiwiand0aWQiOiJERVYtZnR2LGktMGMxNjU4YjA0ZTljMDMwMzMsQVBJR1ctOTYzN2FjOGUtMzAyYy00YTk1LTkyZjItZGExNTFiNDljNDI0LDE2NzA0MjE2MzI1NDAiLCJzdWJqZWN0IjoiU2VhTGlnaHRzQGFnZW50IiwiYXVkaWVuY2UiOlsiYWdlbnRzIl0sIngtc2wtcm9sZSI6ImFnZW50IiwieC1zbC1zZXJ2ZXIiOiJodHRwczovL2Rldi1mdHYtZ3cuZGV2LnNlYWxpZ2h0cy5jby9hcGkiLCJzbF9pbXBlcl9zdWJqZWN0IjoiIiwiaWF0IjoxNjcwNDIxNjMyfQ.IyAO7_zibgusLv_pPwTwlBICvRwh7EbC7Ee-Zqmx6azkjaRYDb8olKjiWM_HeYFGnIIczAuWIurFUm-h9noPOzLp-0h-r6fu3Yt4utvF9b1NhQNtL9aLlJ4-h7kDZA7K5AN39Agx6DB_be9XLcLHnwANskq16xn-H6xOOqq-VFqrN98hUl_sRiHf0CKm6RbsumyF1byqZIizENT7unGfJc6tP0poNRgpJkue0UJklgT6HRT8bPi_7rJJgUAu6Vb0LhkCManH_CsllFMxSMBFMJWM-Zxvs5pKHmK1JcIuy08i0r0cJR1axLDtFXcx8Fn_u1dtpLMk-BZCUCOKxh-YXT651AjvCsHwX2JCqxlcD7aLaQIMC3mmq6Qie7YezILQ6_GYDu-oREVgQsN2eob2k0oiFloLn4AmJllq66GasP8Oq20MuHScWvop95McYiictsdHohkkb_z97UIj70LF49qNTJxy5ZGeY90vbZ34mFBfF7cTAXY47q5ReqpyokYx-DABpjFYgS-1i6x_e-4_3Zreni1-SOmueHhhFS_S9hC-gLXvJuiDwIDPaxR16eF_I-S4w0l0071ddqt_-8HgoQcfV85zOzpgHz7IjCfhDIUDB3eI_uwW523hV-4eCoM8ElRa7lCfhQlL2iwEn-623dVjEZI1cD2sfX3B1_efpQ4,
	server:https://dev-ftv-gw.dev.sealights.co/api,
	buildSessionId:2a849179-9b6a-4f41-8607-e446150d655a,
	proxy:null
18:49:09.114 [main] ERROR ReflectionUtils - Can't get field: 'timeClock'.
java.lang.NoSuchFieldException: Couldn't find field 'timeClock' on class 'class io.sealights.onpremise.agents.ftv.config.model.FtvAgentConfiguration'.
	at io.sealights.onpremise.agents.commons.ReflectionUtils.getFieldSafe(ReflectionUtils.java:132)
	at io.sealights.onpremise.agents.commons.ReflectionUtils.getFieldSafe(ReflectionUtils.java:106)
	at io.sealights.onpremise.agents.commons.lifecycle.events.DefaultAgentEventsController.configureTimeClock(DefaultAgentEventsController.java:85)
	at io.sealights.onpremise.agents.commons.lifecycle.events.DefaultAgentEventsController.init(DefaultAgentEventsController.java:53)
	at io.sealights.onpremise.agents.commons.lifecycle.events.AgentLifeCycle.initEventController(AgentLifeCycle.java:36)
	at io.sealights.onpremise.agents.ftv.PreMain.lambda$null$1(PreMain.java:42)
	at java.base/java.util.Optional.ifPresent(Optional.java:183)
	at io.sealights.onpremise.agents.ftv.PreMain.lambda$initAgentLifecycleAndNotifyStart$2(PreMain.java:40)
	at io.sealights.onpremise.agents.ftv.context.AgentContextFunction.apply(AgentContextFunction.java:18)
	at io.sealights.onpremise.agents.ftv.context.AgentContextFunction.lambda$flatMap$1(AgentContextFunction.java:26)
	at io.sealights.onpremise.agents.ftv.context.AgentContextFunction.lambda$flatMap$1(AgentContextFunction.java:26)
	at io.sealights.onpremise.agents.ftv.context.AgentContextFunction.apply(AgentContextFunction.java:18)
	at io.sealights.onpremise.agents.ftv.context.AgentContext.apply(AgentContext.java:91)
	at io.sealights.onpremise.agents.ftv.PreMain.lambda$premain$0(PreMain.java:21)
	at java.base/java.util.Optional.flatMap(Optional.java:294)
	at io.sealights.onpremise.agents.ftv.PreMain.premain(PreMain.java:21)
	at java.base/jdk.internal.reflect.NativeMethodAccessorImpl.invoke0(Native Method)
	at java.base/jdk.internal.reflect.NativeMethodAccessorImpl.invoke(NativeMethodAccessorImpl.java:62)
	at java.base/jdk.internal.reflect.DelegatingMethodAccessorImpl.invoke(DelegatingMethodAccessorImpl.java:43)
	at java.base/java.lang.reflect.Method.invoke(Method.java:566)
	at java.instrument/sun.instrument.InstrumentationImpl.loadClassAndStartAgent(InstrumentationImpl.java:513)
	at java.instrument/sun.instrument.InstrumentationImpl.loadClassAndCallPremain(InstrumentationImpl.java:525)
18:49:09.115 [main] ERROR DefaultAgentEventsController - Error applying updated configuration to Time Clock Dispatcher.
java.lang.NullPointerException: null
	at io.sealights.onpremise.agents.commons.lifecycle.events.DefaultAgentEventsController.configureTimeClock(DefaultAgentEventsController.java:86)
	at io.sealights.onpremise.agents.commons.lifecycle.events.DefaultAgentEventsController.init(DefaultAgentEventsController.java:53)
	at io.sealights.onpremise.agents.commons.lifecycle.events.AgentLifeCycle.initEventController(AgentLifeCycle.java:36)
	at io.sealights.onpremise.agents.ftv.PreMain.lambda$null$1(PreMain.java:42)
	at java.base/java.util.Optional.ifPresent(Optional.java:183)
	at io.sealights.onpremise.agents.ftv.PreMain.lambda$initAgentLifecycleAndNotifyStart$2(PreMain.java:40)
	at io.sealights.onpremise.agents.ftv.context.AgentContextFunction.apply(AgentContextFunction.java:18)
	at io.sealights.onpremise.agents.ftv.context.AgentContextFunction.lambda$flatMap$1(AgentContextFunction.java:26)
	at io.sealights.onpremise.agents.ftv.context.AgentContextFunction.lambda$flatMap$1(AgentContextFunction.java:26)
	at io.sealights.onpremise.agents.ftv.context.AgentContextFunction.apply(AgentContextFunction.java:18)
	at io.sealights.onpremise.agents.ftv.context.AgentContext.apply(AgentContext.java:91)
	at io.sealights.onpremise.agents.ftv.PreMain.lambda$premain$0(PreMain.java:21)
	at java.base/java.util.Optional.flatMap(Optional.java:294)
	at io.sealights.onpremise.agents.ftv.PreMain.premain(PreMain.java:21)
	at java.base/jdk.internal.reflect.NativeMethodAccessorImpl.invoke0(Native Method)
	at java.base/jdk.internal.reflect.NativeMethodAccessorImpl.invoke(NativeMethodAccessorImpl.java:62)
	at java.base/jdk.internal.reflect.DelegatingMethodAccessorImpl.invoke(DelegatingMethodAccessorImpl.java:43)
	at java.base/java.lang.reflect.Method.invoke(Method.java:566)
	at java.instrument/sun.instrument.InstrumentationImpl.loadClassAndStartAgent(InstrumentationImpl.java:513)
	at java.instrument/sun.instrument.InstrumentationImpl.loadClassAndCallPremain(InstrumentationImpl.java:525)
18:49:09.116 [main] INFO DefaultAgentEventsController - ping will be send with interval 120 secs
18:49:09.118 [main] DEBUG TaskScheduler - Task 'ping-agent' will run periodically with interval=120000 millis, first execution delay=120000 millis
18:49:09.119 [main] DEBUG AgentEventsController - Verify time clock ...
18:49:09.119 [main] INFO AgentEventsController - Time Clock Dispatcher is disabled
18:49:09.165 [main] DEBUG AgentInstanceInfoBuilder - created (technology=Java, agentType=Ftv, agentVersion=4.0.0-SNAPSHOT, buildSessionId=2a849179-9b6a-4f41-8607-e446150d655a, uniqueModuleId=,appName=gf-ftv-lab02, labId=integ_puppet_038a_gfftvlab02, agentConfig={server=https://dev-ftv-gw.dev.sealights.co/api, proxy=null, buildSessionId=2a849179-9b6a-4f41-8607-e446150d655a, token=eyJhbGciOiJSUzUxMiIsInR5cCI6IkpXVCJ9.eyJpc3MiOiJodHRwczovL0RFVi1mdHYuYXV0aC5zZWFsaWdodHMuaW8vIiwiand0aWQiOiJERVYtZnR2LGktMGMxNjU4YjA0ZTljMDMwMzMsQVBJR1ctOTYzN2FjOGUtMzAyYy00YTk1LTkyZjItZGExNTFiNDljNDI0LDE2NzA0MjE2MzI1NDAiLCJzdWJqZWN0IjoiU2VhTGlnaHRzQGFnZW50IiwiYXVkaWVuY2UiOlsiYWdlbnRzIl0sIngtc2wtcm9sZSI6ImFnZW50IiwieC1zbC1zZXJ2ZXIiOiJodHRwczovL2Rldi1mdHYtZ3cuZGV2LnNlYWxpZ2h0cy5jby9hcGkiLCJzbF9pbXBlcl9zdWJqZWN0IjoiIiwiaWF0IjoxNjcwNDIxNjMyfQ.IyAO7_zibgusLv_pPwTwlBICvRwh7EbC7Ee-Zqmx6azkjaRYDb8olKjiWM_HeYFGnIIczAuWIurFUm-h9noPOzLp-0h-r6fu3Yt4utvF9b1NhQNtL9aLlJ4-h7kDZA7K5AN39Agx6DB_be9XLcLHnwANskq16xn-H6xOOqq-VFqrN98hUl_sRiHf0CKm6RbsumyF1byqZIizENT7unGfJc6tP0poNRgpJkue0UJklgT6HRT8bPi_7rJJgUAu6Vb0LhkCManH_CsllFMxSMBFMJWM-Zxvs5pKHmK1JcIuy08i0r0cJR1axLDtFXcx8Fn_u1dtpLMk-BZCUCOKxh-YXT651AjvCsHwX2JCqxlcD7aLaQIMC3mmq6Qie7YezILQ6_GYDu-oREVgQsN2eob2k0oiFloLn4AmJllq66GasP8Oq20MuHScWvop95McYiictsdHohkkb_z97UIj70LF49qNTJxy5ZGeY90vbZ34mFBfF7cTAXY47q5ReqpyokYx-DABpjFYgS-1i6x_e-4_3Zreni1-SOmueHhhFS_S9hC-gLXvJuiDwIDPaxR16eF_I-S4w0l0071ddqt_-8HgoQcfV85zOzpgHz7IjCfhDIUDB3eI_uwW523hV-4eCoM8ElRa7lCfhQlL2iwEn-623dVjEZI1cD2sfX3B1_efpQ4}, tags=[], processId=6323, processArch=x32, processSessionId=0, argv=[./target/ftv-hello-app-0.0.1-SNAPSHOT.jar, -javaagent:java-agent-ftv-4.0.0-SNAPSHOT.jar=appname=gf-ftv-lab02,labId=integ_puppet_038a_gfftvlab02,packagesincluded=dev.futa.sealights*,workspacepath=.,token=eyJhbGciOiJSUzUxMiIsInR5cCI6IkpXVCJ9.eyJpc3MiOiJodHRwczovL0RFVi1mdHYuYXV0aC5zZWFsaWdodHMuaW8vIiwiand0aWQiOiJERVYtZnR2LGktMGMxNjU4YjA0ZTljMDMwMzMsQVBJR1ctOTYzN2FjOGUtMzAyYy00YTk1LTkyZjItZGExNTFiNDljNDI0LDE2NzA0MjE2MzI1NDAiLCJzdWJqZWN0IjoiU2VhTGlnaHRzQGFnZW50IiwiYXVkaWVuY2UiOlsiYWdlbnRzIl0sIngtc2wtcm9sZSI6ImFnZW50IiwieC1zbC1zZXJ2ZXIiOiJodHRwczovL2Rldi1mdHYtZ3cuZGV2LnNlYWxpZ2h0cy5jby9hcGkiLCJzbF9pbXBlcl9zdWJqZWN0IjoiIiwiaWF0IjoxNjcwNDIxNjMyfQ.IyAO7_zibgusLv_pPwTwlBICvRwh7EbC7Ee-Zqmx6azkjaRYDb8olKjiWM_HeYFGnIIczAuWIurFUm-h9noPOzLp-0h-r6fu3Yt4utvF9b1NhQNtL9aLlJ4-h7kDZA7K5AN39Agx6DB_be9XLcLHnwANskq16xn-H6xOOqq-VFqrN98hUl_sRiHf0CKm6RbsumyF1byqZIizENT7unGfJc6tP0poNRgpJkue0UJklgT6HRT8bPi_7rJJgUAu6Vb0LhkCManH_CsllFMxSMBFMJWM-Zxvs5pKHmK1JcIuy08i0r0cJR1axLDtFXcx8Fn_u1dtpLMk-BZCUCOKxh-YXT651AjvCsHwX2JCqxlcD7aLaQIMC3mmq6Qie7YezILQ6_GYDu-oREVgQsN2eob2k0oiFloLn4AmJllq66GasP8Oq20MuHScWvop95McYiictsdHohkkb_z97UIj70LF49qNTJxy5ZGeY90vbZ34mFBfF7cTAXY47q5ReqpyokYx-DABpjFYgS-1i6x_e-4_3Zreni1-SOmueHhhFS_S9hC-gLXvJuiDwIDPaxR16eF_I-S4w0l0071ddqt_-8HgoQcfV85zOzpgHz7IjCfhDIUDB3eI_uwW523hV-4eCoM8ElRa7lCfhQlL2iwEn-623dVjEZI1cD2sfX3B1_efpQ4, -Dsl.includes=dev.futa.sealights*], cwd=/mnt/c/projekty/sealigths/ftv-hello-app/deployments, envVars={path=/home/gfuta/.sdkman/candidates/java/11.0.12-open/bin:/usr/local/sbin:/usr/local/bin:/usr/sbin:/usr/bin:/sbin:/bin:/usr/games:/usr/local/games:/usr/lib/wsl/lib:/mnt/c/Program Files (x86)/jdk/bin:/mnt/c/Program Files/Git/cmd:/mnt/c/Windows/system32:/mnt/c/Windows:/mnt/c/Windows/System32/Wbem:/mnt/c/Windows/System32/WindowsPowerShell/v1.0/:/mnt/c/Windows/System32/OpenSSH/:/mnt/c/Program Files/dotnet/:/mnt/c/Program Files (x86)/NVIDIA Corporation/PhysX/Common:/mnt/c/Program Files/Git/cmd:/mnt/c/Users/grzeg/AppData/Local/Microsoft/WindowsApps:/mnt/c/Program Files/JetBrains/IntelliJ IDEA 2022.2.3/bin:/mnt/c/programy/jvms_v2.1.1_386:/mnt/c/programy/apache-maven-3.8.6/bin:/mnt/c/Users/grzeg/AppData/Roaming/nvm:/mnt/c/Program Files/nodejs:/mnt/c/Program Files/Docker/Docker/resources/bin:/mnt/c/programy/gradle-7.6/bin:/mnt/c/Users/grzeg/AppData/Roaming/npm:/mnt/c/Program Files/JetBrains/DataGrip 2022.2.5/bin:/snap/bin}, tools=[], sendsPing=true)
18:49:09.182 [main] INFO AgentEventsDispatcher - Handling agentStart ...
18:49:09.182 [main] DEBUG TaskScheduler - Task 'agent-events' will run periodically with interval=10000 millis, first execution delay=0 millis
18:49:09.183 [agent-events] INFO AgentEventsDispatcher - Sending 1 accumulated events ...
18:49:09.186 [agent-events] DEBUG AgentEventServiceHandler - sending event(s):[AGENT_STARTED(1001)], agent:'Ftv' ...
18:49:09.187 [agent-events] DEBUG SLHttpClient - [To ES] - attempt '#1' out of '12, url:'https://dev-ftv-gw.dev.sealights.co/api/v3/agents/agent-events'
18:49:09.267 [agent-events] INFO SLHttpClient - [To ES] - sending POST, url:'https://dev-ftv-gw.dev.sealights.co/api/v3/agents/agent-events', token: ...X3B1_efpQ4', body:'{"agentId":"ee15a743-eae7-4437-821b-178f12002646","buildSessionId":"2a849179-9b6a-4f41-8607-e446150d655a","events":[{"type":1001,"utcTimestamp_ms":1670518149124,"data":{"agentInfo":{"technology":"Java","agentType":"Ftv","agentVersion":"4.0.0-SNAPSHOT","buildSessionId":"2a849179-9b6a-4f41-8607-e446150d655a","uniqueModuleId":"","appName":"gf-ftv-lab02","labId":"integ_puppet_038a_gfftvlab02","agentConfig":{"server":"https://dev-ftv-gw.dev.sealights.co/api","proxy":"null","buildSessionId":"2a849179-9b6a-4f41-8607-e446150d655a","token":"eyJhbGciOiJSUzUxMiIsInR5cCI6IkpXVCJ9.eyJpc3MiOiJodHRwczovL0RFVi1mdHYuYXV0aC5zZWFsaWdodHMuaW8vIiwiand0aWQiOiJERVYtZnR2LGktMGMxNjU4YjA0ZTljMDMwMzMsQVBJR1ctOTYzN2FjOGUtMzAyYy00YTk1LTkyZjItZGExNTFiNDljNDI0LDE2NzA0MjE2MzI1NDAiLCJzdWJqZWN0IjoiU2VhTGlnaHRzQGFnZW50IiwiYXVkaWVuY2UiOlsiYWdlbnRzIl0sIngtc2wtcm9sZSI6ImFnZW50IiwieC1zbC1zZXJ2ZXIiOiJodHRwczovL2Rldi1mdHYtZ3cuZGV2LnNlYWxpZ2h0cy5jby9hcGkiLCJzbF9pbXBlcl9zdWJqZWN0IjoiIiwiaWF0IjoxNjcwNDIxNjMyfQ.IyAO7_zibgusLv_pPwTwlBICvRwh7EbC7Ee-Zqmx6a...(truncated to 1024 Bytes)''
18:49:09.268 [agent-events] DEBUG io.sealights.dependencies.org.apache.hc.client5.http.impl.classic.InternalHttpClient - ex-00000003: preparing request execution
18:49:09.268 [agent-events] DEBUG io.sealights.dependencies.org.apache.hc.client5.http.protocol.RequestAddCookies - Cookie spec selected: strict
18:49:09.268 [agent-events] DEBUG io.sealights.dependencies.org.apache.hc.client5.http.protocol.RequestAuthCache - Auth cache not set in the context
18:49:09.269 [agent-events] DEBUG io.sealights.dependencies.org.apache.hc.client5.http.impl.classic.ProtocolExec - ex-00000003: proxy auth state: UNCHALLENGED
18:49:09.269 [agent-events] DEBUG io.sealights.dependencies.org.apache.hc.client5.http.impl.classic.ConnectExec - ex-00000003: acquiring connection with route {s}->https://dev-ftv-gw.dev.sealights.co:443
18:49:09.270 [agent-events] DEBUG io.sealights.dependencies.org.apache.hc.client5.http.impl.classic.InternalHttpClient - ex-00000003: acquiring endpoint (20000 MILLISECONDS)
18:49:09.270 [agent-events] DEBUG io.sealights.dependencies.org.apache.hc.client5.http.impl.io.PoolingHttpClientConnectionManager - ex-00000003: endpoint lease request (20000 MILLISECONDS) [route: {s}->https://dev-ftv-gw.dev.sealights.co:443][total available: 1; route allocated: 1 of 5; total allocated: 1 of 25]
18:49:09.271 [agent-events] DEBUG io.sealights.dependencies.org.apache.hc.client5.http.impl.io.PoolingHttpClientConnectionManager - ex-00000003: endpoint leased [route: {s}->https://dev-ftv-gw.dev.sealights.co:443][total available: 0; route allocated: 1 of 5; total allocated: 1 of 25]
18:49:09.271 [agent-events] DEBUG io.sealights.dependencies.org.apache.hc.client5.http.impl.io.PoolingHttpClientConnectionManager - ex-00000003: acquired ep-00000002
18:49:09.272 [agent-events] DEBUG io.sealights.dependencies.org.apache.hc.client5.http.impl.classic.InternalHttpClient - ex-00000003: acquired endpoint ep-00000002
18:49:09.272 [agent-events] DEBUG io.sealights.dependencies.org.apache.hc.client5.http.impl.classic.MainClientExec - ex-00000003: executing POST /api/v3/agents/agent-events HTTP/1.1
18:49:09.272 [agent-events] DEBUG io.sealights.dependencies.org.apache.hc.client5.http.impl.classic.InternalHttpClient - ep-00000002: start execution ex-00000003
18:49:09.273 [agent-events] DEBUG io.sealights.dependencies.org.apache.hc.client5.http.impl.io.PoolingHttpClientConnectionManager - ep-00000002: executing exchange ex-00000003 over http-outgoing-0
18:49:09.274 [agent-events] DEBUG io.sealights.dependencies.org.apache.hc.client5.http.headers - http-outgoing-0 >> POST /api/v3/agents/agent-events HTTP/1.1
18:49:09.274 [agent-events] DEBUG io.sealights.dependencies.org.apache.hc.client5.http.headers - http-outgoing-0 >> Authorization: Bearer eyJhbGciOiJSUzUxMiIsInR5cCI6IkpXVCJ9.eyJpc3MiOiJodHRwczovL0RFVi1mdHYuYXV0aC5zZWFsaWdodHMuaW8vIiwiand0aWQiOiJERVYtZnR2LGktMGMxNjU4YjA0ZTljMDMwMzMsQVBJR1ctOTYzN2FjOGUtMzAyYy00YTk1LTkyZjItZGExNTFiNDljNDI0LDE2NzA0MjE2MzI1NDAiLCJzdWJqZWN0IjoiU2VhTGlnaHRzQGFnZW50IiwiYXVkaWVuY2UiOlsiYWdlbnRzIl0sIngtc2wtcm9sZSI6ImFnZW50IiwieC1zbC1zZXJ2ZXIiOiJodHRwczovL2Rldi1mdHYtZ3cuZGV2LnNlYWxpZ2h0cy5jby9hcGkiLCJzbF9pbXBlcl9zdWJqZWN0IjoiIiwiaWF0IjoxNjcwNDIxNjMyfQ.IyAO7_zibgusLv_pPwTwlBICvRwh7EbC7Ee-Zqmx6azkjaRYDb8olKjiWM_HeYFGnIIczAuWIurFUm-h9noPOzLp-0h-r6fu3Yt4utvF9b1NhQNtL9aLlJ4-h7kDZA7K5AN39Agx6DB_be9XLcLHnwANskq16xn-H6xOOqq-VFqrN98hUl_sRiHf0CKm6RbsumyF1byqZIizENT7unGfJc6tP0poNRgpJkue0UJklgT6HRT8bPi_7rJJgUAu6Vb0LhkCManH_CsllFMxSMBFMJWM-Zxvs5pKHmK1JcIuy08i0r0cJR1axLDtFXcx8Fn_u1dtpLMk-BZCUCOKxh-YXT651AjvCsHwX2JCqxlcD7aLaQIMC3mmq6Qie7YezILQ6_GYDu-oREVgQsN2eob2k0oiFloLn4AmJllq66GasP8Oq20MuHScWvop95McYiictsdHohkkb_z97UIj70LF49qNTJxy5ZGeY90vbZ34mFBfF7cTAXY47q5ReqpyokYx-DABpjFYgS-1i6x_e-4_3Zreni1-SOmueHhhFS_S9hC-gLXvJuiDwIDPaxR16eF_I-S4w0l0071ddqt_-8HgoQcfV85zOzpgHz7IjCfhDIUDB3eI_uwW523hV-4eCoM8ElRa7lCfhQlL2iwEn-623dVjEZI1cD2sfX3B1_efpQ4
18:49:09.274 [agent-events] DEBUG io.sealights.dependencies.org.apache.hc.client5.http.headers - http-outgoing-0 >> Content-Length: 4713
18:49:09.274 [agent-events] DEBUG io.sealights.dependencies.org.apache.hc.client5.http.headers - http-outgoing-0 >> Content-Type: application/json; charset=UTF-8
18:49:09.275 [agent-events] DEBUG io.sealights.dependencies.org.apache.hc.client5.http.headers - http-outgoing-0 >> Host: dev-ftv-gw.dev.sealights.co
18:49:09.275 [agent-events] DEBUG io.sealights.dependencies.org.apache.hc.client5.http.headers - http-outgoing-0 >> Connection: keep-alive
18:49:09.275 [agent-events] DEBUG io.sealights.dependencies.org.apache.hc.client5.http.headers - http-outgoing-0 >> User-Agent: Apache-HttpClient/5.0.3 (Java/11.0.12)
18:49:09.276 [agent-events] DEBUG io.sealights.dependencies.org.apache.hc.client5.http.wire - http-outgoing-0 >> "POST /api/v3/agents/agent-events HTTP/1.1[\r][\n]"
18:49:09.276 [agent-events] DEBUG io.sealights.dependencies.org.apache.hc.client5.http.wire - http-outgoing-0 >> "Authorization: Bearer eyJhbGciOiJSUzUxMiIsInR5cCI6IkpXVCJ9.eyJpc3MiOiJodHRwczovL0RFVi1mdHYuYXV0aC5zZWFsaWdodHMuaW8vIiwiand0aWQiOiJERVYtZnR2LGktMGMxNjU4YjA0ZTljMDMwMzMsQVBJR1ctOTYzN2FjOGUtMzAyYy00YTk1LTkyZjItZGExNTFiNDljNDI0LDE2NzA0MjE2MzI1NDAiLCJzdWJqZWN0IjoiU2VhTGlnaHRzQGFnZW50IiwiYXVkaWVuY2UiOlsiYWdlbnRzIl0sIngtc2wtcm9sZSI6ImFnZW50IiwieC1zbC1zZXJ2ZXIiOiJodHRwczovL2Rldi1mdHYtZ3cuZGV2LnNlYWxpZ2h0cy5jby9hcGkiLCJzbF9pbXBlcl9zdWJqZWN0IjoiIiwiaWF0IjoxNjcwNDIxNjMyfQ.IyAO7_zibgusLv_pPwTwlBICvRwh7EbC7Ee-Zqmx6azkjaRYDb8olKjiWM_HeYFGnIIczAuWIurFUm-h9noPOzLp-0h-r6fu3Yt4utvF9b1NhQNtL9aLlJ4-h7kDZA7K5AN39Agx6DB_be9XLcLHnwANskq16xn-H6xOOqq-VFqrN98hUl_sRiHf0CKm6RbsumyF1byqZIizENT7unGfJc6tP0poNRgpJkue0UJklgT6HRT8bPi_7rJJgUAu6Vb0LhkCManH_CsllFMxSMBFMJWM-Zxvs5pKHmK1JcIuy08i0r0cJR1axLDtFXcx8Fn_u1dtpLMk-BZCUCOKxh-YXT651AjvCsHwX2JCqxlcD7aLaQIMC3mmq6Qie7YezILQ6_GYDu-oREVgQsN2eob2k0oiFloLn4AmJllq66GasP8Oq20MuHScWvop95McYiictsdHohkkb_z97UIj70LF49qNTJxy5ZGeY90vbZ34mFBfF7cTAXY47q5ReqpyokYx-DABpjFYgS-1i6x_e-4_3Zreni1-SOmueHhhFS_S9hC-gLXvJuiDwIDPaxR16eF_I-S4w0l0071ddqt_-8HgoQcfV85zOzpgHz7IjCfhDIUDB3eI_uwW523hV-4eCoM8ElRa7lCfhQlL2iwEn-623dVjEZI1cD2sfX3B1_efpQ4[\r][\n]"
18:49:09.277 [agent-events] DEBUG io.sealights.dependencies.org.apache.hc.client5.http.wire - http-outgoing-0 >> "Content-Length: 4713[\r][\n]"
18:49:09.277 [agent-events] DEBUG io.sealights.dependencies.org.apache.hc.client5.http.wire - http-outgoing-0 >> "Content-Type: application/json; charset=UTF-8[\r][\n]"
18:49:09.277 [agent-events] DEBUG io.sealights.dependencies.org.apache.hc.client5.http.wire - http-outgoing-0 >> "Host: dev-ftv-gw.dev.sealights.co[\r][\n]"
18:49:09.278 [agent-events] DEBUG io.sealights.dependencies.org.apache.hc.client5.http.wire - http-outgoing-0 >> "Connection: keep-alive[\r][\n]"
18:49:09.278 [agent-events] DEBUG io.sealights.dependencies.org.apache.hc.client5.http.wire - http-outgoing-0 >> "User-Agent: Apache-HttpClient/5.0.3 (Java/11.0.12)[\r][\n]"
18:49:09.279 [agent-events] DEBUG io.sealights.dependencies.org.apache.hc.client5.http.wire - http-outgoing-0 >> "[\r][\n]"
18:49:09.280 [agent-events] DEBUG io.sealights.dependencies.org.apache.hc.client5.http.wire - http-outgoing-0 >> "{"agentId":"ee15a743-eae7-4437-821b-178f12002646","buildSessionId":"2a849179-9b6a-4f41-8607-e446150d655a","events":[{"type":1001,"utcTimestamp_ms":1670518149124,"data":{"agentInfo":{"technology":"Java","agentType":"Ftv","agentVersion":"4.0.0-SNAPSHOT","buildSessionId":"2a849179-9b6a-4f41-8607-e446150d655a","uniqueModuleId":"","appName":"gf-ftv-lab02","labId":"integ_puppet_038a_gfftvlab02","agentConfig":{"server":"https://dev-ftv-gw.dev.sealights.co/api","proxy":"null","buildSessionId":"2a849179-9b6a-4f41-8607-e446150d655a","token":"eyJhbGciOiJSUzUxMiIsInR5cCI6IkpXVCJ9.eyJpc3MiOiJodHRwczovL0RFVi1mdHYuYXV0aC5zZWFsaWdodHMuaW8vIiwiand0aWQiOiJERVYtZnR2LGktMGMxNjU4YjA0ZTljMDMwMzMsQVBJR1ctOTYzN2FjOGUtMzAyYy00YTk1LTkyZjItZGExNTFiNDljNDI0LDE2NzA0MjE2MzI1NDAiLCJzdWJqZWN0IjoiU2VhTGlnaHRzQGFnZW50IiwiYXVkaWVuY2UiOlsiYWdlbnRzIl0sIngtc2wtcm9sZSI6ImFnZW50IiwieC1zbC1zZXJ2ZXIiOiJodHRwczovL2Rldi1mdHYtZ3cuZGV2LnNlYWxpZ2h0cy5jby9hcGkiLCJzbF9pbXBlcl9zdWJqZWN0IjoiIiwiaWF0IjoxNjcwNDIxNjMyfQ.IyAO7_zibgusLv_pPwTwlBICvRwh7EbC7Ee-Zqmx6azkjaRYDb8olKjiWM_HeYFGnIIczAuWIurFUm-h9noPOzLp-0h-r6fu3Yt4utvF9b1NhQNtL9aLlJ4-h7kDZA7K5AN39Agx6DB_be9XLcLHnwANskq16xn-H6xOOqq-VFqrN98hUl_sRiHf0CKm6RbsumyF1byqZIizENT7unGfJc6tP0poNRgpJkue0UJklgT6HRT8bPi_7rJJgUAu6Vb0LhkCManH_CsllFMxSMBFMJWM-Zxvs5pKHmK1JcIuy08i0r0cJR1axLDtFXcx8Fn_u1dtpLMk-BZCUCOKxh-YXT651AjvCsHwX2JCqxlcD7aLaQIMC3mmq6Qie7YezILQ6_GYDu-oREVgQsN2eob2k0oiFloLn4AmJllq66GasP8Oq20MuHScWvop95McYiictsdHohkkb_z97UIj70LF49qNTJxy5ZGeY90vbZ34mFBfF7cTAXY47q5ReqpyokYx-DABpjFYgS-1i6x_e-4_3Zreni1-SOmueHhhFS_S9hC-gLXvJuiDwIDPaxR16eF_I-S4w0l0071ddqt_-8HgoQcfV85zOzpgHz7IjCfhDIUDB3eI_uwW523hV-4eCoM8ElRa7lCfhQlL2iwEn-623dVjEZI1cD2sfX3B1_efpQ4"},"tags":[],"processId":6323,"processArch":"x32","processSessionId":0,"argv":["./target/ftv-hello-app-0.0.1-SNAPSHOT.jar","-javaagent:java-agent-ftv-4.0.0-SNAPSHOT.jar=appname=gf-ftv-lab02,labId=integ_puppet_038a_gfftvlab02,packagesincluded=dev.futa.sealights*,workspacepath=.,token=eyJhbGciOiJSUzUxMiIsInR5cCI6IkpXVCJ9.eyJpc3MiOiJodHRwczovL0RFVi1mdHYuYXV0aC5zZWFsaWdodHMuaW8vIiwiand0aWQiOiJERVYtZnR2LGktMGMxNjU4YjA0ZTljMDMwMzMsQVBJR1ctOTYzN2FjOGUtMzAyYy00YTk1LTkyZjItZGExNTFiNDljNDI0LDE2NzA0MjE2MzI1NDAiLCJzdWJqZWN0IjoiU2VhTGlnaHRzQGFnZW50IiwiYXVkaWVuY2UiOlsiYWdlbnRzIl0sIngtc2wtcm9sZSI6ImFnZW50IiwieC1zbC1zZXJ2ZXIiOiJodHRwczovL2Rldi1mdHYtZ3cuZGV2LnNlYWxpZ2h0cy5jby9hcGkiLCJzbF9pbXBlcl9zdWJqZWN0IjoiIiwiaWF0IjoxNjcwNDIxNjMyfQ.IyAO7_zibgusLv_pPwTwlBICvRwh7EbC7Ee-Zqmx6azkjaRYDb8olKjiWM_HeYFGnIIczAuWIurFUm-h9noPOzLp-0h-r6fu3Yt4utvF9b1NhQNtL9aLlJ4-h7kDZA7K5AN39Agx6DB_be9XLcLHnwANskq16xn-H6xOOqq-VFqrN98hUl_sRiHf0CKm6RbsumyF1byqZIizENT7unGfJc6tP0poNRgpJkue0UJklgT6HRT8bPi_7rJJgUAu6Vb0LhkCManH_CsllFMxSMBFMJWM-Zxvs5pKHmK1JcIuy08i0r0cJR1axLDtFXcx8Fn_u1dtpLMk-BZCUCOKxh-YXT651AjvCsHwX2JCqxlcD7aLaQIMC3mmq6Qie7YezILQ6_GYDu-oREVgQsN2eob2k0oiFloLn4AmJllq66GasP8Oq20MuHScWvop95McYiictsdHohkkb_z97UIj70LF49qNTJxy5ZGeY90vbZ34mFBfF7cTAXY47q5ReqpyokYx-DABpjFYgS-1i6x_e-4_3Zreni1-SOmueHhhFS_S9hC-gLXvJuiDwIDPaxR16eF_I-S4w0l0071ddqt_-8HgoQcfV85zOzpgHz7IjCfhDIUDB3eI_uwW523hV-4eCoM8ElRa7lCfhQlL2iwEn-623dVjEZI1cD2sfX3B1_efpQ4","-Dsl.includes=dev.futa.sealights*"],"cwd":"/mnt/c/projekty/sealigths/ftv-hello-app/deployments","envVars":{"path":"/home/gfuta/.sdkman/candidates/java/11.0.12-open/bin:/usr/local/sbin:/usr/local/bin:/usr/sbin:/usr/bin:/sbin:/bin:/usr/games:/usr/local/games:/usr/lib/wsl/lib:/mnt/c/Program Files (x86)/jdk/bin:/mnt/c/Program Files/Git/cmd:/mnt/c/Windows/system32:/mnt/c/Windows:/mnt/c/Windows/System32/Wbem:/mnt/c/Windows/System32/WindowsPowerShell/v1.0/:/mnt/c/Windows/System32/OpenSSH/:/mnt/c/Program Files/dotnet/:/mnt/c/Program Files (x86)/NVIDIA Corporation/PhysX/Common:/mnt/c/Program Files/Git/cmd:/mnt/c/Users/grzeg/AppData/Local/Microsoft/WindowsApps:/mnt/c/Program Files/JetBrains/IntelliJ IDEA 2022.2.3/bin:/mnt/c/programy/jvms_v2.1.1_386:/mnt/c/programy/apache-maven-3.8.6/bin:/mnt/c/Users/grzeg/AppData/Roaming/nvm:/mnt/c/Program Files/nodejs:/mnt/c/Program Files/Docker/Docker/resources/bin:/mnt/c/programy/gradle-7.6/bin:/mnt/c/Users/grzeg/AppData/Roaming/npm:/mnt/c/Program Files/JetBrains/DataGrip 2022.2.5/bin:/snap/bin"},"tools":[],"sendsPing":true},"machineInfo":{"machineName":"hajfa","arch":"amd64","os":"Linux","localDateTime":"2022-12-08T18:49:09+0200","localDateTimeUnix_s":1670525349172,"ipAddress":["fe80:0:0:0:215:5dff:fe94:6fe6%eth0","192.168.81.55","0:0:0:0:0:0:0:1%lo","127.0.0.1"]},"techSpecificInfo":{"javaVendor":"Oracle Corporation","javaVersion":"11.0.12","jvmName":"OpenJDK 64-Bit Server VM","systemProps":{"sl.includes":"dev.futa.sealights*"}},"ciInfo":{"jobName":null,"jobId":null,"jobUrl":null,"partialData":true},"pingData":{"agentInfo":null,"avgCpuLoad":0,"freeRam_KB":238423,"labId":null}}}]}"
java.lang.RuntimeException: java.lang.IllegalArgumentException: Unsupported class file major version 2056
java.lang.RuntimeException: java.lang.IllegalArgumentException: Unsupported class file major version 2056
18:49:09.451 [main] DEBUG ClassMappingBuilder - Created classes mapping:
18:49:09.455 [main] DEBUG SLHttpClient - [To BUILD_MAPPING] - attempt '#1' out of '12, url:'https://dev-ftv-gw.dev.sealights.co/api/v5/agents/build-sessions/2a849179-9b6a-4f41-8607-e446150d655a/buildend'
18:49:09.457 [main] INFO SLHttpClient - [To BUILD_MAPPING] - sending POST, url:'https://dev-ftv-gw.dev.sealights.co/api/v5/agents/build-sessions/2a849179-9b6a-4f41-8607-e446150d655a/buildend', token: ...X3B1_efpQ4', body:'{"agentId":"ee15a743-eae7-4437-821b-178f12002646","partsCount":1,"labId":"integ_puppet_038a_gfftvlab02","status":{"success":true,"message":"n00p","duration":261}}''
18:49:09.458 [main] DEBUG io.sealights.dependencies.org.apache.hc.client5.http.impl.classic.InternalHttpClient - ex-00000004: preparing request execution
18:49:09.459 [main] DEBUG io.sealights.dependencies.org.apache.hc.client5.http.protocol.RequestAddCookies - Cookie spec selected: strict
18:49:09.460 [main] DEBUG io.sealights.dependencies.org.apache.hc.client5.http.protocol.RequestAuthCache - Auth cache not set in the context
18:49:09.460 [main] DEBUG io.sealights.dependencies.org.apache.hc.client5.http.impl.classic.ProtocolExec - ex-00000004: proxy auth state: UNCHALLENGED
18:49:09.461 [main] DEBUG io.sealights.dependencies.org.apache.hc.client5.http.impl.classic.ConnectExec - ex-00000004: acquiring connection with route {s}->https://dev-ftv-gw.dev.sealights.co:443
18:49:09.462 [main] DEBUG io.sealights.dependencies.org.apache.hc.client5.http.impl.classic.InternalHttpClient - ex-00000004: acquiring endpoint (20000 MILLISECONDS)
18:49:09.463 [main] DEBUG io.sealights.dependencies.org.apache.hc.client5.http.impl.io.PoolingHttpClientConnectionManager - ex-00000004: endpoint lease request (20000 MILLISECONDS) [route: {s}->https://dev-ftv-gw.dev.sealights.co:443][total available: 0; route allocated: 1 of 5; total allocated: 1 of 25]
18:49:09.463 [main] DEBUG io.sealights.dependencies.org.apache.hc.client5.http.impl.io.PoolingHttpClientConnectionManager - ex-00000004: endpoint leased [route: {s}->https://dev-ftv-gw.dev.sealights.co:443][total available: 0; route allocated: 2 of 5; total allocated: 2 of 25]
18:49:09.464 [main] DEBUG io.sealights.dependencies.org.apache.hc.client5.http.impl.io.PoolingHttpClientConnectionManager - ex-00000004: acquired ep-00000003
18:49:09.464 [main] DEBUG io.sealights.dependencies.org.apache.hc.client5.http.impl.classic.InternalHttpClient - ex-00000004: acquired endpoint ep-00000003
18:49:09.465 [main] DEBUG io.sealights.dependencies.org.apache.hc.client5.http.impl.classic.ConnectExec - ex-00000004: opening connection {s}->https://dev-ftv-gw.dev.sealights.co:443
18:49:09.465 [main] DEBUG io.sealights.dependencies.org.apache.hc.client5.http.impl.classic.InternalHttpClient - ep-00000003: connecting endpoint (10000 MILLISECONDS)
18:49:09.466 [main] DEBUG io.sealights.dependencies.org.apache.hc.client5.http.impl.io.PoolingHttpClientConnectionManager - ep-00000003: connecting endpoint to https://dev-ftv-gw.dev.sealights.co:443 (10000 MILLISECONDS)
18:49:09.466 [main] DEBUG io.sealights.dependencies.org.apache.hc.client5.http.impl.io.DefaultHttpClientConnectionOperator - http-outgoing-1: connecting to dev-ftv-gw.dev.sealights.co/34.250.231.255:443
18:49:09.467 [main] DEBUG io.sealights.dependencies.org.apache.hc.client5.http.ssl.SSLConnectionSocketFactory - Connecting socket to dev-ftv-gw.dev.sealights.co/34.250.231.255:443 with timeout 10000 MILLISECONDS
18:49:09.632 [agent-events] DEBUG io.sealights.dependencies.org.apache.hc.client5.http.wire - http-outgoing-0 << "HTTP/1.1 200 OK[\r][\n]"
18:49:09.633 [agent-events] DEBUG io.sealights.dependencies.org.apache.hc.client5.http.wire - http-outgoing-0 << "Access-Control-Expose-Headers: api-version,content-length,content-md5,content-type,date,request-id,response-time[\r][\n]"
18:49:09.634 [agent-events] DEBUG io.sealights.dependencies.org.apache.hc.client5.http.wire - http-outgoing-0 << "Date: Thu, 08 Dec 2022 16:49:09 GMT[\r][\n]"
18:49:09.635 [agent-events] DEBUG io.sealights.dependencies.org.apache.hc.client5.http.wire - http-outgoing-0 << "Vary: Origin[\r][\n]"
18:49:09.636 [agent-events] DEBUG io.sealights.dependencies.org.apache.hc.client5.http.wire - http-outgoing-0 << "X-Powered-By: Express[\r][\n]"
18:49:09.636 [agent-events] DEBUG io.sealights.dependencies.org.apache.hc.client5.http.wire - http-outgoing-0 << "X-Request-Id: c20d681b-f7eb-42d5-94b2-5c383b140af4[\r][\n]"
18:49:09.637 [agent-events] DEBUG io.sealights.dependencies.org.apache.hc.client5.http.wire - http-outgoing-0 << "x-sl-txid: APIGW-c20d681b-f7eb-42d5-94b2-5c383b140af4[\r][\n]"
18:49:09.638 [agent-events] DEBUG io.sealights.dependencies.org.apache.hc.client5.http.wire - http-outgoing-0 << "Content-Length: 0[\r][\n]"
18:49:09.639 [agent-events] DEBUG io.sealights.dependencies.org.apache.hc.client5.http.wire - http-outgoing-0 << "Connection: keep-alive[\r][\n]"
18:49:09.639 [agent-events] DEBUG io.sealights.dependencies.org.apache.hc.client5.http.wire - http-outgoing-0 << "[\r][\n]"
18:49:09.640 [agent-events] DEBUG io.sealights.dependencies.org.apache.hc.client5.http.headers - http-outgoing-0 << HTTP/1.1 200 OK
18:49:09.641 [agent-events] DEBUG io.sealights.dependencies.org.apache.hc.client5.http.headers - http-outgoing-0 << Access-Control-Expose-Headers: api-version,content-length,content-md5,content-type,date,request-id,response-time
18:49:09.641 [agent-events] DEBUG io.sealights.dependencies.org.apache.hc.client5.http.headers - http-outgoing-0 << Date: Thu, 08 Dec 2022 16:49:09 GMT
18:49:09.642 [agent-events] DEBUG io.sealights.dependencies.org.apache.hc.client5.http.headers - http-outgoing-0 << Vary: Origin
18:49:09.643 [agent-events] DEBUG io.sealights.dependencies.org.apache.hc.client5.http.headers - http-outgoing-0 << X-Powered-By: Express
18:49:09.643 [agent-events] DEBUG io.sealights.dependencies.org.apache.hc.client5.http.headers - http-outgoing-0 << X-Request-Id: c20d681b-f7eb-42d5-94b2-5c383b140af4
18:49:09.644 [agent-events] DEBUG io.sealights.dependencies.org.apache.hc.client5.http.headers - http-outgoing-0 << x-sl-txid: APIGW-c20d681b-f7eb-42d5-94b2-5c383b140af4
18:49:09.645 [agent-events] DEBUG io.sealights.dependencies.org.apache.hc.client5.http.headers - http-outgoing-0 << Content-Length: 0
18:49:09.645 [agent-events] DEBUG io.sealights.dependencies.org.apache.hc.client5.http.headers - http-outgoing-0 << Connection: keep-alive
18:49:09.646 [agent-events] DEBUG io.sealights.dependencies.org.apache.hc.client5.http.impl.classic.MainClientExec - ex-00000003: connection can be kept alive for 3 MINUTES
18:49:09.647 [agent-events] DEBUG io.sealights.dependencies.org.apache.hc.client5.http.impl.classic.InternalHttpClient - ep-00000002: releasing valid endpoint
18:49:09.647 [agent-events] DEBUG io.sealights.dependencies.org.apache.hc.client5.http.impl.io.PoolingHttpClientConnectionManager - ep-00000002: releasing endpoint
18:49:09.648 [agent-events] DEBUG io.sealights.dependencies.org.apache.hc.client5.http.impl.io.PoolingHttpClientConnectionManager - ep-00000002: connection http-outgoing-0 can be kept alive for 3 MINUTES
18:49:09.649 [agent-events] DEBUG io.sealights.dependencies.org.apache.hc.client5.http.impl.io.PoolingHttpClientConnectionManager - ep-00000002: connection released [route: {s}->https://dev-ftv-gw.dev.sealights.co:443][total available: 1; route allocated: 2 of 5; total allocated: 2 of 25]
18:49:09.650 [agent-events] INFO SLHttpClient - [From ES] - responsed POST url:'https://dev-ftv-gw.dev.sealights.co/api/v3/agents/agent-events', status:200, message:null', body:'''
18:49:09.650 [agent-events] INFO SLHttpClient - [From ES] - responsed POST url:'https://dev-ftv-gw.dev.sealights.co/api/v3/agents/agent-events', status:200, message:null', body:'''
18:49:09.650 [main] DEBUG io.sealights.dependencies.org.apache.hc.client5.http.ssl.SSLConnectionSocketFactory - Enabled protocols: [TLSv1.3, TLSv1.2]
18:49:09.651 [agent-events] DEBUG AgentEventServiceHandler - sent successfully event(s):[AGENT_STARTED(1001)], agent:'Ftv'
18:49:09.651 [main] DEBUG io.sealights.dependencies.org.apache.hc.client5.http.ssl.SSLConnectionSocketFactory - Enabled cipher suites: [TLS_AES_128_GCM_SHA256, TLS_AES_256_GCM_SHA384, TLS_ECDHE_ECDSA_WITH_AES_256_GCM_SHA384, TLS_ECDHE_ECDSA_WITH_AES_128_GCM_SHA256, TLS_ECDHE_RSA_WITH_AES_256_GCM_SHA384, TLS_RSA_WITH_AES_256_GCM_SHA384, TLS_ECDH_ECDSA_WITH_AES_256_GCM_SHA384, TLS_ECDH_RSA_WITH_AES_256_GCM_SHA384, TLS_DHE_RSA_WITH_AES_256_GCM_SHA384, TLS_DHE_DSS_WITH_AES_256_GCM_SHA384, TLS_ECDHE_RSA_WITH_AES_128_GCM_SHA256, TLS_RSA_WITH_AES_128_GCM_SHA256, TLS_ECDH_ECDSA_WITH_AES_128_GCM_SHA256, TLS_ECDH_RSA_WITH_AES_128_GCM_SHA256, TLS_DHE_RSA_WITH_AES_128_GCM_SHA256, TLS_DHE_DSS_WITH_AES_128_GCM_SHA256, TLS_ECDHE_ECDSA_WITH_AES_256_CBC_SHA384, TLS_ECDHE_RSA_WITH_AES_256_CBC_SHA384, TLS_RSA_WITH_AES_256_CBC_SHA256, TLS_ECDH_ECDSA_WITH_AES_256_CBC_SHA384, TLS_ECDH_RSA_WITH_AES_256_CBC_SHA384, TLS_DHE_RSA_WITH_AES_256_CBC_SHA256, TLS_DHE_DSS_WITH_AES_256_CBC_SHA256, TLS_ECDHE_ECDSA_WITH_AES_256_CBC_SHA, TLS_ECDHE_RSA_WITH_AES_256_CBC_SHA, TLS_RSA_WITH_AES_256_CBC_SHA, TLS_ECDH_ECDSA_WITH_AES_256_CBC_SHA, TLS_ECDH_RSA_WITH_AES_256_CBC_SHA, TLS_DHE_RSA_WITH_AES_256_CBC_SHA, TLS_DHE_DSS_WITH_AES_256_CBC_SHA, TLS_ECDHE_ECDSA_WITH_AES_128_CBC_SHA256, TLS_ECDHE_RSA_WITH_AES_128_CBC_SHA256, TLS_RSA_WITH_AES_128_CBC_SHA256, TLS_ECDH_ECDSA_WITH_AES_128_CBC_SHA256, TLS_ECDH_RSA_WITH_AES_128_CBC_SHA256, TLS_DHE_RSA_WITH_AES_128_CBC_SHA256, TLS_DHE_DSS_WITH_AES_128_CBC_SHA256, TLS_ECDHE_ECDSA_WITH_AES_128_CBC_SHA, TLS_ECDHE_RSA_WITH_AES_128_CBC_SHA, TLS_RSA_WITH_AES_128_CBC_SHA, TLS_ECDH_ECDSA_WITH_AES_128_CBC_SHA, TLS_ECDH_RSA_WITH_AES_128_CBC_SHA, TLS_DHE_RSA_WITH_AES_128_CBC_SHA, TLS_DHE_DSS_WITH_AES_128_CBC_SHA, TLS_EMPTY_RENEGOTIATION_INFO_SCSV]
18:49:09.652 [main] DEBUG io.sealights.dependencies.org.apache.hc.client5.http.ssl.SSLConnectionSocketFactory - Starting handshake
18:49:10.474 [main] DEBUG io.sealights.dependencies.org.apache.hc.client5.http.ssl.SSLConnectionSocketFactory - Secure session established
18:49:10.475 [main] DEBUG io.sealights.dependencies.org.apache.hc.client5.http.ssl.SSLConnectionSocketFactory -  negotiated protocol: TLSv1.2
18:49:10.475 [main] DEBUG io.sealights.dependencies.org.apache.hc.client5.http.ssl.SSLConnectionSocketFactory -  negotiated cipher suite: TLS_ECDHE_RSA_WITH_AES_128_GCM_SHA256
18:49:10.476 [main] DEBUG io.sealights.dependencies.org.apache.hc.client5.http.ssl.SSLConnectionSocketFactory -  peer principal: CN=*.dev.sealights.co
18:49:10.477 [main] DEBUG io.sealights.dependencies.org.apache.hc.client5.http.ssl.SSLConnectionSocketFactory -  peer alternative names: [*.dev.sealights.co]
18:49:10.478 [main] DEBUG io.sealights.dependencies.org.apache.hc.client5.http.ssl.SSLConnectionSocketFactory -  issuer principal: CN=Amazon, OU=Server CA 1B, O=Amazon, C=US
18:49:10.478 [main] DEBUG io.sealights.dependencies.org.apache.hc.client5.http.impl.io.DefaultHttpClientConnectionOperator - http-outgoing-1: connection established 192.168.81.55:57968<->34.250.231.255:443
18:49:10.479 [main] DEBUG io.sealights.dependencies.org.apache.hc.client5.http.impl.io.PoolingHttpClientConnectionManager - ep-00000003: connected http-outgoing-1
18:49:10.479 [main] DEBUG io.sealights.dependencies.org.apache.hc.client5.http.impl.classic.InternalHttpClient - ep-00000003: endpoint connected
18:49:10.480 [main] DEBUG io.sealights.dependencies.org.apache.hc.client5.http.impl.classic.MainClientExec - ex-00000004: executing POST /api/v5/agents/build-sessions/2a849179-9b6a-4f41-8607-e446150d655a/buildend HTTP/1.1
18:49:10.480 [main] DEBUG io.sealights.dependencies.org.apache.hc.client5.http.impl.classic.InternalHttpClient - ep-00000003: start execution ex-00000004
18:49:10.481 [main] DEBUG io.sealights.dependencies.org.apache.hc.client5.http.impl.io.PoolingHttpClientConnectionManager - ep-00000003: executing exchange ex-00000004 over http-outgoing-1
18:49:10.481 [main] DEBUG io.sealights.dependencies.org.apache.hc.client5.http.headers - http-outgoing-1 >> POST /api/v5/agents/build-sessions/2a849179-9b6a-4f41-8607-e446150d655a/buildend HTTP/1.1
18:49:10.482 [main] DEBUG io.sealights.dependencies.org.apache.hc.client5.http.headers - http-outgoing-1 >> Authorization: Bearer eyJhbGciOiJSUzUxMiIsInR5cCI6IkpXVCJ9.eyJpc3MiOiJodHRwczovL0RFVi1mdHYuYXV0aC5zZWFsaWdodHMuaW8vIiwiand0aWQiOiJERVYtZnR2LGktMGMxNjU4YjA0ZTljMDMwMzMsQVBJR1ctOTYzN2FjOGUtMzAyYy00YTk1LTkyZjItZGExNTFiNDljNDI0LDE2NzA0MjE2MzI1NDAiLCJzdWJqZWN0IjoiU2VhTGlnaHRzQGFnZW50IiwiYXVkaWVuY2UiOlsiYWdlbnRzIl0sIngtc2wtcm9sZSI6ImFnZW50IiwieC1zbC1zZXJ2ZXIiOiJodHRwczovL2Rldi1mdHYtZ3cuZGV2LnNlYWxpZ2h0cy5jby9hcGkiLCJzbF9pbXBlcl9zdWJqZWN0IjoiIiwiaWF0IjoxNjcwNDIxNjMyfQ.IyAO7_zibgusLv_pPwTwlBICvRwh7EbC7Ee-Zqmx6azkjaRYDb8olKjiWM_HeYFGnIIczAuWIurFUm-h9noPOzLp-0h-r6fu3Yt4utvF9b1NhQNtL9aLlJ4-h7kDZA7K5AN39Agx6DB_be9XLcLHnwANskq16xn-H6xOOqq-VFqrN98hUl_sRiHf0CKm6RbsumyF1byqZIizENT7unGfJc6tP0poNRgpJkue0UJklgT6HRT8bPi_7rJJgUAu6Vb0LhkCManH_CsllFMxSMBFMJWM-Zxvs5pKHmK1JcIuy08i0r0cJR1axLDtFXcx8Fn_u1dtpLMk-BZCUCOKxh-YXT651AjvCsHwX2JCqxlcD7aLaQIMC3mmq6Qie7YezILQ6_GYDu-oREVgQsN2eob2k0oiFloLn4AmJllq66GasP8Oq20MuHScWvop95McYiictsdHohkkb_z97UIj70LF49qNTJxy5ZGeY90vbZ34mFBfF7cTAXY47q5ReqpyokYx-DABpjFYgS-1i6x_e-4_3Zreni1-SOmueHhhFS_S9hC-gLXvJuiDwIDPaxR16eF_I-S4w0l0071ddqt_-8HgoQcfV85zOzpgHz7IjCfhDIUDB3eI_uwW523hV-4eCoM8ElRa7lCfhQlL2iwEn-623dVjEZI1cD2sfX3B1_efpQ4
18:49:10.482 [main] DEBUG io.sealights.dependencies.org.apache.hc.client5.http.headers - http-outgoing-1 >> Content-Length: 162
18:49:10.482 [main] DEBUG io.sealights.dependencies.org.apache.hc.client5.http.headers - http-outgoing-1 >> Content-Type: application/json; charset=UTF-8
18:49:10.482 [main] DEBUG io.sealights.dependencies.org.apache.hc.client5.http.headers - http-outgoing-1 >> Host: dev-ftv-gw.dev.sealights.co
18:49:10.483 [main] DEBUG io.sealights.dependencies.org.apache.hc.client5.http.headers - http-outgoing-1 >> Connection: keep-alive
18:49:10.483 [main] DEBUG io.sealights.dependencies.org.apache.hc.client5.http.headers - http-outgoing-1 >> User-Agent: Apache-HttpClient/5.0.3 (Java/11.0.12)
18:49:10.483 [main] DEBUG io.sealights.dependencies.org.apache.hc.client5.http.wire - http-outgoing-1 >> "POST /api/v5/agents/build-sessions/2a849179-9b6a-4f41-8607-e446150d655a/buildend HTTP/1.1[\r][\n]"
18:49:10.484 [main] DEBUG io.sealights.dependencies.org.apache.hc.client5.http.wire - http-outgoing-1 >> "Authorization: Bearer eyJhbGciOiJSUzUxMiIsInR5cCI6IkpXVCJ9.eyJpc3MiOiJodHRwczovL0RFVi1mdHYuYXV0aC5zZWFsaWdodHMuaW8vIiwiand0aWQiOiJERVYtZnR2LGktMGMxNjU4YjA0ZTljMDMwMzMsQVBJR1ctOTYzN2FjOGUtMzAyYy00YTk1LTkyZjItZGExNTFiNDljNDI0LDE2NzA0MjE2MzI1NDAiLCJzdWJqZWN0IjoiU2VhTGlnaHRzQGFnZW50IiwiYXVkaWVuY2UiOlsiYWdlbnRzIl0sIngtc2wtcm9sZSI6ImFnZW50IiwieC1zbC1zZXJ2ZXIiOiJodHRwczovL2Rldi1mdHYtZ3cuZGV2LnNlYWxpZ2h0cy5jby9hcGkiLCJzbF9pbXBlcl9zdWJqZWN0IjoiIiwiaWF0IjoxNjcwNDIxNjMyfQ.IyAO7_zibgusLv_pPwTwlBICvRwh7EbC7Ee-Zqmx6azkjaRYDb8olKjiWM_HeYFGnIIczAuWIurFUm-h9noPOzLp-0h-r6fu3Yt4utvF9b1NhQNtL9aLlJ4-h7kDZA7K5AN39Agx6DB_be9XLcLHnwANskq16xn-H6xOOqq-VFqrN98hUl_sRiHf0CKm6RbsumyF1byqZIizENT7unGfJc6tP0poNRgpJkue0UJklgT6HRT8bPi_7rJJgUAu6Vb0LhkCManH_CsllFMxSMBFMJWM-Zxvs5pKHmK1JcIuy08i0r0cJR1axLDtFXcx8Fn_u1dtpLMk-BZCUCOKxh-YXT651AjvCsHwX2JCqxlcD7aLaQIMC3mmq6Qie7YezILQ6_GYDu-oREVgQsN2eob2k0oiFloLn4AmJllq66GasP8Oq20MuHScWvop95McYiictsdHohkkb_z97UIj70LF49qNTJxy5ZGeY90vbZ34mFBfF7cTAXY47q5ReqpyokYx-DABpjFYgS-1i6x_e-4_3Zreni1-SOmueHhhFS_S9hC-gLXvJuiDwIDPaxR16eF_I-S4w0l0071ddqt_-8HgoQcfV85zOzpgHz7IjCfhDIUDB3eI_uwW523hV-4eCoM8ElRa7lCfhQlL2iwEn-623dVjEZI1cD2sfX3B1_efpQ4[\r][\n]"
18:49:10.484 [main] DEBUG io.sealights.dependencies.org.apache.hc.client5.http.wire - http-outgoing-1 >> "Content-Length: 162[\r][\n]"
18:49:10.484 [main] DEBUG io.sealights.dependencies.org.apache.hc.client5.http.wire - http-outgoing-1 >> "Content-Type: application/json; charset=UTF-8[\r][\n]"
18:49:10.485 [main] DEBUG io.sealights.dependencies.org.apache.hc.client5.http.wire - http-outgoing-1 >> "Host: dev-ftv-gw.dev.sealights.co[\r][\n]"
18:49:10.485 [main] DEBUG io.sealights.dependencies.org.apache.hc.client5.http.wire - http-outgoing-1 >> "Connection: keep-alive[\r][\n]"
18:49:10.485 [main] DEBUG io.sealights.dependencies.org.apache.hc.client5.http.wire - http-outgoing-1 >> "User-Agent: Apache-HttpClient/5.0.3 (Java/11.0.12)[\r][\n]"
18:49:10.485 [main] DEBUG io.sealights.dependencies.org.apache.hc.client5.http.wire - http-outgoing-1 >> "[\r][\n]"
18:49:10.486 [main] DEBUG io.sealights.dependencies.org.apache.hc.client5.http.wire - http-outgoing-1 >> "{"agentId":"ee15a743-eae7-4437-821b-178f12002646","partsCount":1,"labId":"integ_puppet_038a_gfftvlab02","status":{"success":true,"message":"n00p","duration":261}}"
18:49:10.862 [main] DEBUG io.sealights.dependencies.org.apache.hc.client5.http.wire - http-outgoing-1 << "HTTP/1.1 200 OK[\r][\n]"
18:49:10.864 [main] DEBUG io.sealights.dependencies.org.apache.hc.client5.http.wire - http-outgoing-1 << "Access-Control-Expose-Headers: api-version,content-length,content-md5,content-type,date,request-id,response-time[\r][\n]"
18:49:10.865 [main] DEBUG io.sealights.dependencies.org.apache.hc.client5.http.wire - http-outgoing-1 << "Date: Thu, 08 Dec 2022 16:49:11 GMT[\r][\n]"
18:49:10.866 [main] DEBUG io.sealights.dependencies.org.apache.hc.client5.http.wire - http-outgoing-1 << "ETag: W/"0-2jmj7l5rSw0yVb/vlWAYkK/YBwk"[\r][\n]"
18:49:10.868 [main] DEBUG io.sealights.dependencies.org.apache.hc.client5.http.wire - http-outgoing-1 << "Vary: Origin[\r][\n]"
18:49:10.869 [main] DEBUG io.sealights.dependencies.org.apache.hc.client5.http.wire - http-outgoing-1 << "X-Powered-By: Express[\r][\n]"
18:49:10.870 [main] DEBUG io.sealights.dependencies.org.apache.hc.client5.http.wire - http-outgoing-1 << "X-Request-Id: 7e09b390-1ad9-431b-9bcc-659de934d10c[\r][\n]"
18:49:10.871 [main] DEBUG io.sealights.dependencies.org.apache.hc.client5.http.wire - http-outgoing-1 << "x-sl-txid: APIGW-7e09b390-1ad9-431b-9bcc-659de934d10c[\r][\n]"
18:49:10.871 [main] DEBUG io.sealights.dependencies.org.apache.hc.client5.http.wire - http-outgoing-1 << "Content-Length: 0[\r][\n]"
18:49:10.872 [main] DEBUG io.sealights.dependencies.org.apache.hc.client5.http.wire - http-outgoing-1 << "Connection: keep-alive[\r][\n]"
18:49:10.873 [main] DEBUG io.sealights.dependencies.org.apache.hc.client5.http.wire - http-outgoing-1 << "[\r][\n]"
18:49:10.874 [main] DEBUG io.sealights.dependencies.org.apache.hc.client5.http.headers - http-outgoing-1 << HTTP/1.1 200 OK
18:49:10.875 [main] DEBUG io.sealights.dependencies.org.apache.hc.client5.http.headers - http-outgoing-1 << Access-Control-Expose-Headers: api-version,content-length,content-md5,content-type,date,request-id,response-time
18:49:10.876 [main] DEBUG io.sealights.dependencies.org.apache.hc.client5.http.headers - http-outgoing-1 << Date: Thu, 08 Dec 2022 16:49:11 GMT
18:49:10.876 [main] DEBUG io.sealights.dependencies.org.apache.hc.client5.http.headers - http-outgoing-1 << ETag: W/"0-2jmj7l5rSw0yVb/vlWAYkK/YBwk"
18:49:10.877 [main] DEBUG io.sealights.dependencies.org.apache.hc.client5.http.headers - http-outgoing-1 << Vary: Origin
18:49:10.878 [main] DEBUG io.sealights.dependencies.org.apache.hc.client5.http.headers - http-outgoing-1 << X-Powered-By: Express
18:49:10.878 [main] DEBUG io.sealights.dependencies.org.apache.hc.client5.http.headers - http-outgoing-1 << X-Request-Id: 7e09b390-1ad9-431b-9bcc-659de934d10c
18:49:10.879 [main] DEBUG io.sealights.dependencies.org.apache.hc.client5.http.headers - http-outgoing-1 << x-sl-txid: APIGW-7e09b390-1ad9-431b-9bcc-659de934d10c
18:49:10.880 [main] DEBUG io.sealights.dependencies.org.apache.hc.client5.http.headers - http-outgoing-1 << Content-Length: 0
18:49:10.880 [main] DEBUG io.sealights.dependencies.org.apache.hc.client5.http.headers - http-outgoing-1 << Connection: keep-alive
18:49:10.881 [main] DEBUG io.sealights.dependencies.org.apache.hc.client5.http.impl.classic.MainClientExec - ex-00000004: connection can be kept alive for 3 MINUTES
18:49:10.882 [main] DEBUG io.sealights.dependencies.org.apache.hc.client5.http.impl.classic.InternalHttpClient - ep-00000003: releasing valid endpoint
18:49:10.883 [main] DEBUG io.sealights.dependencies.org.apache.hc.client5.http.impl.io.PoolingHttpClientConnectionManager - ep-00000003: releasing endpoint
18:49:10.883 [main] DEBUG io.sealights.dependencies.org.apache.hc.client5.http.impl.io.PoolingHttpClientConnectionManager - ep-00000003: connection http-outgoing-1 can be kept alive for 3 MINUTES
18:49:10.884 [main] DEBUG io.sealights.dependencies.org.apache.hc.client5.http.impl.io.PoolingHttpClientConnectionManager - ep-00000003: connection released [route: {s}->https://dev-ftv-gw.dev.sealights.co:443][total available: 2; route allocated: 2 of 5; total allocated: 2 of 25]
18:49:10.885 [main] INFO SLHttpClient - [From BUILD_MAPPING] - responsed POST url:'https://dev-ftv-gw.dev.sealights.co/api/v5/agents/build-sessions/2a849179-9b6a-4f41-8607-e446150d655a/buildend', status:200, message:null', body:'''
18:49:10.886 [main] INFO SLHttpClient - [From BUILD_MAPPING] - responsed POST url:'https://dev-ftv-gw.dev.sealights.co/api/v5/agents/build-sessions/2a849179-9b6a-4f41-8607-e446150d655a/buildend', status:200, message:null', body:'''
18:49:10.938 [main] INFO ROOT - SL-Logging for Agent [version='4.0.0-SNAPSHOT'] [AgentID='ee15a743-eae7-4437-821b-178f12002646'] started with configuration: (appendToConsole=false, appendToFile=false, sendIntervalMins=0, sendLogsOnShutdown=false, logFileName=sl-java-agent, logsFolder=logs, fileCount=10, logLimitInMB=10, logLevel=off, sendMaxEntries=10)
18:49:06,335 |-INFO in io.sealights.dependencies.ch.qos.logback.classic.LoggerContext[default] - Could NOT find resource [logback-test.xml]
18:49:06,336 |-INFO in io.sealights.dependencies.ch.qos.logback.classic.LoggerContext[default] - Could NOT find resource [logback.groovy]
18:49:06,336 |-INFO in io.sealights.dependencies.ch.qos.logback.classic.LoggerContext[default] - Could NOT find resource [logback.xml]
18:49:06,348 |-INFO in io.sealights.dependencies.ch.qos.logback.classic.BasicConfigurator@3af17be2 - Setting up default configuration.

18:49:10.966 [main] DEBUG SLHttpClient - [To BSS] - attempt '#1' out of '5, url:'https://dev-ftv-gw.dev.sealights.co/api/v2/agents/buildsession/2a849179-9b6a-4f41-8607-e446150d655a'
18:49:10.966 [main] INFO SLHttpClient - [To BSS] - sending GET, url:'https://dev-ftv-gw.dev.sealights.co/api/v2/agents/buildsession/2a849179-9b6a-4f41-8607-e446150d655a', token: ...X3B1_efpQ4''
18:49:11.312 [main] INFO SLHttpClient - [From BSS] - responsed GET url:'https://dev-ftv-gw.dev.sealights.co/api/v2/agents/buildsession/2a849179-9b6a-4f41-8607-e446150d655a', status:200, message:null', body:'{"customerId":"SeaLights","checksum":"bb843641-7129-4b31-8027-a3aaab6879ff","appName":"gf-ftv-lab02","branchName":"puppet","buildName":"Thu, 08 Dec 2022 16:49:09 GMT","buildSessionId":"2a849179-9b6a-4f41-8607-e446150d655a","buildSessionType":"BUILD","created":1670518149124,"lab":{"labId":"integ_puppet_038a_gfftvlab02","appName":"gf-ftv-lab02","branchName":"puppet","testEnv":null,"labAlias":"gf-ftv-lab02","isMultiLab":false,"isFtv":true},"trackingId":"APIGW-750c5630-6eba-4801-9063-8a6e92e98980"}''
18:49:11.330 [main] INFO SLHttpClient - [From BSS] - responsed GET url:'https://dev-ftv-gw.dev.sealights.co/api/v2/agents/buildsession/2a849179-9b6a-4f41-8607-e446150d655a', status:200, message:null', body:'{"customerId":"SeaLights","checksum":"bb843641-7129-4b31-8027-a3aaab6879ff","appName":"gf-ftv-lab02","branchName":"puppet","buildName":"Thu, 08 Dec 2022 16:49:09 GMT","buildSessionId":"2a849179-9b6a-4f41-8607-e446150d655a","buildSessionType":"BUILD","created":1670518149124,"lab":{"labId":"integ_puppet_038a_gfftvlab02","appName":"gf-ftv-lab02","branchName":"puppet","testEnv":null,"labAlias":"gf-ftv-lab02","isMultiLab":false,"isFtv":true},"trackingId":"APIGW-750c5630-6eba-4801-9063-8a6e92e98980"}''
18:49:11.345 [main] INFO SLHttpClient - [To CS] - sending GET, url:'https://dev-ftv-gw.dev.sealights.co/api/v3/config?agentId=ee15a743-eae7-4437-821b-178f12002646&buildName=Thu%2C+08+Dec+2022+16%3A49%3A09+GMT&agentType=Java&testStage=Unit+Tests&appName=gf-ftv-lab02&labId=integ_puppet_038a_gfftvlab02&agentVersion=4.0.0-SNAPSHOT&branchName=puppet', token: ...X3B1_efpQ4''
18:49:11.684 [main] INFO SLHttpClient - [From CS] - GET url:'https://dev-ftv-gw.dev.sealights.co/api/v3/config?agentId=ee15a743-eae7-4437-821b-178f12002646&buildName=Thu%2C+08+Dec+2022+16%3A49%3A09+GMT&agentType=Java&testStage=Unit+Tests&appName=gf-ftv-lab02&labId=integ_puppet_038a_gfftvlab02&agentVersion=4.0.0-SNAPSHOT&branchName=puppet', status:404, message:null (resource not found)
18:49:11.686 [main] INFO SLHttpClient - [From CS] - GET url:'https://dev-ftv-gw.dev.sealights.co/api/v3/config?agentId=ee15a743-eae7-4437-821b-178f12002646&buildName=Thu%2C+08+Dec+2022+16%3A49%3A09+GMT&agentType=Java&testStage=Unit+Tests&appName=gf-ftv-lab02&labId=integ_puppet_038a_gfftvlab02&agentVersion=4.0.0-SNAPSHOT&branchName=puppet', status:404, message:null (resource not found)
[Sealights Test Listener] [ee] - [premain] SeaLights Test Listener is running. agentID: 'ee15a743-eae7-4437-821b-178f12002646', version:'4.0.0-SNAPSHOT'
18:49:11.711 [main] DEBUG AgentEventsController - Verify time clock ...
18:49:11.712 [main] INFO AgentEventsController - Time Clock Dispatcher is disabled
18:49:11.713 [main] DEBUG AgentInstanceInfoBuilder - created (technology=Java, agentType=Ftv, agentVersion=4.0.0-SNAPSHOT, buildSessionId=2a849179-9b6a-4f41-8607-e446150d655a, uniqueModuleId=,appName=gf-ftv-lab02, labId=integ_puppet_038a_gfftvlab02, agentConfig={server=https://dev-ftv-gw.dev.sealights.co/api, proxy=null, buildSessionId=2a849179-9b6a-4f41-8607-e446150d655a, token=eyJhbGciOiJSUzUxMiIsInR5cCI6IkpXVCJ9.eyJpc3MiOiJodHRwczovL0RFVi1mdHYuYXV0aC5zZWFsaWdodHMuaW8vIiwiand0aWQiOiJERVYtZnR2LGktMGMxNjU4YjA0ZTljMDMwMzMsQVBJR1ctOTYzN2FjOGUtMzAyYy00YTk1LTkyZjItZGExNTFiNDljNDI0LDE2NzA0MjE2MzI1NDAiLCJzdWJqZWN0IjoiU2VhTGlnaHRzQGFnZW50IiwiYXVkaWVuY2UiOlsiYWdlbnRzIl0sIngtc2wtcm9sZSI6ImFnZW50IiwieC1zbC1zZXJ2ZXIiOiJodHRwczovL2Rldi1mdHYtZ3cuZGV2LnNlYWxpZ2h0cy5jby9hcGkiLCJzbF9pbXBlcl9zdWJqZWN0IjoiIiwiaWF0IjoxNjcwNDIxNjMyfQ.IyAO7_zibgusLv_pPwTwlBICvRwh7EbC7Ee-Zqmx6azkjaRYDb8olKjiWM_HeYFGnIIczAuWIurFUm-h9noPOzLp-0h-r6fu3Yt4utvF9b1NhQNtL9aLlJ4-h7kDZA7K5AN39Agx6DB_be9XLcLHnwANskq16xn-H6xOOqq-VFqrN98hUl_sRiHf0CKm6RbsumyF1byqZIizENT7unGfJc6tP0poNRgpJkue0UJklgT6HRT8bPi_7rJJgUAu6Vb0LhkCManH_CsllFMxSMBFMJWM-Zxvs5pKHmK1JcIuy08i0r0cJR1axLDtFXcx8Fn_u1dtpLMk-BZCUCOKxh-YXT651AjvCsHwX2JCqxlcD7aLaQIMC3mmq6Qie7YezILQ6_GYDu-oREVgQsN2eob2k0oiFloLn4AmJllq66GasP8Oq20MuHScWvop95McYiictsdHohkkb_z97UIj70LF49qNTJxy5ZGeY90vbZ34mFBfF7cTAXY47q5ReqpyokYx-DABpjFYgS-1i6x_e-4_3Zreni1-SOmueHhhFS_S9hC-gLXvJuiDwIDPaxR16eF_I-S4w0l0071ddqt_-8HgoQcfV85zOzpgHz7IjCfhDIUDB3eI_uwW523hV-4eCoM8ElRa7lCfhQlL2iwEn-623dVjEZI1cD2sfX3B1_efpQ4}, tags=[], processId=6323, processArch=x32, processSessionId=0, argv=[./target/ftv-hello-app-0.0.1-SNAPSHOT.jar, -javaagent:java-agent-ftv-4.0.0-SNAPSHOT.jar=appname=gf-ftv-lab02,labId=integ_puppet_038a_gfftvlab02,packagesincluded=dev.futa.sealights*,workspacepath=.,token=eyJhbGciOiJSUzUxMiIsInR5cCI6IkpXVCJ9.eyJpc3MiOiJodHRwczovL0RFVi1mdHYuYXV0aC5zZWFsaWdodHMuaW8vIiwiand0aWQiOiJERVYtZnR2LGktMGMxNjU4YjA0ZTljMDMwMzMsQVBJR1ctOTYzN2FjOGUtMzAyYy00YTk1LTkyZjItZGExNTFiNDljNDI0LDE2NzA0MjE2MzI1NDAiLCJzdWJqZWN0IjoiU2VhTGlnaHRzQGFnZW50IiwiYXVkaWVuY2UiOlsiYWdlbnRzIl0sIngtc2wtcm9sZSI6ImFnZW50IiwieC1zbC1zZXJ2ZXIiOiJodHRwczovL2Rldi1mdHYtZ3cuZGV2LnNlYWxpZ2h0cy5jby9hcGkiLCJzbF9pbXBlcl9zdWJqZWN0IjoiIiwiaWF0IjoxNjcwNDIxNjMyfQ.IyAO7_zibgusLv_pPwTwlBICvRwh7EbC7Ee-Zqmx6azkjaRYDb8olKjiWM_HeYFGnIIczAuWIurFUm-h9noPOzLp-0h-r6fu3Yt4utvF9b1NhQNtL9aLlJ4-h7kDZA7K5AN39Agx6DB_be9XLcLHnwANskq16xn-H6xOOqq-VFqrN98hUl_sRiHf0CKm6RbsumyF1byqZIizENT7unGfJc6tP0poNRgpJkue0UJklgT6HRT8bPi_7rJJgUAu6Vb0LhkCManH_CsllFMxSMBFMJWM-Zxvs5pKHmK1JcIuy08i0r0cJR1axLDtFXcx8Fn_u1dtpLMk-BZCUCOKxh-YXT651AjvCsHwX2JCqxlcD7aLaQIMC3mmq6Qie7YezILQ6_GYDu-oREVgQsN2eob2k0oiFloLn4AmJllq66GasP8Oq20MuHScWvop95McYiictsdHohkkb_z97UIj70LF49qNTJxy5ZGeY90vbZ34mFBfF7cTAXY47q5ReqpyokYx-DABpjFYgS-1i6x_e-4_3Zreni1-SOmueHhhFS_S9hC-gLXvJuiDwIDPaxR16eF_I-S4w0l0071ddqt_-8HgoQcfV85zOzpgHz7IjCfhDIUDB3eI_uwW523hV-4eCoM8ElRa7lCfhQlL2iwEn-623dVjEZI1cD2sfX3B1_efpQ4, -Dsl.includes=dev.futa.sealights*], cwd=/mnt/c/projekty/sealigths/ftv-hello-app/deployments, envVars={path=/home/gfuta/.sdkman/candidates/java/11.0.12-open/bin:/usr/local/sbin:/usr/local/bin:/usr/sbin:/usr/bin:/sbin:/bin:/usr/games:/usr/local/games:/usr/lib/wsl/lib:/mnt/c/Program Files (x86)/jdk/bin:/mnt/c/Program Files/Git/cmd:/mnt/c/Windows/system32:/mnt/c/Windows:/mnt/c/Windows/System32/Wbem:/mnt/c/Windows/System32/WindowsPowerShell/v1.0/:/mnt/c/Windows/System32/OpenSSH/:/mnt/c/Program Files/dotnet/:/mnt/c/Program Files (x86)/NVIDIA Corporation/PhysX/Common:/mnt/c/Program Files/Git/cmd:/mnt/c/Users/grzeg/AppData/Local/Microsoft/WindowsApps:/mnt/c/Program Files/JetBrains/IntelliJ IDEA 2022.2.3/bin:/mnt/c/programy/jvms_v2.1.1_386:/mnt/c/programy/apache-maven-3.8.6/bin:/mnt/c/Users/grzeg/AppData/Roaming/nvm:/mnt/c/Program Files/nodejs:/mnt/c/Program Files/Docker/Docker/resources/bin:/mnt/c/programy/gradle-7.6/bin:/mnt/c/Users/grzeg/AppData/Roaming/npm:/mnt/c/Program Files/JetBrains/DataGrip 2022.2.5/bin:/snap/bin}, tools=[], sendsPing=true)
18:49:11.714 [main] INFO AgentEventsDispatcher - Handling agentStart ...
18:49:11.715 [main] DEBUG TaskScheduler - Task 'agent-events' was cancelled (interrupt flag=true)
18:49:11.716 [main] DEBUG TaskScheduler - Task 'agent-events' will run periodically with interval=10000 millis, first execution delay=0 millis
18:49:11.716 [agent-events] INFO AgentEventsDispatcher - Sending 1 accumulated events ...
18:49:11.717 [agent-events] DEBUG AgentEventServiceHandler - sending event(s):[AGENT_STARTED(1001)], agent:'Ftv' ...
18:49:11.718 [agent-events] DEBUG SLHttpClient - [To ES] - attempt '#1' out of '12, url:'https://dev-ftv-gw.dev.sealights.co/api/v3/agents/agent-events'
18:49:11.719 [agent-events] INFO SLHttpClient - [To ES] - sending POST, url:'https://dev-ftv-gw.dev.sealights.co/api/v3/agents/agent-events', token: ...X3B1_efpQ4', body:'{"agentId":"ee15a743-eae7-4437-821b-178f12002646","buildSessionId":"2a849179-9b6a-4f41-8607-e446150d655a","events":[{"type":1001,"utcTimestamp_ms":1670518151713,"data":{"agentInfo":{"technology":"Java","agentType":"Ftv","agentVersion":"4.0.0-SNAPSHOT","buildSessionId":"2a849179-9b6a-4f41-8607-e446150d655a","uniqueModuleId":"","appName":"gf-ftv-lab02","labId":"integ_puppet_038a_gfftvlab02","agentConfig":{"server":"https://dev-ftv-gw.dev.sealights.co/api","proxy":"null","buildSessionId":"2a849179-9b6a-4f41-8607-e446150d655a","token":"eyJhbGciOiJSUzUxMiIsInR5cCI6IkpXVCJ9.eyJpc3MiOiJodHRwczovL0RFVi1mdHYuYXV0aC5zZWFsaWdodHMuaW8vIiwiand0aWQiOiJERVYtZnR2LGktMGMxNjU4YjA0ZTljMDMwMzMsQVBJR1ctOTYzN2FjOGUtMzAyYy00YTk1LTkyZjItZGExNTFiNDljNDI0LDE2NzA0MjE2MzI1NDAiLCJzdWJqZWN0IjoiU2VhTGlnaHRzQGFnZW50IiwiYXVkaWVuY2UiOlsiYWdlbnRzIl0sIngtc2wtcm9sZSI6ImFnZW50IiwieC1zbC1zZXJ2ZXIiOiJodHRwczovL2Rldi1mdHYtZ3cuZGV2LnNlYWxpZ2h0cy5jby9hcGkiLCJzbF9pbXBlcl9zdWJqZWN0IjoiIiwiaWF0IjoxNjcwNDIxNjMyfQ.IyAO7_zibgusLv_pPwTwlBICvRwh7EbC7Ee-Zqmx6a...(truncated to 1024 Bytes)''
18:49:11.944 [main] INFO SLHttpClient - [To TMS] - sending GET, url:'https://dev-ftv-gw.dev.sealights.co/api/v3/test-exclusions/2a849179-9b6a-4f41-8607-e446150d655a/Unit%20Tests', token: ...X3B1_efpQ4''
18:49:12.083 [agent-events] INFO SLHttpClient - [From ES] - responsed POST url:'https://dev-ftv-gw.dev.sealights.co/api/v3/agents/agent-events', status:200, message:null', body:'''
18:49:12.084 [agent-events] INFO SLHttpClient - [From ES] - responsed POST url:'https://dev-ftv-gw.dev.sealights.co/api/v3/agents/agent-events', status:200, message:null', body:'''
18:49:12.085 [agent-events] DEBUG AgentEventServiceHandler - sent successfully event(s):[AGENT_STARTED(1001)], agent:'Ftv'
18:49:12.307 [main] INFO SLHttpClient - [From TMS] - responsed GET url:'https://dev-ftv-gw.dev.sealights.co/api/v3/test-exclusions/2a849179-9b6a-4f41-8607-e446150d655a/Unit%20Tests', status:200, message:null', body:'{"testSelectionEnabled":true,"recommendationSetStatus":"noHistory"}''
18:49:12.315 [main] INFO SLHttpClient - [From TMS] - responsed GET url:'https://dev-ftv-gw.dev.sealights.co/api/v3/test-exclusions/2a849179-9b6a-4f41-8607-e446150d655a/Unit%20Tests', status:200, message:null', body:'{"testSelectionEnabled":true,"recommendationSetStatus":"noHistory"}''
18:49:12.319 [main] DEBUG AgentEventsController - Verify time clock ...
18:49:12.320 [main] INFO AgentEventsController - Time Clock Dispatcher is disabled
18:49:12.327 [main] DEBUG AgentEventsController - class io.sealights.onpremise.agentevents.eventservice.proxy.api.types.StringDataEvents$GenericMessageEvent event was added, local time: 1670518152327, event timestamp: 1670518152326
18:49:12.333 [main] DEBUG AgentEventsController - Verify time clock ...
18:49:12.334 [main] INFO AgentEventsController - Time Clock Dispatcher is disabled
18:49:12.335 [main] DEBUG AgentEventsController - class io.sealights.onpremise.agentevents.eventservice.proxy.api.types.StringDataEvents$GenericWarningEvent event was added, local time: 1670518152334, event timestamp: 1670518152334
18:49:12.335 [main] WARN AgentLifeCycle - Test selection recommendations were ignored, reason: recommendationsTimeout
18:49:12.342 [get-exec] DEBUG SLHttpClient - [To TST] - attempt '#1' out of '5, url:'https://dev-ftv-gw.dev.sealights.co/api/v4/testExecution/integ_puppet_038a_gfftvlab02'
18:49:12.342 [get-exec] INFO SLHttpClient - [To TST] - sending GET, url:'https://dev-ftv-gw.dev.sealights.co/api/v4/testExecution/integ_puppet_038a_gfftvlab02', token: ...X3B1_efpQ4''
18:49:12.678 [get-exec] INFO SLHttpClient - [From TST] - responsed GET url:'https://dev-ftv-gw.dev.sealights.co/api/v4/testExecution/integ_puppet_038a_gfftvlab02', status:200, message:null', body:'{"execution":null}''
18:49:12.681 [get-exec] INFO SLHttpClient - [From TST] - responsed GET url:'https://dev-ftv-gw.dev.sealights.co/api/v4/testExecution/integ_puppet_038a_gfftvlab02', status:200, message:null', body:'{"execution":null}''
18:49:12.737 [main] DEBUG AgentEventsController - Verify time clock ...
18:49:12.738 [main] INFO AgentEventsController - Time Clock Dispatcher is disabled
18:49:12.739 [main] DEBUG AgentEventsController - class io.sealights.onpremise.agentevents.eventservice.proxy.api.types.SimpleEvents$FirstCoveragePerformedEvent event was sent, local time: 1670518152739, event timestamp: 1670518152739

  .   ____          _            __ _ _
 /\\ / ___'_ __ _ _(_)_ __  __ _ \ \ \ \
( ( )\___ | '_ | '_| | '_ \/ _` | \ \ \ \
 \\/  ___)| |_)| | | | | || (_| |  ) ) ) )
  '  |____| .__|_| |_|_| |_\__, | / / / /
 =========|_|==============|___/=/_/_/_/
 :: Spring Boot ::                (v2.7.6)

2022-12-08 18:49:15.318  INFO 6323 --- [           main] d.f.s.ftv.FtvHelloAppApplication         : Starting FtvHelloAppApplication using Java 11.0.12 on hajfa with PID 6323 (/mnt/c/projekty/sealigths/ftv-hello-app/deployments/target/ftv-hello-app-0.0.1-SNAPSHOT.jar started by gfuta in /mnt/c/projekty/sealigths/ftv-hello-app/deployments)
2022-12-08 18:49:15.333  INFO 6323 --- [           main] d.f.s.ftv.FtvHelloAppApplication         : No active profile set, falling back to 1 default profile: "default"
2022-12-08 18:49:18.730  INFO 6323 --- [           main] o.s.b.w.embedded.tomcat.TomcatWebServer  : Tomcat initialized with port(s): 8080 (http)
2022-12-08 18:49:18.757  INFO 6323 --- [           main] o.apache.catalina.core.StandardService   : Starting service [Tomcat]
2022-12-08 18:49:18.758  INFO 6323 --- [           main] org.apache.catalina.core.StandardEngine  : Starting Servlet engine: [Apache Tomcat/9.0.69]
2022-12-08 18:49:18.891  INFO 6323 --- [           main] o.a.c.c.C.[Tomcat].[localhost].[/]       : Initializing Spring embedded WebApplicationContext
2022-12-08 18:49:18.892  INFO 6323 --- [           main] w.s.c.ServletWebServerApplicationContext : Root WebApplicationContext: initialization completed in 3367 ms
2022-12-08 18:49:19.918  INFO 6323 --- [           main] o.s.b.w.embedded.tomcat.TomcatWebServer  : Tomcat started on port(s): 8080 (http) with context path ''
2022-12-08 18:49:19.939  INFO 6323 --- [           main] d.f.s.ftv.FtvHelloAppApplication         : Started FtvHelloAppApplication in 6.277 seconds (JVM running for 14.515)
18:49:22.087 [agent-events] INFO AgentEventsDispatcher - Sending 3 accumulated events ...
18:49:22.089 [agent-events] DEBUG AgentEventServiceHandler - sending event(s):[GENERIC_MESSAGE(2000), GENERIC_WARNING(3000), FIRST_COVERAGE_INSTRUMENTATION_PERFORMED(1005)], agent:'Ftv' ...
18:49:22.090 [agent-events] DEBUG SLHttpClient - [To ES] - attempt '#1' out of '12, url:'https://dev-ftv-gw.dev.sealights.co/api/v3/agents/agent-events'
18:49:22.097 [agent-events] INFO SLHttpClient - [To ES] - sending POST, url:'https://dev-ftv-gw.dev.sealights.co/api/v3/agents/agent-events', token: ...X3B1_efpQ4', body:'{"agentId":"ee15a743-eae7-4437-821b-178f12002646","buildSessionId":"2a849179-9b6a-4f41-8607-e446150d655a","events":[{"type":2000,"utcTimestamp_ms":1670518152326,"data":"test recommendations: \ntestSelectionEnabled=true,\nstatus=noHistory,\nexcludedTests size=null(names in debug)\nexcludedTests:"},{"type":3000,"utcTimestamp_ms":1670518152334,"data":"Test selection recommendations were ignored, reason: recommendationsTimeout"},{"type":1005,"utcTimestamp_ms":1670518152739}]}''
18:49:22.457 [agent-events] INFO SLHttpClient - [From ES] - responsed POST url:'https://dev-ftv-gw.dev.sealights.co/api/v3/agents/agent-events', status:200, message:null', body:'''
18:49:22.458 [agent-events] INFO SLHttpClient - [From ES] - responsed POST url:'https://dev-ftv-gw.dev.sealights.co/api/v3/agents/agent-events', status:200, message:null', body:'''
18:49:22.458 [agent-events] DEBUG AgentEventServiceHandler - sent successfully event(s):[GENERIC_MESSAGE(2000), GENERIC_WARNING(3000), FIRST_COVERAGE_INSTRUMENTATION_PERFORMED(1005)], agent:'Ftv'
18:49:22.682 [get-exec] DEBUG SLHttpClient - [To TST] - attempt '#1' out of '5, url:'https://dev-ftv-gw.dev.sealights.co/api/v4/testExecution/integ_puppet_038a_gfftvlab02'
18:49:22.683 [get-exec] INFO SLHttpClient - [To TST] - sending GET, url:'https://dev-ftv-gw.dev.sealights.co/api/v4/testExecution/integ_puppet_038a_gfftvlab02', token: ...X3B1_efpQ4''
18:49:23.027 [get-exec] INFO SLHttpClient - [From TST] - responsed GET url:'https://dev-ftv-gw.dev.sealights.co/api/v4/testExecution/integ_puppet_038a_gfftvlab02', status:200, message:null', body:'{"execution":null}''
18:49:23.028 [get-exec] INFO SLHttpClient - [From TST] - responsed GET url:'https://dev-ftv-gw.dev.sealights.co/api/v4/testExecution/integ_puppet_038a_gfftvlab02', status:200, message:null', body:'{"execution":null}''
18:49:27.804 [ShutdownHook] DEBUG TaskScheduler - Shutdown done
18:49:27.804 [ShutdownHook] DEBUG TaskScheduler - Schedular was stopped
18:49:27.808 [ShutdownHook] DEBUG AgentEventsController - Verify time clock ...
18:49:27.808 [ShutdownHook] INFO AgentEventsController - Time Clock Dispatcher is disabled
18:49:27.809 [ShutdownHook] DEBUG AgentEventsController - class io.sealights.onpremise.agentevents.eventservice.proxy.api.types.StringDataEvents$GenericMessageEvent event was added, local time: 1670518167809, event timestamp: 1670518167809
18:49:27.809 [ShutdownHook] DEBUG TaskScheduler - Task 'ping-agent' was cancelled (interrupt flag=false)
18:49:27.810 [ShutdownHook] DEBUG TaskScheduler - Shutdown done
18:49:27.811 [ShutdownHook] DEBUG TaskScheduler - Schedular was stopped
18:49:27.811 [ShutdownHook] DEBUG AgentEventsController - Verify time clock ...
18:49:27.812 [ShutdownHook] INFO AgentEventsController - Time Clock Dispatcher is disabled
18:49:27.812 [ShutdownHook] INFO AgentEventsDispatcher - Handling agentShutdown ...
18:49:27.813 [ShutdownHook] DEBUG TaskScheduler - Task 'agent-events' was cancelled (interrupt flag=true)
18:49:27.813 [ShutdownHook] INFO AgentEventsDispatcher - Sending 2 accumulated events ...
18:49:27.814 [ShutdownHook] DEBUG AgentEventServiceHandler - sending event(s):[GENERIC_MESSAGE(2000), AGENT_SHUTDOWN(1002)], agent:'Ftv' ...
18:49:27.814 [ShutdownHook] DEBUG SLHttpClient - [To ES] - attempt '#1' out of '12, url:'https://dev-ftv-gw.dev.sealights.co/api/v3/agents/agent-events'
18:49:27.816 [ShutdownHook] INFO SLHttpClient - [To ES] - sending POST, url:'https://dev-ftv-gw.dev.sealights.co/api/v3/agents/agent-events', token: ...X3B1_efpQ4', body:'{"agentId":"ee15a743-eae7-4437-821b-178f12002646","buildSessionId":"2a849179-9b6a-4f41-8607-e446150d655a","events":[{"type":2000,"utcTimestamp_ms":1670518167809,"data":"test events send summary - success counters:(requests=0, items=0)"},{"type":1002,"utcTimestamp_ms":1670518167812,"data":{"agentInfo":null,"avgCpuLoad":0,"freeRam_KB":176726,"labId":null}}]}''
18:49:28.154 [ShutdownHook] INFO SLHttpClient - [From ES] - responsed POST url:'https://dev-ftv-gw.dev.sealights.co/api/v3/agents/agent-events', status:200, message:null', body:'''
18:49:28.155 [ShutdownHook] INFO SLHttpClient - [From ES] - responsed POST url:'https://dev-ftv-gw.dev.sealights.co/api/v3/agents/agent-events', status:200, message:null', body:'''
18:49:28.156 [ShutdownHook] DEBUG AgentEventServiceHandler - sent successfully event(s):[GENERIC_MESSAGE(2000), AGENT_SHUTDOWN(1002)], agent:'Ftv'
18:49:28.157 [ShutdownHook] DEBUG TaskScheduler - Shutdown done
18:49:28.158 [ShutdownHook] DEBUG TaskScheduler - Schedular was stopped
[Sealights Test Listener] [ee] - Done.
