18:42:53.984 [main] INFO SLHttpClient - Created SLApacheHttpClient
18:42:54.335 [main] DEBUG SLHttpClient - [To LABS] - attempt '#1' out of '5, url:'https://dev-ftv-gw.dev.sealights.co/api/v1/agents/labs/integ_puppet_038a_gfftvlab02'
18:42:54.341 [main] INFO SLHttpClient - [To LABS] - sending GET, url:'https://dev-ftv-gw.dev.sealights.co/api/v1/agents/labs/integ_puppet_038a_gfftvlab02', token: ...X3B1_efpQ4''
18:42:54.354 [main] DEBUG io.sealights.dependencies.org.apache.hc.client5.http.impl.classic.InternalHttpClient - ex-00000001: preparing request execution
18:42:54.368 [main] DEBUG io.sealights.dependencies.org.apache.hc.client5.http.protocol.RequestAddCookies - Cookie spec selected: strict
18:42:54.387 [main] DEBUG io.sealights.dependencies.org.apache.hc.client5.http.protocol.RequestAuthCache - Auth cache not set in the context
18:42:54.388 [main] DEBUG io.sealights.dependencies.org.apache.hc.client5.http.impl.classic.ProtocolExec - ex-00000001: proxy auth state: UNCHALLENGED
18:42:54.391 [main] DEBUG io.sealights.dependencies.org.apache.hc.client5.http.impl.classic.ConnectExec - ex-00000001: acquiring connection with route {s}->https://dev-ftv-gw.dev.sealights.co:443
18:42:54.391 [main] DEBUG io.sealights.dependencies.org.apache.hc.client5.http.impl.classic.InternalHttpClient - ex-00000001: acquiring endpoint (20000 MILLISECONDS)
18:42:54.395 [main] DEBUG io.sealights.dependencies.org.apache.hc.client5.http.impl.io.PoolingHttpClientConnectionManager - ex-00000001: endpoint lease request (20000 MILLISECONDS) [route: {s}->https://dev-ftv-gw.dev.sealights.co:443][total available: 0; route allocated: 0 of 5; total allocated: 0 of 25]
18:42:54.407 [main] DEBUG io.sealights.dependencies.org.apache.hc.client5.http.impl.io.PoolingHttpClientConnectionManager - ex-00000001: endpoint leased [route: {s}->https://dev-ftv-gw.dev.sealights.co:443][total available: 0; route allocated: 1 of 5; total allocated: 1 of 25]
18:42:54.426 [main] DEBUG io.sealights.dependencies.org.apache.hc.client5.http.impl.io.PoolingHttpClientConnectionManager - ex-00000001: acquired ep-00000000
18:42:54.427 [main] DEBUG io.sealights.dependencies.org.apache.hc.client5.http.impl.classic.InternalHttpClient - ex-00000001: acquired endpoint ep-00000000
18:42:54.427 [main] DEBUG io.sealights.dependencies.org.apache.hc.client5.http.impl.classic.ConnectExec - ex-00000001: opening connection {s}->https://dev-ftv-gw.dev.sealights.co:443
18:42:54.428 [main] DEBUG io.sealights.dependencies.org.apache.hc.client5.http.impl.classic.InternalHttpClient - ep-00000000: connecting endpoint (10000 MILLISECONDS)
18:42:54.428 [main] DEBUG io.sealights.dependencies.org.apache.hc.client5.http.impl.io.PoolingHttpClientConnectionManager - ep-00000000: connecting endpoint to https://dev-ftv-gw.dev.sealights.co:443 (10000 MILLISECONDS)
18:42:54.851 [main] DEBUG io.sealights.dependencies.org.apache.hc.client5.http.impl.io.DefaultHttpClientConnectionOperator - http-outgoing-0: connecting to dev-ftv-gw.dev.sealights.co/54.246.202.189:443
18:42:54.851 [main] DEBUG io.sealights.dependencies.org.apache.hc.client5.http.ssl.SSLConnectionSocketFactory - Connecting socket to dev-ftv-gw.dev.sealights.co/54.246.202.189:443 with timeout 10000 MILLISECONDS
18:42:55.057 [main] DEBUG io.sealights.dependencies.org.apache.hc.client5.http.ssl.SSLConnectionSocketFactory - Enabled protocols: [TLSv1.3, TLSv1.2]
18:42:55.058 [main] DEBUG io.sealights.dependencies.org.apache.hc.client5.http.ssl.SSLConnectionSocketFactory - Enabled cipher suites: [TLS_AES_128_GCM_SHA256, TLS_AES_256_GCM_SHA384, TLS_ECDHE_ECDSA_WITH_AES_256_GCM_SHA384, TLS_ECDHE_ECDSA_WITH_AES_128_GCM_SHA256, TLS_ECDHE_RSA_WITH_AES_256_GCM_SHA384, TLS_RSA_WITH_AES_256_GCM_SHA384, TLS_ECDH_ECDSA_WITH_AES_256_GCM_SHA384, TLS_ECDH_RSA_WITH_AES_256_GCM_SHA384, TLS_DHE_RSA_WITH_AES_256_GCM_SHA384, TLS_DHE_DSS_WITH_AES_256_GCM_SHA384, TLS_ECDHE_RSA_WITH_AES_128_GCM_SHA256, TLS_RSA_WITH_AES_128_GCM_SHA256, TLS_ECDH_ECDSA_WITH_AES_128_GCM_SHA256, TLS_ECDH_RSA_WITH_AES_128_GCM_SHA256, TLS_DHE_RSA_WITH_AES_128_GCM_SHA256, TLS_DHE_DSS_WITH_AES_128_GCM_SHA256, TLS_ECDHE_ECDSA_WITH_AES_256_CBC_SHA384, TLS_ECDHE_RSA_WITH_AES_256_CBC_SHA384, TLS_RSA_WITH_AES_256_CBC_SHA256, TLS_ECDH_ECDSA_WITH_AES_256_CBC_SHA384, TLS_ECDH_RSA_WITH_AES_256_CBC_SHA384, TLS_DHE_RSA_WITH_AES_256_CBC_SHA256, TLS_DHE_DSS_WITH_AES_256_CBC_SHA256, TLS_ECDHE_ECDSA_WITH_AES_256_CBC_SHA, TLS_ECDHE_RSA_WITH_AES_256_CBC_SHA, TLS_RSA_WITH_AES_256_CBC_SHA, TLS_ECDH_ECDSA_WITH_AES_256_CBC_SHA, TLS_ECDH_RSA_WITH_AES_256_CBC_SHA, TLS_DHE_RSA_WITH_AES_256_CBC_SHA, TLS_DHE_DSS_WITH_AES_256_CBC_SHA, TLS_ECDHE_ECDSA_WITH_AES_128_CBC_SHA256, TLS_ECDHE_RSA_WITH_AES_128_CBC_SHA256, TLS_RSA_WITH_AES_128_CBC_SHA256, TLS_ECDH_ECDSA_WITH_AES_128_CBC_SHA256, TLS_ECDH_RSA_WITH_AES_128_CBC_SHA256, TLS_DHE_RSA_WITH_AES_128_CBC_SHA256, TLS_DHE_DSS_WITH_AES_128_CBC_SHA256, TLS_ECDHE_ECDSA_WITH_AES_128_CBC_SHA, TLS_ECDHE_RSA_WITH_AES_128_CBC_SHA, TLS_RSA_WITH_AES_128_CBC_SHA, TLS_ECDH_ECDSA_WITH_AES_128_CBC_SHA, TLS_ECDH_RSA_WITH_AES_128_CBC_SHA, TLS_DHE_RSA_WITH_AES_128_CBC_SHA, TLS_DHE_DSS_WITH_AES_128_CBC_SHA, TLS_EMPTY_RENEGOTIATION_INFO_SCSV]
18:42:55.059 [main] DEBUG io.sealights.dependencies.org.apache.hc.client5.http.ssl.SSLConnectionSocketFactory - Starting handshake
18:42:56.026 [main] DEBUG io.sealights.dependencies.org.apache.hc.client5.http.ssl.SSLConnectionSocketFactory - Secure session established
18:42:56.027 [main] DEBUG io.sealights.dependencies.org.apache.hc.client5.http.ssl.SSLConnectionSocketFactory -  negotiated protocol: TLSv1.2
18:42:56.028 [main] DEBUG io.sealights.dependencies.org.apache.hc.client5.http.ssl.SSLConnectionSocketFactory -  negotiated cipher suite: TLS_ECDHE_RSA_WITH_AES_128_GCM_SHA256
18:42:56.029 [main] DEBUG io.sealights.dependencies.org.apache.hc.client5.http.ssl.SSLConnectionSocketFactory -  peer principal: CN=*.dev.sealights.co
18:42:56.030 [main] DEBUG io.sealights.dependencies.org.apache.hc.client5.http.ssl.SSLConnectionSocketFactory -  peer alternative names: [*.dev.sealights.co]
18:42:56.030 [main] DEBUG io.sealights.dependencies.org.apache.hc.client5.http.ssl.SSLConnectionSocketFactory -  issuer principal: CN=Amazon, OU=Server CA 1B, O=Amazon, C=US
18:42:56.038 [main] DEBUG io.sealights.dependencies.org.apache.hc.client5.http.impl.io.DefaultHttpClientConnectionOperator - http-outgoing-0: connection established 192.168.81.55:48258<->54.246.202.189:443
18:42:56.039 [main] DEBUG io.sealights.dependencies.org.apache.hc.client5.http.impl.io.PoolingHttpClientConnectionManager - ep-00000000: connected http-outgoing-0
18:42:56.039 [main] DEBUG io.sealights.dependencies.org.apache.hc.client5.http.impl.classic.InternalHttpClient - ep-00000000: endpoint connected
18:42:56.041 [main] DEBUG io.sealights.dependencies.org.apache.hc.client5.http.impl.classic.MainClientExec - ex-00000001: executing GET /api/v1/agents/labs/integ_puppet_038a_gfftvlab02 HTTP/1.1
18:42:56.043 [main] DEBUG io.sealights.dependencies.org.apache.hc.client5.http.impl.classic.InternalHttpClient - ep-00000000: start execution ex-00000001
18:42:56.044 [main] DEBUG io.sealights.dependencies.org.apache.hc.client5.http.impl.io.PoolingHttpClientConnectionManager - ep-00000000: executing exchange ex-00000001 over http-outgoing-0
18:42:56.045 [main] DEBUG io.sealights.dependencies.org.apache.hc.client5.http.headers - http-outgoing-0 >> GET /api/v1/agents/labs/integ_puppet_038a_gfftvlab02 HTTP/1.1
18:42:56.045 [main] DEBUG io.sealights.dependencies.org.apache.hc.client5.http.headers - http-outgoing-0 >> Authorization: Bearer eyJhbGciOiJSUzUxMiIsInR5cCI6IkpXVCJ9.eyJpc3MiOiJodHRwczovL0RFVi1mdHYuYXV0aC5zZWFsaWdodHMuaW8vIiwiand0aWQiOiJERVYtZnR2LGktMGMxNjU4YjA0ZTljMDMwMzMsQVBJR1ctOTYzN2FjOGUtMzAyYy00YTk1LTkyZjItZGExNTFiNDljNDI0LDE2NzA0MjE2MzI1NDAiLCJzdWJqZWN0IjoiU2VhTGlnaHRzQGFnZW50IiwiYXVkaWVuY2UiOlsiYWdlbnRzIl0sIngtc2wtcm9sZSI6ImFnZW50IiwieC1zbC1zZXJ2ZXIiOiJodHRwczovL2Rldi1mdHYtZ3cuZGV2LnNlYWxpZ2h0cy5jby9hcGkiLCJzbF9pbXBlcl9zdWJqZWN0IjoiIiwiaWF0IjoxNjcwNDIxNjMyfQ.IyAO7_zibgusLv_pPwTwlBICvRwh7EbC7Ee-Zqmx6azkjaRYDb8olKjiWM_HeYFGnIIczAuWIurFUm-h9noPOzLp-0h-r6fu3Yt4utvF9b1NhQNtL9aLlJ4-h7kDZA7K5AN39Agx6DB_be9XLcLHnwANskq16xn-H6xOOqq-VFqrN98hUl_sRiHf0CKm6RbsumyF1byqZIizENT7unGfJc6tP0poNRgpJkue0UJklgT6HRT8bPi_7rJJgUAu6Vb0LhkCManH_CsllFMxSMBFMJWM-Zxvs5pKHmK1JcIuy08i0r0cJR1axLDtFXcx8Fn_u1dtpLMk-BZCUCOKxh-YXT651AjvCsHwX2JCqxlcD7aLaQIMC3mmq6Qie7YezILQ6_GYDu-oREVgQsN2eob2k0oiFloLn4AmJllq66GasP8Oq20MuHScWvop95McYiictsdHohkkb_z97UIj70LF49qNTJxy5ZGeY90vbZ34mFBfF7cTAXY47q5ReqpyokYx-DABpjFYgS-1i6x_e-4_3Zreni1-SOmueHhhFS_S9hC-gLXvJuiDwIDPaxR16eF_I-S4w0l0071ddqt_-8HgoQcfV85zOzpgHz7IjCfhDIUDB3eI_uwW523hV-4eCoM8ElRa7lCfhQlL2iwEn-623dVjEZI1cD2sfX3B1_efpQ4
18:42:56.046 [main] DEBUG io.sealights.dependencies.org.apache.hc.client5.http.headers - http-outgoing-0 >> Host: dev-ftv-gw.dev.sealights.co
18:42:56.046 [main] DEBUG io.sealights.dependencies.org.apache.hc.client5.http.headers - http-outgoing-0 >> Connection: keep-alive
18:42:56.047 [main] DEBUG io.sealights.dependencies.org.apache.hc.client5.http.headers - http-outgoing-0 >> User-Agent: Apache-HttpClient/5.0.3 (Java/11.0.12)
18:42:56.047 [main] DEBUG io.sealights.dependencies.org.apache.hc.client5.http.wire - http-outgoing-0 >> "GET /api/v1/agents/labs/integ_puppet_038a_gfftvlab02 HTTP/1.1[\r][\n]"
18:42:56.048 [main] DEBUG io.sealights.dependencies.org.apache.hc.client5.http.wire - http-outgoing-0 >> "Authorization: Bearer eyJhbGciOiJSUzUxMiIsInR5cCI6IkpXVCJ9.eyJpc3MiOiJodHRwczovL0RFVi1mdHYuYXV0aC5zZWFsaWdodHMuaW8vIiwiand0aWQiOiJERVYtZnR2LGktMGMxNjU4YjA0ZTljMDMwMzMsQVBJR1ctOTYzN2FjOGUtMzAyYy00YTk1LTkyZjItZGExNTFiNDljNDI0LDE2NzA0MjE2MzI1NDAiLCJzdWJqZWN0IjoiU2VhTGlnaHRzQGFnZW50IiwiYXVkaWVuY2UiOlsiYWdlbnRzIl0sIngtc2wtcm9sZSI6ImFnZW50IiwieC1zbC1zZXJ2ZXIiOiJodHRwczovL2Rldi1mdHYtZ3cuZGV2LnNlYWxpZ2h0cy5jby9hcGkiLCJzbF9pbXBlcl9zdWJqZWN0IjoiIiwiaWF0IjoxNjcwNDIxNjMyfQ.IyAO7_zibgusLv_pPwTwlBICvRwh7EbC7Ee-Zqmx6azkjaRYDb8olKjiWM_HeYFGnIIczAuWIurFUm-h9noPOzLp-0h-r6fu3Yt4utvF9b1NhQNtL9aLlJ4-h7kDZA7K5AN39Agx6DB_be9XLcLHnwANskq16xn-H6xOOqq-VFqrN98hUl_sRiHf0CKm6RbsumyF1byqZIizENT7unGfJc6tP0poNRgpJkue0UJklgT6HRT8bPi_7rJJgUAu6Vb0LhkCManH_CsllFMxSMBFMJWM-Zxvs5pKHmK1JcIuy08i0r0cJR1axLDtFXcx8Fn_u1dtpLMk-BZCUCOKxh-YXT651AjvCsHwX2JCqxlcD7aLaQIMC3mmq6Qie7YezILQ6_GYDu-oREVgQsN2eob2k0oiFloLn4AmJllq66GasP8Oq20MuHScWvop95McYiictsdHohkkb_z97UIj70LF49qNTJxy5ZGeY90vbZ34mFBfF7cTAXY47q5ReqpyokYx-DABpjFYgS-1i6x_e-4_3Zreni1-SOmueHhhFS_S9hC-gLXvJuiDwIDPaxR16eF_I-S4w0l0071ddqt_-8HgoQcfV85zOzpgHz7IjCfhDIUDB3eI_uwW523hV-4eCoM8ElRa7lCfhQlL2iwEn-623dVjEZI1cD2sfX3B1_efpQ4[\r][\n]"
18:42:56.048 [main] DEBUG io.sealights.dependencies.org.apache.hc.client5.http.wire - http-outgoing-0 >> "Host: dev-ftv-gw.dev.sealights.co[\r][\n]"
18:42:56.049 [main] DEBUG io.sealights.dependencies.org.apache.hc.client5.http.wire - http-outgoing-0 >> "Connection: keep-alive[\r][\n]"
18:42:56.049 [main] DEBUG io.sealights.dependencies.org.apache.hc.client5.http.wire - http-outgoing-0 >> "User-Agent: Apache-HttpClient/5.0.3 (Java/11.0.12)[\r][\n]"
18:42:56.050 [main] DEBUG io.sealights.dependencies.org.apache.hc.client5.http.wire - http-outgoing-0 >> "[\r][\n]"
18:42:56.436 [main] DEBUG io.sealights.dependencies.org.apache.hc.client5.http.wire - http-outgoing-0 << "HTTP/1.1 200 OK[\r][\n]"
18:42:56.437 [main] DEBUG io.sealights.dependencies.org.apache.hc.client5.http.wire - http-outgoing-0 << "Access-Control-Expose-Headers: api-version,content-length,content-md5,content-type,date,request-id,response-time[\r][\n]"
18:42:56.437 [main] DEBUG io.sealights.dependencies.org.apache.hc.client5.http.wire - http-outgoing-0 << "content-type: application/json; charset=utf-8[\r][\n]"
18:42:56.438 [main] DEBUG io.sealights.dependencies.org.apache.hc.client5.http.wire - http-outgoing-0 << "Date: Thu, 08 Dec 2022 16:42:56 GMT[\r][\n]"
18:42:56.439 [main] DEBUG io.sealights.dependencies.org.apache.hc.client5.http.wire - http-outgoing-0 << "Vary: Origin[\r][\n]"
18:42:56.440 [main] DEBUG io.sealights.dependencies.org.apache.hc.client5.http.wire - http-outgoing-0 << "X-Powered-By: Express[\r][\n]"
18:42:56.441 [main] DEBUG io.sealights.dependencies.org.apache.hc.client5.http.wire - http-outgoing-0 << "X-Request-Id: 283709c9-cc13-41c5-a598-e5d35cae73b2[\r][\n]"
18:42:56.442 [main] DEBUG io.sealights.dependencies.org.apache.hc.client5.http.wire - http-outgoing-0 << "x-sl-txid: APIGW-283709c9-cc13-41c5-a598-e5d35cae73b2[\r][\n]"
18:42:56.442 [main] DEBUG io.sealights.dependencies.org.apache.hc.client5.http.wire - http-outgoing-0 << "Content-Length: 169[\r][\n]"
18:42:56.443 [main] DEBUG io.sealights.dependencies.org.apache.hc.client5.http.wire - http-outgoing-0 << "Connection: keep-alive[\r][\n]"
18:42:56.444 [main] DEBUG io.sealights.dependencies.org.apache.hc.client5.http.wire - http-outgoing-0 << "[\r][\n]"
18:42:56.445 [main] DEBUG io.sealights.dependencies.org.apache.hc.client5.http.wire - http-outgoing-0 << "{"data":{"labId":"integ_puppet_038a_gfftvlab02","appName":"gf-ftv-lab02","branchName":"puppet","testEnv":null,"labAlias":"gf-ftv-lab02","isMultiLab":false,"isFtv":true}}"
18:42:56.453 [main] DEBUG io.sealights.dependencies.org.apache.hc.client5.http.headers - http-outgoing-0 << HTTP/1.1 200 OK
18:42:56.454 [main] DEBUG io.sealights.dependencies.org.apache.hc.client5.http.headers - http-outgoing-0 << Access-Control-Expose-Headers: api-version,content-length,content-md5,content-type,date,request-id,response-time
18:42:56.454 [main] DEBUG io.sealights.dependencies.org.apache.hc.client5.http.headers - http-outgoing-0 << content-type: application/json; charset=utf-8
18:42:56.455 [main] DEBUG io.sealights.dependencies.org.apache.hc.client5.http.headers - http-outgoing-0 << Date: Thu, 08 Dec 2022 16:42:56 GMT
18:42:56.455 [main] DEBUG io.sealights.dependencies.org.apache.hc.client5.http.headers - http-outgoing-0 << Vary: Origin
18:42:56.455 [main] DEBUG io.sealights.dependencies.org.apache.hc.client5.http.headers - http-outgoing-0 << X-Powered-By: Express
18:42:56.456 [main] DEBUG io.sealights.dependencies.org.apache.hc.client5.http.headers - http-outgoing-0 << X-Request-Id: 283709c9-cc13-41c5-a598-e5d35cae73b2
18:42:56.456 [main] DEBUG io.sealights.dependencies.org.apache.hc.client5.http.headers - http-outgoing-0 << x-sl-txid: APIGW-283709c9-cc13-41c5-a598-e5d35cae73b2
18:42:56.457 [main] DEBUG io.sealights.dependencies.org.apache.hc.client5.http.headers - http-outgoing-0 << Content-Length: 169
18:42:56.457 [main] DEBUG io.sealights.dependencies.org.apache.hc.client5.http.headers - http-outgoing-0 << Connection: keep-alive
18:42:56.465 [main] DEBUG io.sealights.dependencies.org.apache.hc.client5.http.impl.classic.MainClientExec - ex-00000001: connection can be kept alive for 3 MINUTES
18:42:56.470 [main] DEBUG io.sealights.dependencies.org.apache.hc.client5.http.impl.classic.InternalHttpClient - ep-00000000: releasing valid endpoint
18:42:56.470 [main] DEBUG io.sealights.dependencies.org.apache.hc.client5.http.impl.io.PoolingHttpClientConnectionManager - ep-00000000: releasing endpoint
18:42:56.471 [main] DEBUG io.sealights.dependencies.org.apache.hc.client5.http.impl.io.PoolingHttpClientConnectionManager - ep-00000000: connection http-outgoing-0 can be kept alive for 3 MINUTES
18:42:56.472 [main] DEBUG io.sealights.dependencies.org.apache.hc.client5.http.impl.io.PoolingHttpClientConnectionManager - ep-00000000: connection released [route: {s}->https://dev-ftv-gw.dev.sealights.co:443][total available: 1; route allocated: 1 of 5; total allocated: 1 of 25]
18:42:56.472 [main] INFO SLHttpClient - [From LABS] - responsed GET url:'https://dev-ftv-gw.dev.sealights.co/api/v1/agents/labs/integ_puppet_038a_gfftvlab02', status:200, message:null', body:'{"data":{"labId":"integ_puppet_038a_gfftvlab02","appName":"gf-ftv-lab02","branchName":"puppet","testEnv":null,"labAlias":"gf-ftv-lab02","isMultiLab":false,"isFtv":true}}''
18:42:56.490 [main] INFO SLHttpClient - [From LABS] - responsed GET url:'https://dev-ftv-gw.dev.sealights.co/api/v1/agents/labs/integ_puppet_038a_gfftvlab02', status:200, message:null', body:'{"data":{"labId":"integ_puppet_038a_gfftvlab02","appName":"gf-ftv-lab02","branchName":"puppet","testEnv":null,"labAlias":"gf-ftv-lab02","isMultiLab":false,"isFtv":true}}''
18:42:56.493 [main] DEBUG SLHttpClient - [To LABS] - attempt '#1' out of '5, url:'https://dev-ftv-gw.dev.sealights.co/api/v3/agents/build-sessions'
18:42:56.517 [main] INFO SLHttpClient - [To LABS] - sending POST, url:'https://dev-ftv-gw.dev.sealights.co/api/v3/agents/build-sessions', token: ...X3B1_efpQ4', body:'{"appName":"gf-ftv-lab02","buildName":null,"branchName":"puppet","labId":"integ_puppet_038a_gfftvlab02","checksum":"938a0bd7-f202-424f-bdf2-32186f88d613"}''
18:42:56.518 [main] DEBUG io.sealights.dependencies.org.apache.hc.client5.http.impl.classic.InternalHttpClient - ex-00000002: preparing request execution
18:42:56.519 [main] DEBUG io.sealights.dependencies.org.apache.hc.client5.http.protocol.RequestAddCookies - Cookie spec selected: strict
18:42:56.519 [main] DEBUG io.sealights.dependencies.org.apache.hc.client5.http.protocol.RequestAuthCache - Auth cache not set in the context
18:42:56.519 [main] DEBUG io.sealights.dependencies.org.apache.hc.client5.http.impl.classic.ProtocolExec - ex-00000002: proxy auth state: UNCHALLENGED
18:42:56.519 [main] DEBUG io.sealights.dependencies.org.apache.hc.client5.http.impl.classic.ConnectExec - ex-00000002: acquiring connection with route {s}->https://dev-ftv-gw.dev.sealights.co:443
18:42:56.520 [main] DEBUG io.sealights.dependencies.org.apache.hc.client5.http.impl.classic.InternalHttpClient - ex-00000002: acquiring endpoint (20000 MILLISECONDS)
18:42:56.520 [main] DEBUG io.sealights.dependencies.org.apache.hc.client5.http.impl.io.PoolingHttpClientConnectionManager - ex-00000002: endpoint lease request (20000 MILLISECONDS) [route: {s}->https://dev-ftv-gw.dev.sealights.co:443][total available: 1; route allocated: 1 of 5; total allocated: 1 of 25]
18:42:56.520 [main] DEBUG io.sealights.dependencies.org.apache.hc.client5.http.impl.io.PoolingHttpClientConnectionManager - ex-00000002: endpoint leased [route: {s}->https://dev-ftv-gw.dev.sealights.co:443][total available: 0; route allocated: 1 of 5; total allocated: 1 of 25]
18:42:56.521 [main] DEBUG io.sealights.dependencies.org.apache.hc.client5.http.impl.io.PoolingHttpClientConnectionManager - ex-00000002: acquired ep-00000001
18:42:56.521 [main] DEBUG io.sealights.dependencies.org.apache.hc.client5.http.impl.classic.InternalHttpClient - ex-00000002: acquired endpoint ep-00000001
18:42:56.521 [main] DEBUG io.sealights.dependencies.org.apache.hc.client5.http.impl.classic.MainClientExec - ex-00000002: executing POST /api/v3/agents/build-sessions HTTP/1.1
18:42:56.521 [main] DEBUG io.sealights.dependencies.org.apache.hc.client5.http.impl.classic.InternalHttpClient - ep-00000001: start execution ex-00000002
18:42:56.522 [main] DEBUG io.sealights.dependencies.org.apache.hc.client5.http.impl.io.PoolingHttpClientConnectionManager - ep-00000001: executing exchange ex-00000002 over http-outgoing-0
18:42:56.522 [main] DEBUG io.sealights.dependencies.org.apache.hc.client5.http.headers - http-outgoing-0 >> POST /api/v3/agents/build-sessions HTTP/1.1
18:42:56.522 [main] DEBUG io.sealights.dependencies.org.apache.hc.client5.http.headers - http-outgoing-0 >> Authorization: Bearer eyJhbGciOiJSUzUxMiIsInR5cCI6IkpXVCJ9.eyJpc3MiOiJodHRwczovL0RFVi1mdHYuYXV0aC5zZWFsaWdodHMuaW8vIiwiand0aWQiOiJERVYtZnR2LGktMGMxNjU4YjA0ZTljMDMwMzMsQVBJR1ctOTYzN2FjOGUtMzAyYy00YTk1LTkyZjItZGExNTFiNDljNDI0LDE2NzA0MjE2MzI1NDAiLCJzdWJqZWN0IjoiU2VhTGlnaHRzQGFnZW50IiwiYXVkaWVuY2UiOlsiYWdlbnRzIl0sIngtc2wtcm9sZSI6ImFnZW50IiwieC1zbC1zZXJ2ZXIiOiJodHRwczovL2Rldi1mdHYtZ3cuZGV2LnNlYWxpZ2h0cy5jby9hcGkiLCJzbF9pbXBlcl9zdWJqZWN0IjoiIiwiaWF0IjoxNjcwNDIxNjMyfQ.IyAO7_zibgusLv_pPwTwlBICvRwh7EbC7Ee-Zqmx6azkjaRYDb8olKjiWM_HeYFGnIIczAuWIurFUm-h9noPOzLp-0h-r6fu3Yt4utvF9b1NhQNtL9aLlJ4-h7kDZA7K5AN39Agx6DB_be9XLcLHnwANskq16xn-H6xOOqq-VFqrN98hUl_sRiHf0CKm6RbsumyF1byqZIizENT7unGfJc6tP0poNRgpJkue0UJklgT6HRT8bPi_7rJJgUAu6Vb0LhkCManH_CsllFMxSMBFMJWM-Zxvs5pKHmK1JcIuy08i0r0cJR1axLDtFXcx8Fn_u1dtpLMk-BZCUCOKxh-YXT651AjvCsHwX2JCqxlcD7aLaQIMC3mmq6Qie7YezILQ6_GYDu-oREVgQsN2eob2k0oiFloLn4AmJllq66GasP8Oq20MuHScWvop95McYiictsdHohkkb_z97UIj70LF49qNTJxy5ZGeY90vbZ34mFBfF7cTAXY47q5ReqpyokYx-DABpjFYgS-1i6x_e-4_3Zreni1-SOmueHhhFS_S9hC-gLXvJuiDwIDPaxR16eF_I-S4w0l0071ddqt_-8HgoQcfV85zOzpgHz7IjCfhDIUDB3eI_uwW523hV-4eCoM8ElRa7lCfhQlL2iwEn-623dVjEZI1cD2sfX3B1_efpQ4
18:42:56.522 [main] DEBUG io.sealights.dependencies.org.apache.hc.client5.http.headers - http-outgoing-0 >> Content-Length: 154
18:42:56.523 [main] DEBUG io.sealights.dependencies.org.apache.hc.client5.http.headers - http-outgoing-0 >> Content-Type: application/json; charset=UTF-8
18:42:56.523 [main] DEBUG io.sealights.dependencies.org.apache.hc.client5.http.headers - http-outgoing-0 >> Host: dev-ftv-gw.dev.sealights.co
18:42:56.523 [main] DEBUG io.sealights.dependencies.org.apache.hc.client5.http.headers - http-outgoing-0 >> Connection: keep-alive
18:42:56.523 [main] DEBUG io.sealights.dependencies.org.apache.hc.client5.http.headers - http-outgoing-0 >> User-Agent: Apache-HttpClient/5.0.3 (Java/11.0.12)
18:42:56.523 [main] DEBUG io.sealights.dependencies.org.apache.hc.client5.http.wire - http-outgoing-0 >> "POST /api/v3/agents/build-sessions HTTP/1.1[\r][\n]"
18:42:56.524 [main] DEBUG io.sealights.dependencies.org.apache.hc.client5.http.wire - http-outgoing-0 >> "Authorization: Bearer eyJhbGciOiJSUzUxMiIsInR5cCI6IkpXVCJ9.eyJpc3MiOiJodHRwczovL0RFVi1mdHYuYXV0aC5zZWFsaWdodHMuaW8vIiwiand0aWQiOiJERVYtZnR2LGktMGMxNjU4YjA0ZTljMDMwMzMsQVBJR1ctOTYzN2FjOGUtMzAyYy00YTk1LTkyZjItZGExNTFiNDljNDI0LDE2NzA0MjE2MzI1NDAiLCJzdWJqZWN0IjoiU2VhTGlnaHRzQGFnZW50IiwiYXVkaWVuY2UiOlsiYWdlbnRzIl0sIngtc2wtcm9sZSI6ImFnZW50IiwieC1zbC1zZXJ2ZXIiOiJodHRwczovL2Rldi1mdHYtZ3cuZGV2LnNlYWxpZ2h0cy5jby9hcGkiLCJzbF9pbXBlcl9zdWJqZWN0IjoiIiwiaWF0IjoxNjcwNDIxNjMyfQ.IyAO7_zibgusLv_pPwTwlBICvRwh7EbC7Ee-Zqmx6azkjaRYDb8olKjiWM_HeYFGnIIczAuWIurFUm-h9noPOzLp-0h-r6fu3Yt4utvF9b1NhQNtL9aLlJ4-h7kDZA7K5AN39Agx6DB_be9XLcLHnwANskq16xn-H6xOOqq-VFqrN98hUl_sRiHf0CKm6RbsumyF1byqZIizENT7unGfJc6tP0poNRgpJkue0UJklgT6HRT8bPi_7rJJgUAu6Vb0LhkCManH_CsllFMxSMBFMJWM-Zxvs5pKHmK1JcIuy08i0r0cJR1axLDtFXcx8Fn_u1dtpLMk-BZCUCOKxh-YXT651AjvCsHwX2JCqxlcD7aLaQIMC3mmq6Qie7YezILQ6_GYDu-oREVgQsN2eob2k0oiFloLn4AmJllq66GasP8Oq20MuHScWvop95McYiictsdHohkkb_z97UIj70LF49qNTJxy5ZGeY90vbZ34mFBfF7cTAXY47q5ReqpyokYx-DABpjFYgS-1i6x_e-4_3Zreni1-SOmueHhhFS_S9hC-gLXvJuiDwIDPaxR16eF_I-S4w0l0071ddqt_-8HgoQcfV85zOzpgHz7IjCfhDIUDB3eI_uwW523hV-4eCoM8ElRa7lCfhQlL2iwEn-623dVjEZI1cD2sfX3B1_efpQ4[\r][\n]"
18:42:56.524 [main] DEBUG io.sealights.dependencies.org.apache.hc.client5.http.wire - http-outgoing-0 >> "Content-Length: 154[\r][\n]"
18:42:56.524 [main] DEBUG io.sealights.dependencies.org.apache.hc.client5.http.wire - http-outgoing-0 >> "Content-Type: application/json; charset=UTF-8[\r][\n]"
18:42:56.524 [main] DEBUG io.sealights.dependencies.org.apache.hc.client5.http.wire - http-outgoing-0 >> "Host: dev-ftv-gw.dev.sealights.co[\r][\n]"
18:42:56.525 [main] DEBUG io.sealights.dependencies.org.apache.hc.client5.http.wire - http-outgoing-0 >> "Connection: keep-alive[\r][\n]"
18:42:56.525 [main] DEBUG io.sealights.dependencies.org.apache.hc.client5.http.wire - http-outgoing-0 >> "User-Agent: Apache-HttpClient/5.0.3 (Java/11.0.12)[\r][\n]"
18:42:56.526 [main] DEBUG io.sealights.dependencies.org.apache.hc.client5.http.wire - http-outgoing-0 >> "[\r][\n]"
18:42:56.526 [main] DEBUG io.sealights.dependencies.org.apache.hc.client5.http.wire - http-outgoing-0 >> "{"appName":"gf-ftv-lab02","buildName":null,"branchName":"puppet","labId":"integ_puppet_038a_gfftvlab02","checksum":"938a0bd7-f202-424f-bdf2-32186f88d613"}"
18:42:56.938 [main] DEBUG io.sealights.dependencies.org.apache.hc.client5.http.wire - http-outgoing-0 << "HTTP/1.1 200 OK[\r][\n]"
18:42:56.939 [main] DEBUG io.sealights.dependencies.org.apache.hc.client5.http.wire - http-outgoing-0 << "Access-Control-Expose-Headers: api-version,content-length,content-md5,content-type,date,request-id,response-time[\r][\n]"
18:42:56.940 [main] DEBUG io.sealights.dependencies.org.apache.hc.client5.http.wire - http-outgoing-0 << "content-type: application/json; charset=utf-8[\r][\n]"
18:42:56.940 [main] DEBUG io.sealights.dependencies.org.apache.hc.client5.http.wire - http-outgoing-0 << "Date: Thu, 08 Dec 2022 16:42:57 GMT[\r][\n]"
18:42:56.941 [main] DEBUG io.sealights.dependencies.org.apache.hc.client5.http.wire - http-outgoing-0 << "Vary: Origin, Accept-Encoding[\r][\n]"
18:42:56.942 [main] DEBUG io.sealights.dependencies.org.apache.hc.client5.http.wire - http-outgoing-0 << "X-Powered-By: Express[\r][\n]"
18:42:56.942 [main] DEBUG io.sealights.dependencies.org.apache.hc.client5.http.wire - http-outgoing-0 << "X-Request-Id: 5a89f410-16cd-4779-8047-c5455faaf090[\r][\n]"
18:42:56.943 [main] DEBUG io.sealights.dependencies.org.apache.hc.client5.http.wire - http-outgoing-0 << "x-sl-txid: APIGW-5a89f410-16cd-4779-8047-c5455faaf090[\r][\n]"
18:42:56.943 [main] DEBUG io.sealights.dependencies.org.apache.hc.client5.http.wire - http-outgoing-0 << "Content-Length: 234[\r][\n]"
18:42:56.944 [main] DEBUG io.sealights.dependencies.org.apache.hc.client5.http.wire - http-outgoing-0 << "Connection: keep-alive[\r][\n]"
18:42:56.944 [main] DEBUG io.sealights.dependencies.org.apache.hc.client5.http.wire - http-outgoing-0 << "[\r][\n]"
18:42:56.945 [main] DEBUG io.sealights.dependencies.org.apache.hc.client5.http.wire - http-outgoing-0 << "{"data":{"checksum":"938a0bd7-f202-424f-bdf2-32186f88d613","appName":"gf-ftv-lab02","buildName":"Thu, 08 Dec 2022 16:42:57 GMT","branchName":"puppet","buildSessionId":"08a0c70a-0386-46ad-969b-187f5bec0a93","buildSessionType":"BUILD"}}"
18:42:56.946 [main] DEBUG io.sealights.dependencies.org.apache.hc.client5.http.headers - http-outgoing-0 << HTTP/1.1 200 OK
18:42:56.946 [main] DEBUG io.sealights.dependencies.org.apache.hc.client5.http.headers - http-outgoing-0 << Access-Control-Expose-Headers: api-version,content-length,content-md5,content-type,date,request-id,response-time
18:42:56.947 [main] DEBUG io.sealights.dependencies.org.apache.hc.client5.http.headers - http-outgoing-0 << content-type: application/json; charset=utf-8
18:42:56.948 [main] DEBUG io.sealights.dependencies.org.apache.hc.client5.http.headers - http-outgoing-0 << Date: Thu, 08 Dec 2022 16:42:57 GMT
18:42:56.948 [main] DEBUG io.sealights.dependencies.org.apache.hc.client5.http.headers - http-outgoing-0 << Vary: Origin, Accept-Encoding
18:42:56.949 [main] DEBUG io.sealights.dependencies.org.apache.hc.client5.http.headers - http-outgoing-0 << X-Powered-By: Express
18:42:56.949 [main] DEBUG io.sealights.dependencies.org.apache.hc.client5.http.headers - http-outgoing-0 << X-Request-Id: 5a89f410-16cd-4779-8047-c5455faaf090
18:42:56.950 [main] DEBUG io.sealights.dependencies.org.apache.hc.client5.http.headers - http-outgoing-0 << x-sl-txid: APIGW-5a89f410-16cd-4779-8047-c5455faaf090
18:42:56.950 [main] DEBUG io.sealights.dependencies.org.apache.hc.client5.http.headers - http-outgoing-0 << Content-Length: 234
18:42:56.951 [main] DEBUG io.sealights.dependencies.org.apache.hc.client5.http.headers - http-outgoing-0 << Connection: keep-alive
18:42:56.952 [main] DEBUG io.sealights.dependencies.org.apache.hc.client5.http.impl.classic.MainClientExec - ex-00000002: connection can be kept alive for 3 MINUTES
18:42:56.953 [main] DEBUG io.sealights.dependencies.org.apache.hc.client5.http.impl.classic.InternalHttpClient - ep-00000001: releasing valid endpoint
18:42:56.954 [main] DEBUG io.sealights.dependencies.org.apache.hc.client5.http.impl.io.PoolingHttpClientConnectionManager - ep-00000001: releasing endpoint
18:42:56.954 [main] DEBUG io.sealights.dependencies.org.apache.hc.client5.http.impl.io.PoolingHttpClientConnectionManager - ep-00000001: connection http-outgoing-0 can be kept alive for 3 MINUTES
18:42:56.955 [main] DEBUG io.sealights.dependencies.org.apache.hc.client5.http.impl.io.PoolingHttpClientConnectionManager - ep-00000001: connection released [route: {s}->https://dev-ftv-gw.dev.sealights.co:443][total available: 1; route allocated: 1 of 5; total allocated: 1 of 25]
18:42:56.955 [main] INFO SLHttpClient - [From LABS] - responsed POST url:'https://dev-ftv-gw.dev.sealights.co/api/v3/agents/build-sessions', status:200, message:null', body:'{"data":{"checksum":"938a0bd7-f202-424f-bdf2-32186f88d613","appName":"gf-ftv-lab02","buildName":"Thu, 08 Dec 2022 16:42:57 GMT","branchName":"puppet","buildSessionId":"08a0c70a-0386-46ad-969b-187f5bec0a93","buildSessionType":"BUILD"}}''
18:42:56.959 [main] INFO SLHttpClient - [From LABS] - responsed POST url:'https://dev-ftv-gw.dev.sealights.co/api/v3/agents/build-sessions', status:200, message:null', body:'{"data":{"checksum":"938a0bd7-f202-424f-bdf2-32186f88d613","appName":"gf-ftv-lab02","buildName":"Thu, 08 Dec 2022 16:42:57 GMT","branchName":"puppet","buildSessionId":"08a0c70a-0386-46ad-969b-187f5bec0a93","buildSessionType":"BUILD"}}''
18:42:56.984 [main] DEBUG DefaultAgentEventsController - Updated configuration: 
	token:eyJhbGciOiJSUzUxMiIsInR5cCI6IkpXVCJ9.eyJpc3MiOiJodHRwczovL0RFVi1mdHYuYXV0aC5zZWFsaWdodHMuaW8vIiwiand0aWQiOiJERVYtZnR2LGktMGMxNjU4YjA0ZTljMDMwMzMsQVBJR1ctOTYzN2FjOGUtMzAyYy00YTk1LTkyZjItZGExNTFiNDljNDI0LDE2NzA0MjE2MzI1NDAiLCJzdWJqZWN0IjoiU2VhTGlnaHRzQGFnZW50IiwiYXVkaWVuY2UiOlsiYWdlbnRzIl0sIngtc2wtcm9sZSI6ImFnZW50IiwieC1zbC1zZXJ2ZXIiOiJodHRwczovL2Rldi1mdHYtZ3cuZGV2LnNlYWxpZ2h0cy5jby9hcGkiLCJzbF9pbXBlcl9zdWJqZWN0IjoiIiwiaWF0IjoxNjcwNDIxNjMyfQ.IyAO7_zibgusLv_pPwTwlBICvRwh7EbC7Ee-Zqmx6azkjaRYDb8olKjiWM_HeYFGnIIczAuWIurFUm-h9noPOzLp-0h-r6fu3Yt4utvF9b1NhQNtL9aLlJ4-h7kDZA7K5AN39Agx6DB_be9XLcLHnwANskq16xn-H6xOOqq-VFqrN98hUl_sRiHf0CKm6RbsumyF1byqZIizENT7unGfJc6tP0poNRgpJkue0UJklgT6HRT8bPi_7rJJgUAu6Vb0LhkCManH_CsllFMxSMBFMJWM-Zxvs5pKHmK1JcIuy08i0r0cJR1axLDtFXcx8Fn_u1dtpLMk-BZCUCOKxh-YXT651AjvCsHwX2JCqxlcD7aLaQIMC3mmq6Qie7YezILQ6_GYDu-oREVgQsN2eob2k0oiFloLn4AmJllq66GasP8Oq20MuHScWvop95McYiictsdHohkkb_z97UIj70LF49qNTJxy5ZGeY90vbZ34mFBfF7cTAXY47q5ReqpyokYx-DABpjFYgS-1i6x_e-4_3Zreni1-SOmueHhhFS_S9hC-gLXvJuiDwIDPaxR16eF_I-S4w0l0071ddqt_-8HgoQcfV85zOzpgHz7IjCfhDIUDB3eI_uwW523hV-4eCoM8ElRa7lCfhQlL2iwEn-623dVjEZI1cD2sfX3B1_efpQ4,
	server:https://dev-ftv-gw.dev.sealights.co/api,
	buildSessionId:08a0c70a-0386-46ad-969b-187f5bec0a93,
	proxy:null
18:42:57.000 [main] ERROR ReflectionUtils - Can't get field: 'timeClock'.
java.lang.NoSuchFieldException: Couldn't find field 'timeClock' on class 'class io.sealights.onpremise.agents.ftv.config.model.FtvAgentConfiguration'.
	at io.sealights.onpremise.agents.commons.ReflectionUtils.getFieldSafe(ReflectionUtils.java:132)
	at io.sealights.onpremise.agents.commons.ReflectionUtils.getFieldSafe(ReflectionUtils.java:106)
	at io.sealights.onpremise.agents.commons.lifecycle.events.DefaultAgentEventsController.configureTimeClock(DefaultAgentEventsController.java:85)
	at io.sealights.onpremise.agents.commons.lifecycle.events.DefaultAgentEventsController.init(DefaultAgentEventsController.java:53)
	at io.sealights.onpremise.agents.commons.lifecycle.events.AgentLifeCycle.initEventController(AgentLifeCycle.java:36)
	at io.sealights.onpremise.agents.ftv.PreMain.lambda$null$1(PreMain.java:42)
	at java.base/java.util.Optional.ifPresent(Optional.java:183)
	at io.sealights.onpremise.agents.ftv.PreMain.lambda$initAgentLifecycleAndNotifyStart$2(PreMain.java:40)
	at io.sealights.onpremise.agents.ftv.context.AgentContextFunction.apply(AgentContextFunction.java:18)
	at io.sealights.onpremise.agents.ftv.context.AgentContextFunction.lambda$flatMap$1(AgentContextFunction.java:26)
	at io.sealights.onpremise.agents.ftv.context.AgentContextFunction.lambda$flatMap$1(AgentContextFunction.java:26)
	at io.sealights.onpremise.agents.ftv.context.AgentContextFunction.apply(AgentContextFunction.java:18)
	at io.sealights.onpremise.agents.ftv.context.AgentContext.apply(AgentContext.java:91)
	at io.sealights.onpremise.agents.ftv.PreMain.lambda$premain$0(PreMain.java:21)
	at java.base/java.util.Optional.flatMap(Optional.java:294)
	at io.sealights.onpremise.agents.ftv.PreMain.premain(PreMain.java:21)
	at java.base/jdk.internal.reflect.NativeMethodAccessorImpl.invoke0(Native Method)
	at java.base/jdk.internal.reflect.NativeMethodAccessorImpl.invoke(NativeMethodAccessorImpl.java:62)
	at java.base/jdk.internal.reflect.DelegatingMethodAccessorImpl.invoke(DelegatingMethodAccessorImpl.java:43)
	at java.base/java.lang.reflect.Method.invoke(Method.java:566)
	at java.instrument/sun.instrument.InstrumentationImpl.loadClassAndStartAgent(InstrumentationImpl.java:513)
	at java.instrument/sun.instrument.InstrumentationImpl.loadClassAndCallPremain(InstrumentationImpl.java:525)
18:42:57.001 [main] ERROR DefaultAgentEventsController - Error applying updated configuration to Time Clock Dispatcher.
java.lang.NullPointerException: null
	at io.sealights.onpremise.agents.commons.lifecycle.events.DefaultAgentEventsController.configureTimeClock(DefaultAgentEventsController.java:86)
	at io.sealights.onpremise.agents.commons.lifecycle.events.DefaultAgentEventsController.init(DefaultAgentEventsController.java:53)
	at io.sealights.onpremise.agents.commons.lifecycle.events.AgentLifeCycle.initEventController(AgentLifeCycle.java:36)
	at io.sealights.onpremise.agents.ftv.PreMain.lambda$null$1(PreMain.java:42)
	at java.base/java.util.Optional.ifPresent(Optional.java:183)
	at io.sealights.onpremise.agents.ftv.PreMain.lambda$initAgentLifecycleAndNotifyStart$2(PreMain.java:40)
	at io.sealights.onpremise.agents.ftv.context.AgentContextFunction.apply(AgentContextFunction.java:18)
	at io.sealights.onpremise.agents.ftv.context.AgentContextFunction.lambda$flatMap$1(AgentContextFunction.java:26)
	at io.sealights.onpremise.agents.ftv.context.AgentContextFunction.lambda$flatMap$1(AgentContextFunction.java:26)
	at io.sealights.onpremise.agents.ftv.context.AgentContextFunction.apply(AgentContextFunction.java:18)
	at io.sealights.onpremise.agents.ftv.context.AgentContext.apply(AgentContext.java:91)
	at io.sealights.onpremise.agents.ftv.PreMain.lambda$premain$0(PreMain.java:21)
	at java.base/java.util.Optional.flatMap(Optional.java:294)
	at io.sealights.onpremise.agents.ftv.PreMain.premain(PreMain.java:21)
	at java.base/jdk.internal.reflect.NativeMethodAccessorImpl.invoke0(Native Method)
	at java.base/jdk.internal.reflect.NativeMethodAccessorImpl.invoke(NativeMethodAccessorImpl.java:62)
	at java.base/jdk.internal.reflect.DelegatingMethodAccessorImpl.invoke(DelegatingMethodAccessorImpl.java:43)
	at java.base/java.lang.reflect.Method.invoke(Method.java:566)
	at java.instrument/sun.instrument.InstrumentationImpl.loadClassAndStartAgent(InstrumentationImpl.java:513)
	at java.instrument/sun.instrument.InstrumentationImpl.loadClassAndCallPremain(InstrumentationImpl.java:525)
18:42:57.001 [main] INFO DefaultAgentEventsController - ping will be send with interval 120 secs
18:42:57.003 [main] DEBUG TaskScheduler - Task 'ping-agent' will run periodically with interval=120000 millis, first execution delay=120000 millis
18:42:57.003 [main] DEBUG AgentEventsController - Verify time clock ...
18:42:57.003 [main] INFO AgentEventsController - Time Clock Dispatcher is disabled
18:42:57.038 [main] DEBUG AgentInstanceInfoBuilder - created (technology=Java, agentType=Ftv, agentVersion=4.0.0-SNAPSHOT, buildSessionId=08a0c70a-0386-46ad-969b-187f5bec0a93, uniqueModuleId=,appName=gf-ftv-lab02, labId=integ_puppet_038a_gfftvlab02, agentConfig={server=https://dev-ftv-gw.dev.sealights.co/api, proxy=null, buildSessionId=08a0c70a-0386-46ad-969b-187f5bec0a93, token=eyJhbGciOiJSUzUxMiIsInR5cCI6IkpXVCJ9.eyJpc3MiOiJodHRwczovL0RFVi1mdHYuYXV0aC5zZWFsaWdodHMuaW8vIiwiand0aWQiOiJERVYtZnR2LGktMGMxNjU4YjA0ZTljMDMwMzMsQVBJR1ctOTYzN2FjOGUtMzAyYy00YTk1LTkyZjItZGExNTFiNDljNDI0LDE2NzA0MjE2MzI1NDAiLCJzdWJqZWN0IjoiU2VhTGlnaHRzQGFnZW50IiwiYXVkaWVuY2UiOlsiYWdlbnRzIl0sIngtc2wtcm9sZSI6ImFnZW50IiwieC1zbC1zZXJ2ZXIiOiJodHRwczovL2Rldi1mdHYtZ3cuZGV2LnNlYWxpZ2h0cy5jby9hcGkiLCJzbF9pbXBlcl9zdWJqZWN0IjoiIiwiaWF0IjoxNjcwNDIxNjMyfQ.IyAO7_zibgusLv_pPwTwlBICvRwh7EbC7Ee-Zqmx6azkjaRYDb8olKjiWM_HeYFGnIIczAuWIurFUm-h9noPOzLp-0h-r6fu3Yt4utvF9b1NhQNtL9aLlJ4-h7kDZA7K5AN39Agx6DB_be9XLcLHnwANskq16xn-H6xOOqq-VFqrN98hUl_sRiHf0CKm6RbsumyF1byqZIizENT7unGfJc6tP0poNRgpJkue0UJklgT6HRT8bPi_7rJJgUAu6Vb0LhkCManH_CsllFMxSMBFMJWM-Zxvs5pKHmK1JcIuy08i0r0cJR1axLDtFXcx8Fn_u1dtpLMk-BZCUCOKxh-YXT651AjvCsHwX2JCqxlcD7aLaQIMC3mmq6Qie7YezILQ6_GYDu-oREVgQsN2eob2k0oiFloLn4AmJllq66GasP8Oq20MuHScWvop95McYiictsdHohkkb_z97UIj70LF49qNTJxy5ZGeY90vbZ34mFBfF7cTAXY47q5ReqpyokYx-DABpjFYgS-1i6x_e-4_3Zreni1-SOmueHhhFS_S9hC-gLXvJuiDwIDPaxR16eF_I-S4w0l0071ddqt_-8HgoQcfV85zOzpgHz7IjCfhDIUDB3eI_uwW523hV-4eCoM8ElRa7lCfhQlL2iwEn-623dVjEZI1cD2sfX3B1_efpQ4}, tags=[], processId=6007, processArch=x32, processSessionId=0, argv=[./target/ftv-hello-app-0.0.1-SNAPSHOT.jar, -javaagent:java-agent-ftv-4.0.0-SNAPSHOT.jar=appname=gf-ftv-lab02,labId=integ_puppet_038a_gfftvlab02,packagesincluded=dev.futa.sealights*,workspacepath=.,token=eyJhbGciOiJSUzUxMiIsInR5cCI6IkpXVCJ9.eyJpc3MiOiJodHRwczovL0RFVi1mdHYuYXV0aC5zZWFsaWdodHMuaW8vIiwiand0aWQiOiJERVYtZnR2LGktMGMxNjU4YjA0ZTljMDMwMzMsQVBJR1ctOTYzN2FjOGUtMzAyYy00YTk1LTkyZjItZGExNTFiNDljNDI0LDE2NzA0MjE2MzI1NDAiLCJzdWJqZWN0IjoiU2VhTGlnaHRzQGFnZW50IiwiYXVkaWVuY2UiOlsiYWdlbnRzIl0sIngtc2wtcm9sZSI6ImFnZW50IiwieC1zbC1zZXJ2ZXIiOiJodHRwczovL2Rldi1mdHYtZ3cuZGV2LnNlYWxpZ2h0cy5jby9hcGkiLCJzbF9pbXBlcl9zdWJqZWN0IjoiIiwiaWF0IjoxNjcwNDIxNjMyfQ.IyAO7_zibgusLv_pPwTwlBICvRwh7EbC7Ee-Zqmx6azkjaRYDb8olKjiWM_HeYFGnIIczAuWIurFUm-h9noPOzLp-0h-r6fu3Yt4utvF9b1NhQNtL9aLlJ4-h7kDZA7K5AN39Agx6DB_be9XLcLHnwANskq16xn-H6xOOqq-VFqrN98hUl_sRiHf0CKm6RbsumyF1byqZIizENT7unGfJc6tP0poNRgpJkue0UJklgT6HRT8bPi_7rJJgUAu6Vb0LhkCManH_CsllFMxSMBFMJWM-Zxvs5pKHmK1JcIuy08i0r0cJR1axLDtFXcx8Fn_u1dtpLMk-BZCUCOKxh-YXT651AjvCsHwX2JCqxlcD7aLaQIMC3mmq6Qie7YezILQ6_GYDu-oREVgQsN2eob2k0oiFloLn4AmJllq66GasP8Oq20MuHScWvop95McYiictsdHohkkb_z97UIj70LF49qNTJxy5ZGeY90vbZ34mFBfF7cTAXY47q5ReqpyokYx-DABpjFYgS-1i6x_e-4_3Zreni1-SOmueHhhFS_S9hC-gLXvJuiDwIDPaxR16eF_I-S4w0l0071ddqt_-8HgoQcfV85zOzpgHz7IjCfhDIUDB3eI_uwW523hV-4eCoM8ElRa7lCfhQlL2iwEn-623dVjEZI1cD2sfX3B1_efpQ4, -Dsl.includes=dev.futa.sealights*], cwd=/mnt/c/projekty/sealigths/ftv-hello-app/deployments, envVars={path=/home/gfuta/.sdkman/candidates/java/11.0.12-open/bin:/usr/local/sbin:/usr/local/bin:/usr/sbin:/usr/bin:/sbin:/bin:/usr/games:/usr/local/games:/usr/lib/wsl/lib:/mnt/c/Program Files (x86)/jdk/bin:/mnt/c/Program Files/Git/cmd:/mnt/c/Windows/system32:/mnt/c/Windows:/mnt/c/Windows/System32/Wbem:/mnt/c/Windows/System32/WindowsPowerShell/v1.0/:/mnt/c/Windows/System32/OpenSSH/:/mnt/c/Program Files/dotnet/:/mnt/c/Program Files (x86)/NVIDIA Corporation/PhysX/Common:/mnt/c/Program Files/Git/cmd:/mnt/c/Users/grzeg/AppData/Local/Microsoft/WindowsApps:/mnt/c/Program Files/JetBrains/IntelliJ IDEA 2022.2.3/bin:/mnt/c/programy/jvms_v2.1.1_386:/mnt/c/programy/apache-maven-3.8.6/bin:/mnt/c/Users/grzeg/AppData/Roaming/nvm:/mnt/c/Program Files/nodejs:/mnt/c/Program Files/Docker/Docker/resources/bin:/mnt/c/programy/gradle-7.6/bin:/mnt/c/Users/grzeg/AppData/Roaming/npm:/mnt/c/Program Files/JetBrains/DataGrip 2022.2.5/bin:/snap/bin}, tools=[], sendsPing=true)
18:42:57.049 [main] INFO AgentEventsDispatcher - Handling agentStart ...
18:42:57.050 [main] DEBUG TaskScheduler - Task 'agent-events' will run periodically with interval=10000 millis, first execution delay=0 millis
18:42:57.051 [agent-events] INFO AgentEventsDispatcher - Sending 1 accumulated events ...
18:42:57.054 [agent-events] DEBUG AgentEventServiceHandler - sending event(s):[AGENT_STARTED(1001)], agent:'Ftv' ...
18:42:57.054 [agent-events] DEBUG SLHttpClient - [To ES] - attempt '#1' out of '12, url:'https://dev-ftv-gw.dev.sealights.co/api/v3/agents/agent-events'
18:42:57.125 [agent-events] INFO SLHttpClient - [To ES] - sending POST, url:'https://dev-ftv-gw.dev.sealights.co/api/v3/agents/agent-events', token: ...X3B1_efpQ4', body:'{"agentId":"72935c7b-c25f-4c0b-bec4-2b9ca025b450","buildSessionId":"08a0c70a-0386-46ad-969b-187f5bec0a93","events":[{"type":1001,"utcTimestamp_ms":1670517777006,"data":{"agentInfo":{"technology":"Java","agentType":"Ftv","agentVersion":"4.0.0-SNAPSHOT","buildSessionId":"08a0c70a-0386-46ad-969b-187f5bec0a93","uniqueModuleId":"","appName":"gf-ftv-lab02","labId":"integ_puppet_038a_gfftvlab02","agentConfig":{"server":"https://dev-ftv-gw.dev.sealights.co/api","proxy":"null","buildSessionId":"08a0c70a-0386-46ad-969b-187f5bec0a93","token":"eyJhbGciOiJSUzUxMiIsInR5cCI6IkpXVCJ9.eyJpc3MiOiJodHRwczovL0RFVi1mdHYuYXV0aC5zZWFsaWdodHMuaW8vIiwiand0aWQiOiJERVYtZnR2LGktMGMxNjU4YjA0ZTljMDMwMzMsQVBJR1ctOTYzN2FjOGUtMzAyYy00YTk1LTkyZjItZGExNTFiNDljNDI0LDE2NzA0MjE2MzI1NDAiLCJzdWJqZWN0IjoiU2VhTGlnaHRzQGFnZW50IiwiYXVkaWVuY2UiOlsiYWdlbnRzIl0sIngtc2wtcm9sZSI6ImFnZW50IiwieC1zbC1zZXJ2ZXIiOiJodHRwczovL2Rldi1mdHYtZ3cuZGV2LnNlYWxpZ2h0cy5jby9hcGkiLCJzbF9pbXBlcl9zdWJqZWN0IjoiIiwiaWF0IjoxNjcwNDIxNjMyfQ.IyAO7_zibgusLv_pPwTwlBICvRwh7EbC7Ee-Zqmx6a...(truncated to 1024 Bytes)''
18:42:57.125 [agent-events] DEBUG io.sealights.dependencies.org.apache.hc.client5.http.impl.classic.InternalHttpClient - ex-00000003: preparing request execution
18:42:57.126 [agent-events] DEBUG io.sealights.dependencies.org.apache.hc.client5.http.protocol.RequestAddCookies - Cookie spec selected: strict
18:42:57.126 [agent-events] DEBUG io.sealights.dependencies.org.apache.hc.client5.http.protocol.RequestAuthCache - Auth cache not set in the context
18:42:57.127 [agent-events] DEBUG io.sealights.dependencies.org.apache.hc.client5.http.impl.classic.ProtocolExec - ex-00000003: proxy auth state: UNCHALLENGED
18:42:57.127 [agent-events] DEBUG io.sealights.dependencies.org.apache.hc.client5.http.impl.classic.ConnectExec - ex-00000003: acquiring connection with route {s}->https://dev-ftv-gw.dev.sealights.co:443
18:42:57.127 [agent-events] DEBUG io.sealights.dependencies.org.apache.hc.client5.http.impl.classic.InternalHttpClient - ex-00000003: acquiring endpoint (20000 MILLISECONDS)
18:42:57.127 [agent-events] DEBUG io.sealights.dependencies.org.apache.hc.client5.http.impl.io.PoolingHttpClientConnectionManager - ex-00000003: endpoint lease request (20000 MILLISECONDS) [route: {s}->https://dev-ftv-gw.dev.sealights.co:443][total available: 1; route allocated: 1 of 5; total allocated: 1 of 25]
18:42:57.128 [agent-events] DEBUG io.sealights.dependencies.org.apache.hc.client5.http.impl.io.PoolingHttpClientConnectionManager - ex-00000003: endpoint leased [route: {s}->https://dev-ftv-gw.dev.sealights.co:443][total available: 0; route allocated: 1 of 5; total allocated: 1 of 25]
18:42:57.128 [agent-events] DEBUG io.sealights.dependencies.org.apache.hc.client5.http.impl.io.PoolingHttpClientConnectionManager - ex-00000003: acquired ep-00000002
18:42:57.128 [agent-events] DEBUG io.sealights.dependencies.org.apache.hc.client5.http.impl.classic.InternalHttpClient - ex-00000003: acquired endpoint ep-00000002
18:42:57.129 [agent-events] DEBUG io.sealights.dependencies.org.apache.hc.client5.http.impl.classic.MainClientExec - ex-00000003: executing POST /api/v3/agents/agent-events HTTP/1.1
18:42:57.129 [agent-events] DEBUG io.sealights.dependencies.org.apache.hc.client5.http.impl.classic.InternalHttpClient - ep-00000002: start execution ex-00000003
18:42:57.129 [agent-events] DEBUG io.sealights.dependencies.org.apache.hc.client5.http.impl.io.PoolingHttpClientConnectionManager - ep-00000002: executing exchange ex-00000003 over http-outgoing-0
18:42:57.130 [agent-events] DEBUG io.sealights.dependencies.org.apache.hc.client5.http.headers - http-outgoing-0 >> POST /api/v3/agents/agent-events HTTP/1.1
18:42:57.130 [agent-events] DEBUG io.sealights.dependencies.org.apache.hc.client5.http.headers - http-outgoing-0 >> Authorization: Bearer eyJhbGciOiJSUzUxMiIsInR5cCI6IkpXVCJ9.eyJpc3MiOiJodHRwczovL0RFVi1mdHYuYXV0aC5zZWFsaWdodHMuaW8vIiwiand0aWQiOiJERVYtZnR2LGktMGMxNjU4YjA0ZTljMDMwMzMsQVBJR1ctOTYzN2FjOGUtMzAyYy00YTk1LTkyZjItZGExNTFiNDljNDI0LDE2NzA0MjE2MzI1NDAiLCJzdWJqZWN0IjoiU2VhTGlnaHRzQGFnZW50IiwiYXVkaWVuY2UiOlsiYWdlbnRzIl0sIngtc2wtcm9sZSI6ImFnZW50IiwieC1zbC1zZXJ2ZXIiOiJodHRwczovL2Rldi1mdHYtZ3cuZGV2LnNlYWxpZ2h0cy5jby9hcGkiLCJzbF9pbXBlcl9zdWJqZWN0IjoiIiwiaWF0IjoxNjcwNDIxNjMyfQ.IyAO7_zibgusLv_pPwTwlBICvRwh7EbC7Ee-Zqmx6azkjaRYDb8olKjiWM_HeYFGnIIczAuWIurFUm-h9noPOzLp-0h-r6fu3Yt4utvF9b1NhQNtL9aLlJ4-h7kDZA7K5AN39Agx6DB_be9XLcLHnwANskq16xn-H6xOOqq-VFqrN98hUl_sRiHf0CKm6RbsumyF1byqZIizENT7unGfJc6tP0poNRgpJkue0UJklgT6HRT8bPi_7rJJgUAu6Vb0LhkCManH_CsllFMxSMBFMJWM-Zxvs5pKHmK1JcIuy08i0r0cJR1axLDtFXcx8Fn_u1dtpLMk-BZCUCOKxh-YXT651AjvCsHwX2JCqxlcD7aLaQIMC3mmq6Qie7YezILQ6_GYDu-oREVgQsN2eob2k0oiFloLn4AmJllq66GasP8Oq20MuHScWvop95McYiictsdHohkkb_z97UIj70LF49qNTJxy5ZGeY90vbZ34mFBfF7cTAXY47q5ReqpyokYx-DABpjFYgS-1i6x_e-4_3Zreni1-SOmueHhhFS_S9hC-gLXvJuiDwIDPaxR16eF_I-S4w0l0071ddqt_-8HgoQcfV85zOzpgHz7IjCfhDIUDB3eI_uwW523hV-4eCoM8ElRa7lCfhQlL2iwEn-623dVjEZI1cD2sfX3B1_efpQ4
18:42:57.130 [agent-events] DEBUG io.sealights.dependencies.org.apache.hc.client5.http.headers - http-outgoing-0 >> Content-Length: 4713
18:42:57.131 [agent-events] DEBUG io.sealights.dependencies.org.apache.hc.client5.http.headers - http-outgoing-0 >> Content-Type: application/json; charset=UTF-8
18:42:57.131 [agent-events] DEBUG io.sealights.dependencies.org.apache.hc.client5.http.headers - http-outgoing-0 >> Host: dev-ftv-gw.dev.sealights.co
18:42:57.131 [agent-events] DEBUG io.sealights.dependencies.org.apache.hc.client5.http.headers - http-outgoing-0 >> Connection: keep-alive
18:42:57.132 [agent-events] DEBUG io.sealights.dependencies.org.apache.hc.client5.http.headers - http-outgoing-0 >> User-Agent: Apache-HttpClient/5.0.3 (Java/11.0.12)
18:42:57.132 [agent-events] DEBUG io.sealights.dependencies.org.apache.hc.client5.http.wire - http-outgoing-0 >> "POST /api/v3/agents/agent-events HTTP/1.1[\r][\n]"
18:42:57.133 [agent-events] DEBUG io.sealights.dependencies.org.apache.hc.client5.http.wire - http-outgoing-0 >> "Authorization: Bearer eyJhbGciOiJSUzUxMiIsInR5cCI6IkpXVCJ9.eyJpc3MiOiJodHRwczovL0RFVi1mdHYuYXV0aC5zZWFsaWdodHMuaW8vIiwiand0aWQiOiJERVYtZnR2LGktMGMxNjU4YjA0ZTljMDMwMzMsQVBJR1ctOTYzN2FjOGUtMzAyYy00YTk1LTkyZjItZGExNTFiNDljNDI0LDE2NzA0MjE2MzI1NDAiLCJzdWJqZWN0IjoiU2VhTGlnaHRzQGFnZW50IiwiYXVkaWVuY2UiOlsiYWdlbnRzIl0sIngtc2wtcm9sZSI6ImFnZW50IiwieC1zbC1zZXJ2ZXIiOiJodHRwczovL2Rldi1mdHYtZ3cuZGV2LnNlYWxpZ2h0cy5jby9hcGkiLCJzbF9pbXBlcl9zdWJqZWN0IjoiIiwiaWF0IjoxNjcwNDIxNjMyfQ.IyAO7_zibgusLv_pPwTwlBICvRwh7EbC7Ee-Zqmx6azkjaRYDb8olKjiWM_HeYFGnIIczAuWIurFUm-h9noPOzLp-0h-r6fu3Yt4utvF9b1NhQNtL9aLlJ4-h7kDZA7K5AN39Agx6DB_be9XLcLHnwANskq16xn-H6xOOqq-VFqrN98hUl_sRiHf0CKm6RbsumyF1byqZIizENT7unGfJc6tP0poNRgpJkue0UJklgT6HRT8bPi_7rJJgUAu6Vb0LhkCManH_CsllFMxSMBFMJWM-Zxvs5pKHmK1JcIuy08i0r0cJR1axLDtFXcx8Fn_u1dtpLMk-BZCUCOKxh-YXT651AjvCsHwX2JCqxlcD7aLaQIMC3mmq6Qie7YezILQ6_GYDu-oREVgQsN2eob2k0oiFloLn4AmJllq66GasP8Oq20MuHScWvop95McYiictsdHohkkb_z97UIj70LF49qNTJxy5ZGeY90vbZ34mFBfF7cTAXY47q5ReqpyokYx-DABpjFYgS-1i6x_e-4_3Zreni1-SOmueHhhFS_S9hC-gLXvJuiDwIDPaxR16eF_I-S4w0l0071ddqt_-8HgoQcfV85zOzpgHz7IjCfhDIUDB3eI_uwW523hV-4eCoM8ElRa7lCfhQlL2iwEn-623dVjEZI1cD2sfX3B1_efpQ4[\r][\n]"
18:42:57.133 [agent-events] DEBUG io.sealights.dependencies.org.apache.hc.client5.http.wire - http-outgoing-0 >> "Content-Length: 4713[\r][\n]"
18:42:57.133 [agent-events] DEBUG io.sealights.dependencies.org.apache.hc.client5.http.wire - http-outgoing-0 >> "Content-Type: application/json; charset=UTF-8[\r][\n]"
18:42:57.133 [agent-events] DEBUG io.sealights.dependencies.org.apache.hc.client5.http.wire - http-outgoing-0 >> "Host: dev-ftv-gw.dev.sealights.co[\r][\n]"
18:42:57.134 [agent-events] DEBUG io.sealights.dependencies.org.apache.hc.client5.http.wire - http-outgoing-0 >> "Connection: keep-alive[\r][\n]"
18:42:57.135 [agent-events] DEBUG io.sealights.dependencies.org.apache.hc.client5.http.wire - http-outgoing-0 >> "User-Agent: Apache-HttpClient/5.0.3 (Java/11.0.12)[\r][\n]"
18:42:57.135 [agent-events] DEBUG io.sealights.dependencies.org.apache.hc.client5.http.wire - http-outgoing-0 >> "[\r][\n]"
18:42:57.136 [agent-events] DEBUG io.sealights.dependencies.org.apache.hc.client5.http.wire - http-outgoing-0 >> "{"agentId":"72935c7b-c25f-4c0b-bec4-2b9ca025b450","buildSessionId":"08a0c70a-0386-46ad-969b-187f5bec0a93","events":[{"type":1001,"utcTimestamp_ms":1670517777006,"data":{"agentInfo":{"technology":"Java","agentType":"Ftv","agentVersion":"4.0.0-SNAPSHOT","buildSessionId":"08a0c70a-0386-46ad-969b-187f5bec0a93","uniqueModuleId":"","appName":"gf-ftv-lab02","labId":"integ_puppet_038a_gfftvlab02","agentConfig":{"server":"https://dev-ftv-gw.dev.sealights.co/api","proxy":"null","buildSessionId":"08a0c70a-0386-46ad-969b-187f5bec0a93","token":"eyJhbGciOiJSUzUxMiIsInR5cCI6IkpXVCJ9.eyJpc3MiOiJodHRwczovL0RFVi1mdHYuYXV0aC5zZWFsaWdodHMuaW8vIiwiand0aWQiOiJERVYtZnR2LGktMGMxNjU4YjA0ZTljMDMwMzMsQVBJR1ctOTYzN2FjOGUtMzAyYy00YTk1LTkyZjItZGExNTFiNDljNDI0LDE2NzA0MjE2MzI1NDAiLCJzdWJqZWN0IjoiU2VhTGlnaHRzQGFnZW50IiwiYXVkaWVuY2UiOlsiYWdlbnRzIl0sIngtc2wtcm9sZSI6ImFnZW50IiwieC1zbC1zZXJ2ZXIiOiJodHRwczovL2Rldi1mdHYtZ3cuZGV2LnNlYWxpZ2h0cy5jby9hcGkiLCJzbF9pbXBlcl9zdWJqZWN0IjoiIiwiaWF0IjoxNjcwNDIxNjMyfQ.IyAO7_zibgusLv_pPwTwlBICvRwh7EbC7Ee-Zqmx6azkjaRYDb8olKjiWM_HeYFGnIIczAuWIurFUm-h9noPOzLp-0h-r6fu3Yt4utvF9b1NhQNtL9aLlJ4-h7kDZA7K5AN39Agx6DB_be9XLcLHnwANskq16xn-H6xOOqq-VFqrN98hUl_sRiHf0CKm6RbsumyF1byqZIizENT7unGfJc6tP0poNRgpJkue0UJklgT6HRT8bPi_7rJJgUAu6Vb0LhkCManH_CsllFMxSMBFMJWM-Zxvs5pKHmK1JcIuy08i0r0cJR1axLDtFXcx8Fn_u1dtpLMk-BZCUCOKxh-YXT651AjvCsHwX2JCqxlcD7aLaQIMC3mmq6Qie7YezILQ6_GYDu-oREVgQsN2eob2k0oiFloLn4AmJllq66GasP8Oq20MuHScWvop95McYiictsdHohkkb_z97UIj70LF49qNTJxy5ZGeY90vbZ34mFBfF7cTAXY47q5ReqpyokYx-DABpjFYgS-1i6x_e-4_3Zreni1-SOmueHhhFS_S9hC-gLXvJuiDwIDPaxR16eF_I-S4w0l0071ddqt_-8HgoQcfV85zOzpgHz7IjCfhDIUDB3eI_uwW523hV-4eCoM8ElRa7lCfhQlL2iwEn-623dVjEZI1cD2sfX3B1_efpQ4"},"tags":[],"processId":6007,"processArch":"x32","processSessionId":0,"argv":["./target/ftv-hello-app-0.0.1-SNAPSHOT.jar","-javaagent:java-agent-ftv-4.0.0-SNAPSHOT.jar=appname=gf-ftv-lab02,labId=integ_puppet_038a_gfftvlab02,packagesincluded=dev.futa.sealights*,workspacepath=.,token=eyJhbGciOiJSUzUxMiIsInR5cCI6IkpXVCJ9.eyJpc3MiOiJodHRwczovL0RFVi1mdHYuYXV0aC5zZWFsaWdodHMuaW8vIiwiand0aWQiOiJERVYtZnR2LGktMGMxNjU4YjA0ZTljMDMwMzMsQVBJR1ctOTYzN2FjOGUtMzAyYy00YTk1LTkyZjItZGExNTFiNDljNDI0LDE2NzA0MjE2MzI1NDAiLCJzdWJqZWN0IjoiU2VhTGlnaHRzQGFnZW50IiwiYXVkaWVuY2UiOlsiYWdlbnRzIl0sIngtc2wtcm9sZSI6ImFnZW50IiwieC1zbC1zZXJ2ZXIiOiJodHRwczovL2Rldi1mdHYtZ3cuZGV2LnNlYWxpZ2h0cy5jby9hcGkiLCJzbF9pbXBlcl9zdWJqZWN0IjoiIiwiaWF0IjoxNjcwNDIxNjMyfQ.IyAO7_zibgusLv_pPwTwlBICvRwh7EbC7Ee-Zqmx6azkjaRYDb8olKjiWM_HeYFGnIIczAuWIurFUm-h9noPOzLp-0h-r6fu3Yt4utvF9b1NhQNtL9aLlJ4-h7kDZA7K5AN39Agx6DB_be9XLcLHnwANskq16xn-H6xOOqq-VFqrN98hUl_sRiHf0CKm6RbsumyF1byqZIizENT7unGfJc6tP0poNRgpJkue0UJklgT6HRT8bPi_7rJJgUAu6Vb0LhkCManH_CsllFMxSMBFMJWM-Zxvs5pKHmK1JcIuy08i0r0cJR1axLDtFXcx8Fn_u1dtpLMk-BZCUCOKxh-YXT651AjvCsHwX2JCqxlcD7aLaQIMC3mmq6Qie7YezILQ6_GYDu-oREVgQsN2eob2k0oiFloLn4AmJllq66GasP8Oq20MuHScWvop95McYiictsdHohkkb_z97UIj70LF49qNTJxy5ZGeY90vbZ34mFBfF7cTAXY47q5ReqpyokYx-DABpjFYgS-1i6x_e-4_3Zreni1-SOmueHhhFS_S9hC-gLXvJuiDwIDPaxR16eF_I-S4w0l0071ddqt_-8HgoQcfV85zOzpgHz7IjCfhDIUDB3eI_uwW523hV-4eCoM8ElRa7lCfhQlL2iwEn-623dVjEZI1cD2sfX3B1_efpQ4","-Dsl.includes=dev.futa.sealights*"],"cwd":"/mnt/c/projekty/sealigths/ftv-hello-app/deployments","envVars":{"path":"/home/gfuta/.sdkman/candidates/java/11.0.12-open/bin:/usr/local/sbin:/usr/local/bin:/usr/sbin:/usr/bin:/sbin:/bin:/usr/games:/usr/local/games:/usr/lib/wsl/lib:/mnt/c/Program Files (x86)/jdk/bin:/mnt/c/Program Files/Git/cmd:/mnt/c/Windows/system32:/mnt/c/Windows:/mnt/c/Windows/System32/Wbem:/mnt/c/Windows/System32/WindowsPowerShell/v1.0/:/mnt/c/Windows/System32/OpenSSH/:/mnt/c/Program Files/dotnet/:/mnt/c/Program Files (x86)/NVIDIA Corporation/PhysX/Common:/mnt/c/Program Files/Git/cmd:/mnt/c/Users/grzeg/AppData/Local/Microsoft/WindowsApps:/mnt/c/Program Files/JetBrains/IntelliJ IDEA 2022.2.3/bin:/mnt/c/programy/jvms_v2.1.1_386:/mnt/c/programy/apache-maven-3.8.6/bin:/mnt/c/Users/grzeg/AppData/Roaming/nvm:/mnt/c/Program Files/nodejs:/mnt/c/Program Files/Docker/Docker/resources/bin:/mnt/c/programy/gradle-7.6/bin:/mnt/c/Users/grzeg/AppData/Roaming/npm:/mnt/c/Program Files/JetBrains/DataGrip 2022.2.5/bin:/snap/bin"},"tools":[],"sendsPing":true},"machineInfo":{"machineName":"hajfa","arch":"amd64","os":"Linux","localDateTime":"2022-12-08T18:42:57+0200","localDateTimeUnix_s":1670524977042,"ipAddress":["fe80:0:0:0:215:5dff:fe94:6fe6%eth0","192.168.81.55","0:0:0:0:0:0:0:1%lo","127.0.0.1"]},"techSpecificInfo":{"javaVendor":"Oracle Corporation","javaVersion":"11.0.12","jvmName":"OpenJDK 64-Bit Server VM","systemProps":{"sl.includes":"dev.futa.sealights*"}},"ciInfo":{"jobName":null,"jobId":null,"jobUrl":null,"partialData":true},"pingData":{"agentInfo":null,"avgCpuLoad":0,"freeRam_KB":238309,"labId":null}}}]}"
java.lang.RuntimeException: java.lang.IllegalArgumentException: Unsupported class file major version 2056
java.lang.RuntimeException: java.lang.IllegalArgumentException: Unsupported class file major version 2056
18:42:57.290 [main] DEBUG ClassMappingBuilder - Created classes mapping:
18:42:57.292 [main] DEBUG SLHttpClient - [To BUILD_MAPPING] - attempt '#1' out of '12, url:'https://dev-ftv-gw.dev.sealights.co/api/v5/agents/build-sessions/08a0c70a-0386-46ad-969b-187f5bec0a93/buildend'
18:42:57.294 [main] INFO SLHttpClient - [To BUILD_MAPPING] - sending POST, url:'https://dev-ftv-gw.dev.sealights.co/api/v5/agents/build-sessions/08a0c70a-0386-46ad-969b-187f5bec0a93/buildend', token: ...X3B1_efpQ4', body:'{"agentId":"72935c7b-c25f-4c0b-bec4-2b9ca025b450","partsCount":1,"labId":"integ_puppet_038a_gfftvlab02","status":{"success":true,"message":"n00p","duration":231}}''
18:42:57.295 [main] DEBUG io.sealights.dependencies.org.apache.hc.client5.http.impl.classic.InternalHttpClient - ex-00000004: preparing request execution
18:42:57.296 [main] DEBUG io.sealights.dependencies.org.apache.hc.client5.http.protocol.RequestAddCookies - Cookie spec selected: strict
18:42:57.296 [main] DEBUG io.sealights.dependencies.org.apache.hc.client5.http.protocol.RequestAuthCache - Auth cache not set in the context
18:42:57.296 [main] DEBUG io.sealights.dependencies.org.apache.hc.client5.http.impl.classic.ProtocolExec - ex-00000004: proxy auth state: UNCHALLENGED
18:42:57.297 [main] DEBUG io.sealights.dependencies.org.apache.hc.client5.http.impl.classic.ConnectExec - ex-00000004: acquiring connection with route {s}->https://dev-ftv-gw.dev.sealights.co:443
18:42:57.297 [main] DEBUG io.sealights.dependencies.org.apache.hc.client5.http.impl.classic.InternalHttpClient - ex-00000004: acquiring endpoint (20000 MILLISECONDS)
18:42:57.298 [main] DEBUG io.sealights.dependencies.org.apache.hc.client5.http.impl.io.PoolingHttpClientConnectionManager - ex-00000004: endpoint lease request (20000 MILLISECONDS) [route: {s}->https://dev-ftv-gw.dev.sealights.co:443][total available: 0; route allocated: 1 of 5; total allocated: 1 of 25]
18:42:57.299 [main] DEBUG io.sealights.dependencies.org.apache.hc.client5.http.impl.io.PoolingHttpClientConnectionManager - ex-00000004: endpoint leased [route: {s}->https://dev-ftv-gw.dev.sealights.co:443][total available: 0; route allocated: 2 of 5; total allocated: 2 of 25]
18:42:57.299 [main] DEBUG io.sealights.dependencies.org.apache.hc.client5.http.impl.io.PoolingHttpClientConnectionManager - ex-00000004: acquired ep-00000003
18:42:57.300 [main] DEBUG io.sealights.dependencies.org.apache.hc.client5.http.impl.classic.InternalHttpClient - ex-00000004: acquired endpoint ep-00000003
18:42:57.300 [main] DEBUG io.sealights.dependencies.org.apache.hc.client5.http.impl.classic.ConnectExec - ex-00000004: opening connection {s}->https://dev-ftv-gw.dev.sealights.co:443
18:42:57.300 [main] DEBUG io.sealights.dependencies.org.apache.hc.client5.http.impl.classic.InternalHttpClient - ep-00000003: connecting endpoint (10000 MILLISECONDS)
18:42:57.301 [main] DEBUG io.sealights.dependencies.org.apache.hc.client5.http.impl.io.PoolingHttpClientConnectionManager - ep-00000003: connecting endpoint to https://dev-ftv-gw.dev.sealights.co:443 (10000 MILLISECONDS)
18:42:57.301 [main] DEBUG io.sealights.dependencies.org.apache.hc.client5.http.impl.io.DefaultHttpClientConnectionOperator - http-outgoing-1: connecting to dev-ftv-gw.dev.sealights.co/54.246.202.189:443
18:42:57.302 [main] DEBUG io.sealights.dependencies.org.apache.hc.client5.http.ssl.SSLConnectionSocketFactory - Connecting socket to dev-ftv-gw.dev.sealights.co/54.246.202.189:443 with timeout 10000 MILLISECONDS
18:42:57.499 [main] DEBUG io.sealights.dependencies.org.apache.hc.client5.http.ssl.SSLConnectionSocketFactory - Enabled protocols: [TLSv1.3, TLSv1.2]
18:42:57.500 [main] DEBUG io.sealights.dependencies.org.apache.hc.client5.http.ssl.SSLConnectionSocketFactory - Enabled cipher suites: [TLS_AES_128_GCM_SHA256, TLS_AES_256_GCM_SHA384, TLS_ECDHE_ECDSA_WITH_AES_256_GCM_SHA384, TLS_ECDHE_ECDSA_WITH_AES_128_GCM_SHA256, TLS_ECDHE_RSA_WITH_AES_256_GCM_SHA384, TLS_RSA_WITH_AES_256_GCM_SHA384, TLS_ECDH_ECDSA_WITH_AES_256_GCM_SHA384, TLS_ECDH_RSA_WITH_AES_256_GCM_SHA384, TLS_DHE_RSA_WITH_AES_256_GCM_SHA384, TLS_DHE_DSS_WITH_AES_256_GCM_SHA384, TLS_ECDHE_RSA_WITH_AES_128_GCM_SHA256, TLS_RSA_WITH_AES_128_GCM_SHA256, TLS_ECDH_ECDSA_WITH_AES_128_GCM_SHA256, TLS_ECDH_RSA_WITH_AES_128_GCM_SHA256, TLS_DHE_RSA_WITH_AES_128_GCM_SHA256, TLS_DHE_DSS_WITH_AES_128_GCM_SHA256, TLS_ECDHE_ECDSA_WITH_AES_256_CBC_SHA384, TLS_ECDHE_RSA_WITH_AES_256_CBC_SHA384, TLS_RSA_WITH_AES_256_CBC_SHA256, TLS_ECDH_ECDSA_WITH_AES_256_CBC_SHA384, TLS_ECDH_RSA_WITH_AES_256_CBC_SHA384, TLS_DHE_RSA_WITH_AES_256_CBC_SHA256, TLS_DHE_DSS_WITH_AES_256_CBC_SHA256, TLS_ECDHE_ECDSA_WITH_AES_256_CBC_SHA, TLS_ECDHE_RSA_WITH_AES_256_CBC_SHA, TLS_RSA_WITH_AES_256_CBC_SHA, TLS_ECDH_ECDSA_WITH_AES_256_CBC_SHA, TLS_ECDH_RSA_WITH_AES_256_CBC_SHA, TLS_DHE_RSA_WITH_AES_256_CBC_SHA, TLS_DHE_DSS_WITH_AES_256_CBC_SHA, TLS_ECDHE_ECDSA_WITH_AES_128_CBC_SHA256, TLS_ECDHE_RSA_WITH_AES_128_CBC_SHA256, TLS_RSA_WITH_AES_128_CBC_SHA256, TLS_ECDH_ECDSA_WITH_AES_128_CBC_SHA256, TLS_ECDH_RSA_WITH_AES_128_CBC_SHA256, TLS_DHE_RSA_WITH_AES_128_CBC_SHA256, TLS_DHE_DSS_WITH_AES_128_CBC_SHA256, TLS_ECDHE_ECDSA_WITH_AES_128_CBC_SHA, TLS_ECDHE_RSA_WITH_AES_128_CBC_SHA, TLS_RSA_WITH_AES_128_CBC_SHA, TLS_ECDH_ECDSA_WITH_AES_128_CBC_SHA, TLS_ECDH_RSA_WITH_AES_128_CBC_SHA, TLS_DHE_RSA_WITH_AES_128_CBC_SHA, TLS_DHE_DSS_WITH_AES_128_CBC_SHA, TLS_EMPTY_RENEGOTIATION_INFO_SCSV]
18:42:57.500 [main] DEBUG io.sealights.dependencies.org.apache.hc.client5.http.ssl.SSLConnectionSocketFactory - Starting handshake
18:42:57.503 [agent-events] DEBUG io.sealights.dependencies.org.apache.hc.client5.http.wire - http-outgoing-0 << "HTTP/1.1 200 OK[\r][\n]"
18:42:57.504 [agent-events] DEBUG io.sealights.dependencies.org.apache.hc.client5.http.wire - http-outgoing-0 << "Access-Control-Expose-Headers: api-version,content-length,content-md5,content-type,date,request-id,response-time[\r][\n]"
18:42:57.505 [agent-events] DEBUG io.sealights.dependencies.org.apache.hc.client5.http.wire - http-outgoing-0 << "Date: Thu, 08 Dec 2022 16:42:57 GMT[\r][\n]"
18:42:57.505 [agent-events] DEBUG io.sealights.dependencies.org.apache.hc.client5.http.wire - http-outgoing-0 << "Vary: Origin[\r][\n]"
18:42:57.505 [agent-events] DEBUG io.sealights.dependencies.org.apache.hc.client5.http.wire - http-outgoing-0 << "X-Powered-By: Express[\r][\n]"
18:42:57.506 [agent-events] DEBUG io.sealights.dependencies.org.apache.hc.client5.http.wire - http-outgoing-0 << "X-Request-Id: e53abf42-a64a-41f3-be72-e4f6e57919f8[\r][\n]"
18:42:57.507 [agent-events] DEBUG io.sealights.dependencies.org.apache.hc.client5.http.wire - http-outgoing-0 << "x-sl-txid: APIGW-e53abf42-a64a-41f3-be72-e4f6e57919f8[\r][\n]"
18:42:57.507 [agent-events] DEBUG io.sealights.dependencies.org.apache.hc.client5.http.wire - http-outgoing-0 << "Content-Length: 0[\r][\n]"
18:42:57.507 [agent-events] DEBUG io.sealights.dependencies.org.apache.hc.client5.http.wire - http-outgoing-0 << "Connection: keep-alive[\r][\n]"
18:42:57.508 [agent-events] DEBUG io.sealights.dependencies.org.apache.hc.client5.http.wire - http-outgoing-0 << "[\r][\n]"
18:42:57.508 [agent-events] DEBUG io.sealights.dependencies.org.apache.hc.client5.http.headers - http-outgoing-0 << HTTP/1.1 200 OK
18:42:57.508 [agent-events] DEBUG io.sealights.dependencies.org.apache.hc.client5.http.headers - http-outgoing-0 << Access-Control-Expose-Headers: api-version,content-length,content-md5,content-type,date,request-id,response-time
18:42:57.509 [agent-events] DEBUG io.sealights.dependencies.org.apache.hc.client5.http.headers - http-outgoing-0 << Date: Thu, 08 Dec 2022 16:42:57 GMT
18:42:57.510 [agent-events] DEBUG io.sealights.dependencies.org.apache.hc.client5.http.headers - http-outgoing-0 << Vary: Origin
18:42:57.510 [agent-events] DEBUG io.sealights.dependencies.org.apache.hc.client5.http.headers - http-outgoing-0 << X-Powered-By: Express
18:42:57.511 [agent-events] DEBUG io.sealights.dependencies.org.apache.hc.client5.http.headers - http-outgoing-0 << X-Request-Id: e53abf42-a64a-41f3-be72-e4f6e57919f8
18:42:57.511 [agent-events] DEBUG io.sealights.dependencies.org.apache.hc.client5.http.headers - http-outgoing-0 << x-sl-txid: APIGW-e53abf42-a64a-41f3-be72-e4f6e57919f8
18:42:57.512 [agent-events] DEBUG io.sealights.dependencies.org.apache.hc.client5.http.headers - http-outgoing-0 << Content-Length: 0
18:42:57.512 [agent-events] DEBUG io.sealights.dependencies.org.apache.hc.client5.http.headers - http-outgoing-0 << Connection: keep-alive
18:42:57.513 [agent-events] DEBUG io.sealights.dependencies.org.apache.hc.client5.http.impl.classic.MainClientExec - ex-00000003: connection can be kept alive for 3 MINUTES
18:42:57.513 [agent-events] DEBUG io.sealights.dependencies.org.apache.hc.client5.http.impl.classic.InternalHttpClient - ep-00000002: releasing valid endpoint
18:42:57.514 [agent-events] DEBUG io.sealights.dependencies.org.apache.hc.client5.http.impl.io.PoolingHttpClientConnectionManager - ep-00000002: releasing endpoint
18:42:57.514 [agent-events] DEBUG io.sealights.dependencies.org.apache.hc.client5.http.impl.io.PoolingHttpClientConnectionManager - ep-00000002: connection http-outgoing-0 can be kept alive for 3 MINUTES
18:42:57.514 [agent-events] DEBUG io.sealights.dependencies.org.apache.hc.client5.http.impl.io.PoolingHttpClientConnectionManager - ep-00000002: connection released [route: {s}->https://dev-ftv-gw.dev.sealights.co:443][total available: 1; route allocated: 2 of 5; total allocated: 2 of 25]
18:42:57.515 [agent-events] INFO SLHttpClient - [From ES] - responsed POST url:'https://dev-ftv-gw.dev.sealights.co/api/v3/agents/agent-events', status:200, message:null', body:'''
18:42:57.515 [agent-events] INFO SLHttpClient - [From ES] - responsed POST url:'https://dev-ftv-gw.dev.sealights.co/api/v3/agents/agent-events', status:200, message:null', body:'''
18:42:57.516 [agent-events] DEBUG AgentEventServiceHandler - sent successfully event(s):[AGENT_STARTED(1001)], agent:'Ftv'
18:42:58.316 [main] DEBUG io.sealights.dependencies.org.apache.hc.client5.http.ssl.SSLConnectionSocketFactory - Secure session established
18:42:58.317 [main] DEBUG io.sealights.dependencies.org.apache.hc.client5.http.ssl.SSLConnectionSocketFactory -  negotiated protocol: TLSv1.2
18:42:58.318 [main] DEBUG io.sealights.dependencies.org.apache.hc.client5.http.ssl.SSLConnectionSocketFactory -  negotiated cipher suite: TLS_ECDHE_RSA_WITH_AES_128_GCM_SHA256
18:42:58.318 [main] DEBUG io.sealights.dependencies.org.apache.hc.client5.http.ssl.SSLConnectionSocketFactory -  peer principal: CN=*.dev.sealights.co
18:42:58.319 [main] DEBUG io.sealights.dependencies.org.apache.hc.client5.http.ssl.SSLConnectionSocketFactory -  peer alternative names: [*.dev.sealights.co]
18:42:58.319 [main] DEBUG io.sealights.dependencies.org.apache.hc.client5.http.ssl.SSLConnectionSocketFactory -  issuer principal: CN=Amazon, OU=Server CA 1B, O=Amazon, C=US
18:42:58.320 [main] DEBUG io.sealights.dependencies.org.apache.hc.client5.http.impl.io.DefaultHttpClientConnectionOperator - http-outgoing-1: connection established 192.168.81.55:48260<->54.246.202.189:443
18:42:58.321 [main] DEBUG io.sealights.dependencies.org.apache.hc.client5.http.impl.io.PoolingHttpClientConnectionManager - ep-00000003: connected http-outgoing-1
18:42:58.321 [main] DEBUG io.sealights.dependencies.org.apache.hc.client5.http.impl.classic.InternalHttpClient - ep-00000003: endpoint connected
18:42:58.322 [main] DEBUG io.sealights.dependencies.org.apache.hc.client5.http.impl.classic.MainClientExec - ex-00000004: executing POST /api/v5/agents/build-sessions/08a0c70a-0386-46ad-969b-187f5bec0a93/buildend HTTP/1.1
18:42:58.323 [main] DEBUG io.sealights.dependencies.org.apache.hc.client5.http.impl.classic.InternalHttpClient - ep-00000003: start execution ex-00000004
18:42:58.323 [main] DEBUG io.sealights.dependencies.org.apache.hc.client5.http.impl.io.PoolingHttpClientConnectionManager - ep-00000003: executing exchange ex-00000004 over http-outgoing-1
18:42:58.324 [main] DEBUG io.sealights.dependencies.org.apache.hc.client5.http.headers - http-outgoing-1 >> POST /api/v5/agents/build-sessions/08a0c70a-0386-46ad-969b-187f5bec0a93/buildend HTTP/1.1
18:42:58.324 [main] DEBUG io.sealights.dependencies.org.apache.hc.client5.http.headers - http-outgoing-1 >> Authorization: Bearer eyJhbGciOiJSUzUxMiIsInR5cCI6IkpXVCJ9.eyJpc3MiOiJodHRwczovL0RFVi1mdHYuYXV0aC5zZWFsaWdodHMuaW8vIiwiand0aWQiOiJERVYtZnR2LGktMGMxNjU4YjA0ZTljMDMwMzMsQVBJR1ctOTYzN2FjOGUtMzAyYy00YTk1LTkyZjItZGExNTFiNDljNDI0LDE2NzA0MjE2MzI1NDAiLCJzdWJqZWN0IjoiU2VhTGlnaHRzQGFnZW50IiwiYXVkaWVuY2UiOlsiYWdlbnRzIl0sIngtc2wtcm9sZSI6ImFnZW50IiwieC1zbC1zZXJ2ZXIiOiJodHRwczovL2Rldi1mdHYtZ3cuZGV2LnNlYWxpZ2h0cy5jby9hcGkiLCJzbF9pbXBlcl9zdWJqZWN0IjoiIiwiaWF0IjoxNjcwNDIxNjMyfQ.IyAO7_zibgusLv_pPwTwlBICvRwh7EbC7Ee-Zqmx6azkjaRYDb8olKjiWM_HeYFGnIIczAuWIurFUm-h9noPOzLp-0h-r6fu3Yt4utvF9b1NhQNtL9aLlJ4-h7kDZA7K5AN39Agx6DB_be9XLcLHnwANskq16xn-H6xOOqq-VFqrN98hUl_sRiHf0CKm6RbsumyF1byqZIizENT7unGfJc6tP0poNRgpJkue0UJklgT6HRT8bPi_7rJJgUAu6Vb0LhkCManH_CsllFMxSMBFMJWM-Zxvs5pKHmK1JcIuy08i0r0cJR1axLDtFXcx8Fn_u1dtpLMk-BZCUCOKxh-YXT651AjvCsHwX2JCqxlcD7aLaQIMC3mmq6Qie7YezILQ6_GYDu-oREVgQsN2eob2k0oiFloLn4AmJllq66GasP8Oq20MuHScWvop95McYiictsdHohkkb_z97UIj70LF49qNTJxy5ZGeY90vbZ34mFBfF7cTAXY47q5ReqpyokYx-DABpjFYgS-1i6x_e-4_3Zreni1-SOmueHhhFS_S9hC-gLXvJuiDwIDPaxR16eF_I-S4w0l0071ddqt_-8HgoQcfV85zOzpgHz7IjCfhDIUDB3eI_uwW523hV-4eCoM8ElRa7lCfhQlL2iwEn-623dVjEZI1cD2sfX3B1_efpQ4
18:42:58.325 [main] DEBUG io.sealights.dependencies.org.apache.hc.client5.http.headers - http-outgoing-1 >> Content-Length: 162
18:42:58.325 [main] DEBUG io.sealights.dependencies.org.apache.hc.client5.http.headers - http-outgoing-1 >> Content-Type: application/json; charset=UTF-8
18:42:58.325 [main] DEBUG io.sealights.dependencies.org.apache.hc.client5.http.headers - http-outgoing-1 >> Host: dev-ftv-gw.dev.sealights.co
18:42:58.326 [main] DEBUG io.sealights.dependencies.org.apache.hc.client5.http.headers - http-outgoing-1 >> Connection: keep-alive
18:42:58.326 [main] DEBUG io.sealights.dependencies.org.apache.hc.client5.http.headers - http-outgoing-1 >> User-Agent: Apache-HttpClient/5.0.3 (Java/11.0.12)
18:42:58.327 [main] DEBUG io.sealights.dependencies.org.apache.hc.client5.http.wire - http-outgoing-1 >> "POST /api/v5/agents/build-sessions/08a0c70a-0386-46ad-969b-187f5bec0a93/buildend HTTP/1.1[\r][\n]"
18:42:58.327 [main] DEBUG io.sealights.dependencies.org.apache.hc.client5.http.wire - http-outgoing-1 >> "Authorization: Bearer eyJhbGciOiJSUzUxMiIsInR5cCI6IkpXVCJ9.eyJpc3MiOiJodHRwczovL0RFVi1mdHYuYXV0aC5zZWFsaWdodHMuaW8vIiwiand0aWQiOiJERVYtZnR2LGktMGMxNjU4YjA0ZTljMDMwMzMsQVBJR1ctOTYzN2FjOGUtMzAyYy00YTk1LTkyZjItZGExNTFiNDljNDI0LDE2NzA0MjE2MzI1NDAiLCJzdWJqZWN0IjoiU2VhTGlnaHRzQGFnZW50IiwiYXVkaWVuY2UiOlsiYWdlbnRzIl0sIngtc2wtcm9sZSI6ImFnZW50IiwieC1zbC1zZXJ2ZXIiOiJodHRwczovL2Rldi1mdHYtZ3cuZGV2LnNlYWxpZ2h0cy5jby9hcGkiLCJzbF9pbXBlcl9zdWJqZWN0IjoiIiwiaWF0IjoxNjcwNDIxNjMyfQ.IyAO7_zibgusLv_pPwTwlBICvRwh7EbC7Ee-Zqmx6azkjaRYDb8olKjiWM_HeYFGnIIczAuWIurFUm-h9noPOzLp-0h-r6fu3Yt4utvF9b1NhQNtL9aLlJ4-h7kDZA7K5AN39Agx6DB_be9XLcLHnwANskq16xn-H6xOOqq-VFqrN98hUl_sRiHf0CKm6RbsumyF1byqZIizENT7unGfJc6tP0poNRgpJkue0UJklgT6HRT8bPi_7rJJgUAu6Vb0LhkCManH_CsllFMxSMBFMJWM-Zxvs5pKHmK1JcIuy08i0r0cJR1axLDtFXcx8Fn_u1dtpLMk-BZCUCOKxh-YXT651AjvCsHwX2JCqxlcD7aLaQIMC3mmq6Qie7YezILQ6_GYDu-oREVgQsN2eob2k0oiFloLn4AmJllq66GasP8Oq20MuHScWvop95McYiictsdHohkkb_z97UIj70LF49qNTJxy5ZGeY90vbZ34mFBfF7cTAXY47q5ReqpyokYx-DABpjFYgS-1i6x_e-4_3Zreni1-SOmueHhhFS_S9hC-gLXvJuiDwIDPaxR16eF_I-S4w0l0071ddqt_-8HgoQcfV85zOzpgHz7IjCfhDIUDB3eI_uwW523hV-4eCoM8ElRa7lCfhQlL2iwEn-623dVjEZI1cD2sfX3B1_efpQ4[\r][\n]"
18:42:58.328 [main] DEBUG io.sealights.dependencies.org.apache.hc.client5.http.wire - http-outgoing-1 >> "Content-Length: 162[\r][\n]"
18:42:58.328 [main] DEBUG io.sealights.dependencies.org.apache.hc.client5.http.wire - http-outgoing-1 >> "Content-Type: application/json; charset=UTF-8[\r][\n]"
18:42:58.329 [main] DEBUG io.sealights.dependencies.org.apache.hc.client5.http.wire - http-outgoing-1 >> "Host: dev-ftv-gw.dev.sealights.co[\r][\n]"
18:42:58.330 [main] DEBUG io.sealights.dependencies.org.apache.hc.client5.http.wire - http-outgoing-1 >> "Connection: keep-alive[\r][\n]"
18:42:58.330 [main] DEBUG io.sealights.dependencies.org.apache.hc.client5.http.wire - http-outgoing-1 >> "User-Agent: Apache-HttpClient/5.0.3 (Java/11.0.12)[\r][\n]"
18:42:58.331 [main] DEBUG io.sealights.dependencies.org.apache.hc.client5.http.wire - http-outgoing-1 >> "[\r][\n]"
18:42:58.331 [main] DEBUG io.sealights.dependencies.org.apache.hc.client5.http.wire - http-outgoing-1 >> "{"agentId":"72935c7b-c25f-4c0b-bec4-2b9ca025b450","partsCount":1,"labId":"integ_puppet_038a_gfftvlab02","status":{"success":true,"message":"n00p","duration":231}}"
18:42:58.704 [main] DEBUG io.sealights.dependencies.org.apache.hc.client5.http.wire - http-outgoing-1 << "HTTP/1.1 200 OK[\r][\n]"
18:42:58.705 [main] DEBUG io.sealights.dependencies.org.apache.hc.client5.http.wire - http-outgoing-1 << "Access-Control-Expose-Headers: api-version,content-length,content-md5,content-type,date,request-id,response-time[\r][\n]"
18:42:58.706 [main] DEBUG io.sealights.dependencies.org.apache.hc.client5.http.wire - http-outgoing-1 << "Date: Thu, 08 Dec 2022 16:42:58 GMT[\r][\n]"
18:42:58.707 [main] DEBUG io.sealights.dependencies.org.apache.hc.client5.http.wire - http-outgoing-1 << "ETag: W/"0-2jmj7l5rSw0yVb/vlWAYkK/YBwk"[\r][\n]"
18:42:58.707 [main] DEBUG io.sealights.dependencies.org.apache.hc.client5.http.wire - http-outgoing-1 << "Vary: Origin[\r][\n]"
18:42:58.708 [main] DEBUG io.sealights.dependencies.org.apache.hc.client5.http.wire - http-outgoing-1 << "X-Powered-By: Express[\r][\n]"
18:42:58.708 [main] DEBUG io.sealights.dependencies.org.apache.hc.client5.http.wire - http-outgoing-1 << "X-Request-Id: 85c50cb7-3880-46d6-9d17-b18aaed38311[\r][\n]"
18:42:58.709 [main] DEBUG io.sealights.dependencies.org.apache.hc.client5.http.wire - http-outgoing-1 << "x-sl-txid: APIGW-85c50cb7-3880-46d6-9d17-b18aaed38311[\r][\n]"
18:42:58.710 [main] DEBUG io.sealights.dependencies.org.apache.hc.client5.http.wire - http-outgoing-1 << "Content-Length: 0[\r][\n]"
18:42:58.710 [main] DEBUG io.sealights.dependencies.org.apache.hc.client5.http.wire - http-outgoing-1 << "Connection: keep-alive[\r][\n]"
18:42:58.711 [main] DEBUG io.sealights.dependencies.org.apache.hc.client5.http.wire - http-outgoing-1 << "[\r][\n]"
18:42:58.712 [main] DEBUG io.sealights.dependencies.org.apache.hc.client5.http.headers - http-outgoing-1 << HTTP/1.1 200 OK
18:42:58.713 [main] DEBUG io.sealights.dependencies.org.apache.hc.client5.http.headers - http-outgoing-1 << Access-Control-Expose-Headers: api-version,content-length,content-md5,content-type,date,request-id,response-time
18:42:58.713 [main] DEBUG io.sealights.dependencies.org.apache.hc.client5.http.headers - http-outgoing-1 << Date: Thu, 08 Dec 2022 16:42:58 GMT
18:42:58.714 [main] DEBUG io.sealights.dependencies.org.apache.hc.client5.http.headers - http-outgoing-1 << ETag: W/"0-2jmj7l5rSw0yVb/vlWAYkK/YBwk"
18:42:58.714 [main] DEBUG io.sealights.dependencies.org.apache.hc.client5.http.headers - http-outgoing-1 << Vary: Origin
18:42:58.715 [main] DEBUG io.sealights.dependencies.org.apache.hc.client5.http.headers - http-outgoing-1 << X-Powered-By: Express
18:42:58.715 [main] DEBUG io.sealights.dependencies.org.apache.hc.client5.http.headers - http-outgoing-1 << X-Request-Id: 85c50cb7-3880-46d6-9d17-b18aaed38311
18:42:58.716 [main] DEBUG io.sealights.dependencies.org.apache.hc.client5.http.headers - http-outgoing-1 << x-sl-txid: APIGW-85c50cb7-3880-46d6-9d17-b18aaed38311
18:42:58.716 [main] DEBUG io.sealights.dependencies.org.apache.hc.client5.http.headers - http-outgoing-1 << Content-Length: 0
18:42:58.716 [main] DEBUG io.sealights.dependencies.org.apache.hc.client5.http.headers - http-outgoing-1 << Connection: keep-alive
18:42:58.717 [main] DEBUG io.sealights.dependencies.org.apache.hc.client5.http.impl.classic.MainClientExec - ex-00000004: connection can be kept alive for 3 MINUTES
18:42:58.717 [main] DEBUG io.sealights.dependencies.org.apache.hc.client5.http.impl.classic.InternalHttpClient - ep-00000003: releasing valid endpoint
18:42:58.718 [main] DEBUG io.sealights.dependencies.org.apache.hc.client5.http.impl.io.PoolingHttpClientConnectionManager - ep-00000003: releasing endpoint
18:42:58.719 [main] DEBUG io.sealights.dependencies.org.apache.hc.client5.http.impl.io.PoolingHttpClientConnectionManager - ep-00000003: connection http-outgoing-1 can be kept alive for 3 MINUTES
18:42:58.719 [main] DEBUG io.sealights.dependencies.org.apache.hc.client5.http.impl.io.PoolingHttpClientConnectionManager - ep-00000003: connection released [route: {s}->https://dev-ftv-gw.dev.sealights.co:443][total available: 2; route allocated: 2 of 5; total allocated: 2 of 25]
18:42:58.720 [main] INFO SLHttpClient - [From BUILD_MAPPING] - responsed POST url:'https://dev-ftv-gw.dev.sealights.co/api/v5/agents/build-sessions/08a0c70a-0386-46ad-969b-187f5bec0a93/buildend', status:200, message:null', body:'''
18:42:58.721 [main] INFO SLHttpClient - [From BUILD_MAPPING] - responsed POST url:'https://dev-ftv-gw.dev.sealights.co/api/v5/agents/build-sessions/08a0c70a-0386-46ad-969b-187f5bec0a93/buildend', status:200, message:null', body:'''
18:42:58.758 [main] INFO ROOT - SL-Logging for Agent [version='4.0.0-SNAPSHOT'] [AgentID='72935c7b-c25f-4c0b-bec4-2b9ca025b450'] started with configuration: (appendToConsole=false, appendToFile=false, sendIntervalMins=0, sendLogsOnShutdown=false, logFileName=sl-java-agent, logsFolder=logs, fileCount=10, logLimitInMB=10, logLevel=off, sendMaxEntries=10)
18:42:53,870 |-INFO in io.sealights.dependencies.ch.qos.logback.classic.LoggerContext[default] - Could NOT find resource [logback-test.xml]
18:42:53,871 |-INFO in io.sealights.dependencies.ch.qos.logback.classic.LoggerContext[default] - Could NOT find resource [logback.groovy]
18:42:53,872 |-INFO in io.sealights.dependencies.ch.qos.logback.classic.LoggerContext[default] - Could NOT find resource [logback.xml]
18:42:53,886 |-INFO in io.sealights.dependencies.ch.qos.logback.classic.BasicConfigurator@3af17be2 - Setting up default configuration.

18:42:58.774 [main] DEBUG SLHttpClient - [To BSS] - attempt '#1' out of '5, url:'https://dev-ftv-gw.dev.sealights.co/api/v2/agents/buildsession/08a0c70a-0386-46ad-969b-187f5bec0a93'
18:42:58.775 [main] INFO SLHttpClient - [To BSS] - sending GET, url:'https://dev-ftv-gw.dev.sealights.co/api/v2/agents/buildsession/08a0c70a-0386-46ad-969b-187f5bec0a93', token: ...X3B1_efpQ4''
18:42:59.113 [main] INFO SLHttpClient - [From BSS] - responsed GET url:'https://dev-ftv-gw.dev.sealights.co/api/v2/agents/buildsession/08a0c70a-0386-46ad-969b-187f5bec0a93', status:200, message:null', body:'{"customerId":"SeaLights","checksum":"938a0bd7-f202-424f-bdf2-32186f88d613","appName":"gf-ftv-lab02","branchName":"puppet","buildName":"Thu, 08 Dec 2022 16:42:57 GMT","buildSessionId":"08a0c70a-0386-46ad-969b-187f5bec0a93","buildSessionType":"BUILD","created":1670517777049,"lab":{"labId":"integ_puppet_038a_gfftvlab02","appName":"gf-ftv-lab02","branchName":"puppet","testEnv":null,"labAlias":"gf-ftv-lab02","isMultiLab":false,"isFtv":true},"trackingId":"APIGW-5a89f410-16cd-4779-8047-c5455faaf090"}''
18:42:59.127 [main] INFO SLHttpClient - [From BSS] - responsed GET url:'https://dev-ftv-gw.dev.sealights.co/api/v2/agents/buildsession/08a0c70a-0386-46ad-969b-187f5bec0a93', status:200, message:null', body:'{"customerId":"SeaLights","checksum":"938a0bd7-f202-424f-bdf2-32186f88d613","appName":"gf-ftv-lab02","branchName":"puppet","buildName":"Thu, 08 Dec 2022 16:42:57 GMT","buildSessionId":"08a0c70a-0386-46ad-969b-187f5bec0a93","buildSessionType":"BUILD","created":1670517777049,"lab":{"labId":"integ_puppet_038a_gfftvlab02","appName":"gf-ftv-lab02","branchName":"puppet","testEnv":null,"labAlias":"gf-ftv-lab02","isMultiLab":false,"isFtv":true},"trackingId":"APIGW-5a89f410-16cd-4779-8047-c5455faaf090"}''
18:42:59.139 [main] INFO SLHttpClient - [To CS] - sending GET, url:'https://dev-ftv-gw.dev.sealights.co/api/v3/config?agentId=72935c7b-c25f-4c0b-bec4-2b9ca025b450&buildName=Thu%2C+08+Dec+2022+16%3A42%3A57+GMT&agentType=Java&testStage=Unit+Tests&appName=gf-ftv-lab02&labId=integ_puppet_038a_gfftvlab02&agentVersion=4.0.0-SNAPSHOT&branchName=puppet', token: ...X3B1_efpQ4''
18:42:59.476 [main] INFO SLHttpClient - [From CS] - GET url:'https://dev-ftv-gw.dev.sealights.co/api/v3/config?agentId=72935c7b-c25f-4c0b-bec4-2b9ca025b450&buildName=Thu%2C+08+Dec+2022+16%3A42%3A57+GMT&agentType=Java&testStage=Unit+Tests&appName=gf-ftv-lab02&labId=integ_puppet_038a_gfftvlab02&agentVersion=4.0.0-SNAPSHOT&branchName=puppet', status:404, message:null (resource not found)
18:42:59.477 [main] INFO SLHttpClient - [From CS] - GET url:'https://dev-ftv-gw.dev.sealights.co/api/v3/config?agentId=72935c7b-c25f-4c0b-bec4-2b9ca025b450&buildName=Thu%2C+08+Dec+2022+16%3A42%3A57+GMT&agentType=Java&testStage=Unit+Tests&appName=gf-ftv-lab02&labId=integ_puppet_038a_gfftvlab02&agentVersion=4.0.0-SNAPSHOT&branchName=puppet', status:404, message:null (resource not found)
[Sealights Test Listener] [72] - [premain] SeaLights Test Listener is running. agentID: '72935c7b-c25f-4c0b-bec4-2b9ca025b450', version:'4.0.0-SNAPSHOT'
18:42:59.488 [main] DEBUG AgentEventsController - Verify time clock ...
18:42:59.489 [main] INFO AgentEventsController - Time Clock Dispatcher is disabled
18:42:59.489 [main] DEBUG AgentInstanceInfoBuilder - created (technology=Java, agentType=Ftv, agentVersion=4.0.0-SNAPSHOT, buildSessionId=08a0c70a-0386-46ad-969b-187f5bec0a93, uniqueModuleId=,appName=gf-ftv-lab02, labId=integ_puppet_038a_gfftvlab02, agentConfig={server=https://dev-ftv-gw.dev.sealights.co/api, proxy=null, buildSessionId=08a0c70a-0386-46ad-969b-187f5bec0a93, token=eyJhbGciOiJSUzUxMiIsInR5cCI6IkpXVCJ9.eyJpc3MiOiJodHRwczovL0RFVi1mdHYuYXV0aC5zZWFsaWdodHMuaW8vIiwiand0aWQiOiJERVYtZnR2LGktMGMxNjU4YjA0ZTljMDMwMzMsQVBJR1ctOTYzN2FjOGUtMzAyYy00YTk1LTkyZjItZGExNTFiNDljNDI0LDE2NzA0MjE2MzI1NDAiLCJzdWJqZWN0IjoiU2VhTGlnaHRzQGFnZW50IiwiYXVkaWVuY2UiOlsiYWdlbnRzIl0sIngtc2wtcm9sZSI6ImFnZW50IiwieC1zbC1zZXJ2ZXIiOiJodHRwczovL2Rldi1mdHYtZ3cuZGV2LnNlYWxpZ2h0cy5jby9hcGkiLCJzbF9pbXBlcl9zdWJqZWN0IjoiIiwiaWF0IjoxNjcwNDIxNjMyfQ.IyAO7_zibgusLv_pPwTwlBICvRwh7EbC7Ee-Zqmx6azkjaRYDb8olKjiWM_HeYFGnIIczAuWIurFUm-h9noPOzLp-0h-r6fu3Yt4utvF9b1NhQNtL9aLlJ4-h7kDZA7K5AN39Agx6DB_be9XLcLHnwANskq16xn-H6xOOqq-VFqrN98hUl_sRiHf0CKm6RbsumyF1byqZIizENT7unGfJc6tP0poNRgpJkue0UJklgT6HRT8bPi_7rJJgUAu6Vb0LhkCManH_CsllFMxSMBFMJWM-Zxvs5pKHmK1JcIuy08i0r0cJR1axLDtFXcx8Fn_u1dtpLMk-BZCUCOKxh-YXT651AjvCsHwX2JCqxlcD7aLaQIMC3mmq6Qie7YezILQ6_GYDu-oREVgQsN2eob2k0oiFloLn4AmJllq66GasP8Oq20MuHScWvop95McYiictsdHohkkb_z97UIj70LF49qNTJxy5ZGeY90vbZ34mFBfF7cTAXY47q5ReqpyokYx-DABpjFYgS-1i6x_e-4_3Zreni1-SOmueHhhFS_S9hC-gLXvJuiDwIDPaxR16eF_I-S4w0l0071ddqt_-8HgoQcfV85zOzpgHz7IjCfhDIUDB3eI_uwW523hV-4eCoM8ElRa7lCfhQlL2iwEn-623dVjEZI1cD2sfX3B1_efpQ4}, tags=[], processId=6007, processArch=x32, processSessionId=0, argv=[./target/ftv-hello-app-0.0.1-SNAPSHOT.jar, -javaagent:java-agent-ftv-4.0.0-SNAPSHOT.jar=appname=gf-ftv-lab02,labId=integ_puppet_038a_gfftvlab02,packagesincluded=dev.futa.sealights*,workspacepath=.,token=eyJhbGciOiJSUzUxMiIsInR5cCI6IkpXVCJ9.eyJpc3MiOiJodHRwczovL0RFVi1mdHYuYXV0aC5zZWFsaWdodHMuaW8vIiwiand0aWQiOiJERVYtZnR2LGktMGMxNjU4YjA0ZTljMDMwMzMsQVBJR1ctOTYzN2FjOGUtMzAyYy00YTk1LTkyZjItZGExNTFiNDljNDI0LDE2NzA0MjE2MzI1NDAiLCJzdWJqZWN0IjoiU2VhTGlnaHRzQGFnZW50IiwiYXVkaWVuY2UiOlsiYWdlbnRzIl0sIngtc2wtcm9sZSI6ImFnZW50IiwieC1zbC1zZXJ2ZXIiOiJodHRwczovL2Rldi1mdHYtZ3cuZGV2LnNlYWxpZ2h0cy5jby9hcGkiLCJzbF9pbXBlcl9zdWJqZWN0IjoiIiwiaWF0IjoxNjcwNDIxNjMyfQ.IyAO7_zibgusLv_pPwTwlBICvRwh7EbC7Ee-Zqmx6azkjaRYDb8olKjiWM_HeYFGnIIczAuWIurFUm-h9noPOzLp-0h-r6fu3Yt4utvF9b1NhQNtL9aLlJ4-h7kDZA7K5AN39Agx6DB_be9XLcLHnwANskq16xn-H6xOOqq-VFqrN98hUl_sRiHf0CKm6RbsumyF1byqZIizENT7unGfJc6tP0poNRgpJkue0UJklgT6HRT8bPi_7rJJgUAu6Vb0LhkCManH_CsllFMxSMBFMJWM-Zxvs5pKHmK1JcIuy08i0r0cJR1axLDtFXcx8Fn_u1dtpLMk-BZCUCOKxh-YXT651AjvCsHwX2JCqxlcD7aLaQIMC3mmq6Qie7YezILQ6_GYDu-oREVgQsN2eob2k0oiFloLn4AmJllq66GasP8Oq20MuHScWvop95McYiictsdHohkkb_z97UIj70LF49qNTJxy5ZGeY90vbZ34mFBfF7cTAXY47q5ReqpyokYx-DABpjFYgS-1i6x_e-4_3Zreni1-SOmueHhhFS_S9hC-gLXvJuiDwIDPaxR16eF_I-S4w0l0071ddqt_-8HgoQcfV85zOzpgHz7IjCfhDIUDB3eI_uwW523hV-4eCoM8ElRa7lCfhQlL2iwEn-623dVjEZI1cD2sfX3B1_efpQ4, -Dsl.includes=dev.futa.sealights*], cwd=/mnt/c/projekty/sealigths/ftv-hello-app/deployments, envVars={path=/home/gfuta/.sdkman/candidates/java/11.0.12-open/bin:/usr/local/sbin:/usr/local/bin:/usr/sbin:/usr/bin:/sbin:/bin:/usr/games:/usr/local/games:/usr/lib/wsl/lib:/mnt/c/Program Files (x86)/jdk/bin:/mnt/c/Program Files/Git/cmd:/mnt/c/Windows/system32:/mnt/c/Windows:/mnt/c/Windows/System32/Wbem:/mnt/c/Windows/System32/WindowsPowerShell/v1.0/:/mnt/c/Windows/System32/OpenSSH/:/mnt/c/Program Files/dotnet/:/mnt/c/Program Files (x86)/NVIDIA Corporation/PhysX/Common:/mnt/c/Program Files/Git/cmd:/mnt/c/Users/grzeg/AppData/Local/Microsoft/WindowsApps:/mnt/c/Program Files/JetBrains/IntelliJ IDEA 2022.2.3/bin:/mnt/c/programy/jvms_v2.1.1_386:/mnt/c/programy/apache-maven-3.8.6/bin:/mnt/c/Users/grzeg/AppData/Roaming/nvm:/mnt/c/Program Files/nodejs:/mnt/c/Program Files/Docker/Docker/resources/bin:/mnt/c/programy/gradle-7.6/bin:/mnt/c/Users/grzeg/AppData/Roaming/npm:/mnt/c/Program Files/JetBrains/DataGrip 2022.2.5/bin:/snap/bin}, tools=[], sendsPing=true)
18:42:59.490 [main] INFO AgentEventsDispatcher - Handling agentStart ...
18:42:59.491 [main] DEBUG TaskScheduler - Task 'agent-events' was cancelled (interrupt flag=true)
18:42:59.491 [main] DEBUG TaskScheduler - Task 'agent-events' will run periodically with interval=10000 millis, first execution delay=0 millis
18:42:59.492 [agent-events] INFO AgentEventsDispatcher - Sending 1 accumulated events ...
18:42:59.492 [agent-events] DEBUG AgentEventServiceHandler - sending event(s):[AGENT_STARTED(1001)], agent:'Ftv' ...
18:42:59.492 [agent-events] DEBUG SLHttpClient - [To ES] - attempt '#1' out of '12, url:'https://dev-ftv-gw.dev.sealights.co/api/v3/agents/agent-events'
18:42:59.493 [agent-events] INFO SLHttpClient - [To ES] - sending POST, url:'https://dev-ftv-gw.dev.sealights.co/api/v3/agents/agent-events', token: ...X3B1_efpQ4', body:'{"agentId":"72935c7b-c25f-4c0b-bec4-2b9ca025b450","buildSessionId":"08a0c70a-0386-46ad-969b-187f5bec0a93","events":[{"type":1001,"utcTimestamp_ms":1670517779489,"data":{"agentInfo":{"technology":"Java","agentType":"Ftv","agentVersion":"4.0.0-SNAPSHOT","buildSessionId":"08a0c70a-0386-46ad-969b-187f5bec0a93","uniqueModuleId":"","appName":"gf-ftv-lab02","labId":"integ_puppet_038a_gfftvlab02","agentConfig":{"server":"https://dev-ftv-gw.dev.sealights.co/api","proxy":"null","buildSessionId":"08a0c70a-0386-46ad-969b-187f5bec0a93","token":"eyJhbGciOiJSUzUxMiIsInR5cCI6IkpXVCJ9.eyJpc3MiOiJodHRwczovL0RFVi1mdHYuYXV0aC5zZWFsaWdodHMuaW8vIiwiand0aWQiOiJERVYtZnR2LGktMGMxNjU4YjA0ZTljMDMwMzMsQVBJR1ctOTYzN2FjOGUtMzAyYy00YTk1LTkyZjItZGExNTFiNDljNDI0LDE2NzA0MjE2MzI1NDAiLCJzdWJqZWN0IjoiU2VhTGlnaHRzQGFnZW50IiwiYXVkaWVuY2UiOlsiYWdlbnRzIl0sIngtc2wtcm9sZSI6ImFnZW50IiwieC1zbC1zZXJ2ZXIiOiJodHRwczovL2Rldi1mdHYtZ3cuZGV2LnNlYWxpZ2h0cy5jby9hcGkiLCJzbF9pbXBlcl9zdWJqZWN0IjoiIiwiaWF0IjoxNjcwNDIxNjMyfQ.IyAO7_zibgusLv_pPwTwlBICvRwh7EbC7Ee-Zqmx6a...(truncated to 1024 Bytes)''
18:42:59.669 [main] INFO SLHttpClient - [To TMS] - sending GET, url:'https://dev-ftv-gw.dev.sealights.co/api/v3/test-exclusions/08a0c70a-0386-46ad-969b-187f5bec0a93/Unit%20Tests', token: ...X3B1_efpQ4''
18:42:59.864 [agent-events] INFO SLHttpClient - [From ES] - responsed POST url:'https://dev-ftv-gw.dev.sealights.co/api/v3/agents/agent-events', status:200, message:null', body:'''
18:42:59.865 [agent-events] INFO SLHttpClient - [From ES] - responsed POST url:'https://dev-ftv-gw.dev.sealights.co/api/v3/agents/agent-events', status:200, message:null', body:'''
18:42:59.867 [agent-events] DEBUG AgentEventServiceHandler - sent successfully event(s):[AGENT_STARTED(1001)], agent:'Ftv'
18:43:00.767 [main] INFO SLHttpClient - [From TMS] - responsed GET url:'https://dev-ftv-gw.dev.sealights.co/api/v3/test-exclusions/08a0c70a-0386-46ad-969b-187f5bec0a93/Unit%20Tests', status:200, message:null', body:'{"testSelectionEnabled":true,"recommendationSetStatus":"noHistory"}''
18:43:00.775 [main] INFO SLHttpClient - [From TMS] - responsed GET url:'https://dev-ftv-gw.dev.sealights.co/api/v3/test-exclusions/08a0c70a-0386-46ad-969b-187f5bec0a93/Unit%20Tests', status:200, message:null', body:'{"testSelectionEnabled":true,"recommendationSetStatus":"noHistory"}''
18:43:00.779 [main] DEBUG AgentEventsController - Verify time clock ...
18:43:00.779 [main] INFO AgentEventsController - Time Clock Dispatcher is disabled
18:43:00.785 [main] DEBUG AgentEventsController - class io.sealights.onpremise.agentevents.eventservice.proxy.api.types.StringDataEvents$GenericMessageEvent event was added, local time: 1670517780785, event timestamp: 1670517780783
18:43:00.790 [main] DEBUG AgentEventsController - Verify time clock ...
18:43:00.790 [main] INFO AgentEventsController - Time Clock Dispatcher is disabled
18:43:00.791 [main] DEBUG AgentEventsController - class io.sealights.onpremise.agentevents.eventservice.proxy.api.types.StringDataEvents$GenericWarningEvent event was added, local time: 1670517780791, event timestamp: 1670517780791
18:43:00.791 [main] WARN AgentLifeCycle - Test selection recommendations were ignored, reason: recommendationsTimeout
18:43:00.798 [get-exec] DEBUG SLHttpClient - [To TST] - attempt '#1' out of '5, url:'https://dev-ftv-gw.dev.sealights.co/api/v4/testExecution/integ_puppet_038a_gfftvlab02'
18:43:00.798 [get-exec] INFO SLHttpClient - [To TST] - sending GET, url:'https://dev-ftv-gw.dev.sealights.co/api/v4/testExecution/integ_puppet_038a_gfftvlab02', token: ...X3B1_efpQ4''
18:43:01.082 [main] DEBUG AgentEventsController - Verify time clock ...
18:43:01.083 [main] INFO AgentEventsController - Time Clock Dispatcher is disabled
18:43:01.083 [main] DEBUG AgentEventsController - class io.sealights.onpremise.agentevents.eventservice.proxy.api.types.SimpleEvents$FirstCoveragePerformedEvent event was sent, local time: 1670517781083, event timestamp: 1670517781083
18:43:01.144 [get-exec] INFO SLHttpClient - [From TST] - responsed GET url:'https://dev-ftv-gw.dev.sealights.co/api/v4/testExecution/integ_puppet_038a_gfftvlab02', status:200, message:null', body:'{"execution":null}''
18:43:01.148 [get-exec] INFO SLHttpClient - [From TST] - responsed GET url:'https://dev-ftv-gw.dev.sealights.co/api/v4/testExecution/integ_puppet_038a_gfftvlab02', status:200, message:null', body:'{"execution":null}''

  .   ____          _            __ _ _
 /\\ / ___'_ __ _ _(_)_ __  __ _ \ \ \ \
( ( )\___ | '_ | '_| | '_ \/ _` | \ \ \ \
 \\/  ___)| |_)| | | | | || (_| |  ) ) ) )
  '  |____| .__|_| |_|_| |_\__, | / / / /
 =========|_|==============|___/=/_/_/_/
 :: Spring Boot ::                (v2.7.6)

2022-12-08 18:43:03.411  INFO 6007 --- [           main] d.f.s.ftv.FtvHelloAppApplication         : Starting FtvHelloAppApplication using Java 11.0.12 on hajfa with PID 6007 (/mnt/c/projekty/sealigths/ftv-hello-app/deployments/target/ftv-hello-app-0.0.1-SNAPSHOT.jar started by gfuta in /mnt/c/projekty/sealigths/ftv-hello-app/deployments)
2022-12-08 18:43:03.440  INFO 6007 --- [           main] d.f.s.ftv.FtvHelloAppApplication         : No active profile set, falling back to 1 default profile: "default"
2022-12-08 18:43:06.563  INFO 6007 --- [           main] o.s.b.w.embedded.tomcat.TomcatWebServer  : Tomcat initialized with port(s): 8080 (http)
2022-12-08 18:43:06.599  INFO 6007 --- [           main] o.apache.catalina.core.StandardService   : Starting service [Tomcat]
2022-12-08 18:43:06.600  INFO 6007 --- [           main] org.apache.catalina.core.StandardEngine  : Starting Servlet engine: [Apache Tomcat/9.0.69]
2022-12-08 18:43:06.785  INFO 6007 --- [           main] o.a.c.c.C.[Tomcat].[localhost].[/]       : Initializing Spring embedded WebApplicationContext
2022-12-08 18:43:06.786  INFO 6007 --- [           main] w.s.c.ServletWebServerApplicationContext : Root WebApplicationContext: initialization completed in 2989 ms
2022-12-08 18:43:07.794  INFO 6007 --- [           main] o.s.b.w.embedded.tomcat.TomcatWebServer  : Tomcat started on port(s): 8080 (http) with context path ''
2022-12-08 18:43:07.809  INFO 6007 --- [           main] d.f.s.ftv.FtvHelloAppApplication         : Started FtvHelloAppApplication in 6.059 seconds (JVM running for 14.976)
18:43:09.868 [agent-events] INFO AgentEventsDispatcher - Sending 3 accumulated events ...
18:43:09.869 [agent-events] DEBUG AgentEventServiceHandler - sending event(s):[GENERIC_MESSAGE(2000), GENERIC_WARNING(3000), FIRST_COVERAGE_INSTRUMENTATION_PERFORMED(1005)], agent:'Ftv' ...
18:43:09.870 [agent-events] DEBUG SLHttpClient - [To ES] - attempt '#1' out of '12, url:'https://dev-ftv-gw.dev.sealights.co/api/v3/agents/agent-events'
18:43:09.875 [agent-events] INFO SLHttpClient - [To ES] - sending POST, url:'https://dev-ftv-gw.dev.sealights.co/api/v3/agents/agent-events', token: ...X3B1_efpQ4', body:'{"agentId":"72935c7b-c25f-4c0b-bec4-2b9ca025b450","buildSessionId":"08a0c70a-0386-46ad-969b-187f5bec0a93","events":[{"type":2000,"utcTimestamp_ms":1670517780783,"data":"test recommendations: \ntestSelectionEnabled=true,\nstatus=noHistory,\nexcludedTests size=null(names in debug)\nexcludedTests:"},{"type":3000,"utcTimestamp_ms":1670517780791,"data":"Test selection recommendations were ignored, reason: recommendationsTimeout"},{"type":1005,"utcTimestamp_ms":1670517781083}]}''
18:43:10.229 [agent-events] INFO SLHttpClient - [From ES] - responsed POST url:'https://dev-ftv-gw.dev.sealights.co/api/v3/agents/agent-events', status:200, message:null', body:'''
18:43:10.230 [agent-events] INFO SLHttpClient - [From ES] - responsed POST url:'https://dev-ftv-gw.dev.sealights.co/api/v3/agents/agent-events', status:200, message:null', body:'''
18:43:10.232 [agent-events] DEBUG AgentEventServiceHandler - sent successfully event(s):[GENERIC_MESSAGE(2000), GENERIC_WARNING(3000), FIRST_COVERAGE_INSTRUMENTATION_PERFORMED(1005)], agent:'Ftv'
18:43:11.149 [get-exec] DEBUG SLHttpClient - [To TST] - attempt '#1' out of '5, url:'https://dev-ftv-gw.dev.sealights.co/api/v4/testExecution/integ_puppet_038a_gfftvlab02'
18:43:11.150 [get-exec] INFO SLHttpClient - [To TST] - sending GET, url:'https://dev-ftv-gw.dev.sealights.co/api/v4/testExecution/integ_puppet_038a_gfftvlab02', token: ...X3B1_efpQ4''
18:43:11.496 [get-exec] INFO SLHttpClient - [From TST] - responsed GET url:'https://dev-ftv-gw.dev.sealights.co/api/v4/testExecution/integ_puppet_038a_gfftvlab02', status:200, message:null', body:'{"execution":null}''
18:43:11.497 [get-exec] INFO SLHttpClient - [From TST] - responsed GET url:'https://dev-ftv-gw.dev.sealights.co/api/v4/testExecution/integ_puppet_038a_gfftvlab02', status:200, message:null', body:'{"execution":null}''
18:43:19.131 [ShutdownHook] DEBUG TaskScheduler - Shutdown done
18:43:19.132 [ShutdownHook] DEBUG TaskScheduler - Schedular was stopped
18:43:19.134 [ShutdownHook] DEBUG AgentEventsController - Verify time clock ...
18:43:19.135 [ShutdownHook] INFO AgentEventsController - Time Clock Dispatcher is disabled
18:43:19.135 [ShutdownHook] DEBUG AgentEventsController - class io.sealights.onpremise.agentevents.eventservice.proxy.api.types.StringDataEvents$GenericMessageEvent event was added, local time: 1670517799135, event timestamp: 1670517799135
18:43:19.136 [ShutdownHook] DEBUG TaskScheduler - Task 'ping-agent' was cancelled (interrupt flag=false)
18:43:19.136 [ShutdownHook] DEBUG TaskScheduler - Shutdown done
18:43:19.137 [ShutdownHook] DEBUG TaskScheduler - Schedular was stopped
18:43:19.137 [ShutdownHook] DEBUG AgentEventsController - Verify time clock ...
18:43:19.138 [ShutdownHook] INFO AgentEventsController - Time Clock Dispatcher is disabled
18:43:19.138 [ShutdownHook] INFO AgentEventsDispatcher - Handling agentShutdown ...
18:43:19.139 [ShutdownHook] DEBUG TaskScheduler - Task 'agent-events' was cancelled (interrupt flag=true)
18:43:19.139 [ShutdownHook] INFO AgentEventsDispatcher - Sending 2 accumulated events ...
18:43:19.140 [ShutdownHook] DEBUG AgentEventServiceHandler - sending event(s):[GENERIC_MESSAGE(2000), AGENT_SHUTDOWN(1002)], agent:'Ftv' ...
18:43:19.140 [ShutdownHook] DEBUG SLHttpClient - [To ES] - attempt '#1' out of '12, url:'https://dev-ftv-gw.dev.sealights.co/api/v3/agents/agent-events'
18:43:19.142 [ShutdownHook] INFO SLHttpClient - [To ES] - sending POST, url:'https://dev-ftv-gw.dev.sealights.co/api/v3/agents/agent-events', token: ...X3B1_efpQ4', body:'{"agentId":"72935c7b-c25f-4c0b-bec4-2b9ca025b450","buildSessionId":"08a0c70a-0386-46ad-969b-187f5bec0a93","events":[{"type":2000,"utcTimestamp_ms":1670517799135,"data":"test events send summary - success counters:(requests=0, items=0)"},{"type":1002,"utcTimestamp_ms":1670517799138,"data":{"agentInfo":null,"avgCpuLoad":0,"freeRam_KB":171417,"labId":null}}]}''
18:43:19.478 [ShutdownHook] INFO SLHttpClient - [From ES] - responsed POST url:'https://dev-ftv-gw.dev.sealights.co/api/v3/agents/agent-events', status:200, message:null', body:'''
18:43:19.479 [ShutdownHook] INFO SLHttpClient - [From ES] - responsed POST url:'https://dev-ftv-gw.dev.sealights.co/api/v3/agents/agent-events', status:200, message:null', body:'''
18:43:19.480 [ShutdownHook] DEBUG AgentEventServiceHandler - sent successfully event(s):[GENERIC_MESSAGE(2000), AGENT_SHUTDOWN(1002)], agent:'Ftv'
18:43:19.480 [ShutdownHook] DEBUG TaskScheduler - Shutdown done
18:43:19.481 [ShutdownHook] DEBUG TaskScheduler - Schedular was stopped
[Sealights Test Listener] [72] - Done.
