16:50:18.575 [main] INFO SLHttpClient - Created SLApacheHttpClient
16:50:19.049 [main] DEBUG SLHttpClient - [To LABS] - attempt '#1' out of '5, url:'https://dev-ftv-gw.dev.sealights.co/api/v1/agents/labs/integ_puppet_038a_gfftvlab02'
16:50:19.059 [main] INFO SLHttpClient - [To LABS] - sending GET, url:'https://dev-ftv-gw.dev.sealights.co/api/v1/agents/labs/integ_puppet_038a_gfftvlab02', token: ...X3B1_efpQ4''
16:50:19.082 [main] DEBUG io.sealights.dependencies.org.apache.hc.client5.http.impl.classic.InternalHttpClient - ex-00000001: preparing request execution
16:50:19.104 [main] DEBUG io.sealights.dependencies.org.apache.hc.client5.http.protocol.RequestAddCookies - Cookie spec selected: strict
16:50:19.131 [main] DEBUG io.sealights.dependencies.org.apache.hc.client5.http.protocol.RequestAuthCache - Auth cache not set in the context
16:50:19.132 [main] DEBUG io.sealights.dependencies.org.apache.hc.client5.http.impl.classic.ProtocolExec - ex-00000001: proxy auth state: UNCHALLENGED
16:50:19.135 [main] DEBUG io.sealights.dependencies.org.apache.hc.client5.http.impl.classic.ConnectExec - ex-00000001: acquiring connection with route {s}->https://dev-ftv-gw.dev.sealights.co:443
16:50:19.136 [main] DEBUG io.sealights.dependencies.org.apache.hc.client5.http.impl.classic.InternalHttpClient - ex-00000001: acquiring endpoint (20000 MILLISECONDS)
16:50:19.142 [main] DEBUG io.sealights.dependencies.org.apache.hc.client5.http.impl.io.PoolingHttpClientConnectionManager - ex-00000001: endpoint lease request (20000 MILLISECONDS) [route: {s}->https://dev-ftv-gw.dev.sealights.co:443][total available: 0; route allocated: 0 of 5; total allocated: 0 of 25]
16:50:19.160 [main] DEBUG io.sealights.dependencies.org.apache.hc.client5.http.impl.io.PoolingHttpClientConnectionManager - ex-00000001: endpoint leased [route: {s}->https://dev-ftv-gw.dev.sealights.co:443][total available: 0; route allocated: 1 of 5; total allocated: 1 of 25]
16:50:19.214 [main] DEBUG io.sealights.dependencies.org.apache.hc.client5.http.impl.io.PoolingHttpClientConnectionManager - ex-00000001: acquired ep-00000000
16:50:19.215 [main] DEBUG io.sealights.dependencies.org.apache.hc.client5.http.impl.classic.InternalHttpClient - ex-00000001: acquired endpoint ep-00000000
16:50:19.216 [main] DEBUG io.sealights.dependencies.org.apache.hc.client5.http.impl.classic.ConnectExec - ex-00000001: opening connection {s}->https://dev-ftv-gw.dev.sealights.co:443
16:50:19.218 [main] DEBUG io.sealights.dependencies.org.apache.hc.client5.http.impl.classic.InternalHttpClient - ep-00000000: connecting endpoint (10000 MILLISECONDS)
16:50:19.219 [main] DEBUG io.sealights.dependencies.org.apache.hc.client5.http.impl.io.PoolingHttpClientConnectionManager - ep-00000000: connecting endpoint to https://dev-ftv-gw.dev.sealights.co:443 (10000 MILLISECONDS)
16:50:19.358 [main] DEBUG io.sealights.dependencies.org.apache.hc.client5.http.impl.io.DefaultHttpClientConnectionOperator - http-outgoing-0: connecting to dev-ftv-gw.dev.sealights.co/54.246.202.189:443
16:50:19.359 [main] DEBUG io.sealights.dependencies.org.apache.hc.client5.http.ssl.SSLConnectionSocketFactory - Connecting socket to dev-ftv-gw.dev.sealights.co/54.246.202.189:443 with timeout 10000 MILLISECONDS
16:50:19.428 [main] DEBUG io.sealights.dependencies.org.apache.hc.client5.http.ssl.SSLConnectionSocketFactory - Enabled protocols: [TLSv1.3, TLSv1.2]
16:50:19.428 [main] DEBUG io.sealights.dependencies.org.apache.hc.client5.http.ssl.SSLConnectionSocketFactory - Enabled cipher suites: [TLS_AES_128_GCM_SHA256, TLS_AES_256_GCM_SHA384, TLS_ECDHE_ECDSA_WITH_AES_256_GCM_SHA384, TLS_ECDHE_ECDSA_WITH_AES_128_GCM_SHA256, TLS_ECDHE_RSA_WITH_AES_256_GCM_SHA384, TLS_RSA_WITH_AES_256_GCM_SHA384, TLS_ECDH_ECDSA_WITH_AES_256_GCM_SHA384, TLS_ECDH_RSA_WITH_AES_256_GCM_SHA384, TLS_DHE_RSA_WITH_AES_256_GCM_SHA384, TLS_DHE_DSS_WITH_AES_256_GCM_SHA384, TLS_ECDHE_RSA_WITH_AES_128_GCM_SHA256, TLS_RSA_WITH_AES_128_GCM_SHA256, TLS_ECDH_ECDSA_WITH_AES_128_GCM_SHA256, TLS_ECDH_RSA_WITH_AES_128_GCM_SHA256, TLS_DHE_RSA_WITH_AES_128_GCM_SHA256, TLS_DHE_DSS_WITH_AES_128_GCM_SHA256, TLS_ECDHE_ECDSA_WITH_AES_256_CBC_SHA384, TLS_ECDHE_RSA_WITH_AES_256_CBC_SHA384, TLS_RSA_WITH_AES_256_CBC_SHA256, TLS_ECDH_ECDSA_WITH_AES_256_CBC_SHA384, TLS_ECDH_RSA_WITH_AES_256_CBC_SHA384, TLS_DHE_RSA_WITH_AES_256_CBC_SHA256, TLS_DHE_DSS_WITH_AES_256_CBC_SHA256, TLS_ECDHE_ECDSA_WITH_AES_256_CBC_SHA, TLS_ECDHE_RSA_WITH_AES_256_CBC_SHA, TLS_RSA_WITH_AES_256_CBC_SHA, TLS_ECDH_ECDSA_WITH_AES_256_CBC_SHA, TLS_ECDH_RSA_WITH_AES_256_CBC_SHA, TLS_DHE_RSA_WITH_AES_256_CBC_SHA, TLS_DHE_DSS_WITH_AES_256_CBC_SHA, TLS_ECDHE_ECDSA_WITH_AES_128_CBC_SHA256, TLS_ECDHE_RSA_WITH_AES_128_CBC_SHA256, TLS_RSA_WITH_AES_128_CBC_SHA256, TLS_ECDH_ECDSA_WITH_AES_128_CBC_SHA256, TLS_ECDH_RSA_WITH_AES_128_CBC_SHA256, TLS_DHE_RSA_WITH_AES_128_CBC_SHA256, TLS_DHE_DSS_WITH_AES_128_CBC_SHA256, TLS_ECDHE_ECDSA_WITH_AES_128_CBC_SHA, TLS_ECDHE_RSA_WITH_AES_128_CBC_SHA, TLS_RSA_WITH_AES_128_CBC_SHA, TLS_ECDH_ECDSA_WITH_AES_128_CBC_SHA, TLS_ECDH_RSA_WITH_AES_128_CBC_SHA, TLS_DHE_RSA_WITH_AES_128_CBC_SHA, TLS_DHE_DSS_WITH_AES_128_CBC_SHA, TLS_EMPTY_RENEGOTIATION_INFO_SCSV]
16:50:19.429 [main] DEBUG io.sealights.dependencies.org.apache.hc.client5.http.ssl.SSLConnectionSocketFactory - Starting handshake
16:50:19.732 [main] DEBUG io.sealights.dependencies.org.apache.hc.client5.http.ssl.SSLConnectionSocketFactory - Secure session established
16:50:19.733 [main] DEBUG io.sealights.dependencies.org.apache.hc.client5.http.ssl.SSLConnectionSocketFactory -  negotiated protocol: TLSv1.2
16:50:19.734 [main] DEBUG io.sealights.dependencies.org.apache.hc.client5.http.ssl.SSLConnectionSocketFactory -  negotiated cipher suite: TLS_ECDHE_RSA_WITH_AES_128_GCM_SHA256
16:50:19.735 [main] DEBUG io.sealights.dependencies.org.apache.hc.client5.http.ssl.SSLConnectionSocketFactory -  peer principal: CN=*.dev.sealights.co
16:50:19.736 [main] DEBUG io.sealights.dependencies.org.apache.hc.client5.http.ssl.SSLConnectionSocketFactory -  peer alternative names: [*.dev.sealights.co]
16:50:19.737 [main] DEBUG io.sealights.dependencies.org.apache.hc.client5.http.ssl.SSLConnectionSocketFactory -  issuer principal: CN=Amazon, OU=Server CA 1B, O=Amazon, C=US
16:50:19.747 [main] DEBUG io.sealights.dependencies.org.apache.hc.client5.http.impl.io.DefaultHttpClientConnectionOperator - http-outgoing-0: connection established 192.168.81.55:48216<->54.246.202.189:443
16:50:19.748 [main] DEBUG io.sealights.dependencies.org.apache.hc.client5.http.impl.io.PoolingHttpClientConnectionManager - ep-00000000: connected http-outgoing-0
16:50:19.749 [main] DEBUG io.sealights.dependencies.org.apache.hc.client5.http.impl.classic.InternalHttpClient - ep-00000000: endpoint connected
16:50:19.752 [main] DEBUG io.sealights.dependencies.org.apache.hc.client5.http.impl.classic.MainClientExec - ex-00000001: executing GET /api/v1/agents/labs/integ_puppet_038a_gfftvlab02 HTTP/1.1
16:50:19.755 [main] DEBUG io.sealights.dependencies.org.apache.hc.client5.http.impl.classic.InternalHttpClient - ep-00000000: start execution ex-00000001
16:50:19.755 [main] DEBUG io.sealights.dependencies.org.apache.hc.client5.http.impl.io.PoolingHttpClientConnectionManager - ep-00000000: executing exchange ex-00000001 over http-outgoing-0
16:50:19.757 [main] DEBUG io.sealights.dependencies.org.apache.hc.client5.http.headers - http-outgoing-0 >> GET /api/v1/agents/labs/integ_puppet_038a_gfftvlab02 HTTP/1.1
16:50:19.757 [main] DEBUG io.sealights.dependencies.org.apache.hc.client5.http.headers - http-outgoing-0 >> Authorization: Bearer eyJhbGciOiJSUzUxMiIsInR5cCI6IkpXVCJ9.eyJpc3MiOiJodHRwczovL0RFVi1mdHYuYXV0aC5zZWFsaWdodHMuaW8vIiwiand0aWQiOiJERVYtZnR2LGktMGMxNjU4YjA0ZTljMDMwMzMsQVBJR1ctOTYzN2FjOGUtMzAyYy00YTk1LTkyZjItZGExNTFiNDljNDI0LDE2NzA0MjE2MzI1NDAiLCJzdWJqZWN0IjoiU2VhTGlnaHRzQGFnZW50IiwiYXVkaWVuY2UiOlsiYWdlbnRzIl0sIngtc2wtcm9sZSI6ImFnZW50IiwieC1zbC1zZXJ2ZXIiOiJodHRwczovL2Rldi1mdHYtZ3cuZGV2LnNlYWxpZ2h0cy5jby9hcGkiLCJzbF9pbXBlcl9zdWJqZWN0IjoiIiwiaWF0IjoxNjcwNDIxNjMyfQ.IyAO7_zibgusLv_pPwTwlBICvRwh7EbC7Ee-Zqmx6azkjaRYDb8olKjiWM_HeYFGnIIczAuWIurFUm-h9noPOzLp-0h-r6fu3Yt4utvF9b1NhQNtL9aLlJ4-h7kDZA7K5AN39Agx6DB_be9XLcLHnwANskq16xn-H6xOOqq-VFqrN98hUl_sRiHf0CKm6RbsumyF1byqZIizENT7unGfJc6tP0poNRgpJkue0UJklgT6HRT8bPi_7rJJgUAu6Vb0LhkCManH_CsllFMxSMBFMJWM-Zxvs5pKHmK1JcIuy08i0r0cJR1axLDtFXcx8Fn_u1dtpLMk-BZCUCOKxh-YXT651AjvCsHwX2JCqxlcD7aLaQIMC3mmq6Qie7YezILQ6_GYDu-oREVgQsN2eob2k0oiFloLn4AmJllq66GasP8Oq20MuHScWvop95McYiictsdHohkkb_z97UIj70LF49qNTJxy5ZGeY90vbZ34mFBfF7cTAXY47q5ReqpyokYx-DABpjFYgS-1i6x_e-4_3Zreni1-SOmueHhhFS_S9hC-gLXvJuiDwIDPaxR16eF_I-S4w0l0071ddqt_-8HgoQcfV85zOzpgHz7IjCfhDIUDB3eI_uwW523hV-4eCoM8ElRa7lCfhQlL2iwEn-623dVjEZI1cD2sfX3B1_efpQ4
16:50:19.758 [main] DEBUG io.sealights.dependencies.org.apache.hc.client5.http.headers - http-outgoing-0 >> Host: dev-ftv-gw.dev.sealights.co
16:50:19.758 [main] DEBUG io.sealights.dependencies.org.apache.hc.client5.http.headers - http-outgoing-0 >> Connection: keep-alive
16:50:19.759 [main] DEBUG io.sealights.dependencies.org.apache.hc.client5.http.headers - http-outgoing-0 >> User-Agent: Apache-HttpClient/5.0.3 (Java/11.0.12)
16:50:19.760 [main] DEBUG io.sealights.dependencies.org.apache.hc.client5.http.wire - http-outgoing-0 >> "GET /api/v1/agents/labs/integ_puppet_038a_gfftvlab02 HTTP/1.1[\r][\n]"
16:50:19.761 [main] DEBUG io.sealights.dependencies.org.apache.hc.client5.http.wire - http-outgoing-0 >> "Authorization: Bearer eyJhbGciOiJSUzUxMiIsInR5cCI6IkpXVCJ9.eyJpc3MiOiJodHRwczovL0RFVi1mdHYuYXV0aC5zZWFsaWdodHMuaW8vIiwiand0aWQiOiJERVYtZnR2LGktMGMxNjU4YjA0ZTljMDMwMzMsQVBJR1ctOTYzN2FjOGUtMzAyYy00YTk1LTkyZjItZGExNTFiNDljNDI0LDE2NzA0MjE2MzI1NDAiLCJzdWJqZWN0IjoiU2VhTGlnaHRzQGFnZW50IiwiYXVkaWVuY2UiOlsiYWdlbnRzIl0sIngtc2wtcm9sZSI6ImFnZW50IiwieC1zbC1zZXJ2ZXIiOiJodHRwczovL2Rldi1mdHYtZ3cuZGV2LnNlYWxpZ2h0cy5jby9hcGkiLCJzbF9pbXBlcl9zdWJqZWN0IjoiIiwiaWF0IjoxNjcwNDIxNjMyfQ.IyAO7_zibgusLv_pPwTwlBICvRwh7EbC7Ee-Zqmx6azkjaRYDb8olKjiWM_HeYFGnIIczAuWIurFUm-h9noPOzLp-0h-r6fu3Yt4utvF9b1NhQNtL9aLlJ4-h7kDZA7K5AN39Agx6DB_be9XLcLHnwANskq16xn-H6xOOqq-VFqrN98hUl_sRiHf0CKm6RbsumyF1byqZIizENT7unGfJc6tP0poNRgpJkue0UJklgT6HRT8bPi_7rJJgUAu6Vb0LhkCManH_CsllFMxSMBFMJWM-Zxvs5pKHmK1JcIuy08i0r0cJR1axLDtFXcx8Fn_u1dtpLMk-BZCUCOKxh-YXT651AjvCsHwX2JCqxlcD7aLaQIMC3mmq6Qie7YezILQ6_GYDu-oREVgQsN2eob2k0oiFloLn4AmJllq66GasP8Oq20MuHScWvop95McYiictsdHohkkb_z97UIj70LF49qNTJxy5ZGeY90vbZ34mFBfF7cTAXY47q5ReqpyokYx-DABpjFYgS-1i6x_e-4_3Zreni1-SOmueHhhFS_S9hC-gLXvJuiDwIDPaxR16eF_I-S4w0l0071ddqt_-8HgoQcfV85zOzpgHz7IjCfhDIUDB3eI_uwW523hV-4eCoM8ElRa7lCfhQlL2iwEn-623dVjEZI1cD2sfX3B1_efpQ4[\r][\n]"
16:50:19.761 [main] DEBUG io.sealights.dependencies.org.apache.hc.client5.http.wire - http-outgoing-0 >> "Host: dev-ftv-gw.dev.sealights.co[\r][\n]"
16:50:19.762 [main] DEBUG io.sealights.dependencies.org.apache.hc.client5.http.wire - http-outgoing-0 >> "Connection: keep-alive[\r][\n]"
16:50:19.763 [main] DEBUG io.sealights.dependencies.org.apache.hc.client5.http.wire - http-outgoing-0 >> "User-Agent: Apache-HttpClient/5.0.3 (Java/11.0.12)[\r][\n]"
16:50:19.764 [main] DEBUG io.sealights.dependencies.org.apache.hc.client5.http.wire - http-outgoing-0 >> "[\r][\n]"
16:50:19.869 [main] DEBUG io.sealights.dependencies.org.apache.hc.client5.http.wire - http-outgoing-0 << "HTTP/1.1 200 OK[\r][\n]"
16:50:19.870 [main] DEBUG io.sealights.dependencies.org.apache.hc.client5.http.wire - http-outgoing-0 << "Access-Control-Expose-Headers: api-version,content-length,content-md5,content-type,date,request-id,response-time[\r][\n]"
16:50:19.871 [main] DEBUG io.sealights.dependencies.org.apache.hc.client5.http.wire - http-outgoing-0 << "content-type: application/json; charset=utf-8[\r][\n]"
16:50:19.871 [main] DEBUG io.sealights.dependencies.org.apache.hc.client5.http.wire - http-outgoing-0 << "Date: Thu, 08 Dec 2022 14:50:20 GMT[\r][\n]"
16:50:19.872 [main] DEBUG io.sealights.dependencies.org.apache.hc.client5.http.wire - http-outgoing-0 << "Vary: Origin[\r][\n]"
16:50:19.873 [main] DEBUG io.sealights.dependencies.org.apache.hc.client5.http.wire - http-outgoing-0 << "X-Powered-By: Express[\r][\n]"
16:50:19.874 [main] DEBUG io.sealights.dependencies.org.apache.hc.client5.http.wire - http-outgoing-0 << "X-Request-Id: fcf32a05-09a1-44f8-aa58-fe7797262607[\r][\n]"
16:50:19.875 [main] DEBUG io.sealights.dependencies.org.apache.hc.client5.http.wire - http-outgoing-0 << "x-sl-txid: APIGW-fcf32a05-09a1-44f8-aa58-fe7797262607[\r][\n]"
16:50:19.876 [main] DEBUG io.sealights.dependencies.org.apache.hc.client5.http.wire - http-outgoing-0 << "Content-Length: 169[\r][\n]"
16:50:19.876 [main] DEBUG io.sealights.dependencies.org.apache.hc.client5.http.wire - http-outgoing-0 << "Connection: keep-alive[\r][\n]"
16:50:19.877 [main] DEBUG io.sealights.dependencies.org.apache.hc.client5.http.wire - http-outgoing-0 << "[\r][\n]"
16:50:19.878 [main] DEBUG io.sealights.dependencies.org.apache.hc.client5.http.wire - http-outgoing-0 << "{"data":{"labId":"integ_puppet_038a_gfftvlab02","appName":"gf-ftv-lab02","branchName":"puppet","testEnv":null,"labAlias":"gf-ftv-lab02","isMultiLab":false,"isFtv":true}}"
16:50:19.888 [main] DEBUG io.sealights.dependencies.org.apache.hc.client5.http.headers - http-outgoing-0 << HTTP/1.1 200 OK
16:50:19.889 [main] DEBUG io.sealights.dependencies.org.apache.hc.client5.http.headers - http-outgoing-0 << Access-Control-Expose-Headers: api-version,content-length,content-md5,content-type,date,request-id,response-time
16:50:19.889 [main] DEBUG io.sealights.dependencies.org.apache.hc.client5.http.headers - http-outgoing-0 << content-type: application/json; charset=utf-8
16:50:19.890 [main] DEBUG io.sealights.dependencies.org.apache.hc.client5.http.headers - http-outgoing-0 << Date: Thu, 08 Dec 2022 14:50:20 GMT
16:50:19.891 [main] DEBUG io.sealights.dependencies.org.apache.hc.client5.http.headers - http-outgoing-0 << Vary: Origin
16:50:19.892 [main] DEBUG io.sealights.dependencies.org.apache.hc.client5.http.headers - http-outgoing-0 << X-Powered-By: Express
16:50:19.892 [main] DEBUG io.sealights.dependencies.org.apache.hc.client5.http.headers - http-outgoing-0 << X-Request-Id: fcf32a05-09a1-44f8-aa58-fe7797262607
16:50:19.893 [main] DEBUG io.sealights.dependencies.org.apache.hc.client5.http.headers - http-outgoing-0 << x-sl-txid: APIGW-fcf32a05-09a1-44f8-aa58-fe7797262607
16:50:19.894 [main] DEBUG io.sealights.dependencies.org.apache.hc.client5.http.headers - http-outgoing-0 << Content-Length: 169
16:50:19.894 [main] DEBUG io.sealights.dependencies.org.apache.hc.client5.http.headers - http-outgoing-0 << Connection: keep-alive
16:50:19.909 [main] DEBUG io.sealights.dependencies.org.apache.hc.client5.http.impl.classic.MainClientExec - ex-00000001: connection can be kept alive for 3 MINUTES
16:50:19.920 [main] DEBUG io.sealights.dependencies.org.apache.hc.client5.http.impl.classic.InternalHttpClient - ep-00000000: releasing valid endpoint
16:50:19.921 [main] DEBUG io.sealights.dependencies.org.apache.hc.client5.http.impl.io.PoolingHttpClientConnectionManager - ep-00000000: releasing endpoint
16:50:19.922 [main] DEBUG io.sealights.dependencies.org.apache.hc.client5.http.impl.io.PoolingHttpClientConnectionManager - ep-00000000: connection http-outgoing-0 can be kept alive for 3 MINUTES
16:50:19.924 [main] DEBUG io.sealights.dependencies.org.apache.hc.client5.http.impl.io.PoolingHttpClientConnectionManager - ep-00000000: connection released [route: {s}->https://dev-ftv-gw.dev.sealights.co:443][total available: 1; route allocated: 1 of 5; total allocated: 1 of 25]
16:50:19.925 [main] INFO SLHttpClient - [From LABS] - responsed GET url:'https://dev-ftv-gw.dev.sealights.co/api/v1/agents/labs/integ_puppet_038a_gfftvlab02', status:200, message:null', body:'{"data":{"labId":"integ_puppet_038a_gfftvlab02","appName":"gf-ftv-lab02","branchName":"puppet","testEnv":null,"labAlias":"gf-ftv-lab02","isMultiLab":false,"isFtv":true}}''
16:50:19.976 [main] INFO SLHttpClient - [From LABS] - responsed GET url:'https://dev-ftv-gw.dev.sealights.co/api/v1/agents/labs/integ_puppet_038a_gfftvlab02', status:200, message:null', body:'{"data":{"labId":"integ_puppet_038a_gfftvlab02","appName":"gf-ftv-lab02","branchName":"puppet","testEnv":null,"labAlias":"gf-ftv-lab02","isMultiLab":false,"isFtv":true}}''
16:50:19.983 [main] DEBUG SLHttpClient - [To LABS] - attempt '#1' out of '5, url:'https://dev-ftv-gw.dev.sealights.co/api/v3/agents/build-sessions'
16:50:20.033 [main] INFO SLHttpClient - [To LABS] - sending POST, url:'https://dev-ftv-gw.dev.sealights.co/api/v3/agents/build-sessions', token: ...X3B1_efpQ4', body:'{"appName":"gf-ftv-lab02","buildName":null,"branchName":"puppet","labId":"integ_puppet_038a_gfftvlab02","checksum":"fd752639-b85d-4947-ab98-8991d41a283a"}''
16:50:20.036 [main] DEBUG io.sealights.dependencies.org.apache.hc.client5.http.impl.classic.InternalHttpClient - ex-00000002: preparing request execution
16:50:20.037 [main] DEBUG io.sealights.dependencies.org.apache.hc.client5.http.protocol.RequestAddCookies - Cookie spec selected: strict
16:50:20.037 [main] DEBUG io.sealights.dependencies.org.apache.hc.client5.http.protocol.RequestAuthCache - Auth cache not set in the context
16:50:20.038 [main] DEBUG io.sealights.dependencies.org.apache.hc.client5.http.impl.classic.ProtocolExec - ex-00000002: proxy auth state: UNCHALLENGED
16:50:20.039 [main] DEBUG io.sealights.dependencies.org.apache.hc.client5.http.impl.classic.ConnectExec - ex-00000002: acquiring connection with route {s}->https://dev-ftv-gw.dev.sealights.co:443
16:50:20.039 [main] DEBUG io.sealights.dependencies.org.apache.hc.client5.http.impl.classic.InternalHttpClient - ex-00000002: acquiring endpoint (20000 MILLISECONDS)
16:50:20.040 [main] DEBUG io.sealights.dependencies.org.apache.hc.client5.http.impl.io.PoolingHttpClientConnectionManager - ex-00000002: endpoint lease request (20000 MILLISECONDS) [route: {s}->https://dev-ftv-gw.dev.sealights.co:443][total available: 1; route allocated: 1 of 5; total allocated: 1 of 25]
16:50:20.041 [main] DEBUG io.sealights.dependencies.org.apache.hc.client5.http.impl.io.PoolingHttpClientConnectionManager - ex-00000002: endpoint leased [route: {s}->https://dev-ftv-gw.dev.sealights.co:443][total available: 0; route allocated: 1 of 5; total allocated: 1 of 25]
16:50:20.042 [main] DEBUG io.sealights.dependencies.org.apache.hc.client5.http.impl.io.PoolingHttpClientConnectionManager - ex-00000002: acquired ep-00000001
16:50:20.043 [main] DEBUG io.sealights.dependencies.org.apache.hc.client5.http.impl.classic.InternalHttpClient - ex-00000002: acquired endpoint ep-00000001
16:50:20.044 [main] DEBUG io.sealights.dependencies.org.apache.hc.client5.http.impl.classic.MainClientExec - ex-00000002: executing POST /api/v3/agents/build-sessions HTTP/1.1
16:50:20.044 [main] DEBUG io.sealights.dependencies.org.apache.hc.client5.http.impl.classic.InternalHttpClient - ep-00000001: start execution ex-00000002
16:50:20.045 [main] DEBUG io.sealights.dependencies.org.apache.hc.client5.http.impl.io.PoolingHttpClientConnectionManager - ep-00000001: executing exchange ex-00000002 over http-outgoing-0
16:50:20.046 [main] DEBUG io.sealights.dependencies.org.apache.hc.client5.http.headers - http-outgoing-0 >> POST /api/v3/agents/build-sessions HTTP/1.1
16:50:20.046 [main] DEBUG io.sealights.dependencies.org.apache.hc.client5.http.headers - http-outgoing-0 >> Authorization: Bearer eyJhbGciOiJSUzUxMiIsInR5cCI6IkpXVCJ9.eyJpc3MiOiJodHRwczovL0RFVi1mdHYuYXV0aC5zZWFsaWdodHMuaW8vIiwiand0aWQiOiJERVYtZnR2LGktMGMxNjU4YjA0ZTljMDMwMzMsQVBJR1ctOTYzN2FjOGUtMzAyYy00YTk1LTkyZjItZGExNTFiNDljNDI0LDE2NzA0MjE2MzI1NDAiLCJzdWJqZWN0IjoiU2VhTGlnaHRzQGFnZW50IiwiYXVkaWVuY2UiOlsiYWdlbnRzIl0sIngtc2wtcm9sZSI6ImFnZW50IiwieC1zbC1zZXJ2ZXIiOiJodHRwczovL2Rldi1mdHYtZ3cuZGV2LnNlYWxpZ2h0cy5jby9hcGkiLCJzbF9pbXBlcl9zdWJqZWN0IjoiIiwiaWF0IjoxNjcwNDIxNjMyfQ.IyAO7_zibgusLv_pPwTwlBICvRwh7EbC7Ee-Zqmx6azkjaRYDb8olKjiWM_HeYFGnIIczAuWIurFUm-h9noPOzLp-0h-r6fu3Yt4utvF9b1NhQNtL9aLlJ4-h7kDZA7K5AN39Agx6DB_be9XLcLHnwANskq16xn-H6xOOqq-VFqrN98hUl_sRiHf0CKm6RbsumyF1byqZIizENT7unGfJc6tP0poNRgpJkue0UJklgT6HRT8bPi_7rJJgUAu6Vb0LhkCManH_CsllFMxSMBFMJWM-Zxvs5pKHmK1JcIuy08i0r0cJR1axLDtFXcx8Fn_u1dtpLMk-BZCUCOKxh-YXT651AjvCsHwX2JCqxlcD7aLaQIMC3mmq6Qie7YezILQ6_GYDu-oREVgQsN2eob2k0oiFloLn4AmJllq66GasP8Oq20MuHScWvop95McYiictsdHohkkb_z97UIj70LF49qNTJxy5ZGeY90vbZ34mFBfF7cTAXY47q5ReqpyokYx-DABpjFYgS-1i6x_e-4_3Zreni1-SOmueHhhFS_S9hC-gLXvJuiDwIDPaxR16eF_I-S4w0l0071ddqt_-8HgoQcfV85zOzpgHz7IjCfhDIUDB3eI_uwW523hV-4eCoM8ElRa7lCfhQlL2iwEn-623dVjEZI1cD2sfX3B1_efpQ4
16:50:20.047 [main] DEBUG io.sealights.dependencies.org.apache.hc.client5.http.headers - http-outgoing-0 >> Content-Length: 154
16:50:20.047 [main] DEBUG io.sealights.dependencies.org.apache.hc.client5.http.headers - http-outgoing-0 >> Content-Type: application/json; charset=UTF-8
16:50:20.048 [main] DEBUG io.sealights.dependencies.org.apache.hc.client5.http.headers - http-outgoing-0 >> Host: dev-ftv-gw.dev.sealights.co
16:50:20.049 [main] DEBUG io.sealights.dependencies.org.apache.hc.client5.http.headers - http-outgoing-0 >> Connection: keep-alive
16:50:20.050 [main] DEBUG io.sealights.dependencies.org.apache.hc.client5.http.headers - http-outgoing-0 >> User-Agent: Apache-HttpClient/5.0.3 (Java/11.0.12)
16:50:20.051 [main] DEBUG io.sealights.dependencies.org.apache.hc.client5.http.wire - http-outgoing-0 >> "POST /api/v3/agents/build-sessions HTTP/1.1[\r][\n]"
16:50:20.052 [main] DEBUG io.sealights.dependencies.org.apache.hc.client5.http.wire - http-outgoing-0 >> "Authorization: Bearer eyJhbGciOiJSUzUxMiIsInR5cCI6IkpXVCJ9.eyJpc3MiOiJodHRwczovL0RFVi1mdHYuYXV0aC5zZWFsaWdodHMuaW8vIiwiand0aWQiOiJERVYtZnR2LGktMGMxNjU4YjA0ZTljMDMwMzMsQVBJR1ctOTYzN2FjOGUtMzAyYy00YTk1LTkyZjItZGExNTFiNDljNDI0LDE2NzA0MjE2MzI1NDAiLCJzdWJqZWN0IjoiU2VhTGlnaHRzQGFnZW50IiwiYXVkaWVuY2UiOlsiYWdlbnRzIl0sIngtc2wtcm9sZSI6ImFnZW50IiwieC1zbC1zZXJ2ZXIiOiJodHRwczovL2Rldi1mdHYtZ3cuZGV2LnNlYWxpZ2h0cy5jby9hcGkiLCJzbF9pbXBlcl9zdWJqZWN0IjoiIiwiaWF0IjoxNjcwNDIxNjMyfQ.IyAO7_zibgusLv_pPwTwlBICvRwh7EbC7Ee-Zqmx6azkjaRYDb8olKjiWM_HeYFGnIIczAuWIurFUm-h9noPOzLp-0h-r6fu3Yt4utvF9b1NhQNtL9aLlJ4-h7kDZA7K5AN39Agx6DB_be9XLcLHnwANskq16xn-H6xOOqq-VFqrN98hUl_sRiHf0CKm6RbsumyF1byqZIizENT7unGfJc6tP0poNRgpJkue0UJklgT6HRT8bPi_7rJJgUAu6Vb0LhkCManH_CsllFMxSMBFMJWM-Zxvs5pKHmK1JcIuy08i0r0cJR1axLDtFXcx8Fn_u1dtpLMk-BZCUCOKxh-YXT651AjvCsHwX2JCqxlcD7aLaQIMC3mmq6Qie7YezILQ6_GYDu-oREVgQsN2eob2k0oiFloLn4AmJllq66GasP8Oq20MuHScWvop95McYiictsdHohkkb_z97UIj70LF49qNTJxy5ZGeY90vbZ34mFBfF7cTAXY47q5ReqpyokYx-DABpjFYgS-1i6x_e-4_3Zreni1-SOmueHhhFS_S9hC-gLXvJuiDwIDPaxR16eF_I-S4w0l0071ddqt_-8HgoQcfV85zOzpgHz7IjCfhDIUDB3eI_uwW523hV-4eCoM8ElRa7lCfhQlL2iwEn-623dVjEZI1cD2sfX3B1_efpQ4[\r][\n]"
16:50:20.052 [main] DEBUG io.sealights.dependencies.org.apache.hc.client5.http.wire - http-outgoing-0 >> "Content-Length: 154[\r][\n]"
16:50:20.053 [main] DEBUG io.sealights.dependencies.org.apache.hc.client5.http.wire - http-outgoing-0 >> "Content-Type: application/json; charset=UTF-8[\r][\n]"
16:50:20.054 [main] DEBUG io.sealights.dependencies.org.apache.hc.client5.http.wire - http-outgoing-0 >> "Host: dev-ftv-gw.dev.sealights.co[\r][\n]"
16:50:20.054 [main] DEBUG io.sealights.dependencies.org.apache.hc.client5.http.wire - http-outgoing-0 >> "Connection: keep-alive[\r][\n]"
16:50:20.055 [main] DEBUG io.sealights.dependencies.org.apache.hc.client5.http.wire - http-outgoing-0 >> "User-Agent: Apache-HttpClient/5.0.3 (Java/11.0.12)[\r][\n]"
16:50:20.056 [main] DEBUG io.sealights.dependencies.org.apache.hc.client5.http.wire - http-outgoing-0 >> "[\r][\n]"
16:50:20.057 [main] DEBUG io.sealights.dependencies.org.apache.hc.client5.http.wire - http-outgoing-0 >> "{"appName":"gf-ftv-lab02","buildName":null,"branchName":"puppet","labId":"integ_puppet_038a_gfftvlab02","checksum":"fd752639-b85d-4947-ab98-8991d41a283a"}"
16:50:20.293 [main] DEBUG io.sealights.dependencies.org.apache.hc.client5.http.wire - http-outgoing-0 << "HTTP/1.1 200 OK[\r][\n]"
16:50:20.294 [main] DEBUG io.sealights.dependencies.org.apache.hc.client5.http.wire - http-outgoing-0 << "Access-Control-Expose-Headers: api-version,content-length,content-md5,content-type,date,request-id,response-time[\r][\n]"
16:50:20.294 [main] DEBUG io.sealights.dependencies.org.apache.hc.client5.http.wire - http-outgoing-0 << "content-type: application/json; charset=utf-8[\r][\n]"
16:50:20.295 [main] DEBUG io.sealights.dependencies.org.apache.hc.client5.http.wire - http-outgoing-0 << "Date: Thu, 08 Dec 2022 14:50:20 GMT[\r][\n]"
16:50:20.296 [main] DEBUG io.sealights.dependencies.org.apache.hc.client5.http.wire - http-outgoing-0 << "Vary: Origin, Accept-Encoding[\r][\n]"
16:50:20.297 [main] DEBUG io.sealights.dependencies.org.apache.hc.client5.http.wire - http-outgoing-0 << "X-Powered-By: Express[\r][\n]"
16:50:20.298 [main] DEBUG io.sealights.dependencies.org.apache.hc.client5.http.wire - http-outgoing-0 << "X-Request-Id: 5b8f0c8f-70dd-4552-aaf3-fbad238cb761[\r][\n]"
16:50:20.299 [main] DEBUG io.sealights.dependencies.org.apache.hc.client5.http.wire - http-outgoing-0 << "x-sl-txid: APIGW-5b8f0c8f-70dd-4552-aaf3-fbad238cb761[\r][\n]"
16:50:20.299 [main] DEBUG io.sealights.dependencies.org.apache.hc.client5.http.wire - http-outgoing-0 << "Content-Length: 234[\r][\n]"
16:50:20.300 [main] DEBUG io.sealights.dependencies.org.apache.hc.client5.http.wire - http-outgoing-0 << "Connection: keep-alive[\r][\n]"
16:50:20.301 [main] DEBUG io.sealights.dependencies.org.apache.hc.client5.http.wire - http-outgoing-0 << "[\r][\n]"
16:50:20.302 [main] DEBUG io.sealights.dependencies.org.apache.hc.client5.http.wire - http-outgoing-0 << "{"data":{"checksum":"fd752639-b85d-4947-ab98-8991d41a283a","appName":"gf-ftv-lab02","buildName":"Thu, 08 Dec 2022 14:50:20 GMT","branchName":"puppet","buildSessionId":"a4bd91a6-1d10-4b87-9fce-71180875dd06","buildSessionType":"BUILD"}}"
16:50:20.303 [main] DEBUG io.sealights.dependencies.org.apache.hc.client5.http.headers - http-outgoing-0 << HTTP/1.1 200 OK
16:50:20.303 [main] DEBUG io.sealights.dependencies.org.apache.hc.client5.http.headers - http-outgoing-0 << Access-Control-Expose-Headers: api-version,content-length,content-md5,content-type,date,request-id,response-time
16:50:20.304 [main] DEBUG io.sealights.dependencies.org.apache.hc.client5.http.headers - http-outgoing-0 << content-type: application/json; charset=utf-8
16:50:20.305 [main] DEBUG io.sealights.dependencies.org.apache.hc.client5.http.headers - http-outgoing-0 << Date: Thu, 08 Dec 2022 14:50:20 GMT
16:50:20.306 [main] DEBUG io.sealights.dependencies.org.apache.hc.client5.http.headers - http-outgoing-0 << Vary: Origin, Accept-Encoding
16:50:20.306 [main] DEBUG io.sealights.dependencies.org.apache.hc.client5.http.headers - http-outgoing-0 << X-Powered-By: Express
16:50:20.307 [main] DEBUG io.sealights.dependencies.org.apache.hc.client5.http.headers - http-outgoing-0 << X-Request-Id: 5b8f0c8f-70dd-4552-aaf3-fbad238cb761
16:50:20.308 [main] DEBUG io.sealights.dependencies.org.apache.hc.client5.http.headers - http-outgoing-0 << x-sl-txid: APIGW-5b8f0c8f-70dd-4552-aaf3-fbad238cb761
16:50:20.309 [main] DEBUG io.sealights.dependencies.org.apache.hc.client5.http.headers - http-outgoing-0 << Content-Length: 234
16:50:20.310 [main] DEBUG io.sealights.dependencies.org.apache.hc.client5.http.headers - http-outgoing-0 << Connection: keep-alive
16:50:20.311 [main] DEBUG io.sealights.dependencies.org.apache.hc.client5.http.impl.classic.MainClientExec - ex-00000002: connection can be kept alive for 3 MINUTES
16:50:20.312 [main] DEBUG io.sealights.dependencies.org.apache.hc.client5.http.impl.classic.InternalHttpClient - ep-00000001: releasing valid endpoint
16:50:20.313 [main] DEBUG io.sealights.dependencies.org.apache.hc.client5.http.impl.io.PoolingHttpClientConnectionManager - ep-00000001: releasing endpoint
16:50:20.313 [main] DEBUG io.sealights.dependencies.org.apache.hc.client5.http.impl.io.PoolingHttpClientConnectionManager - ep-00000001: connection http-outgoing-0 can be kept alive for 3 MINUTES
16:50:20.314 [main] DEBUG io.sealights.dependencies.org.apache.hc.client5.http.impl.io.PoolingHttpClientConnectionManager - ep-00000001: connection released [route: {s}->https://dev-ftv-gw.dev.sealights.co:443][total available: 1; route allocated: 1 of 5; total allocated: 1 of 25]
16:50:20.314 [main] INFO SLHttpClient - [From LABS] - responsed POST url:'https://dev-ftv-gw.dev.sealights.co/api/v3/agents/build-sessions', status:200, message:null', body:'{"data":{"checksum":"fd752639-b85d-4947-ab98-8991d41a283a","appName":"gf-ftv-lab02","buildName":"Thu, 08 Dec 2022 14:50:20 GMT","branchName":"puppet","buildSessionId":"a4bd91a6-1d10-4b87-9fce-71180875dd06","buildSessionType":"BUILD"}}''
16:50:20.321 [main] INFO SLHttpClient - [From LABS] - responsed POST url:'https://dev-ftv-gw.dev.sealights.co/api/v3/agents/build-sessions', status:200, message:null', body:'{"data":{"checksum":"fd752639-b85d-4947-ab98-8991d41a283a","appName":"gf-ftv-lab02","buildName":"Thu, 08 Dec 2022 14:50:20 GMT","branchName":"puppet","buildSessionId":"a4bd91a6-1d10-4b87-9fce-71180875dd06","buildSessionType":"BUILD"}}''
16:50:20.358 [main] DEBUG DefaultAgentEventsController - Updated configuration: 
	token:eyJhbGciOiJSUzUxMiIsInR5cCI6IkpXVCJ9.eyJpc3MiOiJodHRwczovL0RFVi1mdHYuYXV0aC5zZWFsaWdodHMuaW8vIiwiand0aWQiOiJERVYtZnR2LGktMGMxNjU4YjA0ZTljMDMwMzMsQVBJR1ctOTYzN2FjOGUtMzAyYy00YTk1LTkyZjItZGExNTFiNDljNDI0LDE2NzA0MjE2MzI1NDAiLCJzdWJqZWN0IjoiU2VhTGlnaHRzQGFnZW50IiwiYXVkaWVuY2UiOlsiYWdlbnRzIl0sIngtc2wtcm9sZSI6ImFnZW50IiwieC1zbC1zZXJ2ZXIiOiJodHRwczovL2Rldi1mdHYtZ3cuZGV2LnNlYWxpZ2h0cy5jby9hcGkiLCJzbF9pbXBlcl9zdWJqZWN0IjoiIiwiaWF0IjoxNjcwNDIxNjMyfQ.IyAO7_zibgusLv_pPwTwlBICvRwh7EbC7Ee-Zqmx6azkjaRYDb8olKjiWM_HeYFGnIIczAuWIurFUm-h9noPOzLp-0h-r6fu3Yt4utvF9b1NhQNtL9aLlJ4-h7kDZA7K5AN39Agx6DB_be9XLcLHnwANskq16xn-H6xOOqq-VFqrN98hUl_sRiHf0CKm6RbsumyF1byqZIizENT7unGfJc6tP0poNRgpJkue0UJklgT6HRT8bPi_7rJJgUAu6Vb0LhkCManH_CsllFMxSMBFMJWM-Zxvs5pKHmK1JcIuy08i0r0cJR1axLDtFXcx8Fn_u1dtpLMk-BZCUCOKxh-YXT651AjvCsHwX2JCqxlcD7aLaQIMC3mmq6Qie7YezILQ6_GYDu-oREVgQsN2eob2k0oiFloLn4AmJllq66GasP8Oq20MuHScWvop95McYiictsdHohkkb_z97UIj70LF49qNTJxy5ZGeY90vbZ34mFBfF7cTAXY47q5ReqpyokYx-DABpjFYgS-1i6x_e-4_3Zreni1-SOmueHhhFS_S9hC-gLXvJuiDwIDPaxR16eF_I-S4w0l0071ddqt_-8HgoQcfV85zOzpgHz7IjCfhDIUDB3eI_uwW523hV-4eCoM8ElRa7lCfhQlL2iwEn-623dVjEZI1cD2sfX3B1_efpQ4,
	server:https://dev-ftv-gw.dev.sealights.co/api,
	buildSessionId:a4bd91a6-1d10-4b87-9fce-71180875dd06,
	proxy:null
16:50:20.393 [main] ERROR ReflectionUtils - Can't get field: 'timeClock'.
java.lang.NoSuchFieldException: Couldn't find field 'timeClock' on class 'class io.sealights.onpremise.agents.ftv.config.model.FtvAgentConfiguration'.
	at io.sealights.onpremise.agents.commons.ReflectionUtils.getFieldSafe(ReflectionUtils.java:132)
	at io.sealights.onpremise.agents.commons.ReflectionUtils.getFieldSafe(ReflectionUtils.java:106)
	at io.sealights.onpremise.agents.commons.lifecycle.events.DefaultAgentEventsController.configureTimeClock(DefaultAgentEventsController.java:85)
	at io.sealights.onpremise.agents.commons.lifecycle.events.DefaultAgentEventsController.init(DefaultAgentEventsController.java:53)
	at io.sealights.onpremise.agents.commons.lifecycle.events.AgentLifeCycle.initEventController(AgentLifeCycle.java:36)
	at io.sealights.onpremise.agents.ftv.PreMain.lambda$null$1(PreMain.java:42)
	at java.base/java.util.Optional.ifPresent(Optional.java:183)
	at io.sealights.onpremise.agents.ftv.PreMain.lambda$initAgentLifecycleAndNotifyStart$2(PreMain.java:40)
	at io.sealights.onpremise.agents.ftv.context.AgentContextFunction.apply(AgentContextFunction.java:18)
	at io.sealights.onpremise.agents.ftv.context.AgentContextFunction.lambda$flatMap$1(AgentContextFunction.java:26)
	at io.sealights.onpremise.agents.ftv.context.AgentContextFunction.lambda$flatMap$1(AgentContextFunction.java:26)
	at io.sealights.onpremise.agents.ftv.context.AgentContextFunction.apply(AgentContextFunction.java:18)
	at io.sealights.onpremise.agents.ftv.context.AgentContext.apply(AgentContext.java:91)
	at io.sealights.onpremise.agents.ftv.PreMain.lambda$premain$0(PreMain.java:21)
	at java.base/java.util.Optional.flatMap(Optional.java:294)
	at io.sealights.onpremise.agents.ftv.PreMain.premain(PreMain.java:21)
	at java.base/jdk.internal.reflect.NativeMethodAccessorImpl.invoke0(Native Method)
	at java.base/jdk.internal.reflect.NativeMethodAccessorImpl.invoke(NativeMethodAccessorImpl.java:62)
	at java.base/jdk.internal.reflect.DelegatingMethodAccessorImpl.invoke(DelegatingMethodAccessorImpl.java:43)
	at java.base/java.lang.reflect.Method.invoke(Method.java:566)
	at java.instrument/sun.instrument.InstrumentationImpl.loadClassAndStartAgent(InstrumentationImpl.java:513)
	at java.instrument/sun.instrument.InstrumentationImpl.loadClassAndCallPremain(InstrumentationImpl.java:525)
16:50:20.396 [main] ERROR DefaultAgentEventsController - Error applying updated configuration to Time Clock Dispatcher.
java.lang.NullPointerException: null
	at io.sealights.onpremise.agents.commons.lifecycle.events.DefaultAgentEventsController.configureTimeClock(DefaultAgentEventsController.java:86)
	at io.sealights.onpremise.agents.commons.lifecycle.events.DefaultAgentEventsController.init(DefaultAgentEventsController.java:53)
	at io.sealights.onpremise.agents.commons.lifecycle.events.AgentLifeCycle.initEventController(AgentLifeCycle.java:36)
	at io.sealights.onpremise.agents.ftv.PreMain.lambda$null$1(PreMain.java:42)
	at java.base/java.util.Optional.ifPresent(Optional.java:183)
	at io.sealights.onpremise.agents.ftv.PreMain.lambda$initAgentLifecycleAndNotifyStart$2(PreMain.java:40)
	at io.sealights.onpremise.agents.ftv.context.AgentContextFunction.apply(AgentContextFunction.java:18)
	at io.sealights.onpremise.agents.ftv.context.AgentContextFunction.lambda$flatMap$1(AgentContextFunction.java:26)
	at io.sealights.onpremise.agents.ftv.context.AgentContextFunction.lambda$flatMap$1(AgentContextFunction.java:26)
	at io.sealights.onpremise.agents.ftv.context.AgentContextFunction.apply(AgentContextFunction.java:18)
	at io.sealights.onpremise.agents.ftv.context.AgentContext.apply(AgentContext.java:91)
	at io.sealights.onpremise.agents.ftv.PreMain.lambda$premain$0(PreMain.java:21)
	at java.base/java.util.Optional.flatMap(Optional.java:294)
	at io.sealights.onpremise.agents.ftv.PreMain.premain(PreMain.java:21)
	at java.base/jdk.internal.reflect.NativeMethodAccessorImpl.invoke0(Native Method)
	at java.base/jdk.internal.reflect.NativeMethodAccessorImpl.invoke(NativeMethodAccessorImpl.java:62)
	at java.base/jdk.internal.reflect.DelegatingMethodAccessorImpl.invoke(DelegatingMethodAccessorImpl.java:43)
	at java.base/java.lang.reflect.Method.invoke(Method.java:566)
	at java.instrument/sun.instrument.InstrumentationImpl.loadClassAndStartAgent(InstrumentationImpl.java:513)
	at java.instrument/sun.instrument.InstrumentationImpl.loadClassAndCallPremain(InstrumentationImpl.java:525)
16:50:20.397 [main] INFO DefaultAgentEventsController - ping will be send with interval 120 secs
16:50:20.401 [main] DEBUG TaskScheduler - Task 'ping-agent' will run periodically with interval=120000 millis, first execution delay=120000 millis
16:50:20.401 [main] DEBUG AgentEventsController - Verify time clock ...
16:50:20.402 [main] INFO AgentEventsController - Time Clock Dispatcher is disabled
16:50:20.481 [main] DEBUG AgentInstanceInfoBuilder - created (technology=Java, agentType=Ftv, agentVersion=4.0.0-SNAPSHOT, buildSessionId=a4bd91a6-1d10-4b87-9fce-71180875dd06, uniqueModuleId=,appName=gf-ftv-lab02, labId=integ_puppet_038a_gfftvlab02, agentConfig={server=https://dev-ftv-gw.dev.sealights.co/api, proxy=null, buildSessionId=a4bd91a6-1d10-4b87-9fce-71180875dd06, token=eyJhbGciOiJSUzUxMiIsInR5cCI6IkpXVCJ9.eyJpc3MiOiJodHRwczovL0RFVi1mdHYuYXV0aC5zZWFsaWdodHMuaW8vIiwiand0aWQiOiJERVYtZnR2LGktMGMxNjU4YjA0ZTljMDMwMzMsQVBJR1ctOTYzN2FjOGUtMzAyYy00YTk1LTkyZjItZGExNTFiNDljNDI0LDE2NzA0MjE2MzI1NDAiLCJzdWJqZWN0IjoiU2VhTGlnaHRzQGFnZW50IiwiYXVkaWVuY2UiOlsiYWdlbnRzIl0sIngtc2wtcm9sZSI6ImFnZW50IiwieC1zbC1zZXJ2ZXIiOiJodHRwczovL2Rldi1mdHYtZ3cuZGV2LnNlYWxpZ2h0cy5jby9hcGkiLCJzbF9pbXBlcl9zdWJqZWN0IjoiIiwiaWF0IjoxNjcwNDIxNjMyfQ.IyAO7_zibgusLv_pPwTwlBICvRwh7EbC7Ee-Zqmx6azkjaRYDb8olKjiWM_HeYFGnIIczAuWIurFUm-h9noPOzLp-0h-r6fu3Yt4utvF9b1NhQNtL9aLlJ4-h7kDZA7K5AN39Agx6DB_be9XLcLHnwANskq16xn-H6xOOqq-VFqrN98hUl_sRiHf0CKm6RbsumyF1byqZIizENT7unGfJc6tP0poNRgpJkue0UJklgT6HRT8bPi_7rJJgUAu6Vb0LhkCManH_CsllFMxSMBFMJWM-Zxvs5pKHmK1JcIuy08i0r0cJR1axLDtFXcx8Fn_u1dtpLMk-BZCUCOKxh-YXT651AjvCsHwX2JCqxlcD7aLaQIMC3mmq6Qie7YezILQ6_GYDu-oREVgQsN2eob2k0oiFloLn4AmJllq66GasP8Oq20MuHScWvop95McYiictsdHohkkb_z97UIj70LF49qNTJxy5ZGeY90vbZ34mFBfF7cTAXY47q5ReqpyokYx-DABpjFYgS-1i6x_e-4_3Zreni1-SOmueHhhFS_S9hC-gLXvJuiDwIDPaxR16eF_I-S4w0l0071ddqt_-8HgoQcfV85zOzpgHz7IjCfhDIUDB3eI_uwW523hV-4eCoM8ElRa7lCfhQlL2iwEn-623dVjEZI1cD2sfX3B1_efpQ4}, tags=[], processId=5368, processArch=x32, processSessionId=0, argv=[./target/ftv-hello-app-0.0.1-SNAPSHOT.jar, -javaagent:java-agent-ftv-4.0.0-SNAPSHOT.jar=appname=gf-ftv-lab02,labId=integ_puppet_038a_gfftvlab02,packagesincluded=dev.futa.sealights*,workspacepath=.,token=eyJhbGciOiJSUzUxMiIsInR5cCI6IkpXVCJ9.eyJpc3MiOiJodHRwczovL0RFVi1mdHYuYXV0aC5zZWFsaWdodHMuaW8vIiwiand0aWQiOiJERVYtZnR2LGktMGMxNjU4YjA0ZTljMDMwMzMsQVBJR1ctOTYzN2FjOGUtMzAyYy00YTk1LTkyZjItZGExNTFiNDljNDI0LDE2NzA0MjE2MzI1NDAiLCJzdWJqZWN0IjoiU2VhTGlnaHRzQGFnZW50IiwiYXVkaWVuY2UiOlsiYWdlbnRzIl0sIngtc2wtcm9sZSI6ImFnZW50IiwieC1zbC1zZXJ2ZXIiOiJodHRwczovL2Rldi1mdHYtZ3cuZGV2LnNlYWxpZ2h0cy5jby9hcGkiLCJzbF9pbXBlcl9zdWJqZWN0IjoiIiwiaWF0IjoxNjcwNDIxNjMyfQ.IyAO7_zibgusLv_pPwTwlBICvRwh7EbC7Ee-Zqmx6azkjaRYDb8olKjiWM_HeYFGnIIczAuWIurFUm-h9noPOzLp-0h-r6fu3Yt4utvF9b1NhQNtL9aLlJ4-h7kDZA7K5AN39Agx6DB_be9XLcLHnwANskq16xn-H6xOOqq-VFqrN98hUl_sRiHf0CKm6RbsumyF1byqZIizENT7unGfJc6tP0poNRgpJkue0UJklgT6HRT8bPi_7rJJgUAu6Vb0LhkCManH_CsllFMxSMBFMJWM-Zxvs5pKHmK1JcIuy08i0r0cJR1axLDtFXcx8Fn_u1dtpLMk-BZCUCOKxh-YXT651AjvCsHwX2JCqxlcD7aLaQIMC3mmq6Qie7YezILQ6_GYDu-oREVgQsN2eob2k0oiFloLn4AmJllq66GasP8Oq20MuHScWvop95McYiictsdHohkkb_z97UIj70LF49qNTJxy5ZGeY90vbZ34mFBfF7cTAXY47q5ReqpyokYx-DABpjFYgS-1i6x_e-4_3Zreni1-SOmueHhhFS_S9hC-gLXvJuiDwIDPaxR16eF_I-S4w0l0071ddqt_-8HgoQcfV85zOzpgHz7IjCfhDIUDB3eI_uwW523hV-4eCoM8ElRa7lCfhQlL2iwEn-623dVjEZI1cD2sfX3B1_efpQ4, -Dsl.includes=dev.futa.sealights*], cwd=/mnt/c/projekty/sealigths/ftv-hello-app/deployments, envVars={path=/home/gfuta/.sdkman/candidates/java/11.0.12-open/bin:/usr/local/sbin:/usr/local/bin:/usr/sbin:/usr/bin:/sbin:/bin:/usr/games:/usr/local/games:/usr/lib/wsl/lib:/mnt/c/Program Files (x86)/jdk/bin:/mnt/c/Program Files/Git/cmd:/mnt/c/Windows/system32:/mnt/c/Windows:/mnt/c/Windows/System32/Wbem:/mnt/c/Windows/System32/WindowsPowerShell/v1.0/:/mnt/c/Windows/System32/OpenSSH/:/mnt/c/Program Files/dotnet/:/mnt/c/Program Files (x86)/NVIDIA Corporation/PhysX/Common:/mnt/c/Program Files/Git/cmd:/mnt/c/Users/grzeg/AppData/Local/Microsoft/WindowsApps:/mnt/c/Program Files/JetBrains/IntelliJ IDEA 2022.2.3/bin:/mnt/c/programy/jvms_v2.1.1_386:/mnt/c/programy/apache-maven-3.8.6/bin:/mnt/c/Users/grzeg/AppData/Roaming/nvm:/mnt/c/Program Files/nodejs:/mnt/c/Program Files/Docker/Docker/resources/bin:/mnt/c/programy/gradle-7.6/bin:/mnt/c/Users/grzeg/AppData/Roaming/npm:/mnt/c/Program Files/JetBrains/DataGrip 2022.2.5/bin:/snap/bin}, tools=[], sendsPing=true)
16:50:20.498 [main] INFO AgentEventsDispatcher - Handling agentStart ...
16:50:20.499 [main] DEBUG TaskScheduler - Task 'agent-events' will run periodically with interval=10000 millis, first execution delay=0 millis
16:50:20.499 [agent-events] INFO AgentEventsDispatcher - Sending 1 accumulated events ...
16:50:20.501 [agent-events] DEBUG AgentEventServiceHandler - sending event(s):[AGENT_STARTED(1001)], agent:'Ftv' ...
16:50:20.502 [agent-events] DEBUG SLHttpClient - [To ES] - attempt '#1' out of '12, url:'https://dev-ftv-gw.dev.sealights.co/api/v3/agents/agent-events'
16:50:20.603 [agent-events] INFO SLHttpClient - [To ES] - sending POST, url:'https://dev-ftv-gw.dev.sealights.co/api/v3/agents/agent-events', token: ...X3B1_efpQ4', body:'{"agentId":"d62870bd-c637-4cb9-9c6b-8e46706190b7","buildSessionId":"a4bd91a6-1d10-4b87-9fce-71180875dd06","events":[{"type":1001,"utcTimestamp_ms":1670511020408,"data":{"agentInfo":{"technology":"Java","agentType":"Ftv","agentVersion":"4.0.0-SNAPSHOT","buildSessionId":"a4bd91a6-1d10-4b87-9fce-71180875dd06","uniqueModuleId":"","appName":"gf-ftv-lab02","labId":"integ_puppet_038a_gfftvlab02","agentConfig":{"server":"https://dev-ftv-gw.dev.sealights.co/api","proxy":"null","buildSessionId":"a4bd91a6-1d10-4b87-9fce-71180875dd06","token":"eyJhbGciOiJSUzUxMiIsInR5cCI6IkpXVCJ9.eyJpc3MiOiJodHRwczovL0RFVi1mdHYuYXV0aC5zZWFsaWdodHMuaW8vIiwiand0aWQiOiJERVYtZnR2LGktMGMxNjU4YjA0ZTljMDMwMzMsQVBJR1ctOTYzN2FjOGUtMzAyYy00YTk1LTkyZjItZGExNTFiNDljNDI0LDE2NzA0MjE2MzI1NDAiLCJzdWJqZWN0IjoiU2VhTGlnaHRzQGFnZW50IiwiYXVkaWVuY2UiOlsiYWdlbnRzIl0sIngtc2wtcm9sZSI6ImFnZW50IiwieC1zbC1zZXJ2ZXIiOiJodHRwczovL2Rldi1mdHYtZ3cuZGV2LnNlYWxpZ2h0cy5jby9hcGkiLCJzbF9pbXBlcl9zdWJqZWN0IjoiIiwiaWF0IjoxNjcwNDIxNjMyfQ.IyAO7_zibgusLv_pPwTwlBICvRwh7EbC7Ee-Zqmx6a...(truncated to 1024 Bytes)''
16:50:20.604 [agent-events] DEBUG io.sealights.dependencies.org.apache.hc.client5.http.impl.classic.InternalHttpClient - ex-00000003: preparing request execution
16:50:20.604 [agent-events] DEBUG io.sealights.dependencies.org.apache.hc.client5.http.protocol.RequestAddCookies - Cookie spec selected: strict
16:50:20.605 [agent-events] DEBUG io.sealights.dependencies.org.apache.hc.client5.http.protocol.RequestAuthCache - Auth cache not set in the context
16:50:20.606 [agent-events] DEBUG io.sealights.dependencies.org.apache.hc.client5.http.impl.classic.ProtocolExec - ex-00000003: proxy auth state: UNCHALLENGED
16:50:20.606 [agent-events] DEBUG io.sealights.dependencies.org.apache.hc.client5.http.impl.classic.ConnectExec - ex-00000003: acquiring connection with route {s}->https://dev-ftv-gw.dev.sealights.co:443
16:50:20.607 [agent-events] DEBUG io.sealights.dependencies.org.apache.hc.client5.http.impl.classic.InternalHttpClient - ex-00000003: acquiring endpoint (20000 MILLISECONDS)
16:50:20.607 [agent-events] DEBUG io.sealights.dependencies.org.apache.hc.client5.http.impl.io.PoolingHttpClientConnectionManager - ex-00000003: endpoint lease request (20000 MILLISECONDS) [route: {s}->https://dev-ftv-gw.dev.sealights.co:443][total available: 1; route allocated: 1 of 5; total allocated: 1 of 25]
16:50:20.608 [agent-events] DEBUG io.sealights.dependencies.org.apache.hc.client5.http.impl.io.PoolingHttpClientConnectionManager - ex-00000003: endpoint leased [route: {s}->https://dev-ftv-gw.dev.sealights.co:443][total available: 0; route allocated: 1 of 5; total allocated: 1 of 25]
16:50:20.608 [agent-events] DEBUG io.sealights.dependencies.org.apache.hc.client5.http.impl.io.PoolingHttpClientConnectionManager - ex-00000003: acquired ep-00000002
16:50:20.609 [agent-events] DEBUG io.sealights.dependencies.org.apache.hc.client5.http.impl.classic.InternalHttpClient - ex-00000003: acquired endpoint ep-00000002
16:50:20.610 [agent-events] DEBUG io.sealights.dependencies.org.apache.hc.client5.http.impl.classic.MainClientExec - ex-00000003: executing POST /api/v3/agents/agent-events HTTP/1.1
16:50:20.610 [agent-events] DEBUG io.sealights.dependencies.org.apache.hc.client5.http.impl.classic.InternalHttpClient - ep-00000002: start execution ex-00000003
16:50:20.611 [agent-events] DEBUG io.sealights.dependencies.org.apache.hc.client5.http.impl.io.PoolingHttpClientConnectionManager - ep-00000002: executing exchange ex-00000003 over http-outgoing-0
16:50:20.612 [agent-events] DEBUG io.sealights.dependencies.org.apache.hc.client5.http.headers - http-outgoing-0 >> POST /api/v3/agents/agent-events HTTP/1.1
16:50:20.613 [agent-events] DEBUG io.sealights.dependencies.org.apache.hc.client5.http.headers - http-outgoing-0 >> Authorization: Bearer eyJhbGciOiJSUzUxMiIsInR5cCI6IkpXVCJ9.eyJpc3MiOiJodHRwczovL0RFVi1mdHYuYXV0aC5zZWFsaWdodHMuaW8vIiwiand0aWQiOiJERVYtZnR2LGktMGMxNjU4YjA0ZTljMDMwMzMsQVBJR1ctOTYzN2FjOGUtMzAyYy00YTk1LTkyZjItZGExNTFiNDljNDI0LDE2NzA0MjE2MzI1NDAiLCJzdWJqZWN0IjoiU2VhTGlnaHRzQGFnZW50IiwiYXVkaWVuY2UiOlsiYWdlbnRzIl0sIngtc2wtcm9sZSI6ImFnZW50IiwieC1zbC1zZXJ2ZXIiOiJodHRwczovL2Rldi1mdHYtZ3cuZGV2LnNlYWxpZ2h0cy5jby9hcGkiLCJzbF9pbXBlcl9zdWJqZWN0IjoiIiwiaWF0IjoxNjcwNDIxNjMyfQ.IyAO7_zibgusLv_pPwTwlBICvRwh7EbC7Ee-Zqmx6azkjaRYDb8olKjiWM_HeYFGnIIczAuWIurFUm-h9noPOzLp-0h-r6fu3Yt4utvF9b1NhQNtL9aLlJ4-h7kDZA7K5AN39Agx6DB_be9XLcLHnwANskq16xn-H6xOOqq-VFqrN98hUl_sRiHf0CKm6RbsumyF1byqZIizENT7unGfJc6tP0poNRgpJkue0UJklgT6HRT8bPi_7rJJgUAu6Vb0LhkCManH_CsllFMxSMBFMJWM-Zxvs5pKHmK1JcIuy08i0r0cJR1axLDtFXcx8Fn_u1dtpLMk-BZCUCOKxh-YXT651AjvCsHwX2JCqxlcD7aLaQIMC3mmq6Qie7YezILQ6_GYDu-oREVgQsN2eob2k0oiFloLn4AmJllq66GasP8Oq20MuHScWvop95McYiictsdHohkkb_z97UIj70LF49qNTJxy5ZGeY90vbZ34mFBfF7cTAXY47q5ReqpyokYx-DABpjFYgS-1i6x_e-4_3Zreni1-SOmueHhhFS_S9hC-gLXvJuiDwIDPaxR16eF_I-S4w0l0071ddqt_-8HgoQcfV85zOzpgHz7IjCfhDIUDB3eI_uwW523hV-4eCoM8ElRa7lCfhQlL2iwEn-623dVjEZI1cD2sfX3B1_efpQ4
16:50:20.613 [agent-events] DEBUG io.sealights.dependencies.org.apache.hc.client5.http.headers - http-outgoing-0 >> Content-Length: 4713
16:50:20.614 [agent-events] DEBUG io.sealights.dependencies.org.apache.hc.client5.http.headers - http-outgoing-0 >> Content-Type: application/json; charset=UTF-8
16:50:20.614 [agent-events] DEBUG io.sealights.dependencies.org.apache.hc.client5.http.headers - http-outgoing-0 >> Host: dev-ftv-gw.dev.sealights.co
16:50:20.615 [agent-events] DEBUG io.sealights.dependencies.org.apache.hc.client5.http.headers - http-outgoing-0 >> Connection: keep-alive
16:50:20.615 [agent-events] DEBUG io.sealights.dependencies.org.apache.hc.client5.http.headers - http-outgoing-0 >> User-Agent: Apache-HttpClient/5.0.3 (Java/11.0.12)
16:50:20.616 [agent-events] DEBUG io.sealights.dependencies.org.apache.hc.client5.http.wire - http-outgoing-0 >> "POST /api/v3/agents/agent-events HTTP/1.1[\r][\n]"
16:50:20.617 [agent-events] DEBUG io.sealights.dependencies.org.apache.hc.client5.http.wire - http-outgoing-0 >> "Authorization: Bearer eyJhbGciOiJSUzUxMiIsInR5cCI6IkpXVCJ9.eyJpc3MiOiJodHRwczovL0RFVi1mdHYuYXV0aC5zZWFsaWdodHMuaW8vIiwiand0aWQiOiJERVYtZnR2LGktMGMxNjU4YjA0ZTljMDMwMzMsQVBJR1ctOTYzN2FjOGUtMzAyYy00YTk1LTkyZjItZGExNTFiNDljNDI0LDE2NzA0MjE2MzI1NDAiLCJzdWJqZWN0IjoiU2VhTGlnaHRzQGFnZW50IiwiYXVkaWVuY2UiOlsiYWdlbnRzIl0sIngtc2wtcm9sZSI6ImFnZW50IiwieC1zbC1zZXJ2ZXIiOiJodHRwczovL2Rldi1mdHYtZ3cuZGV2LnNlYWxpZ2h0cy5jby9hcGkiLCJzbF9pbXBlcl9zdWJqZWN0IjoiIiwiaWF0IjoxNjcwNDIxNjMyfQ.IyAO7_zibgusLv_pPwTwlBICvRwh7EbC7Ee-Zqmx6azkjaRYDb8olKjiWM_HeYFGnIIczAuWIurFUm-h9noPOzLp-0h-r6fu3Yt4utvF9b1NhQNtL9aLlJ4-h7kDZA7K5AN39Agx6DB_be9XLcLHnwANskq16xn-H6xOOqq-VFqrN98hUl_sRiHf0CKm6RbsumyF1byqZIizENT7unGfJc6tP0poNRgpJkue0UJklgT6HRT8bPi_7rJJgUAu6Vb0LhkCManH_CsllFMxSMBFMJWM-Zxvs5pKHmK1JcIuy08i0r0cJR1axLDtFXcx8Fn_u1dtpLMk-BZCUCOKxh-YXT651AjvCsHwX2JCqxlcD7aLaQIMC3mmq6Qie7YezILQ6_GYDu-oREVgQsN2eob2k0oiFloLn4AmJllq66GasP8Oq20MuHScWvop95McYiictsdHohkkb_z97UIj70LF49qNTJxy5ZGeY90vbZ34mFBfF7cTAXY47q5ReqpyokYx-DABpjFYgS-1i6x_e-4_3Zreni1-SOmueHhhFS_S9hC-gLXvJuiDwIDPaxR16eF_I-S4w0l0071ddqt_-8HgoQcfV85zOzpgHz7IjCfhDIUDB3eI_uwW523hV-4eCoM8ElRa7lCfhQlL2iwEn-623dVjEZI1cD2sfX3B1_efpQ4[\r][\n]"
16:50:20.618 [agent-events] DEBUG io.sealights.dependencies.org.apache.hc.client5.http.wire - http-outgoing-0 >> "Content-Length: 4713[\r][\n]"
16:50:20.618 [agent-events] DEBUG io.sealights.dependencies.org.apache.hc.client5.http.wire - http-outgoing-0 >> "Content-Type: application/json; charset=UTF-8[\r][\n]"
16:50:20.619 [agent-events] DEBUG io.sealights.dependencies.org.apache.hc.client5.http.wire - http-outgoing-0 >> "Host: dev-ftv-gw.dev.sealights.co[\r][\n]"
16:50:20.620 [agent-events] DEBUG io.sealights.dependencies.org.apache.hc.client5.http.wire - http-outgoing-0 >> "Connection: keep-alive[\r][\n]"
16:50:20.621 [agent-events] DEBUG io.sealights.dependencies.org.apache.hc.client5.http.wire - http-outgoing-0 >> "User-Agent: Apache-HttpClient/5.0.3 (Java/11.0.12)[\r][\n]"
16:50:20.622 [agent-events] DEBUG io.sealights.dependencies.org.apache.hc.client5.http.wire - http-outgoing-0 >> "[\r][\n]"
16:50:20.622 [agent-events] DEBUG io.sealights.dependencies.org.apache.hc.client5.http.wire - http-outgoing-0 >> "{"agentId":"d62870bd-c637-4cb9-9c6b-8e46706190b7","buildSessionId":"a4bd91a6-1d10-4b87-9fce-71180875dd06","events":[{"type":1001,"utcTimestamp_ms":1670511020408,"data":{"agentInfo":{"technology":"Java","agentType":"Ftv","agentVersion":"4.0.0-SNAPSHOT","buildSessionId":"a4bd91a6-1d10-4b87-9fce-71180875dd06","uniqueModuleId":"","appName":"gf-ftv-lab02","labId":"integ_puppet_038a_gfftvlab02","agentConfig":{"server":"https://dev-ftv-gw.dev.sealights.co/api","proxy":"null","buildSessionId":"a4bd91a6-1d10-4b87-9fce-71180875dd06","token":"eyJhbGciOiJSUzUxMiIsInR5cCI6IkpXVCJ9.eyJpc3MiOiJodHRwczovL0RFVi1mdHYuYXV0aC5zZWFsaWdodHMuaW8vIiwiand0aWQiOiJERVYtZnR2LGktMGMxNjU4YjA0ZTljMDMwMzMsQVBJR1ctOTYzN2FjOGUtMzAyYy00YTk1LTkyZjItZGExNTFiNDljNDI0LDE2NzA0MjE2MzI1NDAiLCJzdWJqZWN0IjoiU2VhTGlnaHRzQGFnZW50IiwiYXVkaWVuY2UiOlsiYWdlbnRzIl0sIngtc2wtcm9sZSI6ImFnZW50IiwieC1zbC1zZXJ2ZXIiOiJodHRwczovL2Rldi1mdHYtZ3cuZGV2LnNlYWxpZ2h0cy5jby9hcGkiLCJzbF9pbXBlcl9zdWJqZWN0IjoiIiwiaWF0IjoxNjcwNDIxNjMyfQ.IyAO7_zibgusLv_pPwTwlBICvRwh7EbC7Ee-Zqmx6azkjaRYDb8olKjiWM_HeYFGnIIczAuWIurFUm-h9noPOzLp-0h-r6fu3Yt4utvF9b1NhQNtL9aLlJ4-h7kDZA7K5AN39Agx6DB_be9XLcLHnwANskq16xn-H6xOOqq-VFqrN98hUl_sRiHf0CKm6RbsumyF1byqZIizENT7unGfJc6tP0poNRgpJkue0UJklgT6HRT8bPi_7rJJgUAu6Vb0LhkCManH_CsllFMxSMBFMJWM-Zxvs5pKHmK1JcIuy08i0r0cJR1axLDtFXcx8Fn_u1dtpLMk-BZCUCOKxh-YXT651AjvCsHwX2JCqxlcD7aLaQIMC3mmq6Qie7YezILQ6_GYDu-oREVgQsN2eob2k0oiFloLn4AmJllq66GasP8Oq20MuHScWvop95McYiictsdHohkkb_z97UIj70LF49qNTJxy5ZGeY90vbZ34mFBfF7cTAXY47q5ReqpyokYx-DABpjFYgS-1i6x_e-4_3Zreni1-SOmueHhhFS_S9hC-gLXvJuiDwIDPaxR16eF_I-S4w0l0071ddqt_-8HgoQcfV85zOzpgHz7IjCfhDIUDB3eI_uwW523hV-4eCoM8ElRa7lCfhQlL2iwEn-623dVjEZI1cD2sfX3B1_efpQ4"},"tags":[],"processId":5368,"processArch":"x32","processSessionId":0,"argv":["./target/ftv-hello-app-0.0.1-SNAPSHOT.jar","-javaagent:java-agent-ftv-4.0.0-SNAPSHOT.jar=appname=gf-ftv-lab02,labId=integ_puppet_038a_gfftvlab02,packagesincluded=dev.futa.sealights*,workspacepath=.,token=eyJhbGciOiJSUzUxMiIsInR5cCI6IkpXVCJ9.eyJpc3MiOiJodHRwczovL0RFVi1mdHYuYXV0aC5zZWFsaWdodHMuaW8vIiwiand0aWQiOiJERVYtZnR2LGktMGMxNjU4YjA0ZTljMDMwMzMsQVBJR1ctOTYzN2FjOGUtMzAyYy00YTk1LTkyZjItZGExNTFiNDljNDI0LDE2NzA0MjE2MzI1NDAiLCJzdWJqZWN0IjoiU2VhTGlnaHRzQGFnZW50IiwiYXVkaWVuY2UiOlsiYWdlbnRzIl0sIngtc2wtcm9sZSI6ImFnZW50IiwieC1zbC1zZXJ2ZXIiOiJodHRwczovL2Rldi1mdHYtZ3cuZGV2LnNlYWxpZ2h0cy5jby9hcGkiLCJzbF9pbXBlcl9zdWJqZWN0IjoiIiwiaWF0IjoxNjcwNDIxNjMyfQ.IyAO7_zibgusLv_pPwTwlBICvRwh7EbC7Ee-Zqmx6azkjaRYDb8olKjiWM_HeYFGnIIczAuWIurFUm-h9noPOzLp-0h-r6fu3Yt4utvF9b1NhQNtL9aLlJ4-h7kDZA7K5AN39Agx6DB_be9XLcLHnwANskq16xn-H6xOOqq-VFqrN98hUl_sRiHf0CKm6RbsumyF1byqZIizENT7unGfJc6tP0poNRgpJkue0UJklgT6HRT8bPi_7rJJgUAu6Vb0LhkCManH_CsllFMxSMBFMJWM-Zxvs5pKHmK1JcIuy08i0r0cJR1axLDtFXcx8Fn_u1dtpLMk-BZCUCOKxh-YXT651AjvCsHwX2JCqxlcD7aLaQIMC3mmq6Qie7YezILQ6_GYDu-oREVgQsN2eob2k0oiFloLn4AmJllq66GasP8Oq20MuHScWvop95McYiictsdHohkkb_z97UIj70LF49qNTJxy5ZGeY90vbZ34mFBfF7cTAXY47q5ReqpyokYx-DABpjFYgS-1i6x_e-4_3Zreni1-SOmueHhhFS_S9hC-gLXvJuiDwIDPaxR16eF_I-S4w0l0071ddqt_-8HgoQcfV85zOzpgHz7IjCfhDIUDB3eI_uwW523hV-4eCoM8ElRa7lCfhQlL2iwEn-623dVjEZI1cD2sfX3B1_efpQ4","-Dsl.includes=dev.futa.sealights*"],"cwd":"/mnt/c/projekty/sealigths/ftv-hello-app/deployments","envVars":{"path":"/home/gfuta/.sdkman/candidates/java/11.0.12-open/bin:/usr/local/sbin:/usr/local/bin:/usr/sbin:/usr/bin:/sbin:/bin:/usr/games:/usr/local/games:/usr/lib/wsl/lib:/mnt/c/Program Files (x86)/jdk/bin:/mnt/c/Program Files/Git/cmd:/mnt/c/Windows/system32:/mnt/c/Windows:/mnt/c/Windows/System32/Wbem:/mnt/c/Windows/System32/WindowsPowerShell/v1.0/:/mnt/c/Windows/System32/OpenSSH/:/mnt/c/Program Files/dotnet/:/mnt/c/Program Files (x86)/NVIDIA Corporation/PhysX/Common:/mnt/c/Program Files/Git/cmd:/mnt/c/Users/grzeg/AppData/Local/Microsoft/WindowsApps:/mnt/c/Program Files/JetBrains/IntelliJ IDEA 2022.2.3/bin:/mnt/c/programy/jvms_v2.1.1_386:/mnt/c/programy/apache-maven-3.8.6/bin:/mnt/c/Users/grzeg/AppData/Roaming/nvm:/mnt/c/Program Files/nodejs:/mnt/c/Program Files/Docker/Docker/resources/bin:/mnt/c/programy/gradle-7.6/bin:/mnt/c/Users/grzeg/AppData/Roaming/npm:/mnt/c/Program Files/JetBrains/DataGrip 2022.2.5/bin:/snap/bin"},"tools":[],"sendsPing":true},"machineInfo":{"machineName":"hajfa","arch":"amd64","os":"Linux","localDateTime":"2022-12-08T16:50:20+0200","localDateTimeUnix_s":1670518220489,"ipAddress":["fe80:0:0:0:215:5dff:fe94:6fe6%eth0","192.168.81.55","0:0:0:0:0:0:0:1%lo","127.0.0.1"]},"techSpecificInfo":{"javaVendor":"Oracle Corporation","javaVersion":"11.0.12","jvmName":"OpenJDK 64-Bit Server VM","systemProps":{"sl.includes":"dev.futa.sealights*"}},"ciInfo":{"jobName":null,"jobId":null,"jobUrl":null,"partialData":true},"pingData":{"agentInfo":null,"avgCpuLoad":0,"freeRam_KB":238435,"labId":null}}}]}"
16:50:20.709 [agent-events] DEBUG io.sealights.dependencies.org.apache.hc.client5.http.wire - http-outgoing-0 << "HTTP/1.1 200 OK[\r][\n]"
16:50:20.710 [agent-events] DEBUG io.sealights.dependencies.org.apache.hc.client5.http.wire - http-outgoing-0 << "Access-Control-Expose-Headers: api-version,content-length,content-md5,content-type,date,request-id,response-time[\r][\n]"
16:50:20.711 [agent-events] DEBUG io.sealights.dependencies.org.apache.hc.client5.http.wire - http-outgoing-0 << "Date: Thu, 08 Dec 2022 14:50:20 GMT[\r][\n]"
16:50:20.712 [agent-events] DEBUG io.sealights.dependencies.org.apache.hc.client5.http.wire - http-outgoing-0 << "Vary: Origin[\r][\n]"
16:50:20.713 [agent-events] DEBUG io.sealights.dependencies.org.apache.hc.client5.http.wire - http-outgoing-0 << "X-Powered-By: Express[\r][\n]"
16:50:20.714 [agent-events] DEBUG io.sealights.dependencies.org.apache.hc.client5.http.wire - http-outgoing-0 << "X-Request-Id: b64943e8-206a-4fad-a428-b7c37c889001[\r][\n]"
16:50:20.715 [agent-events] DEBUG io.sealights.dependencies.org.apache.hc.client5.http.wire - http-outgoing-0 << "x-sl-txid: APIGW-b64943e8-206a-4fad-a428-b7c37c889001[\r][\n]"
16:50:20.716 [agent-events] DEBUG io.sealights.dependencies.org.apache.hc.client5.http.wire - http-outgoing-0 << "Content-Length: 0[\r][\n]"
16:50:20.716 [agent-events] DEBUG io.sealights.dependencies.org.apache.hc.client5.http.wire - http-outgoing-0 << "Connection: keep-alive[\r][\n]"
16:50:20.717 [agent-events] DEBUG io.sealights.dependencies.org.apache.hc.client5.http.wire - http-outgoing-0 << "[\r][\n]"
16:50:20.718 [agent-events] DEBUG io.sealights.dependencies.org.apache.hc.client5.http.headers - http-outgoing-0 << HTTP/1.1 200 OK
16:50:20.719 [agent-events] DEBUG io.sealights.dependencies.org.apache.hc.client5.http.headers - http-outgoing-0 << Access-Control-Expose-Headers: api-version,content-length,content-md5,content-type,date,request-id,response-time
16:50:20.719 [agent-events] DEBUG io.sealights.dependencies.org.apache.hc.client5.http.headers - http-outgoing-0 << Date: Thu, 08 Dec 2022 14:50:20 GMT
16:50:20.720 [agent-events] DEBUG io.sealights.dependencies.org.apache.hc.client5.http.headers - http-outgoing-0 << Vary: Origin
16:50:20.721 [agent-events] DEBUG io.sealights.dependencies.org.apache.hc.client5.http.headers - http-outgoing-0 << X-Powered-By: Express
16:50:20.721 [agent-events] DEBUG io.sealights.dependencies.org.apache.hc.client5.http.headers - http-outgoing-0 << X-Request-Id: b64943e8-206a-4fad-a428-b7c37c889001
java.lang.RuntimeException: java.lang.IllegalArgumentException: Unsupported class file major version 2056
16:50:20.722 [agent-events] DEBUG io.sealights.dependencies.org.apache.hc.client5.http.headers - http-outgoing-0 << x-sl-txid: APIGW-b64943e8-206a-4fad-a428-b7c37c889001
16:50:20.724 [agent-events] DEBUG io.sealights.dependencies.org.apache.hc.client5.http.headers - http-outgoing-0 << Content-Length: 0
16:50:20.725 [agent-events] DEBUG io.sealights.dependencies.org.apache.hc.client5.http.headers - http-outgoing-0 << Connection: keep-alive
16:50:20.726 [agent-events] DEBUG io.sealights.dependencies.org.apache.hc.client5.http.impl.classic.MainClientExec - ex-00000003: connection can be kept alive for 3 MINUTES
16:50:20.726 [agent-events] DEBUG io.sealights.dependencies.org.apache.hc.client5.http.impl.classic.InternalHttpClient - ep-00000002: releasing valid endpoint
16:50:20.727 [agent-events] DEBUG io.sealights.dependencies.org.apache.hc.client5.http.impl.io.PoolingHttpClientConnectionManager - ep-00000002: releasing endpoint
16:50:20.728 [agent-events] DEBUG io.sealights.dependencies.org.apache.hc.client5.http.impl.io.PoolingHttpClientConnectionManager - ep-00000002: connection http-outgoing-0 can be kept alive for 3 MINUTES
16:50:20.729 [agent-events] DEBUG io.sealights.dependencies.org.apache.hc.client5.http.impl.io.PoolingHttpClientConnectionManager - ep-00000002: connection released [route: {s}->https://dev-ftv-gw.dev.sealights.co:443][total available: 1; route allocated: 1 of 5; total allocated: 1 of 25]
16:50:20.730 [agent-events] INFO SLHttpClient - [From ES] - responsed POST url:'https://dev-ftv-gw.dev.sealights.co/api/v3/agents/agent-events', status:200, message:null', body:'''
16:50:20.730 [agent-events] INFO SLHttpClient - [From ES] - responsed POST url:'https://dev-ftv-gw.dev.sealights.co/api/v3/agents/agent-events', status:200, message:null', body:'''
16:50:20.731 [agent-events] DEBUG AgentEventServiceHandler - sent successfully event(s):[AGENT_STARTED(1001)], agent:'Ftv'
java.lang.RuntimeException: java.lang.IllegalArgumentException: Unsupported class file major version 2056
16:50:20.826 [main] DEBUG ClassMappingBuilder - Created classes mapping:
16:50:20.829 [main] DEBUG SLHttpClient - [To BUILD_MAPPING] - attempt '#1' out of '5, url:'https://dev-ftv-gw.dev.sealights.co/api/v5/agents/build-sessions/a4bd91a6-1d10-4b87-9fce-71180875dd06/buildend'
16:50:20.833 [main] INFO SLHttpClient - [To BUILD_MAPPING] - sending POST, url:'https://dev-ftv-gw.dev.sealights.co/api/v5/agents/build-sessions/a4bd91a6-1d10-4b87-9fce-71180875dd06/buildend', token: ...X3B1_efpQ4', body:'{"agentId":"d62870bd-c637-4cb9-9c6b-8e46706190b7","partsCount":1,"labId":"integ_puppet_038a_gfftvlab02","status":{"success":true,"message":"n00p","duration":318}}''
16:50:20.833 [main] DEBUG io.sealights.dependencies.org.apache.hc.client5.http.impl.classic.InternalHttpClient - ex-00000004: preparing request execution
16:50:20.834 [main] DEBUG io.sealights.dependencies.org.apache.hc.client5.http.protocol.RequestAddCookies - Cookie spec selected: strict
16:50:20.835 [main] DEBUG io.sealights.dependencies.org.apache.hc.client5.http.protocol.RequestAuthCache - Auth cache not set in the context
16:50:20.835 [main] DEBUG io.sealights.dependencies.org.apache.hc.client5.http.impl.classic.ProtocolExec - ex-00000004: proxy auth state: UNCHALLENGED
16:50:20.836 [main] DEBUG io.sealights.dependencies.org.apache.hc.client5.http.impl.classic.ConnectExec - ex-00000004: acquiring connection with route {s}->https://dev-ftv-gw.dev.sealights.co:443
16:50:20.836 [main] DEBUG io.sealights.dependencies.org.apache.hc.client5.http.impl.classic.InternalHttpClient - ex-00000004: acquiring endpoint (20000 MILLISECONDS)
16:50:20.837 [main] DEBUG io.sealights.dependencies.org.apache.hc.client5.http.impl.io.PoolingHttpClientConnectionManager - ex-00000004: endpoint lease request (20000 MILLISECONDS) [route: {s}->https://dev-ftv-gw.dev.sealights.co:443][total available: 1; route allocated: 1 of 5; total allocated: 1 of 25]
16:50:20.838 [main] DEBUG io.sealights.dependencies.org.apache.hc.client5.http.impl.io.PoolingHttpClientConnectionManager - ex-00000004: endpoint leased [route: {s}->https://dev-ftv-gw.dev.sealights.co:443][total available: 0; route allocated: 1 of 5; total allocated: 1 of 25]
16:50:20.838 [main] DEBUG io.sealights.dependencies.org.apache.hc.client5.http.impl.io.PoolingHttpClientConnectionManager - ex-00000004: acquired ep-00000003
16:50:20.839 [main] DEBUG io.sealights.dependencies.org.apache.hc.client5.http.impl.classic.InternalHttpClient - ex-00000004: acquired endpoint ep-00000003
16:50:20.839 [main] DEBUG io.sealights.dependencies.org.apache.hc.client5.http.impl.classic.MainClientExec - ex-00000004: executing POST /api/v5/agents/build-sessions/a4bd91a6-1d10-4b87-9fce-71180875dd06/buildend HTTP/1.1
16:50:20.840 [main] DEBUG io.sealights.dependencies.org.apache.hc.client5.http.impl.classic.InternalHttpClient - ep-00000003: start execution ex-00000004
16:50:20.841 [main] DEBUG io.sealights.dependencies.org.apache.hc.client5.http.impl.io.PoolingHttpClientConnectionManager - ep-00000003: executing exchange ex-00000004 over http-outgoing-0
16:50:20.842 [main] DEBUG io.sealights.dependencies.org.apache.hc.client5.http.headers - http-outgoing-0 >> POST /api/v5/agents/build-sessions/a4bd91a6-1d10-4b87-9fce-71180875dd06/buildend HTTP/1.1
16:50:20.842 [main] DEBUG io.sealights.dependencies.org.apache.hc.client5.http.headers - http-outgoing-0 >> Authorization: Bearer eyJhbGciOiJSUzUxMiIsInR5cCI6IkpXVCJ9.eyJpc3MiOiJodHRwczovL0RFVi1mdHYuYXV0aC5zZWFsaWdodHMuaW8vIiwiand0aWQiOiJERVYtZnR2LGktMGMxNjU4YjA0ZTljMDMwMzMsQVBJR1ctOTYzN2FjOGUtMzAyYy00YTk1LTkyZjItZGExNTFiNDljNDI0LDE2NzA0MjE2MzI1NDAiLCJzdWJqZWN0IjoiU2VhTGlnaHRzQGFnZW50IiwiYXVkaWVuY2UiOlsiYWdlbnRzIl0sIngtc2wtcm9sZSI6ImFnZW50IiwieC1zbC1zZXJ2ZXIiOiJodHRwczovL2Rldi1mdHYtZ3cuZGV2LnNlYWxpZ2h0cy5jby9hcGkiLCJzbF9pbXBlcl9zdWJqZWN0IjoiIiwiaWF0IjoxNjcwNDIxNjMyfQ.IyAO7_zibgusLv_pPwTwlBICvRwh7EbC7Ee-Zqmx6azkjaRYDb8olKjiWM_HeYFGnIIczAuWIurFUm-h9noPOzLp-0h-r6fu3Yt4utvF9b1NhQNtL9aLlJ4-h7kDZA7K5AN39Agx6DB_be9XLcLHnwANskq16xn-H6xOOqq-VFqrN98hUl_sRiHf0CKm6RbsumyF1byqZIizENT7unGfJc6tP0poNRgpJkue0UJklgT6HRT8bPi_7rJJgUAu6Vb0LhkCManH_CsllFMxSMBFMJWM-Zxvs5pKHmK1JcIuy08i0r0cJR1axLDtFXcx8Fn_u1dtpLMk-BZCUCOKxh-YXT651AjvCsHwX2JCqxlcD7aLaQIMC3mmq6Qie7YezILQ6_GYDu-oREVgQsN2eob2k0oiFloLn4AmJllq66GasP8Oq20MuHScWvop95McYiictsdHohkkb_z97UIj70LF49qNTJxy5ZGeY90vbZ34mFBfF7cTAXY47q5ReqpyokYx-DABpjFYgS-1i6x_e-4_3Zreni1-SOmueHhhFS_S9hC-gLXvJuiDwIDPaxR16eF_I-S4w0l0071ddqt_-8HgoQcfV85zOzpgHz7IjCfhDIUDB3eI_uwW523hV-4eCoM8ElRa7lCfhQlL2iwEn-623dVjEZI1cD2sfX3B1_efpQ4
16:50:20.843 [main] DEBUG io.sealights.dependencies.org.apache.hc.client5.http.headers - http-outgoing-0 >> Content-Length: 162
16:50:20.843 [main] DEBUG io.sealights.dependencies.org.apache.hc.client5.http.headers - http-outgoing-0 >> Content-Type: application/json; charset=UTF-8
16:50:20.844 [main] DEBUG io.sealights.dependencies.org.apache.hc.client5.http.headers - http-outgoing-0 >> Host: dev-ftv-gw.dev.sealights.co
16:50:20.845 [main] DEBUG io.sealights.dependencies.org.apache.hc.client5.http.headers - http-outgoing-0 >> Connection: keep-alive
16:50:20.845 [main] DEBUG io.sealights.dependencies.org.apache.hc.client5.http.headers - http-outgoing-0 >> User-Agent: Apache-HttpClient/5.0.3 (Java/11.0.12)
16:50:20.846 [main] DEBUG io.sealights.dependencies.org.apache.hc.client5.http.wire - http-outgoing-0 >> "POST /api/v5/agents/build-sessions/a4bd91a6-1d10-4b87-9fce-71180875dd06/buildend HTTP/1.1[\r][\n]"
16:50:20.847 [main] DEBUG io.sealights.dependencies.org.apache.hc.client5.http.wire - http-outgoing-0 >> "Authorization: Bearer eyJhbGciOiJSUzUxMiIsInR5cCI6IkpXVCJ9.eyJpc3MiOiJodHRwczovL0RFVi1mdHYuYXV0aC5zZWFsaWdodHMuaW8vIiwiand0aWQiOiJERVYtZnR2LGktMGMxNjU4YjA0ZTljMDMwMzMsQVBJR1ctOTYzN2FjOGUtMzAyYy00YTk1LTkyZjItZGExNTFiNDljNDI0LDE2NzA0MjE2MzI1NDAiLCJzdWJqZWN0IjoiU2VhTGlnaHRzQGFnZW50IiwiYXVkaWVuY2UiOlsiYWdlbnRzIl0sIngtc2wtcm9sZSI6ImFnZW50IiwieC1zbC1zZXJ2ZXIiOiJodHRwczovL2Rldi1mdHYtZ3cuZGV2LnNlYWxpZ2h0cy5jby9hcGkiLCJzbF9pbXBlcl9zdWJqZWN0IjoiIiwiaWF0IjoxNjcwNDIxNjMyfQ.IyAO7_zibgusLv_pPwTwlBICvRwh7EbC7Ee-Zqmx6azkjaRYDb8olKjiWM_HeYFGnIIczAuWIurFUm-h9noPOzLp-0h-r6fu3Yt4utvF9b1NhQNtL9aLlJ4-h7kDZA7K5AN39Agx6DB_be9XLcLHnwANskq16xn-H6xOOqq-VFqrN98hUl_sRiHf0CKm6RbsumyF1byqZIizENT7unGfJc6tP0poNRgpJkue0UJklgT6HRT8bPi_7rJJgUAu6Vb0LhkCManH_CsllFMxSMBFMJWM-Zxvs5pKHmK1JcIuy08i0r0cJR1axLDtFXcx8Fn_u1dtpLMk-BZCUCOKxh-YXT651AjvCsHwX2JCqxlcD7aLaQIMC3mmq6Qie7YezILQ6_GYDu-oREVgQsN2eob2k0oiFloLn4AmJllq66GasP8Oq20MuHScWvop95McYiictsdHohkkb_z97UIj70LF49qNTJxy5ZGeY90vbZ34mFBfF7cTAXY47q5ReqpyokYx-DABpjFYgS-1i6x_e-4_3Zreni1-SOmueHhhFS_S9hC-gLXvJuiDwIDPaxR16eF_I-S4w0l0071ddqt_-8HgoQcfV85zOzpgHz7IjCfhDIUDB3eI_uwW523hV-4eCoM8ElRa7lCfhQlL2iwEn-623dVjEZI1cD2sfX3B1_efpQ4[\r][\n]"
16:50:20.847 [main] DEBUG io.sealights.dependencies.org.apache.hc.client5.http.wire - http-outgoing-0 >> "Content-Length: 162[\r][\n]"
16:50:20.848 [main] DEBUG io.sealights.dependencies.org.apache.hc.client5.http.wire - http-outgoing-0 >> "Content-Type: application/json; charset=UTF-8[\r][\n]"
16:50:20.848 [main] DEBUG io.sealights.dependencies.org.apache.hc.client5.http.wire - http-outgoing-0 >> "Host: dev-ftv-gw.dev.sealights.co[\r][\n]"
16:50:20.849 [main] DEBUG io.sealights.dependencies.org.apache.hc.client5.http.wire - http-outgoing-0 >> "Connection: keep-alive[\r][\n]"
16:50:20.849 [main] DEBUG io.sealights.dependencies.org.apache.hc.client5.http.wire - http-outgoing-0 >> "User-Agent: Apache-HttpClient/5.0.3 (Java/11.0.12)[\r][\n]"
16:50:20.850 [main] DEBUG io.sealights.dependencies.org.apache.hc.client5.http.wire - http-outgoing-0 >> "[\r][\n]"
16:50:20.851 [main] DEBUG io.sealights.dependencies.org.apache.hc.client5.http.wire - http-outgoing-0 >> "{"agentId":"d62870bd-c637-4cb9-9c6b-8e46706190b7","partsCount":1,"labId":"integ_puppet_038a_gfftvlab02","status":{"success":true,"message":"n00p","duration":318}}"
16:50:21.112 [main] DEBUG io.sealights.dependencies.org.apache.hc.client5.http.wire - http-outgoing-0 << "HTTP/1.1 200 OK[\r][\n]"
16:50:21.114 [main] DEBUG io.sealights.dependencies.org.apache.hc.client5.http.wire - http-outgoing-0 << "Access-Control-Expose-Headers: api-version,content-length,content-md5,content-type,date,request-id,response-time[\r][\n]"
16:50:21.114 [main] DEBUG io.sealights.dependencies.org.apache.hc.client5.http.wire - http-outgoing-0 << "Date: Thu, 08 Dec 2022 14:50:21 GMT[\r][\n]"
16:50:21.115 [main] DEBUG io.sealights.dependencies.org.apache.hc.client5.http.wire - http-outgoing-0 << "ETag: W/"0-2jmj7l5rSw0yVb/vlWAYkK/YBwk"[\r][\n]"
16:50:21.116 [main] DEBUG io.sealights.dependencies.org.apache.hc.client5.http.wire - http-outgoing-0 << "Vary: Origin[\r][\n]"
16:50:21.117 [main] DEBUG io.sealights.dependencies.org.apache.hc.client5.http.wire - http-outgoing-0 << "X-Powered-By: Express[\r][\n]"
16:50:21.118 [main] DEBUG io.sealights.dependencies.org.apache.hc.client5.http.wire - http-outgoing-0 << "X-Request-Id: a8a399c8-e35c-463f-89c8-c28e30ce7b12[\r][\n]"
16:50:21.119 [main] DEBUG io.sealights.dependencies.org.apache.hc.client5.http.wire - http-outgoing-0 << "x-sl-txid: APIGW-a8a399c8-e35c-463f-89c8-c28e30ce7b12[\r][\n]"
16:50:21.119 [main] DEBUG io.sealights.dependencies.org.apache.hc.client5.http.wire - http-outgoing-0 << "Content-Length: 0[\r][\n]"
16:50:21.120 [main] DEBUG io.sealights.dependencies.org.apache.hc.client5.http.wire - http-outgoing-0 << "Connection: keep-alive[\r][\n]"
16:50:21.121 [main] DEBUG io.sealights.dependencies.org.apache.hc.client5.http.wire - http-outgoing-0 << "[\r][\n]"
16:50:21.122 [main] DEBUG io.sealights.dependencies.org.apache.hc.client5.http.headers - http-outgoing-0 << HTTP/1.1 200 OK
16:50:21.123 [main] DEBUG io.sealights.dependencies.org.apache.hc.client5.http.headers - http-outgoing-0 << Access-Control-Expose-Headers: api-version,content-length,content-md5,content-type,date,request-id,response-time
16:50:21.123 [main] DEBUG io.sealights.dependencies.org.apache.hc.client5.http.headers - http-outgoing-0 << Date: Thu, 08 Dec 2022 14:50:21 GMT
16:50:21.124 [main] DEBUG io.sealights.dependencies.org.apache.hc.client5.http.headers - http-outgoing-0 << ETag: W/"0-2jmj7l5rSw0yVb/vlWAYkK/YBwk"
16:50:21.125 [main] DEBUG io.sealights.dependencies.org.apache.hc.client5.http.headers - http-outgoing-0 << Vary: Origin
16:50:21.126 [main] DEBUG io.sealights.dependencies.org.apache.hc.client5.http.headers - http-outgoing-0 << X-Powered-By: Express
16:50:21.127 [main] DEBUG io.sealights.dependencies.org.apache.hc.client5.http.headers - http-outgoing-0 << X-Request-Id: a8a399c8-e35c-463f-89c8-c28e30ce7b12
16:50:21.128 [main] DEBUG io.sealights.dependencies.org.apache.hc.client5.http.headers - http-outgoing-0 << x-sl-txid: APIGW-a8a399c8-e35c-463f-89c8-c28e30ce7b12
16:50:21.129 [main] DEBUG io.sealights.dependencies.org.apache.hc.client5.http.headers - http-outgoing-0 << Content-Length: 0
16:50:21.130 [main] DEBUG io.sealights.dependencies.org.apache.hc.client5.http.headers - http-outgoing-0 << Connection: keep-alive
16:50:21.134 [main] DEBUG io.sealights.dependencies.org.apache.hc.client5.http.impl.classic.MainClientExec - ex-00000004: connection can be kept alive for 3 MINUTES
16:50:21.134 [main] DEBUG io.sealights.dependencies.org.apache.hc.client5.http.impl.classic.InternalHttpClient - ep-00000003: releasing valid endpoint
16:50:21.135 [main] DEBUG io.sealights.dependencies.org.apache.hc.client5.http.impl.io.PoolingHttpClientConnectionManager - ep-00000003: releasing endpoint
16:50:21.136 [main] DEBUG io.sealights.dependencies.org.apache.hc.client5.http.impl.io.PoolingHttpClientConnectionManager - ep-00000003: connection http-outgoing-0 can be kept alive for 3 MINUTES
16:50:21.137 [main] DEBUG io.sealights.dependencies.org.apache.hc.client5.http.impl.io.PoolingHttpClientConnectionManager - ep-00000003: connection released [route: {s}->https://dev-ftv-gw.dev.sealights.co:443][total available: 1; route allocated: 1 of 5; total allocated: 1 of 25]
16:50:21.138 [main] INFO SLHttpClient - [From BUILD_MAPPING] - responsed POST url:'https://dev-ftv-gw.dev.sealights.co/api/v5/agents/build-sessions/a4bd91a6-1d10-4b87-9fce-71180875dd06/buildend', status:200, message:null', body:'''
16:50:21.139 [main] INFO SLHttpClient - [From BUILD_MAPPING] - responsed POST url:'https://dev-ftv-gw.dev.sealights.co/api/v5/agents/build-sessions/a4bd91a6-1d10-4b87-9fce-71180875dd06/buildend', status:200, message:null', body:'''
16:50:21.206 [main] INFO ROOT - SL-Logging for Agent [version='4.0.0-SNAPSHOT'] [AgentID='d62870bd-c637-4cb9-9c6b-8e46706190b7'] started with configuration: (appendToConsole=false, appendToFile=false, sendIntervalMins=0, sendLogsOnShutdown=false, logFileName=sl-java-agent, logsFolder=logs, fileCount=10, logLimitInMB=10, logLevel=off, sendMaxEntries=10)
16:50:18,433 |-INFO in io.sealights.dependencies.ch.qos.logback.classic.LoggerContext[default] - Could NOT find resource [logback-test.xml]
16:50:18,434 |-INFO in io.sealights.dependencies.ch.qos.logback.classic.LoggerContext[default] - Could NOT find resource [logback.groovy]
16:50:18,434 |-INFO in io.sealights.dependencies.ch.qos.logback.classic.LoggerContext[default] - Could NOT find resource [logback.xml]
16:50:18,448 |-INFO in io.sealights.dependencies.ch.qos.logback.classic.BasicConfigurator@66629f63 - Setting up default configuration.

16:50:21.240 [main] DEBUG SLHttpClient - [To BSS] - attempt '#1' out of '5, url:'https://dev-ftv-gw.dev.sealights.co/api/v2/agents/buildsession/a4bd91a6-1d10-4b87-9fce-71180875dd06'
16:50:21.241 [main] INFO SLHttpClient - [To BSS] - sending GET, url:'https://dev-ftv-gw.dev.sealights.co/api/v2/agents/buildsession/a4bd91a6-1d10-4b87-9fce-71180875dd06', token: ...X3B1_efpQ4''
16:50:21.345 [main] INFO SLHttpClient - [From BSS] - responsed GET url:'https://dev-ftv-gw.dev.sealights.co/api/v2/agents/buildsession/a4bd91a6-1d10-4b87-9fce-71180875dd06', status:200, message:null', body:'{"customerId":"SeaLights","checksum":"fd752639-b85d-4947-ab98-8991d41a283a","appName":"gf-ftv-lab02","branchName":"puppet","buildName":"Thu, 08 Dec 2022 14:50:20 GMT","buildSessionId":"a4bd91a6-1d10-4b87-9fce-71180875dd06","buildSessionType":"BUILD","created":1670511020408,"lab":{"labId":"integ_puppet_038a_gfftvlab02","appName":"gf-ftv-lab02","branchName":"puppet","testEnv":null,"labAlias":"gf-ftv-lab02","isMultiLab":false,"isFtv":true},"trackingId":"APIGW-5b8f0c8f-70dd-4552-aaf3-fbad238cb761"}''
16:50:21.364 [main] INFO SLHttpClient - [From BSS] - responsed GET url:'https://dev-ftv-gw.dev.sealights.co/api/v2/agents/buildsession/a4bd91a6-1d10-4b87-9fce-71180875dd06', status:200, message:null', body:'{"customerId":"SeaLights","checksum":"fd752639-b85d-4947-ab98-8991d41a283a","appName":"gf-ftv-lab02","branchName":"puppet","buildName":"Thu, 08 Dec 2022 14:50:20 GMT","buildSessionId":"a4bd91a6-1d10-4b87-9fce-71180875dd06","buildSessionType":"BUILD","created":1670511020408,"lab":{"labId":"integ_puppet_038a_gfftvlab02","appName":"gf-ftv-lab02","branchName":"puppet","testEnv":null,"labAlias":"gf-ftv-lab02","isMultiLab":false,"isFtv":true},"trackingId":"APIGW-5b8f0c8f-70dd-4552-aaf3-fbad238cb761"}''
16:50:21.382 [main] INFO SLHttpClient - [To CS] - sending GET, url:'https://dev-ftv-gw.dev.sealights.co/api/v3/config?agentId=d62870bd-c637-4cb9-9c6b-8e46706190b7&buildName=Thu%2C+08+Dec+2022+14%3A50%3A20+GMT&agentType=Java&testStage=Unit+Tests&appName=gf-ftv-lab02&labId=integ_puppet_038a_gfftvlab02&agentVersion=4.0.0-SNAPSHOT&branchName=puppet', token: ...X3B1_efpQ4''
16:50:21.468 [main] INFO SLHttpClient - [From CS] - GET url:'https://dev-ftv-gw.dev.sealights.co/api/v3/config?agentId=d62870bd-c637-4cb9-9c6b-8e46706190b7&buildName=Thu%2C+08+Dec+2022+14%3A50%3A20+GMT&agentType=Java&testStage=Unit+Tests&appName=gf-ftv-lab02&labId=integ_puppet_038a_gfftvlab02&agentVersion=4.0.0-SNAPSHOT&branchName=puppet', status:404, message:null (resource not found)
16:50:21.470 [main] INFO SLHttpClient - [From CS] - GET url:'https://dev-ftv-gw.dev.sealights.co/api/v3/config?agentId=d62870bd-c637-4cb9-9c6b-8e46706190b7&buildName=Thu%2C+08+Dec+2022+14%3A50%3A20+GMT&agentType=Java&testStage=Unit+Tests&appName=gf-ftv-lab02&labId=integ_puppet_038a_gfftvlab02&agentVersion=4.0.0-SNAPSHOT&branchName=puppet', status:404, message:null (resource not found)
[Sealights Test Listener] [d6] - [premain] SeaLights Test Listener is running. agentID: 'd62870bd-c637-4cb9-9c6b-8e46706190b7', version:'4.0.0-SNAPSHOT'
16:50:21.494 [main] DEBUG AgentEventsController - Verify time clock ...
16:50:21.495 [main] INFO AgentEventsController - Time Clock Dispatcher is disabled
16:50:21.496 [main] DEBUG AgentInstanceInfoBuilder - created (technology=Java, agentType=Ftv, agentVersion=4.0.0-SNAPSHOT, buildSessionId=a4bd91a6-1d10-4b87-9fce-71180875dd06, uniqueModuleId=,appName=gf-ftv-lab02, labId=integ_puppet_038a_gfftvlab02, agentConfig={server=https://dev-ftv-gw.dev.sealights.co/api, proxy=null, buildSessionId=a4bd91a6-1d10-4b87-9fce-71180875dd06, token=eyJhbGciOiJSUzUxMiIsInR5cCI6IkpXVCJ9.eyJpc3MiOiJodHRwczovL0RFVi1mdHYuYXV0aC5zZWFsaWdodHMuaW8vIiwiand0aWQiOiJERVYtZnR2LGktMGMxNjU4YjA0ZTljMDMwMzMsQVBJR1ctOTYzN2FjOGUtMzAyYy00YTk1LTkyZjItZGExNTFiNDljNDI0LDE2NzA0MjE2MzI1NDAiLCJzdWJqZWN0IjoiU2VhTGlnaHRzQGFnZW50IiwiYXVkaWVuY2UiOlsiYWdlbnRzIl0sIngtc2wtcm9sZSI6ImFnZW50IiwieC1zbC1zZXJ2ZXIiOiJodHRwczovL2Rldi1mdHYtZ3cuZGV2LnNlYWxpZ2h0cy5jby9hcGkiLCJzbF9pbXBlcl9zdWJqZWN0IjoiIiwiaWF0IjoxNjcwNDIxNjMyfQ.IyAO7_zibgusLv_pPwTwlBICvRwh7EbC7Ee-Zqmx6azkjaRYDb8olKjiWM_HeYFGnIIczAuWIurFUm-h9noPOzLp-0h-r6fu3Yt4utvF9b1NhQNtL9aLlJ4-h7kDZA7K5AN39Agx6DB_be9XLcLHnwANskq16xn-H6xOOqq-VFqrN98hUl_sRiHf0CKm6RbsumyF1byqZIizENT7unGfJc6tP0poNRgpJkue0UJklgT6HRT8bPi_7rJJgUAu6Vb0LhkCManH_CsllFMxSMBFMJWM-Zxvs5pKHmK1JcIuy08i0r0cJR1axLDtFXcx8Fn_u1dtpLMk-BZCUCOKxh-YXT651AjvCsHwX2JCqxlcD7aLaQIMC3mmq6Qie7YezILQ6_GYDu-oREVgQsN2eob2k0oiFloLn4AmJllq66GasP8Oq20MuHScWvop95McYiictsdHohkkb_z97UIj70LF49qNTJxy5ZGeY90vbZ34mFBfF7cTAXY47q5ReqpyokYx-DABpjFYgS-1i6x_e-4_3Zreni1-SOmueHhhFS_S9hC-gLXvJuiDwIDPaxR16eF_I-S4w0l0071ddqt_-8HgoQcfV85zOzpgHz7IjCfhDIUDB3eI_uwW523hV-4eCoM8ElRa7lCfhQlL2iwEn-623dVjEZI1cD2sfX3B1_efpQ4}, tags=[], processId=5368, processArch=x32, processSessionId=0, argv=[./target/ftv-hello-app-0.0.1-SNAPSHOT.jar, -javaagent:java-agent-ftv-4.0.0-SNAPSHOT.jar=appname=gf-ftv-lab02,labId=integ_puppet_038a_gfftvlab02,packagesincluded=dev.futa.sealights*,workspacepath=.,token=eyJhbGciOiJSUzUxMiIsInR5cCI6IkpXVCJ9.eyJpc3MiOiJodHRwczovL0RFVi1mdHYuYXV0aC5zZWFsaWdodHMuaW8vIiwiand0aWQiOiJERVYtZnR2LGktMGMxNjU4YjA0ZTljMDMwMzMsQVBJR1ctOTYzN2FjOGUtMzAyYy00YTk1LTkyZjItZGExNTFiNDljNDI0LDE2NzA0MjE2MzI1NDAiLCJzdWJqZWN0IjoiU2VhTGlnaHRzQGFnZW50IiwiYXVkaWVuY2UiOlsiYWdlbnRzIl0sIngtc2wtcm9sZSI6ImFnZW50IiwieC1zbC1zZXJ2ZXIiOiJodHRwczovL2Rldi1mdHYtZ3cuZGV2LnNlYWxpZ2h0cy5jby9hcGkiLCJzbF9pbXBlcl9zdWJqZWN0IjoiIiwiaWF0IjoxNjcwNDIxNjMyfQ.IyAO7_zibgusLv_pPwTwlBICvRwh7EbC7Ee-Zqmx6azkjaRYDb8olKjiWM_HeYFGnIIczAuWIurFUm-h9noPOzLp-0h-r6fu3Yt4utvF9b1NhQNtL9aLlJ4-h7kDZA7K5AN39Agx6DB_be9XLcLHnwANskq16xn-H6xOOqq-VFqrN98hUl_sRiHf0CKm6RbsumyF1byqZIizENT7unGfJc6tP0poNRgpJkue0UJklgT6HRT8bPi_7rJJgUAu6Vb0LhkCManH_CsllFMxSMBFMJWM-Zxvs5pKHmK1JcIuy08i0r0cJR1axLDtFXcx8Fn_u1dtpLMk-BZCUCOKxh-YXT651AjvCsHwX2JCqxlcD7aLaQIMC3mmq6Qie7YezILQ6_GYDu-oREVgQsN2eob2k0oiFloLn4AmJllq66GasP8Oq20MuHScWvop95McYiictsdHohkkb_z97UIj70LF49qNTJxy5ZGeY90vbZ34mFBfF7cTAXY47q5ReqpyokYx-DABpjFYgS-1i6x_e-4_3Zreni1-SOmueHhhFS_S9hC-gLXvJuiDwIDPaxR16eF_I-S4w0l0071ddqt_-8HgoQcfV85zOzpgHz7IjCfhDIUDB3eI_uwW523hV-4eCoM8ElRa7lCfhQlL2iwEn-623dVjEZI1cD2sfX3B1_efpQ4, -Dsl.includes=dev.futa.sealights*], cwd=/mnt/c/projekty/sealigths/ftv-hello-app/deployments, envVars={path=/home/gfuta/.sdkman/candidates/java/11.0.12-open/bin:/usr/local/sbin:/usr/local/bin:/usr/sbin:/usr/bin:/sbin:/bin:/usr/games:/usr/local/games:/usr/lib/wsl/lib:/mnt/c/Program Files (x86)/jdk/bin:/mnt/c/Program Files/Git/cmd:/mnt/c/Windows/system32:/mnt/c/Windows:/mnt/c/Windows/System32/Wbem:/mnt/c/Windows/System32/WindowsPowerShell/v1.0/:/mnt/c/Windows/System32/OpenSSH/:/mnt/c/Program Files/dotnet/:/mnt/c/Program Files (x86)/NVIDIA Corporation/PhysX/Common:/mnt/c/Program Files/Git/cmd:/mnt/c/Users/grzeg/AppData/Local/Microsoft/WindowsApps:/mnt/c/Program Files/JetBrains/IntelliJ IDEA 2022.2.3/bin:/mnt/c/programy/jvms_v2.1.1_386:/mnt/c/programy/apache-maven-3.8.6/bin:/mnt/c/Users/grzeg/AppData/Roaming/nvm:/mnt/c/Program Files/nodejs:/mnt/c/Program Files/Docker/Docker/resources/bin:/mnt/c/programy/gradle-7.6/bin:/mnt/c/Users/grzeg/AppData/Roaming/npm:/mnt/c/Program Files/JetBrains/DataGrip 2022.2.5/bin:/snap/bin}, tools=[], sendsPing=true)
16:50:21.498 [main] INFO AgentEventsDispatcher - Handling agentStart ...
16:50:21.499 [main] DEBUG TaskScheduler - Task 'agent-events' was cancelled (interrupt flag=true)
16:50:21.501 [main] DEBUG TaskScheduler - Task 'agent-events' will run periodically with interval=10000 millis, first execution delay=0 millis
16:50:21.502 [agent-events] INFO AgentEventsDispatcher - Sending 1 accumulated events ...
16:50:21.502 [agent-events] DEBUG AgentEventServiceHandler - sending event(s):[AGENT_STARTED(1001)], agent:'Ftv' ...
16:50:21.503 [agent-events] DEBUG SLHttpClient - [To ES] - attempt '#1' out of '12, url:'https://dev-ftv-gw.dev.sealights.co/api/v3/agents/agent-events'
16:50:21.504 [agent-events] INFO SLHttpClient - [To ES] - sending POST, url:'https://dev-ftv-gw.dev.sealights.co/api/v3/agents/agent-events', token: ...X3B1_efpQ4', body:'{"agentId":"d62870bd-c637-4cb9-9c6b-8e46706190b7","buildSessionId":"a4bd91a6-1d10-4b87-9fce-71180875dd06","events":[{"type":1001,"utcTimestamp_ms":1670511021495,"data":{"agentInfo":{"technology":"Java","agentType":"Ftv","agentVersion":"4.0.0-SNAPSHOT","buildSessionId":"a4bd91a6-1d10-4b87-9fce-71180875dd06","uniqueModuleId":"","appName":"gf-ftv-lab02","labId":"integ_puppet_038a_gfftvlab02","agentConfig":{"server":"https://dev-ftv-gw.dev.sealights.co/api","proxy":"null","buildSessionId":"a4bd91a6-1d10-4b87-9fce-71180875dd06","token":"eyJhbGciOiJSUzUxMiIsInR5cCI6IkpXVCJ9.eyJpc3MiOiJodHRwczovL0RFVi1mdHYuYXV0aC5zZWFsaWdodHMuaW8vIiwiand0aWQiOiJERVYtZnR2LGktMGMxNjU4YjA0ZTljMDMwMzMsQVBJR1ctOTYzN2FjOGUtMzAyYy00YTk1LTkyZjItZGExNTFiNDljNDI0LDE2NzA0MjE2MzI1NDAiLCJzdWJqZWN0IjoiU2VhTGlnaHRzQGFnZW50IiwiYXVkaWVuY2UiOlsiYWdlbnRzIl0sIngtc2wtcm9sZSI6ImFnZW50IiwieC1zbC1zZXJ2ZXIiOiJodHRwczovL2Rldi1mdHYtZ3cuZGV2LnNlYWxpZ2h0cy5jby9hcGkiLCJzbF9pbXBlcl9zdWJqZWN0IjoiIiwiaWF0IjoxNjcwNDIxNjMyfQ.IyAO7_zibgusLv_pPwTwlBICvRwh7EbC7Ee-Zqmx6a...(truncated to 1024 Bytes)''
16:50:21.601 [agent-events] INFO SLHttpClient - [From ES] - responsed POST url:'https://dev-ftv-gw.dev.sealights.co/api/v3/agents/agent-events', status:200, message:null', body:'''
16:50:21.603 [agent-events] INFO SLHttpClient - [From ES] - responsed POST url:'https://dev-ftv-gw.dev.sealights.co/api/v3/agents/agent-events', status:200, message:null', body:'''
16:50:21.604 [agent-events] DEBUG AgentEventServiceHandler - sent successfully event(s):[AGENT_STARTED(1001)], agent:'Ftv'
16:50:21.880 [main] INFO SLHttpClient - [To TMS] - sending GET, url:'https://dev-ftv-gw.dev.sealights.co/api/v3/test-exclusions/a4bd91a6-1d10-4b87-9fce-71180875dd06/Unit%20Tests', token: ...X3B1_efpQ4''
16:50:21.976 [main] INFO SLHttpClient - [From TMS] - responsed GET url:'https://dev-ftv-gw.dev.sealights.co/api/v3/test-exclusions/a4bd91a6-1d10-4b87-9fce-71180875dd06/Unit%20Tests', status:200, message:null', body:'{"testSelectionEnabled":true,"recommendationSetStatus":"noHistory"}''
16:50:21.988 [main] INFO SLHttpClient - [From TMS] - responsed GET url:'https://dev-ftv-gw.dev.sealights.co/api/v3/test-exclusions/a4bd91a6-1d10-4b87-9fce-71180875dd06/Unit%20Tests', status:200, message:null', body:'{"testSelectionEnabled":true,"recommendationSetStatus":"noHistory"}''
16:50:21.993 [main] DEBUG AgentEventsController - Verify time clock ...
16:50:21.995 [main] INFO AgentEventsController - Time Clock Dispatcher is disabled
16:50:22.003 [main] DEBUG AgentEventsController - class io.sealights.onpremise.agentevents.eventservice.proxy.api.types.StringDataEvents$GenericMessageEvent event was added, local time: 1670511022003, event timestamp: 1670511022001
16:50:22.010 [main] DEBUG AgentEventsController - Verify time clock ...
16:50:22.010 [main] INFO AgentEventsController - Time Clock Dispatcher is disabled
16:50:22.011 [main] DEBUG AgentEventsController - class io.sealights.onpremise.agentevents.eventservice.proxy.api.types.StringDataEvents$GenericWarningEvent event was added, local time: 1670511022011, event timestamp: 1670511022011
16:50:22.012 [main] WARN AgentLifeCycle - Test selection recommendations were ignored, reason: recommendationsTimeout
16:50:22.021 [get-exec] DEBUG SLHttpClient - [To TST] - attempt '#1' out of '5, url:'https://dev-ftv-gw.dev.sealights.co/api/v4/testExecution/integ_puppet_038a_gfftvlab02'
16:50:22.022 [get-exec] INFO SLHttpClient - [To TST] - sending GET, url:'https://dev-ftv-gw.dev.sealights.co/api/v4/testExecution/integ_puppet_038a_gfftvlab02', token: ...X3B1_efpQ4''
16:50:22.101 [get-exec] INFO SLHttpClient - [From TST] - responsed GET url:'https://dev-ftv-gw.dev.sealights.co/api/v4/testExecution/integ_puppet_038a_gfftvlab02', status:200, message:null', body:'{"execution":null}''
16:50:22.105 [get-exec] INFO SLHttpClient - [From TST] - responsed GET url:'https://dev-ftv-gw.dev.sealights.co/api/v4/testExecution/integ_puppet_038a_gfftvlab02', status:200, message:null', body:'{"execution":null}''
16:50:22.518 [main] DEBUG AgentEventsController - Verify time clock ...
16:50:22.519 [main] INFO AgentEventsController - Time Clock Dispatcher is disabled
16:50:22.520 [main] DEBUG AgentEventsController - class io.sealights.onpremise.agentevents.eventservice.proxy.api.types.SimpleEvents$FirstCoveragePerformedEvent event was sent, local time: 1670511022520, event timestamp: 1670511022520

  .   ____          _            __ _ _
 /\\ / ___'_ __ _ _(_)_ __  __ _ \ \ \ \
( ( )\___ | '_ | '_| | '_ \/ _` | \ \ \ \
 \\/  ___)| |_)| | | | | || (_| |  ) ) ) )
  '  |____| .__|_| |_|_| |_\__, | / / / /
 =========|_|==============|___/=/_/_/_/
 :: Spring Boot ::                (v2.7.6)

2022-12-08 16:50:27.476  INFO 5368 --- [           main] d.f.s.ftv.FtvHelloAppApplication         : Starting FtvHelloAppApplication using Java 11.0.12 on hajfa with PID 5368 (/mnt/c/projekty/sealigths/ftv-hello-app/deployments/target/ftv-hello-app-0.0.1-SNAPSHOT.jar started by gfuta in /mnt/c/projekty/sealigths/ftv-hello-app/deployments)
2022-12-08 16:50:27.514  INFO 5368 --- [           main] d.f.s.ftv.FtvHelloAppApplication         : No active profile set, falling back to 1 default profile: "default"
16:50:31.606 [agent-events] INFO AgentEventsDispatcher - Sending 3 accumulated events ...
16:50:31.606 [agent-events] DEBUG AgentEventServiceHandler - sending event(s):[GENERIC_MESSAGE(2000), GENERIC_WARNING(3000), FIRST_COVERAGE_INSTRUMENTATION_PERFORMED(1005)], agent:'Ftv' ...
16:50:31.607 [agent-events] DEBUG SLHttpClient - [To ES] - attempt '#1' out of '12, url:'https://dev-ftv-gw.dev.sealights.co/api/v3/agents/agent-events'
16:50:31.614 [agent-events] INFO SLHttpClient - [To ES] - sending POST, url:'https://dev-ftv-gw.dev.sealights.co/api/v3/agents/agent-events', token: ...X3B1_efpQ4', body:'{"agentId":"d62870bd-c637-4cb9-9c6b-8e46706190b7","buildSessionId":"a4bd91a6-1d10-4b87-9fce-71180875dd06","events":[{"type":2000,"utcTimestamp_ms":1670511022001,"data":"test recommendations: \ntestSelectionEnabled=true,\nstatus=noHistory,\nexcludedTests size=null(names in debug)\nexcludedTests:"},{"type":3000,"utcTimestamp_ms":1670511022011,"data":"Test selection recommendations were ignored, reason: recommendationsTimeout"},{"type":1005,"utcTimestamp_ms":1670511022520}]}''
16:50:31.698 [agent-events] INFO SLHttpClient - [From ES] - responsed POST url:'https://dev-ftv-gw.dev.sealights.co/api/v3/agents/agent-events', status:200, message:null', body:'''
16:50:31.700 [agent-events] INFO SLHttpClient - [From ES] - responsed POST url:'https://dev-ftv-gw.dev.sealights.co/api/v3/agents/agent-events', status:200, message:null', body:'''
16:50:31.701 [agent-events] DEBUG AgentEventServiceHandler - sent successfully event(s):[GENERIC_MESSAGE(2000), GENERIC_WARNING(3000), FIRST_COVERAGE_INSTRUMENTATION_PERFORMED(1005)], agent:'Ftv'
16:50:32.106 [get-exec] DEBUG SLHttpClient - [To TST] - attempt '#1' out of '5, url:'https://dev-ftv-gw.dev.sealights.co/api/v4/testExecution/integ_puppet_038a_gfftvlab02'
16:50:32.107 [get-exec] INFO SLHttpClient - [To TST] - sending GET, url:'https://dev-ftv-gw.dev.sealights.co/api/v4/testExecution/integ_puppet_038a_gfftvlab02', token: ...X3B1_efpQ4''
16:50:32.193 [get-exec] INFO SLHttpClient - [From TST] - responsed GET url:'https://dev-ftv-gw.dev.sealights.co/api/v4/testExecution/integ_puppet_038a_gfftvlab02', status:200, message:null', body:'{"execution":null}''
16:50:32.194 [get-exec] INFO SLHttpClient - [From TST] - responsed GET url:'https://dev-ftv-gw.dev.sealights.co/api/v4/testExecution/integ_puppet_038a_gfftvlab02', status:200, message:null', body:'{"execution":null}''
2022-12-08 16:50:34.088  INFO 5368 --- [           main] o.s.b.w.embedded.tomcat.TomcatWebServer  : Tomcat initialized with port(s): 8080 (http)
2022-12-08 16:50:34.155  INFO 5368 --- [           main] o.apache.catalina.core.StandardService   : Starting service [Tomcat]
2022-12-08 16:50:34.156  INFO 5368 --- [           main] org.apache.catalina.core.StandardEngine  : Starting Servlet engine: [Apache Tomcat/9.0.69]
2022-12-08 16:50:34.467  INFO 5368 --- [           main] o.a.c.c.C.[Tomcat].[localhost].[/]       : Initializing Spring embedded WebApplicationContext
2022-12-08 16:50:34.468  INFO 5368 --- [           main] w.s.c.ServletWebServerApplicationContext : Root WebApplicationContext: initialization completed in 6402 ms
2022-12-08 16:50:36.290  INFO 5368 --- [           main] o.s.b.w.embedded.tomcat.TomcatWebServer  : Tomcat started on port(s): 8080 (http) with context path ''
2022-12-08 16:50:36.319  INFO 5368 --- [           main] d.f.s.ftv.FtvHelloAppApplication         : Started FtvHelloAppApplication in 12.377 seconds (JVM running for 19.811)
16:50:42.195 [get-exec] DEBUG SLHttpClient - [To TST] - attempt '#1' out of '5, url:'https://dev-ftv-gw.dev.sealights.co/api/v4/testExecution/integ_puppet_038a_gfftvlab02'
16:50:42.197 [get-exec] INFO SLHttpClient - [To TST] - sending GET, url:'https://dev-ftv-gw.dev.sealights.co/api/v4/testExecution/integ_puppet_038a_gfftvlab02', token: ...X3B1_efpQ4''
16:50:42.291 [get-exec] INFO SLHttpClient - [From TST] - responsed GET url:'https://dev-ftv-gw.dev.sealights.co/api/v4/testExecution/integ_puppet_038a_gfftvlab02', status:200, message:null', body:'{"execution":null}''
16:50:42.293 [get-exec] INFO SLHttpClient - [From TST] - responsed GET url:'https://dev-ftv-gw.dev.sealights.co/api/v4/testExecution/integ_puppet_038a_gfftvlab02', status:200, message:null', body:'{"execution":null}''
16:50:52.294 [get-exec] DEBUG SLHttpClient - [To TST] - attempt '#1' out of '5, url:'https://dev-ftv-gw.dev.sealights.co/api/v4/testExecution/integ_puppet_038a_gfftvlab02'
16:50:52.296 [get-exec] INFO SLHttpClient - [To TST] - sending GET, url:'https://dev-ftv-gw.dev.sealights.co/api/v4/testExecution/integ_puppet_038a_gfftvlab02', token: ...X3B1_efpQ4''
16:50:52.383 [get-exec] INFO SLHttpClient - [From TST] - responsed GET url:'https://dev-ftv-gw.dev.sealights.co/api/v4/testExecution/integ_puppet_038a_gfftvlab02', status:200, message:null', body:'{"execution":null}''
16:50:52.384 [get-exec] INFO SLHttpClient - [From TST] - responsed GET url:'https://dev-ftv-gw.dev.sealights.co/api/v4/testExecution/integ_puppet_038a_gfftvlab02', status:200, message:null', body:'{"execution":null}''
16:51:02.385 [get-exec] DEBUG SLHttpClient - [To TST] - attempt '#1' out of '5, url:'https://dev-ftv-gw.dev.sealights.co/api/v4/testExecution/integ_puppet_038a_gfftvlab02'
16:51:02.387 [get-exec] INFO SLHttpClient - [To TST] - sending GET, url:'https://dev-ftv-gw.dev.sealights.co/api/v4/testExecution/integ_puppet_038a_gfftvlab02', token: ...X3B1_efpQ4''
16:51:02.486 [get-exec] INFO SLHttpClient - [From TST] - responsed GET url:'https://dev-ftv-gw.dev.sealights.co/api/v4/testExecution/integ_puppet_038a_gfftvlab02', status:200, message:null', body:'{"execution":null}''
16:51:02.488 [get-exec] INFO SLHttpClient - [From TST] - responsed GET url:'https://dev-ftv-gw.dev.sealights.co/api/v4/testExecution/integ_puppet_038a_gfftvlab02', status:200, message:null', body:'{"execution":null}''
16:51:08.830 [ShutdownHook] DEBUG TaskScheduler - Shutdown done
16:51:08.830 [ShutdownHook] DEBUG TaskScheduler - Schedular was stopped
16:51:08.833 [ShutdownHook] DEBUG AgentEventsController - Verify time clock ...
16:51:08.834 [ShutdownHook] INFO AgentEventsController - Time Clock Dispatcher is disabled
16:51:08.834 [ShutdownHook] DEBUG AgentEventsController - class io.sealights.onpremise.agentevents.eventservice.proxy.api.types.StringDataEvents$GenericMessageEvent event was added, local time: 1670511068834, event timestamp: 1670511068834
16:51:08.835 [ShutdownHook] DEBUG TaskScheduler - Task 'ping-agent' was cancelled (interrupt flag=false)
16:51:08.836 [ShutdownHook] DEBUG TaskScheduler - Shutdown done
16:51:08.837 [ShutdownHook] DEBUG TaskScheduler - Schedular was stopped
16:51:08.838 [ShutdownHook] DEBUG AgentEventsController - Verify time clock ...
16:51:08.838 [ShutdownHook] INFO AgentEventsController - Time Clock Dispatcher is disabled
16:51:08.839 [ShutdownHook] INFO AgentEventsDispatcher - Handling agentShutdown ...
16:51:08.839 [ShutdownHook] DEBUG TaskScheduler - Task 'agent-events' was cancelled (interrupt flag=true)
16:51:08.842 [ShutdownHook] INFO AgentEventsDispatcher - Sending 2 accumulated events ...
16:51:08.843 [ShutdownHook] DEBUG AgentEventServiceHandler - sending event(s):[GENERIC_MESSAGE(2000), AGENT_SHUTDOWN(1002)], agent:'Ftv' ...
16:51:08.844 [ShutdownHook] DEBUG SLHttpClient - [To ES] - attempt '#1' out of '12, url:'https://dev-ftv-gw.dev.sealights.co/api/v3/agents/agent-events'
16:51:08.845 [ShutdownHook] INFO SLHttpClient - [To ES] - sending POST, url:'https://dev-ftv-gw.dev.sealights.co/api/v3/agents/agent-events', token: ...X3B1_efpQ4', body:'{"agentId":"d62870bd-c637-4cb9-9c6b-8e46706190b7","buildSessionId":"a4bd91a6-1d10-4b87-9fce-71180875dd06","events":[{"type":2000,"utcTimestamp_ms":1670511068834,"data":"test events send summary - success counters:(requests=0, items=0)"},{"type":1002,"utcTimestamp_ms":1670511068839,"data":{"agentInfo":null,"avgCpuLoad":0,"freeRam_KB":181993,"labId":null}}]}''
16:51:08.945 [ShutdownHook] INFO SLHttpClient - [From ES] - responsed POST url:'https://dev-ftv-gw.dev.sealights.co/api/v3/agents/agent-events', status:200, message:null', body:'''
16:51:08.946 [ShutdownHook] INFO SLHttpClient - [From ES] - responsed POST url:'https://dev-ftv-gw.dev.sealights.co/api/v3/agents/agent-events', status:200, message:null', body:'''
16:51:08.947 [ShutdownHook] DEBUG AgentEventServiceHandler - sent successfully event(s):[GENERIC_MESSAGE(2000), AGENT_SHUTDOWN(1002)], agent:'Ftv'
16:51:08.949 [ShutdownHook] DEBUG TaskScheduler - Shutdown done
16:51:08.949 [ShutdownHook] DEBUG TaskScheduler - Schedular was stopped
[Sealights Test Listener] [d6] - Done.
