16:17:10.861 [main] INFO SLHttpClient - Created SLApacheHttpClient
16:17:11.521 [main] DEBUG SLHttpClient - [To LABS] - attempt '#1' out of '5, url:'https://dev-ftv-gw.dev.sealights.co/api/v1/agents/labs/integ_master_0d56_gfspringftvlab01'
16:17:11.530 [main] INFO SLHttpClient - [To LABS] - sending GET, url:'https://dev-ftv-gw.dev.sealights.co/api/v1/agents/labs/integ_master_0d56_gfspringftvlab01', token: ...X3B1_efpQ4''
16:17:11.551 [main] DEBUG io.sealights.dependencies.org.apache.hc.client5.http.impl.classic.InternalHttpClient - ex-00000001: preparing request execution
16:17:11.575 [main] DEBUG io.sealights.dependencies.org.apache.hc.client5.http.protocol.RequestAddCookies - Cookie spec selected: strict
16:17:11.602 [main] DEBUG io.sealights.dependencies.org.apache.hc.client5.http.protocol.RequestAuthCache - Auth cache not set in the context
16:17:11.602 [main] DEBUG io.sealights.dependencies.org.apache.hc.client5.http.impl.classic.ProtocolExec - ex-00000001: proxy auth state: UNCHALLENGED
16:17:11.607 [main] DEBUG io.sealights.dependencies.org.apache.hc.client5.http.impl.classic.ConnectExec - ex-00000001: acquiring connection with route {s}->https://dev-ftv-gw.dev.sealights.co:443
16:17:11.608 [main] DEBUG io.sealights.dependencies.org.apache.hc.client5.http.impl.classic.InternalHttpClient - ex-00000001: acquiring endpoint (20000 MILLISECONDS)
16:17:11.616 [main] DEBUG io.sealights.dependencies.org.apache.hc.client5.http.impl.io.PoolingHttpClientConnectionManager - ex-00000001: endpoint lease request (20000 MILLISECONDS) [route: {s}->https://dev-ftv-gw.dev.sealights.co:443][total available: 0; route allocated: 0 of 5; total allocated: 0 of 25]
16:17:11.636 [main] DEBUG io.sealights.dependencies.org.apache.hc.client5.http.impl.io.PoolingHttpClientConnectionManager - ex-00000001: endpoint leased [route: {s}->https://dev-ftv-gw.dev.sealights.co:443][total available: 0; route allocated: 1 of 5; total allocated: 1 of 25]
16:17:11.693 [main] DEBUG io.sealights.dependencies.org.apache.hc.client5.http.impl.io.PoolingHttpClientConnectionManager - ex-00000001: acquired ep-00000000
16:17:11.694 [main] DEBUG io.sealights.dependencies.org.apache.hc.client5.http.impl.classic.InternalHttpClient - ex-00000001: acquired endpoint ep-00000000
16:17:11.695 [main] DEBUG io.sealights.dependencies.org.apache.hc.client5.http.impl.classic.ConnectExec - ex-00000001: opening connection {s}->https://dev-ftv-gw.dev.sealights.co:443
16:17:11.698 [main] DEBUG io.sealights.dependencies.org.apache.hc.client5.http.impl.classic.InternalHttpClient - ep-00000000: connecting endpoint (10000 MILLISECONDS)
16:17:11.699 [main] DEBUG io.sealights.dependencies.org.apache.hc.client5.http.impl.io.PoolingHttpClientConnectionManager - ep-00000000: connecting endpoint to https://dev-ftv-gw.dev.sealights.co:443 (10000 MILLISECONDS)
16:17:11.800 [main] DEBUG io.sealights.dependencies.org.apache.hc.client5.http.impl.io.DefaultHttpClientConnectionOperator - http-outgoing-0: connecting to dev-ftv-gw.dev.sealights.co/34.250.231.255:443
16:17:11.801 [main] DEBUG io.sealights.dependencies.org.apache.hc.client5.http.ssl.SSLConnectionSocketFactory - Connecting socket to dev-ftv-gw.dev.sealights.co/34.250.231.255:443 with timeout 10000 MILLISECONDS
16:17:11.887 [main] DEBUG io.sealights.dependencies.org.apache.hc.client5.http.ssl.SSLConnectionSocketFactory - Enabled protocols: [TLSv1.2]
16:17:11.888 [main] DEBUG io.sealights.dependencies.org.apache.hc.client5.http.ssl.SSLConnectionSocketFactory - Enabled cipher suites: [TLS_ECDHE_ECDSA_WITH_AES_256_GCM_SHA384, TLS_ECDHE_ECDSA_WITH_AES_128_GCM_SHA256, TLS_ECDHE_RSA_WITH_AES_256_GCM_SHA384, TLS_RSA_WITH_AES_256_GCM_SHA384, TLS_ECDH_ECDSA_WITH_AES_256_GCM_SHA384, TLS_ECDH_RSA_WITH_AES_256_GCM_SHA384, TLS_DHE_RSA_WITH_AES_256_GCM_SHA384, TLS_DHE_DSS_WITH_AES_256_GCM_SHA384, TLS_ECDHE_RSA_WITH_AES_128_GCM_SHA256, TLS_RSA_WITH_AES_128_GCM_SHA256, TLS_ECDH_ECDSA_WITH_AES_128_GCM_SHA256, TLS_ECDH_RSA_WITH_AES_128_GCM_SHA256, TLS_DHE_RSA_WITH_AES_128_GCM_SHA256, TLS_DHE_DSS_WITH_AES_128_GCM_SHA256, TLS_ECDHE_ECDSA_WITH_AES_256_CBC_SHA384, TLS_ECDHE_RSA_WITH_AES_256_CBC_SHA384, TLS_RSA_WITH_AES_256_CBC_SHA256, TLS_ECDH_ECDSA_WITH_AES_256_CBC_SHA384, TLS_ECDH_RSA_WITH_AES_256_CBC_SHA384, TLS_DHE_RSA_WITH_AES_256_CBC_SHA256, TLS_DHE_DSS_WITH_AES_256_CBC_SHA256, TLS_ECDHE_ECDSA_WITH_AES_256_CBC_SHA, TLS_ECDHE_RSA_WITH_AES_256_CBC_SHA, TLS_RSA_WITH_AES_256_CBC_SHA, TLS_ECDH_ECDSA_WITH_AES_256_CBC_SHA, TLS_ECDH_RSA_WITH_AES_256_CBC_SHA, TLS_DHE_RSA_WITH_AES_256_CBC_SHA, TLS_DHE_DSS_WITH_AES_256_CBC_SHA, TLS_ECDHE_ECDSA_WITH_AES_128_CBC_SHA256, TLS_ECDHE_RSA_WITH_AES_128_CBC_SHA256, TLS_RSA_WITH_AES_128_CBC_SHA256, TLS_ECDH_ECDSA_WITH_AES_128_CBC_SHA256, TLS_ECDH_RSA_WITH_AES_128_CBC_SHA256, TLS_DHE_RSA_WITH_AES_128_CBC_SHA256, TLS_DHE_DSS_WITH_AES_128_CBC_SHA256, TLS_ECDHE_ECDSA_WITH_AES_128_CBC_SHA, TLS_ECDHE_RSA_WITH_AES_128_CBC_SHA, TLS_RSA_WITH_AES_128_CBC_SHA, TLS_ECDH_ECDSA_WITH_AES_128_CBC_SHA, TLS_ECDH_RSA_WITH_AES_128_CBC_SHA, TLS_DHE_RSA_WITH_AES_128_CBC_SHA, TLS_DHE_DSS_WITH_AES_128_CBC_SHA, TLS_EMPTY_RENEGOTIATION_INFO_SCSV]
16:17:11.889 [main] DEBUG io.sealights.dependencies.org.apache.hc.client5.http.ssl.SSLConnectionSocketFactory - Starting handshake
16:17:12.358 [main] DEBUG io.sealights.dependencies.org.apache.hc.client5.http.ssl.SSLConnectionSocketFactory - Secure session established
16:17:12.359 [main] DEBUG io.sealights.dependencies.org.apache.hc.client5.http.ssl.SSLConnectionSocketFactory -  negotiated protocol: TLSv1.2
16:17:12.360 [main] DEBUG io.sealights.dependencies.org.apache.hc.client5.http.ssl.SSLConnectionSocketFactory -  negotiated cipher suite: TLS_ECDHE_RSA_WITH_AES_128_GCM_SHA256
16:17:12.361 [main] DEBUG io.sealights.dependencies.org.apache.hc.client5.http.ssl.SSLConnectionSocketFactory -  peer principal: CN=*.dev.sealights.co
16:17:12.362 [main] DEBUG io.sealights.dependencies.org.apache.hc.client5.http.ssl.SSLConnectionSocketFactory -  peer alternative names: [*.dev.sealights.co]
16:17:12.363 [main] DEBUG io.sealights.dependencies.org.apache.hc.client5.http.ssl.SSLConnectionSocketFactory -  issuer principal: CN=Amazon, OU=Server CA 1B, O=Amazon, C=US
16:17:12.372 [main] DEBUG io.sealights.dependencies.org.apache.hc.client5.http.impl.io.DefaultHttpClientConnectionOperator - http-outgoing-0: connection established 192.168.81.55:57736<->34.250.231.255:443
16:17:12.373 [main] DEBUG io.sealights.dependencies.org.apache.hc.client5.http.impl.io.PoolingHttpClientConnectionManager - ep-00000000: connected http-outgoing-0
16:17:12.374 [main] DEBUG io.sealights.dependencies.org.apache.hc.client5.http.impl.classic.InternalHttpClient - ep-00000000: endpoint connected
16:17:12.376 [main] DEBUG io.sealights.dependencies.org.apache.hc.client5.http.impl.classic.MainClientExec - ex-00000001: executing GET /api/v1/agents/labs/integ_master_0d56_gfspringftvlab01 HTTP/1.1
16:17:12.383 [main] DEBUG io.sealights.dependencies.org.apache.hc.client5.http.impl.classic.InternalHttpClient - ep-00000000: start execution ex-00000001
16:17:12.384 [main] DEBUG io.sealights.dependencies.org.apache.hc.client5.http.impl.io.PoolingHttpClientConnectionManager - ep-00000000: executing exchange ex-00000001 over http-outgoing-0
16:17:12.386 [main] DEBUG io.sealights.dependencies.org.apache.hc.client5.http.headers - http-outgoing-0 >> GET /api/v1/agents/labs/integ_master_0d56_gfspringftvlab01 HTTP/1.1
16:17:12.386 [main] DEBUG io.sealights.dependencies.org.apache.hc.client5.http.headers - http-outgoing-0 >> Authorization: Bearer eyJhbGciOiJSUzUxMiIsInR5cCI6IkpXVCJ9.eyJpc3MiOiJodHRwczovL0RFVi1mdHYuYXV0aC5zZWFsaWdodHMuaW8vIiwiand0aWQiOiJERVYtZnR2LGktMGMxNjU4YjA0ZTljMDMwMzMsQVBJR1ctOTYzN2FjOGUtMzAyYy00YTk1LTkyZjItZGExNTFiNDljNDI0LDE2NzA0MjE2MzI1NDAiLCJzdWJqZWN0IjoiU2VhTGlnaHRzQGFnZW50IiwiYXVkaWVuY2UiOlsiYWdlbnRzIl0sIngtc2wtcm9sZSI6ImFnZW50IiwieC1zbC1zZXJ2ZXIiOiJodHRwczovL2Rldi1mdHYtZ3cuZGV2LnNlYWxpZ2h0cy5jby9hcGkiLCJzbF9pbXBlcl9zdWJqZWN0IjoiIiwiaWF0IjoxNjcwNDIxNjMyfQ.IyAO7_zibgusLv_pPwTwlBICvRwh7EbC7Ee-Zqmx6azkjaRYDb8olKjiWM_HeYFGnIIczAuWIurFUm-h9noPOzLp-0h-r6fu3Yt4utvF9b1NhQNtL9aLlJ4-h7kDZA7K5AN39Agx6DB_be9XLcLHnwANskq16xn-H6xOOqq-VFqrN98hUl_sRiHf0CKm6RbsumyF1byqZIizENT7unGfJc6tP0poNRgpJkue0UJklgT6HRT8bPi_7rJJgUAu6Vb0LhkCManH_CsllFMxSMBFMJWM-Zxvs5pKHmK1JcIuy08i0r0cJR1axLDtFXcx8Fn_u1dtpLMk-BZCUCOKxh-YXT651AjvCsHwX2JCqxlcD7aLaQIMC3mmq6Qie7YezILQ6_GYDu-oREVgQsN2eob2k0oiFloLn4AmJllq66GasP8Oq20MuHScWvop95McYiictsdHohkkb_z97UIj70LF49qNTJxy5ZGeY90vbZ34mFBfF7cTAXY47q5ReqpyokYx-DABpjFYgS-1i6x_e-4_3Zreni1-SOmueHhhFS_S9hC-gLXvJuiDwIDPaxR16eF_I-S4w0l0071ddqt_-8HgoQcfV85zOzpgHz7IjCfhDIUDB3eI_uwW523hV-4eCoM8ElRa7lCfhQlL2iwEn-623dVjEZI1cD2sfX3B1_efpQ4
16:17:12.387 [main] DEBUG io.sealights.dependencies.org.apache.hc.client5.http.headers - http-outgoing-0 >> Host: dev-ftv-gw.dev.sealights.co
16:17:12.388 [main] DEBUG io.sealights.dependencies.org.apache.hc.client5.http.headers - http-outgoing-0 >> Connection: keep-alive
16:17:12.388 [main] DEBUG io.sealights.dependencies.org.apache.hc.client5.http.headers - http-outgoing-0 >> User-Agent: Apache-HttpClient/5.0.3 (Java/1.8.0_302)
16:17:12.389 [main] DEBUG io.sealights.dependencies.org.apache.hc.client5.http.wire - http-outgoing-0 >> "GET /api/v1/agents/labs/integ_master_0d56_gfspringftvlab01 HTTP/1.1[\r][\n]"
16:17:12.390 [main] DEBUG io.sealights.dependencies.org.apache.hc.client5.http.wire - http-outgoing-0 >> "Authorization: Bearer eyJhbGciOiJSUzUxMiIsInR5cCI6IkpXVCJ9.eyJpc3MiOiJodHRwczovL0RFVi1mdHYuYXV0aC5zZWFsaWdodHMuaW8vIiwiand0aWQiOiJERVYtZnR2LGktMGMxNjU4YjA0ZTljMDMwMzMsQVBJR1ctOTYzN2FjOGUtMzAyYy00YTk1LTkyZjItZGExNTFiNDljNDI0LDE2NzA0MjE2MzI1NDAiLCJzdWJqZWN0IjoiU2VhTGlnaHRzQGFnZW50IiwiYXVkaWVuY2UiOlsiYWdlbnRzIl0sIngtc2wtcm9sZSI6ImFnZW50IiwieC1zbC1zZXJ2ZXIiOiJodHRwczovL2Rldi1mdHYtZ3cuZGV2LnNlYWxpZ2h0cy5jby9hcGkiLCJzbF9pbXBlcl9zdWJqZWN0IjoiIiwiaWF0IjoxNjcwNDIxNjMyfQ.IyAO7_zibgusLv_pPwTwlBICvRwh7EbC7Ee-Zqmx6azkjaRYDb8olKjiWM_HeYFGnIIczAuWIurFUm-h9noPOzLp-0h-r6fu3Yt4utvF9b1NhQNtL9aLlJ4-h7kDZA7K5AN39Agx6DB_be9XLcLHnwANskq16xn-H6xOOqq-VFqrN98hUl_sRiHf0CKm6RbsumyF1byqZIizENT7unGfJc6tP0poNRgpJkue0UJklgT6HRT8bPi_7rJJgUAu6Vb0LhkCManH_CsllFMxSMBFMJWM-Zxvs5pKHmK1JcIuy08i0r0cJR1axLDtFXcx8Fn_u1dtpLMk-BZCUCOKxh-YXT651AjvCsHwX2JCqxlcD7aLaQIMC3mmq6Qie7YezILQ6_GYDu-oREVgQsN2eob2k0oiFloLn4AmJllq66GasP8Oq20MuHScWvop95McYiictsdHohkkb_z97UIj70LF49qNTJxy5ZGeY90vbZ34mFBfF7cTAXY47q5ReqpyokYx-DABpjFYgS-1i6x_e-4_3Zreni1-SOmueHhhFS_S9hC-gLXvJuiDwIDPaxR16eF_I-S4w0l0071ddqt_-8HgoQcfV85zOzpgHz7IjCfhDIUDB3eI_uwW523hV-4eCoM8ElRa7lCfhQlL2iwEn-623dVjEZI1cD2sfX3B1_efpQ4[\r][\n]"
16:17:12.390 [main] DEBUG io.sealights.dependencies.org.apache.hc.client5.http.wire - http-outgoing-0 >> "Host: dev-ftv-gw.dev.sealights.co[\r][\n]"
16:17:12.391 [main] DEBUG io.sealights.dependencies.org.apache.hc.client5.http.wire - http-outgoing-0 >> "Connection: keep-alive[\r][\n]"
16:17:12.391 [main] DEBUG io.sealights.dependencies.org.apache.hc.client5.http.wire - http-outgoing-0 >> "User-Agent: Apache-HttpClient/5.0.3 (Java/1.8.0_302)[\r][\n]"
16:17:12.394 [main] DEBUG io.sealights.dependencies.org.apache.hc.client5.http.wire - http-outgoing-0 >> "[\r][\n]"
16:17:12.500 [main] DEBUG io.sealights.dependencies.org.apache.hc.client5.http.wire - http-outgoing-0 << "HTTP/1.1 200 OK[\r][\n]"
16:17:12.501 [main] DEBUG io.sealights.dependencies.org.apache.hc.client5.http.wire - http-outgoing-0 << "Access-Control-Expose-Headers: api-version,content-length,content-md5,content-type,date,request-id,response-time[\r][\n]"
16:17:12.502 [main] DEBUG io.sealights.dependencies.org.apache.hc.client5.http.wire - http-outgoing-0 << "content-type: application/json; charset=utf-8[\r][\n]"
16:17:12.503 [main] DEBUG io.sealights.dependencies.org.apache.hc.client5.http.wire - http-outgoing-0 << "Date: Thu, 08 Dec 2022 14:17:12 GMT[\r][\n]"
16:17:12.504 [main] DEBUG io.sealights.dependencies.org.apache.hc.client5.http.wire - http-outgoing-0 << "Vary: Origin[\r][\n]"
16:17:12.505 [main] DEBUG io.sealights.dependencies.org.apache.hc.client5.http.wire - http-outgoing-0 << "X-Powered-By: Express[\r][\n]"
16:17:12.506 [main] DEBUG io.sealights.dependencies.org.apache.hc.client5.http.wire - http-outgoing-0 << "X-Request-Id: 7883feb5-4c8a-44ee-84bf-66e7bbbc5813[\r][\n]"
16:17:12.507 [main] DEBUG io.sealights.dependencies.org.apache.hc.client5.http.wire - http-outgoing-0 << "x-sl-txid: APIGW-7883feb5-4c8a-44ee-84bf-66e7bbbc5813[\r][\n]"
16:17:12.508 [main] DEBUG io.sealights.dependencies.org.apache.hc.client5.http.wire - http-outgoing-0 << "Content-Length: 189[\r][\n]"
16:17:12.509 [main] DEBUG io.sealights.dependencies.org.apache.hc.client5.http.wire - http-outgoing-0 << "Connection: keep-alive[\r][\n]"
16:17:12.510 [main] DEBUG io.sealights.dependencies.org.apache.hc.client5.http.wire - http-outgoing-0 << "[\r][\n]"
16:17:12.511 [main] DEBUG io.sealights.dependencies.org.apache.hc.client5.http.wire - http-outgoing-0 << "{"data":{"labId":"integ_master_0d56_gfspringftvlab01","appName":"gf-spring-ftv-lab01","branchName":"master","testEnv":null,"labAlias":"gf-spring-ftv-lab01","isMultiLab":false,"isFtv":true}}"
16:17:12.521 [main] DEBUG io.sealights.dependencies.org.apache.hc.client5.http.headers - http-outgoing-0 << HTTP/1.1 200 OK
16:17:12.522 [main] DEBUG io.sealights.dependencies.org.apache.hc.client5.http.headers - http-outgoing-0 << Access-Control-Expose-Headers: api-version,content-length,content-md5,content-type,date,request-id,response-time
16:17:12.522 [main] DEBUG io.sealights.dependencies.org.apache.hc.client5.http.headers - http-outgoing-0 << content-type: application/json; charset=utf-8
16:17:12.523 [main] DEBUG io.sealights.dependencies.org.apache.hc.client5.http.headers - http-outgoing-0 << Date: Thu, 08 Dec 2022 14:17:12 GMT
16:17:12.523 [main] DEBUG io.sealights.dependencies.org.apache.hc.client5.http.headers - http-outgoing-0 << Vary: Origin
16:17:12.524 [main] DEBUG io.sealights.dependencies.org.apache.hc.client5.http.headers - http-outgoing-0 << X-Powered-By: Express
16:17:12.524 [main] DEBUG io.sealights.dependencies.org.apache.hc.client5.http.headers - http-outgoing-0 << X-Request-Id: 7883feb5-4c8a-44ee-84bf-66e7bbbc5813
16:17:12.525 [main] DEBUG io.sealights.dependencies.org.apache.hc.client5.http.headers - http-outgoing-0 << x-sl-txid: APIGW-7883feb5-4c8a-44ee-84bf-66e7bbbc5813
16:17:12.526 [main] DEBUG io.sealights.dependencies.org.apache.hc.client5.http.headers - http-outgoing-0 << Content-Length: 189
16:17:12.527 [main] DEBUG io.sealights.dependencies.org.apache.hc.client5.http.headers - http-outgoing-0 << Connection: keep-alive
16:17:12.542 [main] DEBUG io.sealights.dependencies.org.apache.hc.client5.http.impl.classic.MainClientExec - ex-00000001: connection can be kept alive for 3 MINUTES
16:17:12.554 [main] DEBUG io.sealights.dependencies.org.apache.hc.client5.http.impl.classic.InternalHttpClient - ep-00000000: releasing valid endpoint
16:17:12.555 [main] DEBUG io.sealights.dependencies.org.apache.hc.client5.http.impl.io.PoolingHttpClientConnectionManager - ep-00000000: releasing endpoint
16:17:12.556 [main] DEBUG io.sealights.dependencies.org.apache.hc.client5.http.impl.io.PoolingHttpClientConnectionManager - ep-00000000: connection http-outgoing-0 can be kept alive for 3 MINUTES
16:17:12.558 [main] DEBUG io.sealights.dependencies.org.apache.hc.client5.http.impl.io.PoolingHttpClientConnectionManager - ep-00000000: connection released [route: {s}->https://dev-ftv-gw.dev.sealights.co:443][total available: 1; route allocated: 1 of 5; total allocated: 1 of 25]
16:17:12.559 [main] INFO SLHttpClient - [From LABS] - responsed GET url:'https://dev-ftv-gw.dev.sealights.co/api/v1/agents/labs/integ_master_0d56_gfspringftvlab01', status:200, message:null', body:'{"data":{"labId":"integ_master_0d56_gfspringftvlab01","appName":"gf-spring-ftv-lab01","branchName":"master","testEnv":null,"labAlias":"gf-spring-ftv-lab01","isMultiLab":false,"isFtv":true}}''
16:17:12.606 [main] INFO SLHttpClient - [From LABS] - responsed GET url:'https://dev-ftv-gw.dev.sealights.co/api/v1/agents/labs/integ_master_0d56_gfspringftvlab01', status:200, message:null', body:'{"data":{"labId":"integ_master_0d56_gfspringftvlab01","appName":"gf-spring-ftv-lab01","branchName":"master","testEnv":null,"labAlias":"gf-spring-ftv-lab01","isMultiLab":false,"isFtv":true}}''
16:17:12.613 [main] DEBUG SLHttpClient - [To LABS] - attempt '#1' out of '5, url:'https://dev-ftv-gw.dev.sealights.co/api/v3/agents/build-sessions'
16:17:12.675 [main] INFO SLHttpClient - [To LABS] - sending POST, url:'https://dev-ftv-gw.dev.sealights.co/api/v3/agents/build-sessions', token: ...X3B1_efpQ4', body:'{"appName":"gf-spring-ftv-lab01","buildName":null,"branchName":"master","labId":"integ_master_0d56_gfspringftvlab01","checksum":"67e11a41-1306-444a-a652-6507e51f837b"}''
16:17:12.678 [main] DEBUG io.sealights.dependencies.org.apache.hc.client5.http.impl.classic.InternalHttpClient - ex-00000002: preparing request execution
16:17:12.680 [main] DEBUG io.sealights.dependencies.org.apache.hc.client5.http.protocol.RequestAddCookies - Cookie spec selected: strict
16:17:12.681 [main] DEBUG io.sealights.dependencies.org.apache.hc.client5.http.protocol.RequestAuthCache - Auth cache not set in the context
16:17:12.681 [main] DEBUG io.sealights.dependencies.org.apache.hc.client5.http.impl.classic.ProtocolExec - ex-00000002: proxy auth state: UNCHALLENGED
16:17:12.682 [main] DEBUG io.sealights.dependencies.org.apache.hc.client5.http.impl.classic.ConnectExec - ex-00000002: acquiring connection with route {s}->https://dev-ftv-gw.dev.sealights.co:443
16:17:12.683 [main] DEBUG io.sealights.dependencies.org.apache.hc.client5.http.impl.classic.InternalHttpClient - ex-00000002: acquiring endpoint (20000 MILLISECONDS)
16:17:12.684 [main] DEBUG io.sealights.dependencies.org.apache.hc.client5.http.impl.io.PoolingHttpClientConnectionManager - ex-00000002: endpoint lease request (20000 MILLISECONDS) [route: {s}->https://dev-ftv-gw.dev.sealights.co:443][total available: 1; route allocated: 1 of 5; total allocated: 1 of 25]
16:17:12.685 [main] DEBUG io.sealights.dependencies.org.apache.hc.client5.http.impl.io.PoolingHttpClientConnectionManager - ex-00000002: endpoint leased [route: {s}->https://dev-ftv-gw.dev.sealights.co:443][total available: 0; route allocated: 1 of 5; total allocated: 1 of 25]
16:17:12.686 [main] DEBUG io.sealights.dependencies.org.apache.hc.client5.http.impl.io.PoolingHttpClientConnectionManager - ex-00000002: acquired ep-00000001
16:17:12.687 [main] DEBUG io.sealights.dependencies.org.apache.hc.client5.http.impl.classic.InternalHttpClient - ex-00000002: acquired endpoint ep-00000001
16:17:12.688 [main] DEBUG io.sealights.dependencies.org.apache.hc.client5.http.impl.classic.MainClientExec - ex-00000002: executing POST /api/v3/agents/build-sessions HTTP/1.1
16:17:12.689 [main] DEBUG io.sealights.dependencies.org.apache.hc.client5.http.impl.classic.InternalHttpClient - ep-00000001: start execution ex-00000002
16:17:12.690 [main] DEBUG io.sealights.dependencies.org.apache.hc.client5.http.impl.io.PoolingHttpClientConnectionManager - ep-00000001: executing exchange ex-00000002 over http-outgoing-0
16:17:12.691 [main] DEBUG io.sealights.dependencies.org.apache.hc.client5.http.headers - http-outgoing-0 >> POST /api/v3/agents/build-sessions HTTP/1.1
16:17:12.692 [main] DEBUG io.sealights.dependencies.org.apache.hc.client5.http.headers - http-outgoing-0 >> Authorization: Bearer eyJhbGciOiJSUzUxMiIsInR5cCI6IkpXVCJ9.eyJpc3MiOiJodHRwczovL0RFVi1mdHYuYXV0aC5zZWFsaWdodHMuaW8vIiwiand0aWQiOiJERVYtZnR2LGktMGMxNjU4YjA0ZTljMDMwMzMsQVBJR1ctOTYzN2FjOGUtMzAyYy00YTk1LTkyZjItZGExNTFiNDljNDI0LDE2NzA0MjE2MzI1NDAiLCJzdWJqZWN0IjoiU2VhTGlnaHRzQGFnZW50IiwiYXVkaWVuY2UiOlsiYWdlbnRzIl0sIngtc2wtcm9sZSI6ImFnZW50IiwieC1zbC1zZXJ2ZXIiOiJodHRwczovL2Rldi1mdHYtZ3cuZGV2LnNlYWxpZ2h0cy5jby9hcGkiLCJzbF9pbXBlcl9zdWJqZWN0IjoiIiwiaWF0IjoxNjcwNDIxNjMyfQ.IyAO7_zibgusLv_pPwTwlBICvRwh7EbC7Ee-Zqmx6azkjaRYDb8olKjiWM_HeYFGnIIczAuWIurFUm-h9noPOzLp-0h-r6fu3Yt4utvF9b1NhQNtL9aLlJ4-h7kDZA7K5AN39Agx6DB_be9XLcLHnwANskq16xn-H6xOOqq-VFqrN98hUl_sRiHf0CKm6RbsumyF1byqZIizENT7unGfJc6tP0poNRgpJkue0UJklgT6HRT8bPi_7rJJgUAu6Vb0LhkCManH_CsllFMxSMBFMJWM-Zxvs5pKHmK1JcIuy08i0r0cJR1axLDtFXcx8Fn_u1dtpLMk-BZCUCOKxh-YXT651AjvCsHwX2JCqxlcD7aLaQIMC3mmq6Qie7YezILQ6_GYDu-oREVgQsN2eob2k0oiFloLn4AmJllq66GasP8Oq20MuHScWvop95McYiictsdHohkkb_z97UIj70LF49qNTJxy5ZGeY90vbZ34mFBfF7cTAXY47q5ReqpyokYx-DABpjFYgS-1i6x_e-4_3Zreni1-SOmueHhhFS_S9hC-gLXvJuiDwIDPaxR16eF_I-S4w0l0071ddqt_-8HgoQcfV85zOzpgHz7IjCfhDIUDB3eI_uwW523hV-4eCoM8ElRa7lCfhQlL2iwEn-623dVjEZI1cD2sfX3B1_efpQ4
16:17:12.693 [main] DEBUG io.sealights.dependencies.org.apache.hc.client5.http.headers - http-outgoing-0 >> Content-Length: 167
16:17:12.694 [main] DEBUG io.sealights.dependencies.org.apache.hc.client5.http.headers - http-outgoing-0 >> Content-Type: application/json; charset=UTF-8
16:17:12.694 [main] DEBUG io.sealights.dependencies.org.apache.hc.client5.http.headers - http-outgoing-0 >> Host: dev-ftv-gw.dev.sealights.co
16:17:12.695 [main] DEBUG io.sealights.dependencies.org.apache.hc.client5.http.headers - http-outgoing-0 >> Connection: keep-alive
16:17:12.695 [main] DEBUG io.sealights.dependencies.org.apache.hc.client5.http.headers - http-outgoing-0 >> User-Agent: Apache-HttpClient/5.0.3 (Java/1.8.0_302)
16:17:12.697 [main] DEBUG io.sealights.dependencies.org.apache.hc.client5.http.wire - http-outgoing-0 >> "POST /api/v3/agents/build-sessions HTTP/1.1[\r][\n]"
16:17:12.698 [main] DEBUG io.sealights.dependencies.org.apache.hc.client5.http.wire - http-outgoing-0 >> "Authorization: Bearer eyJhbGciOiJSUzUxMiIsInR5cCI6IkpXVCJ9.eyJpc3MiOiJodHRwczovL0RFVi1mdHYuYXV0aC5zZWFsaWdodHMuaW8vIiwiand0aWQiOiJERVYtZnR2LGktMGMxNjU4YjA0ZTljMDMwMzMsQVBJR1ctOTYzN2FjOGUtMzAyYy00YTk1LTkyZjItZGExNTFiNDljNDI0LDE2NzA0MjE2MzI1NDAiLCJzdWJqZWN0IjoiU2VhTGlnaHRzQGFnZW50IiwiYXVkaWVuY2UiOlsiYWdlbnRzIl0sIngtc2wtcm9sZSI6ImFnZW50IiwieC1zbC1zZXJ2ZXIiOiJodHRwczovL2Rldi1mdHYtZ3cuZGV2LnNlYWxpZ2h0cy5jby9hcGkiLCJzbF9pbXBlcl9zdWJqZWN0IjoiIiwiaWF0IjoxNjcwNDIxNjMyfQ.IyAO7_zibgusLv_pPwTwlBICvRwh7EbC7Ee-Zqmx6azkjaRYDb8olKjiWM_HeYFGnIIczAuWIurFUm-h9noPOzLp-0h-r6fu3Yt4utvF9b1NhQNtL9aLlJ4-h7kDZA7K5AN39Agx6DB_be9XLcLHnwANskq16xn-H6xOOqq-VFqrN98hUl_sRiHf0CKm6RbsumyF1byqZIizENT7unGfJc6tP0poNRgpJkue0UJklgT6HRT8bPi_7rJJgUAu6Vb0LhkCManH_CsllFMxSMBFMJWM-Zxvs5pKHmK1JcIuy08i0r0cJR1axLDtFXcx8Fn_u1dtpLMk-BZCUCOKxh-YXT651AjvCsHwX2JCqxlcD7aLaQIMC3mmq6Qie7YezILQ6_GYDu-oREVgQsN2eob2k0oiFloLn4AmJllq66GasP8Oq20MuHScWvop95McYiictsdHohkkb_z97UIj70LF49qNTJxy5ZGeY90vbZ34mFBfF7cTAXY47q5ReqpyokYx-DABpjFYgS-1i6x_e-4_3Zreni1-SOmueHhhFS_S9hC-gLXvJuiDwIDPaxR16eF_I-S4w0l0071ddqt_-8HgoQcfV85zOzpgHz7IjCfhDIUDB3eI_uwW523hV-4eCoM8ElRa7lCfhQlL2iwEn-623dVjEZI1cD2sfX3B1_efpQ4[\r][\n]"
16:17:12.699 [main] DEBUG io.sealights.dependencies.org.apache.hc.client5.http.wire - http-outgoing-0 >> "Content-Length: 167[\r][\n]"
16:17:12.699 [main] DEBUG io.sealights.dependencies.org.apache.hc.client5.http.wire - http-outgoing-0 >> "Content-Type: application/json; charset=UTF-8[\r][\n]"
16:17:12.700 [main] DEBUG io.sealights.dependencies.org.apache.hc.client5.http.wire - http-outgoing-0 >> "Host: dev-ftv-gw.dev.sealights.co[\r][\n]"
16:17:12.701 [main] DEBUG io.sealights.dependencies.org.apache.hc.client5.http.wire - http-outgoing-0 >> "Connection: keep-alive[\r][\n]"
16:17:12.702 [main] DEBUG io.sealights.dependencies.org.apache.hc.client5.http.wire - http-outgoing-0 >> "User-Agent: Apache-HttpClient/5.0.3 (Java/1.8.0_302)[\r][\n]"
16:17:12.703 [main] DEBUG io.sealights.dependencies.org.apache.hc.client5.http.wire - http-outgoing-0 >> "[\r][\n]"
16:17:12.704 [main] DEBUG io.sealights.dependencies.org.apache.hc.client5.http.wire - http-outgoing-0 >> "{"appName":"gf-spring-ftv-lab01","buildName":null,"branchName":"master","labId":"integ_master_0d56_gfspringftvlab01","checksum":"67e11a41-1306-444a-a652-6507e51f837b"}"
16:17:12.924 [main] DEBUG io.sealights.dependencies.org.apache.hc.client5.http.wire - http-outgoing-0 << "HTTP/1.1 200 OK[\r][\n]"
16:17:12.925 [main] DEBUG io.sealights.dependencies.org.apache.hc.client5.http.wire - http-outgoing-0 << "Access-Control-Expose-Headers: api-version,content-length,content-md5,content-type,date,request-id,response-time[\r][\n]"
16:17:12.926 [main] DEBUG io.sealights.dependencies.org.apache.hc.client5.http.wire - http-outgoing-0 << "content-type: application/json; charset=utf-8[\r][\n]"
16:17:12.927 [main] DEBUG io.sealights.dependencies.org.apache.hc.client5.http.wire - http-outgoing-0 << "Date: Thu, 08 Dec 2022 14:17:13 GMT[\r][\n]"
16:17:12.928 [main] DEBUG io.sealights.dependencies.org.apache.hc.client5.http.wire - http-outgoing-0 << "Vary: Origin, Accept-Encoding[\r][\n]"
16:17:12.929 [main] DEBUG io.sealights.dependencies.org.apache.hc.client5.http.wire - http-outgoing-0 << "X-Powered-By: Express[\r][\n]"
16:17:12.930 [main] DEBUG io.sealights.dependencies.org.apache.hc.client5.http.wire - http-outgoing-0 << "X-Request-Id: 322a85c2-d02c-41f6-b042-eb9231383b1b[\r][\n]"
16:17:12.931 [main] DEBUG io.sealights.dependencies.org.apache.hc.client5.http.wire - http-outgoing-0 << "x-sl-txid: APIGW-322a85c2-d02c-41f6-b042-eb9231383b1b[\r][\n]"
16:17:12.932 [main] DEBUG io.sealights.dependencies.org.apache.hc.client5.http.wire - http-outgoing-0 << "Content-Length: 241[\r][\n]"
16:17:12.933 [main] DEBUG io.sealights.dependencies.org.apache.hc.client5.http.wire - http-outgoing-0 << "Connection: keep-alive[\r][\n]"
16:17:12.934 [main] DEBUG io.sealights.dependencies.org.apache.hc.client5.http.wire - http-outgoing-0 << "[\r][\n]"
16:17:12.935 [main] DEBUG io.sealights.dependencies.org.apache.hc.client5.http.wire - http-outgoing-0 << "{"data":{"checksum":"67e11a41-1306-444a-a652-6507e51f837b","appName":"gf-spring-ftv-lab01","buildName":"Thu, 08 Dec 2022 14:17:13 GMT","branchName":"master","buildSessionId":"5a56c419-ced9-42ff-a1cb-d96f9a39c8ec","buildSessionType":"BUILD"}}"
16:17:12.936 [main] DEBUG io.sealights.dependencies.org.apache.hc.client5.http.headers - http-outgoing-0 << HTTP/1.1 200 OK
16:17:12.937 [main] DEBUG io.sealights.dependencies.org.apache.hc.client5.http.headers - http-outgoing-0 << Access-Control-Expose-Headers: api-version,content-length,content-md5,content-type,date,request-id,response-time
16:17:12.938 [main] DEBUG io.sealights.dependencies.org.apache.hc.client5.http.headers - http-outgoing-0 << content-type: application/json; charset=utf-8
16:17:12.939 [main] DEBUG io.sealights.dependencies.org.apache.hc.client5.http.headers - http-outgoing-0 << Date: Thu, 08 Dec 2022 14:17:13 GMT
16:17:12.940 [main] DEBUG io.sealights.dependencies.org.apache.hc.client5.http.headers - http-outgoing-0 << Vary: Origin, Accept-Encoding
16:17:12.940 [main] DEBUG io.sealights.dependencies.org.apache.hc.client5.http.headers - http-outgoing-0 << X-Powered-By: Express
16:17:12.941 [main] DEBUG io.sealights.dependencies.org.apache.hc.client5.http.headers - http-outgoing-0 << X-Request-Id: 322a85c2-d02c-41f6-b042-eb9231383b1b
16:17:12.942 [main] DEBUG io.sealights.dependencies.org.apache.hc.client5.http.headers - http-outgoing-0 << x-sl-txid: APIGW-322a85c2-d02c-41f6-b042-eb9231383b1b
16:17:12.943 [main] DEBUG io.sealights.dependencies.org.apache.hc.client5.http.headers - http-outgoing-0 << Content-Length: 241
16:17:12.944 [main] DEBUG io.sealights.dependencies.org.apache.hc.client5.http.headers - http-outgoing-0 << Connection: keep-alive
16:17:12.945 [main] DEBUG io.sealights.dependencies.org.apache.hc.client5.http.impl.classic.MainClientExec - ex-00000002: connection can be kept alive for 3 MINUTES
16:17:12.946 [main] DEBUG io.sealights.dependencies.org.apache.hc.client5.http.impl.classic.InternalHttpClient - ep-00000001: releasing valid endpoint
16:17:12.947 [main] DEBUG io.sealights.dependencies.org.apache.hc.client5.http.impl.io.PoolingHttpClientConnectionManager - ep-00000001: releasing endpoint
16:17:12.948 [main] DEBUG io.sealights.dependencies.org.apache.hc.client5.http.impl.io.PoolingHttpClientConnectionManager - ep-00000001: connection http-outgoing-0 can be kept alive for 3 MINUTES
16:17:12.949 [main] DEBUG io.sealights.dependencies.org.apache.hc.client5.http.impl.io.PoolingHttpClientConnectionManager - ep-00000001: connection released [route: {s}->https://dev-ftv-gw.dev.sealights.co:443][total available: 1; route allocated: 1 of 5; total allocated: 1 of 25]
16:17:12.950 [main] INFO SLHttpClient - [From LABS] - responsed POST url:'https://dev-ftv-gw.dev.sealights.co/api/v3/agents/build-sessions', status:200, message:null', body:'{"data":{"checksum":"67e11a41-1306-444a-a652-6507e51f837b","appName":"gf-spring-ftv-lab01","buildName":"Thu, 08 Dec 2022 14:17:13 GMT","branchName":"master","buildSessionId":"5a56c419-ced9-42ff-a1cb-d96f9a39c8ec","buildSessionType":"BUILD"}}''
16:17:12.959 [main] INFO SLHttpClient - [From LABS] - responsed POST url:'https://dev-ftv-gw.dev.sealights.co/api/v3/agents/build-sessions', status:200, message:null', body:'{"data":{"checksum":"67e11a41-1306-444a-a652-6507e51f837b","appName":"gf-spring-ftv-lab01","buildName":"Thu, 08 Dec 2022 14:17:13 GMT","branchName":"master","buildSessionId":"5a56c419-ced9-42ff-a1cb-d96f9a39c8ec","buildSessionType":"BUILD"}}''
16:17:13.006 [main] DEBUG DefaultAgentEventsController - Updated configuration: 
	token:eyJhbGciOiJSUzUxMiIsInR5cCI6IkpXVCJ9.eyJpc3MiOiJodHRwczovL0RFVi1mdHYuYXV0aC5zZWFsaWdodHMuaW8vIiwiand0aWQiOiJERVYtZnR2LGktMGMxNjU4YjA0ZTljMDMwMzMsQVBJR1ctOTYzN2FjOGUtMzAyYy00YTk1LTkyZjItZGExNTFiNDljNDI0LDE2NzA0MjE2MzI1NDAiLCJzdWJqZWN0IjoiU2VhTGlnaHRzQGFnZW50IiwiYXVkaWVuY2UiOlsiYWdlbnRzIl0sIngtc2wtcm9sZSI6ImFnZW50IiwieC1zbC1zZXJ2ZXIiOiJodHRwczovL2Rldi1mdHYtZ3cuZGV2LnNlYWxpZ2h0cy5jby9hcGkiLCJzbF9pbXBlcl9zdWJqZWN0IjoiIiwiaWF0IjoxNjcwNDIxNjMyfQ.IyAO7_zibgusLv_pPwTwlBICvRwh7EbC7Ee-Zqmx6azkjaRYDb8olKjiWM_HeYFGnIIczAuWIurFUm-h9noPOzLp-0h-r6fu3Yt4utvF9b1NhQNtL9aLlJ4-h7kDZA7K5AN39Agx6DB_be9XLcLHnwANskq16xn-H6xOOqq-VFqrN98hUl_sRiHf0CKm6RbsumyF1byqZIizENT7unGfJc6tP0poNRgpJkue0UJklgT6HRT8bPi_7rJJgUAu6Vb0LhkCManH_CsllFMxSMBFMJWM-Zxvs5pKHmK1JcIuy08i0r0cJR1axLDtFXcx8Fn_u1dtpLMk-BZCUCOKxh-YXT651AjvCsHwX2JCqxlcD7aLaQIMC3mmq6Qie7YezILQ6_GYDu-oREVgQsN2eob2k0oiFloLn4AmJllq66GasP8Oq20MuHScWvop95McYiictsdHohkkb_z97UIj70LF49qNTJxy5ZGeY90vbZ34mFBfF7cTAXY47q5ReqpyokYx-DABpjFYgS-1i6x_e-4_3Zreni1-SOmueHhhFS_S9hC-gLXvJuiDwIDPaxR16eF_I-S4w0l0071ddqt_-8HgoQcfV85zOzpgHz7IjCfhDIUDB3eI_uwW523hV-4eCoM8ElRa7lCfhQlL2iwEn-623dVjEZI1cD2sfX3B1_efpQ4,
	server:https://dev-ftv-gw.dev.sealights.co/api,
	buildSessionId:5a56c419-ced9-42ff-a1cb-d96f9a39c8ec,
	proxy:null
16:17:13.045 [main] ERROR ReflectionUtils - Can't get field: 'timeClock'.
java.lang.NoSuchFieldException: Couldn't find field 'timeClock' on class 'class io.sealights.onpremise.agents.ftv.config.model.FtvAgentConfiguration'.
	at io.sealights.onpremise.agents.commons.ReflectionUtils.getFieldSafe(ReflectionUtils.java:132)
	at io.sealights.onpremise.agents.commons.ReflectionUtils.getFieldSafe(ReflectionUtils.java:106)
	at io.sealights.onpremise.agents.commons.lifecycle.events.DefaultAgentEventsController.configureTimeClock(DefaultAgentEventsController.java:85)
	at io.sealights.onpremise.agents.commons.lifecycle.events.DefaultAgentEventsController.init(DefaultAgentEventsController.java:53)
	at io.sealights.onpremise.agents.commons.lifecycle.events.AgentLifeCycle.initEventController(AgentLifeCycle.java:36)
	at io.sealights.onpremise.agents.ftv.PreMain.lambda$null$1(PreMain.java:42)
	at java.util.Optional.ifPresent(Optional.java:159)
	at io.sealights.onpremise.agents.ftv.PreMain.lambda$initAgentLifecycleAndNotifyStart$2(PreMain.java:40)
	at io.sealights.onpremise.agents.ftv.context.AgentContextFunction.apply(AgentContextFunction.java:18)
	at io.sealights.onpremise.agents.ftv.context.AgentContextFunction.lambda$flatMap$1(AgentContextFunction.java:26)
	at io.sealights.onpremise.agents.ftv.context.AgentContextFunction.lambda$flatMap$1(AgentContextFunction.java:26)
	at io.sealights.onpremise.agents.ftv.context.AgentContextFunction.apply(AgentContextFunction.java:18)
	at io.sealights.onpremise.agents.ftv.context.AgentContext.apply(AgentContext.java:91)
	at io.sealights.onpremise.agents.ftv.PreMain.lambda$premain$0(PreMain.java:21)
	at java.util.Optional.flatMap(Optional.java:241)
	at io.sealights.onpremise.agents.ftv.PreMain.premain(PreMain.java:21)
	at sun.reflect.NativeMethodAccessorImpl.invoke0(Native Method)
	at sun.reflect.NativeMethodAccessorImpl.invoke(NativeMethodAccessorImpl.java:62)
	at sun.reflect.DelegatingMethodAccessorImpl.invoke(DelegatingMethodAccessorImpl.java:43)
	at java.lang.reflect.Method.invoke(Method.java:498)
	at sun.instrument.InstrumentationImpl.loadClassAndStartAgent(InstrumentationImpl.java:386)
	at sun.instrument.InstrumentationImpl.loadClassAndCallPremain(InstrumentationImpl.java:401)
16:17:13.049 [main] ERROR DefaultAgentEventsController - Error applying updated configuration to Time Clock Dispatcher.
java.lang.NullPointerException: null
	at io.sealights.onpremise.agents.commons.lifecycle.events.DefaultAgentEventsController.configureTimeClock(DefaultAgentEventsController.java:86)
	at io.sealights.onpremise.agents.commons.lifecycle.events.DefaultAgentEventsController.init(DefaultAgentEventsController.java:53)
	at io.sealights.onpremise.agents.commons.lifecycle.events.AgentLifeCycle.initEventController(AgentLifeCycle.java:36)
	at io.sealights.onpremise.agents.ftv.PreMain.lambda$null$1(PreMain.java:42)
	at java.util.Optional.ifPresent(Optional.java:159)
	at io.sealights.onpremise.agents.ftv.PreMain.lambda$initAgentLifecycleAndNotifyStart$2(PreMain.java:40)
	at io.sealights.onpremise.agents.ftv.context.AgentContextFunction.apply(AgentContextFunction.java:18)
	at io.sealights.onpremise.agents.ftv.context.AgentContextFunction.lambda$flatMap$1(AgentContextFunction.java:26)
	at io.sealights.onpremise.agents.ftv.context.AgentContextFunction.lambda$flatMap$1(AgentContextFunction.java:26)
	at io.sealights.onpremise.agents.ftv.context.AgentContextFunction.apply(AgentContextFunction.java:18)
	at io.sealights.onpremise.agents.ftv.context.AgentContext.apply(AgentContext.java:91)
	at io.sealights.onpremise.agents.ftv.PreMain.lambda$premain$0(PreMain.java:21)
	at java.util.Optional.flatMap(Optional.java:241)
	at io.sealights.onpremise.agents.ftv.PreMain.premain(PreMain.java:21)
	at sun.reflect.NativeMethodAccessorImpl.invoke0(Native Method)
	at sun.reflect.NativeMethodAccessorImpl.invoke(NativeMethodAccessorImpl.java:62)
	at sun.reflect.DelegatingMethodAccessorImpl.invoke(DelegatingMethodAccessorImpl.java:43)
	at java.lang.reflect.Method.invoke(Method.java:498)
	at sun.instrument.InstrumentationImpl.loadClassAndStartAgent(InstrumentationImpl.java:386)
	at sun.instrument.InstrumentationImpl.loadClassAndCallPremain(InstrumentationImpl.java:401)
16:17:13.050 [main] INFO DefaultAgentEventsController - ping will be send with interval 120 secs
16:17:13.054 [main] DEBUG TaskScheduler - Task 'ping-agent' will run periodically with interval=120000 millis, first execution delay=120000 millis
16:17:13.054 [main] DEBUG AgentEventsController - Verify time clock ...
16:17:13.055 [main] INFO AgentEventsController - Time Clock Dispatcher is disabled
16:17:13.124 [main] DEBUG AgentInstanceInfoBuilder - created (technology=Java, agentType=Ftv, agentVersion=4.0.0-SNAPSHOT, buildSessionId=5a56c419-ced9-42ff-a1cb-d96f9a39c8ec, uniqueModuleId=,appName=gf-spring-ftv-lab01, labId=integ_master_0d56_gfspringftvlab01, agentConfig={server=https://dev-ftv-gw.dev.sealights.co/api, proxy=null, buildSessionId=5a56c419-ced9-42ff-a1cb-d96f9a39c8ec, token=eyJhbGciOiJSUzUxMiIsInR5cCI6IkpXVCJ9.eyJpc3MiOiJodHRwczovL0RFVi1mdHYuYXV0aC5zZWFsaWdodHMuaW8vIiwiand0aWQiOiJERVYtZnR2LGktMGMxNjU4YjA0ZTljMDMwMzMsQVBJR1ctOTYzN2FjOGUtMzAyYy00YTk1LTkyZjItZGExNTFiNDljNDI0LDE2NzA0MjE2MzI1NDAiLCJzdWJqZWN0IjoiU2VhTGlnaHRzQGFnZW50IiwiYXVkaWVuY2UiOlsiYWdlbnRzIl0sIngtc2wtcm9sZSI6ImFnZW50IiwieC1zbC1zZXJ2ZXIiOiJodHRwczovL2Rldi1mdHYtZ3cuZGV2LnNlYWxpZ2h0cy5jby9hcGkiLCJzbF9pbXBlcl9zdWJqZWN0IjoiIiwiaWF0IjoxNjcwNDIxNjMyfQ.IyAO7_zibgusLv_pPwTwlBICvRwh7EbC7Ee-Zqmx6azkjaRYDb8olKjiWM_HeYFGnIIczAuWIurFUm-h9noPOzLp-0h-r6fu3Yt4utvF9b1NhQNtL9aLlJ4-h7kDZA7K5AN39Agx6DB_be9XLcLHnwANskq16xn-H6xOOqq-VFqrN98hUl_sRiHf0CKm6RbsumyF1byqZIizENT7unGfJc6tP0poNRgpJkue0UJklgT6HRT8bPi_7rJJgUAu6Vb0LhkCManH_CsllFMxSMBFMJWM-Zxvs5pKHmK1JcIuy08i0r0cJR1axLDtFXcx8Fn_u1dtpLMk-BZCUCOKxh-YXT651AjvCsHwX2JCqxlcD7aLaQIMC3mmq6Qie7YezILQ6_GYDu-oREVgQsN2eob2k0oiFloLn4AmJllq66GasP8Oq20MuHScWvop95McYiictsdHohkkb_z97UIj70LF49qNTJxy5ZGeY90vbZ34mFBfF7cTAXY47q5ReqpyokYx-DABpjFYgS-1i6x_e-4_3Zreni1-SOmueHhhFS_S9hC-gLXvJuiDwIDPaxR16eF_I-S4w0l0071ddqt_-8HgoQcfV85zOzpgHz7IjCfhDIUDB3eI_uwW523hV-4eCoM8ElRa7lCfhQlL2iwEn-623dVjEZI1cD2sfX3B1_efpQ4}, tags=[], processId=3816, processArch=x32, processSessionId=0, argv=[./target/ftv-hello-app-0.0.1-SNAPSHOT.jar, -javaagent:java-agent-ftv-4.0.0-SNAPSHOT.jar=appname=gf-spring-ftv-lab01,labId=integ_master_0d56_gfspringftvlab01,packagesincluded=dev.futa.sealights*,workspacepath=.,token=eyJhbGciOiJSUzUxMiIsInR5cCI6IkpXVCJ9.eyJpc3MiOiJodHRwczovL0RFVi1mdHYuYXV0aC5zZWFsaWdodHMuaW8vIiwiand0aWQiOiJERVYtZnR2LGktMGMxNjU4YjA0ZTljMDMwMzMsQVBJR1ctOTYzN2FjOGUtMzAyYy00YTk1LTkyZjItZGExNTFiNDljNDI0LDE2NzA0MjE2MzI1NDAiLCJzdWJqZWN0IjoiU2VhTGlnaHRzQGFnZW50IiwiYXVkaWVuY2UiOlsiYWdlbnRzIl0sIngtc2wtcm9sZSI6ImFnZW50IiwieC1zbC1zZXJ2ZXIiOiJodHRwczovL2Rldi1mdHYtZ3cuZGV2LnNlYWxpZ2h0cy5jby9hcGkiLCJzbF9pbXBlcl9zdWJqZWN0IjoiIiwiaWF0IjoxNjcwNDIxNjMyfQ.IyAO7_zibgusLv_pPwTwlBICvRwh7EbC7Ee-Zqmx6azkjaRYDb8olKjiWM_HeYFGnIIczAuWIurFUm-h9noPOzLp-0h-r6fu3Yt4utvF9b1NhQNtL9aLlJ4-h7kDZA7K5AN39Agx6DB_be9XLcLHnwANskq16xn-H6xOOqq-VFqrN98hUl_sRiHf0CKm6RbsumyF1byqZIizENT7unGfJc6tP0poNRgpJkue0UJklgT6HRT8bPi_7rJJgUAu6Vb0LhkCManH_CsllFMxSMBFMJWM-Zxvs5pKHmK1JcIuy08i0r0cJR1axLDtFXcx8Fn_u1dtpLMk-BZCUCOKxh-YXT651AjvCsHwX2JCqxlcD7aLaQIMC3mmq6Qie7YezILQ6_GYDu-oREVgQsN2eob2k0oiFloLn4AmJllq66GasP8Oq20MuHScWvop95McYiictsdHohkkb_z97UIj70LF49qNTJxy5ZGeY90vbZ34mFBfF7cTAXY47q5ReqpyokYx-DABpjFYgS-1i6x_e-4_3Zreni1-SOmueHhhFS_S9hC-gLXvJuiDwIDPaxR16eF_I-S4w0l0071ddqt_-8HgoQcfV85zOzpgHz7IjCfhDIUDB3eI_uwW523hV-4eCoM8ElRa7lCfhQlL2iwEn-623dVjEZI1cD2sfX3B1_efpQ4, -Dsl.includes=dev.futa.sealights*], cwd=/mnt/c/projekty/sealigths/ftv-hello-app/deployments, envVars={path=/home/gfuta/.sdkman/candidates/java/current/bin:/usr/local/sbin:/usr/local/bin:/usr/sbin:/usr/bin:/sbin:/bin:/usr/games:/usr/local/games:/usr/lib/wsl/lib:/mnt/c/Program Files (x86)/jdk/bin:/mnt/c/Program Files/Git/cmd:/mnt/c/Windows/system32:/mnt/c/Windows:/mnt/c/Windows/System32/Wbem:/mnt/c/Windows/System32/WindowsPowerShell/v1.0/:/mnt/c/Windows/System32/OpenSSH/:/mnt/c/Program Files/dotnet/:/mnt/c/Program Files (x86)/NVIDIA Corporation/PhysX/Common:/mnt/c/Program Files/Git/cmd:/mnt/c/Users/grzeg/AppData/Local/Microsoft/WindowsApps:/mnt/c/Program Files/JetBrains/IntelliJ IDEA 2022.2.3/bin:/mnt/c/programy/jvms_v2.1.1_386:/mnt/c/programy/apache-maven-3.8.6/bin:/mnt/c/Users/grzeg/AppData/Roaming/nvm:/mnt/c/Program Files/nodejs:/mnt/c/Program Files/Docker/Docker/resources/bin:/mnt/c/programy/gradle-7.6/bin:/mnt/c/Users/grzeg/AppData/Roaming/npm:/mnt/c/Program Files/JetBrains/DataGrip 2022.2.5/bin:/snap/bin}, tools=[], sendsPing=true)
16:17:13.149 [main] INFO AgentEventsDispatcher - Handling agentStart ...
16:17:13.150 [main] DEBUG TaskScheduler - Task 'agent-events' will run periodically with interval=10000 millis, first execution delay=0 millis
16:17:13.150 [agent-events] INFO AgentEventsDispatcher - Sending 1 accumulated events ...
16:17:13.153 [agent-events] DEBUG AgentEventServiceHandler - sending event(s):[AGENT_STARTED(1001)], agent:'Ftv' ...
16:17:13.153 [agent-events] DEBUG SLHttpClient - [To ES] - attempt '#1' out of '12, url:'https://dev-ftv-gw.dev.sealights.co/api/v3/agents/agent-events'
16:17:13.376 [agent-events] INFO SLHttpClient - [To ES] - sending POST, url:'https://dev-ftv-gw.dev.sealights.co/api/v3/agents/agent-events', token: ...X3B1_efpQ4', body:'{"agentId":"c4d1ef97-eca1-4822-8b83-bde1dad6e521","buildSessionId":"5a56c419-ced9-42ff-a1cb-d96f9a39c8ec","events":[{"type":1001,"utcTimestamp_ms":1670509033063,"data":{"agentInfo":{"technology":"Java","agentType":"Ftv","agentVersion":"4.0.0-SNAPSHOT","buildSessionId":"5a56c419-ced9-42ff-a1cb-d96f9a39c8ec","uniqueModuleId":"","appName":"gf-spring-ftv-lab01","labId":"integ_master_0d56_gfspringftvlab01","agentConfig":{"server":"https://dev-ftv-gw.dev.sealights.co/api","proxy":"null","buildSessionId":"5a56c419-ced9-42ff-a1cb-d96f9a39c8ec","token":"eyJhbGciOiJSUzUxMiIsInR5cCI6IkpXVCJ9.eyJpc3MiOiJodHRwczovL0RFVi1mdHYuYXV0aC5zZWFsaWdodHMuaW8vIiwiand0aWQiOiJERVYtZnR2LGktMGMxNjU4YjA0ZTljMDMwMzMsQVBJR1ctOTYzN2FjOGUtMzAyYy00YTk1LTkyZjItZGExNTFiNDljNDI0LDE2NzA0MjE2MzI1NDAiLCJzdWJqZWN0IjoiU2VhTGlnaHRzQGFnZW50IiwiYXVkaWVuY2UiOlsiYWdlbnRzIl0sIngtc2wtcm9sZSI6ImFnZW50IiwieC1zbC1zZXJ2ZXIiOiJodHRwczovL2Rldi1mdHYtZ3cuZGV2LnNlYWxpZ2h0cy5jby9hcGkiLCJzbF9pbXBlcl9zdWJqZWN0IjoiIiwiaWF0IjoxNjcwNDIxNjMyfQ.IyAO7_zibgusLv_pPwTwlBICvRwh7...(truncated to 1024 Bytes)''
16:17:13.377 [agent-events] DEBUG io.sealights.dependencies.org.apache.hc.client5.http.impl.classic.InternalHttpClient - ex-00000003: preparing request execution
16:17:13.378 [agent-events] DEBUG io.sealights.dependencies.org.apache.hc.client5.http.protocol.RequestAddCookies - Cookie spec selected: strict
16:17:13.378 [agent-events] DEBUG io.sealights.dependencies.org.apache.hc.client5.http.protocol.RequestAuthCache - Auth cache not set in the context
16:17:13.379 [agent-events] DEBUG io.sealights.dependencies.org.apache.hc.client5.http.impl.classic.ProtocolExec - ex-00000003: proxy auth state: UNCHALLENGED
16:17:13.380 [agent-events] DEBUG io.sealights.dependencies.org.apache.hc.client5.http.impl.classic.ConnectExec - ex-00000003: acquiring connection with route {s}->https://dev-ftv-gw.dev.sealights.co:443
16:17:13.380 [agent-events] DEBUG io.sealights.dependencies.org.apache.hc.client5.http.impl.classic.InternalHttpClient - ex-00000003: acquiring endpoint (20000 MILLISECONDS)
16:17:13.381 [agent-events] DEBUG io.sealights.dependencies.org.apache.hc.client5.http.impl.io.PoolingHttpClientConnectionManager - ex-00000003: endpoint lease request (20000 MILLISECONDS) [route: {s}->https://dev-ftv-gw.dev.sealights.co:443][total available: 1; route allocated: 1 of 5; total allocated: 1 of 25]
16:17:13.382 [agent-events] DEBUG io.sealights.dependencies.org.apache.hc.client5.http.impl.io.PoolingHttpClientConnectionManager - ex-00000003: endpoint leased [route: {s}->https://dev-ftv-gw.dev.sealights.co:443][total available: 0; route allocated: 1 of 5; total allocated: 1 of 25]
16:17:13.383 [agent-events] DEBUG io.sealights.dependencies.org.apache.hc.client5.http.impl.io.PoolingHttpClientConnectionManager - ex-00000003: acquired ep-00000002
16:17:13.383 [agent-events] DEBUG io.sealights.dependencies.org.apache.hc.client5.http.impl.classic.InternalHttpClient - ex-00000003: acquired endpoint ep-00000002
16:17:13.384 [agent-events] DEBUG io.sealights.dependencies.org.apache.hc.client5.http.impl.classic.MainClientExec - ex-00000003: executing POST /api/v3/agents/agent-events HTTP/1.1
16:17:13.385 [agent-events] DEBUG io.sealights.dependencies.org.apache.hc.client5.http.impl.classic.InternalHttpClient - ep-00000002: start execution ex-00000003
16:17:13.385 [agent-events] DEBUG io.sealights.dependencies.org.apache.hc.client5.http.impl.io.PoolingHttpClientConnectionManager - ep-00000002: executing exchange ex-00000003 over http-outgoing-0
16:17:13.386 [agent-events] DEBUG io.sealights.dependencies.org.apache.hc.client5.http.headers - http-outgoing-0 >> POST /api/v3/agents/agent-events HTTP/1.1
16:17:13.387 [agent-events] DEBUG io.sealights.dependencies.org.apache.hc.client5.http.headers - http-outgoing-0 >> Authorization: Bearer eyJhbGciOiJSUzUxMiIsInR5cCI6IkpXVCJ9.eyJpc3MiOiJodHRwczovL0RFVi1mdHYuYXV0aC5zZWFsaWdodHMuaW8vIiwiand0aWQiOiJERVYtZnR2LGktMGMxNjU4YjA0ZTljMDMwMzMsQVBJR1ctOTYzN2FjOGUtMzAyYy00YTk1LTkyZjItZGExNTFiNDljNDI0LDE2NzA0MjE2MzI1NDAiLCJzdWJqZWN0IjoiU2VhTGlnaHRzQGFnZW50IiwiYXVkaWVuY2UiOlsiYWdlbnRzIl0sIngtc2wtcm9sZSI6ImFnZW50IiwieC1zbC1zZXJ2ZXIiOiJodHRwczovL2Rldi1mdHYtZ3cuZGV2LnNlYWxpZ2h0cy5jby9hcGkiLCJzbF9pbXBlcl9zdWJqZWN0IjoiIiwiaWF0IjoxNjcwNDIxNjMyfQ.IyAO7_zibgusLv_pPwTwlBICvRwh7EbC7Ee-Zqmx6azkjaRYDb8olKjiWM_HeYFGnIIczAuWIurFUm-h9noPOzLp-0h-r6fu3Yt4utvF9b1NhQNtL9aLlJ4-h7kDZA7K5AN39Agx6DB_be9XLcLHnwANskq16xn-H6xOOqq-VFqrN98hUl_sRiHf0CKm6RbsumyF1byqZIizENT7unGfJc6tP0poNRgpJkue0UJklgT6HRT8bPi_7rJJgUAu6Vb0LhkCManH_CsllFMxSMBFMJWM-Zxvs5pKHmK1JcIuy08i0r0cJR1axLDtFXcx8Fn_u1dtpLMk-BZCUCOKxh-YXT651AjvCsHwX2JCqxlcD7aLaQIMC3mmq6Qie7YezILQ6_GYDu-oREVgQsN2eob2k0oiFloLn4AmJllq66GasP8Oq20MuHScWvop95McYiictsdHohkkb_z97UIj70LF49qNTJxy5ZGeY90vbZ34mFBfF7cTAXY47q5ReqpyokYx-DABpjFYgS-1i6x_e-4_3Zreni1-SOmueHhhFS_S9hC-gLXvJuiDwIDPaxR16eF_I-S4w0l0071ddqt_-8HgoQcfV85zOzpgHz7IjCfhDIUDB3eI_uwW523hV-4eCoM8ElRa7lCfhQlL2iwEn-623dVjEZI1cD2sfX3B1_efpQ4
16:17:13.388 [agent-events] DEBUG io.sealights.dependencies.org.apache.hc.client5.http.headers - http-outgoing-0 >> Content-Length: 4736
16:17:13.388 [agent-events] DEBUG io.sealights.dependencies.org.apache.hc.client5.http.headers - http-outgoing-0 >> Content-Type: application/json; charset=UTF-8
16:17:13.389 [agent-events] DEBUG io.sealights.dependencies.org.apache.hc.client5.http.headers - http-outgoing-0 >> Host: dev-ftv-gw.dev.sealights.co
16:17:13.389 [agent-events] DEBUG io.sealights.dependencies.org.apache.hc.client5.http.headers - http-outgoing-0 >> Connection: keep-alive
16:17:13.390 [agent-events] DEBUG io.sealights.dependencies.org.apache.hc.client5.http.headers - http-outgoing-0 >> User-Agent: Apache-HttpClient/5.0.3 (Java/1.8.0_302)
16:17:13.390 [agent-events] DEBUG io.sealights.dependencies.org.apache.hc.client5.http.wire - http-outgoing-0 >> "POST /api/v3/agents/agent-events HTTP/1.1[\r][\n]"
16:17:13.391 [agent-events] DEBUG io.sealights.dependencies.org.apache.hc.client5.http.wire - http-outgoing-0 >> "Authorization: Bearer eyJhbGciOiJSUzUxMiIsInR5cCI6IkpXVCJ9.eyJpc3MiOiJodHRwczovL0RFVi1mdHYuYXV0aC5zZWFsaWdodHMuaW8vIiwiand0aWQiOiJERVYtZnR2LGktMGMxNjU4YjA0ZTljMDMwMzMsQVBJR1ctOTYzN2FjOGUtMzAyYy00YTk1LTkyZjItZGExNTFiNDljNDI0LDE2NzA0MjE2MzI1NDAiLCJzdWJqZWN0IjoiU2VhTGlnaHRzQGFnZW50IiwiYXVkaWVuY2UiOlsiYWdlbnRzIl0sIngtc2wtcm9sZSI6ImFnZW50IiwieC1zbC1zZXJ2ZXIiOiJodHRwczovL2Rldi1mdHYtZ3cuZGV2LnNlYWxpZ2h0cy5jby9hcGkiLCJzbF9pbXBlcl9zdWJqZWN0IjoiIiwiaWF0IjoxNjcwNDIxNjMyfQ.IyAO7_zibgusLv_pPwTwlBICvRwh7EbC7Ee-Zqmx6azkjaRYDb8olKjiWM_HeYFGnIIczAuWIurFUm-h9noPOzLp-0h-r6fu3Yt4utvF9b1NhQNtL9aLlJ4-h7kDZA7K5AN39Agx6DB_be9XLcLHnwANskq16xn-H6xOOqq-VFqrN98hUl_sRiHf0CKm6RbsumyF1byqZIizENT7unGfJc6tP0poNRgpJkue0UJklgT6HRT8bPi_7rJJgUAu6Vb0LhkCManH_CsllFMxSMBFMJWM-Zxvs5pKHmK1JcIuy08i0r0cJR1axLDtFXcx8Fn_u1dtpLMk-BZCUCOKxh-YXT651AjvCsHwX2JCqxlcD7aLaQIMC3mmq6Qie7YezILQ6_GYDu-oREVgQsN2eob2k0oiFloLn4AmJllq66GasP8Oq20MuHScWvop95McYiictsdHohkkb_z97UIj70LF49qNTJxy5ZGeY90vbZ34mFBfF7cTAXY47q5ReqpyokYx-DABpjFYgS-1i6x_e-4_3Zreni1-SOmueHhhFS_S9hC-gLXvJuiDwIDPaxR16eF_I-S4w0l0071ddqt_-8HgoQcfV85zOzpgHz7IjCfhDIUDB3eI_uwW523hV-4eCoM8ElRa7lCfhQlL2iwEn-623dVjEZI1cD2sfX3B1_efpQ4[\r][\n]"
16:17:13.391 [agent-events] DEBUG io.sealights.dependencies.org.apache.hc.client5.http.wire - http-outgoing-0 >> "Content-Length: 4736[\r][\n]"
16:17:13.392 [agent-events] DEBUG io.sealights.dependencies.org.apache.hc.client5.http.wire - http-outgoing-0 >> "Content-Type: application/json; charset=UTF-8[\r][\n]"
16:17:13.392 [agent-events] DEBUG io.sealights.dependencies.org.apache.hc.client5.http.wire - http-outgoing-0 >> "Host: dev-ftv-gw.dev.sealights.co[\r][\n]"
16:17:13.392 [agent-events] DEBUG io.sealights.dependencies.org.apache.hc.client5.http.wire - http-outgoing-0 >> "Connection: keep-alive[\r][\n]"
16:17:13.393 [agent-events] DEBUG io.sealights.dependencies.org.apache.hc.client5.http.wire - http-outgoing-0 >> "User-Agent: Apache-HttpClient/5.0.3 (Java/1.8.0_302)[\r][\n]"
16:17:13.393 [agent-events] DEBUG io.sealights.dependencies.org.apache.hc.client5.http.wire - http-outgoing-0 >> "[\r][\n]"
16:17:13.395 [agent-events] DEBUG io.sealights.dependencies.org.apache.hc.client5.http.wire - http-outgoing-0 >> "{"agentId":"c4d1ef97-eca1-4822-8b83-bde1dad6e521","buildSessionId":"5a56c419-ced9-42ff-a1cb-d96f9a39c8ec","events":[{"type":1001,"utcTimestamp_ms":1670509033063,"data":{"agentInfo":{"technology":"Java","agentType":"Ftv","agentVersion":"4.0.0-SNAPSHOT","buildSessionId":"5a56c419-ced9-42ff-a1cb-d96f9a39c8ec","uniqueModuleId":"","appName":"gf-spring-ftv-lab01","labId":"integ_master_0d56_gfspringftvlab01","agentConfig":{"server":"https://dev-ftv-gw.dev.sealights.co/api","proxy":"null","buildSessionId":"5a56c419-ced9-42ff-a1cb-d96f9a39c8ec","token":"eyJhbGciOiJSUzUxMiIsInR5cCI6IkpXVCJ9.eyJpc3MiOiJodHRwczovL0RFVi1mdHYuYXV0aC5zZWFsaWdodHMuaW8vIiwiand0aWQiOiJERVYtZnR2LGktMGMxNjU4YjA0ZTljMDMwMzMsQVBJR1ctOTYzN2FjOGUtMzAyYy00YTk1LTkyZjItZGExNTFiNDljNDI0LDE2NzA0MjE2MzI1NDAiLCJzdWJqZWN0IjoiU2VhTGlnaHRzQGFnZW50IiwiYXVkaWVuY2UiOlsiYWdlbnRzIl0sIngtc2wtcm9sZSI6ImFnZW50IiwieC1zbC1zZXJ2ZXIiOiJodHRwczovL2Rldi1mdHYtZ3cuZGV2LnNlYWxpZ2h0cy5jby9hcGkiLCJzbF9pbXBlcl9zdWJqZWN0IjoiIiwiaWF0IjoxNjcwNDIxNjMyfQ.IyAO7_zibgusLv_pPwTwlBICvRwh7EbC7Ee-Zqmx6azkjaRYDb8olKjiWM_HeYFGnIIczAuWIurFUm-h9noPOzLp-0h-r6fu3Yt4utvF9b1NhQNtL9aLlJ4-h7kDZA7K5AN39Agx6DB_be9XLcLHnwANskq16xn-H6xOOqq-VFqrN98hUl_sRiHf0CKm6RbsumyF1byqZIizENT7unGfJc6tP0poNRgpJkue0UJklgT6HRT8bPi_7rJJgUAu6Vb0LhkCManH_CsllFMxSMBFMJWM-Zxvs5pKHmK1JcIuy08i0r0cJR1axLDtFXcx8Fn_u1dtpLMk-BZCUCOKxh-YXT651AjvCsHwX2JCqxlcD7aLaQIMC3mmq6Qie7YezILQ6_GYDu-oREVgQsN2eob2k0oiFloLn4AmJllq66GasP8Oq20MuHScWvop95McYiictsdHohkkb_z97UIj70LF49qNTJxy5ZGeY90vbZ34mFBfF7cTAXY47q5ReqpyokYx-DABpjFYgS-1i6x_e-4_3Zreni1-SOmueHhhFS_S9hC-gLXvJuiDwIDPaxR16eF_I-S4w0l0071ddqt_-8HgoQcfV85zOzpgHz7IjCfhDIUDB3eI_uwW523hV-4eCoM8ElRa7lCfhQlL2iwEn-623dVjEZI1cD2sfX3B1_efpQ4"},"tags":[],"processId":3816,"processArch":"x32","processSessionId":0,"argv":["./target/ftv-hello-app-0.0.1-SNAPSHOT.jar","-javaagent:java-agent-ftv-4.0.0-SNAPSHOT.jar=appname=gf-spring-ftv-lab01,labId=integ_master_0d56_gfspringftvlab01,packagesincluded=dev.futa.sealights*,workspacepath=.,token=eyJhbGciOiJSUzUxMiIsInR5cCI6IkpXVCJ9.eyJpc3MiOiJodHRwczovL0RFVi1mdHYuYXV0aC5zZWFsaWdodHMuaW8vIiwiand0aWQiOiJERVYtZnR2LGktMGMxNjU4YjA0ZTljMDMwMzMsQVBJR1ctOTYzN2FjOGUtMzAyYy00YTk1LTkyZjItZGExNTFiNDljNDI0LDE2NzA0MjE2MzI1NDAiLCJzdWJqZWN0IjoiU2VhTGlnaHRzQGFnZW50IiwiYXVkaWVuY2UiOlsiYWdlbnRzIl0sIngtc2wtcm9sZSI6ImFnZW50IiwieC1zbC1zZXJ2ZXIiOiJodHRwczovL2Rldi1mdHYtZ3cuZGV2LnNlYWxpZ2h0cy5jby9hcGkiLCJzbF9pbXBlcl9zdWJqZWN0IjoiIiwiaWF0IjoxNjcwNDIxNjMyfQ.IyAO7_zibgusLv_pPwTwlBICvRwh7EbC7Ee-Zqmx6azkjaRYDb8olKjiWM_HeYFGnIIczAuWIurFUm-h9noPOzLp-0h-r6fu3Yt4utvF9b1NhQNtL9aLlJ4-h7kDZA7K5AN39Agx6DB_be9XLcLHnwANskq16xn-H6xOOqq-VFqrN98hUl_sRiHf0CKm6RbsumyF1byqZIizENT7unGfJc6tP0poNRgpJkue0UJklgT6HRT8bPi_7rJJgUAu6Vb0LhkCManH_CsllFMxSMBFMJWM-Zxvs5pKHmK1JcIuy08i0r0cJR1axLDtFXcx8Fn_u1dtpLMk-BZCUCOKxh-YXT651AjvCsHwX2JCqxlcD7aLaQIMC3mmq6Qie7YezILQ6_GYDu-oREVgQsN2eob2k0oiFloLn4AmJllq66GasP8Oq20MuHScWvop95McYiictsdHohkkb_z97UIj70LF49qNTJxy5ZGeY90vbZ34mFBfF7cTAXY47q5ReqpyokYx-DABpjFYgS-1i6x_e-4_3Zreni1-SOmueHhhFS_S9hC-gLXvJuiDwIDPaxR16eF_I-S4w0l0071ddqt_-8HgoQcfV85zOzpgHz7IjCfhDIUDB3eI_uwW523hV-4eCoM8ElRa7lCfhQlL2iwEn-623dVjEZI1cD2sfX3B1_efpQ4","-Dsl.includes=dev.futa.sealights*"],"cwd":"/mnt/c/projekty/sealigths/ftv-hello-app/deployments","envVars":{"path":"/home/gfuta/.sdkman/candidates/java/current/bin:/usr/local/sbin:/usr/local/bin:/usr/sbin:/usr/bin:/sbin:/bin:/usr/games:/usr/local/games:/usr/lib/wsl/lib:/mnt/c/Program Files (x86)/jdk/bin:/mnt/c/Program Files/Git/cmd:/mnt/c/Windows/system32:/mnt/c/Windows:/mnt/c/Windows/System32/Wbem:/mnt/c/Windows/System32/WindowsPowerShell/v1.0/:/mnt/c/Windows/System32/OpenSSH/:/mnt/c/Program Files/dotnet/:/mnt/c/Program Files (x86)/NVIDIA Corporation/PhysX/Common:/mnt/c/Program Files/Git/cmd:/mnt/c/Users/grzeg/AppData/Local/Microsoft/WindowsApps:/mnt/c/Program Files/JetBrains/IntelliJ IDEA 2022.2.3/bin:/mnt/c/programy/jvms_v2.1.1_386:/mnt/c/programy/apache-maven-3.8.6/bin:/mnt/c/Users/grzeg/AppData/Roaming/nvm:/mnt/c/Program Files/nodejs:/mnt/c/Program Files/Docker/Docker/resources/bin:/mnt/c/programy/gradle-7.6/bin:/mnt/c/Users/grzeg/AppData/Roaming/npm:/mnt/c/Program Files/JetBrains/DataGrip 2022.2.5/bin:/snap/bin"},"tools":[],"sendsPing":true},"machineInfo":{"machineName":"hajfa","arch":"amd64","os":"Linux","localDateTime":"2022-12-08T16:17:13+0200","localDateTimeUnix_s":1670516233134,"ipAddress":["fe80:0:0:0:215:5dff:fe94:6fe6%eth0","192.168.81.55","0:0:0:0:0:0:0:1%lo","127.0.0.1"]},"techSpecificInfo":{"javaVendor":"Oracle Corporation","javaVersion":"1.8.0_302","jvmName":"OpenJDK 64-Bit Server VM","systemProps":{"sl.includes":"dev.futa.sealights*"}},"ciInfo":{"jobName":null,"jobId":null,"jobUrl":null,"partialData":true},"pingData":{"agentInfo":null,"avgCpuLoad":0,"freeRam_KB":181482,"labId":null}}}]}"
16:17:13.493 [agent-events] DEBUG io.sealights.dependencies.org.apache.hc.client5.http.wire - http-outgoing-0 << "HTTP/1.1 200 OK[\r][\n]"
16:17:13.494 [agent-events] DEBUG io.sealights.dependencies.org.apache.hc.client5.http.wire - http-outgoing-0 << "Access-Control-Expose-Headers: api-version,content-length,content-md5,content-type,date,request-id,response-time[\r][\n]"
16:17:13.494 [agent-events] DEBUG io.sealights.dependencies.org.apache.hc.client5.http.wire - http-outgoing-0 << "Date: Thu, 08 Dec 2022 14:17:13 GMT[\r][\n]"
16:17:13.495 [agent-events] DEBUG io.sealights.dependencies.org.apache.hc.client5.http.wire - http-outgoing-0 << "Vary: Origin[\r][\n]"
16:17:13.495 [agent-events] DEBUG io.sealights.dependencies.org.apache.hc.client5.http.wire - http-outgoing-0 << "X-Powered-By: Express[\r][\n]"
16:17:13.496 [agent-events] DEBUG io.sealights.dependencies.org.apache.hc.client5.http.wire - http-outgoing-0 << "X-Request-Id: 16c9b8f7-64e1-4d05-8edd-1db84fb12ae8[\r][\n]"
16:17:13.496 [agent-events] DEBUG io.sealights.dependencies.org.apache.hc.client5.http.wire - http-outgoing-0 << "x-sl-txid: APIGW-16c9b8f7-64e1-4d05-8edd-1db84fb12ae8[\r][\n]"
16:17:13.496 [agent-events] DEBUG io.sealights.dependencies.org.apache.hc.client5.http.wire - http-outgoing-0 << "Content-Length: 0[\r][\n]"
16:17:13.497 [agent-events] DEBUG io.sealights.dependencies.org.apache.hc.client5.http.wire - http-outgoing-0 << "Connection: keep-alive[\r][\n]"
16:17:13.497 [agent-events] DEBUG io.sealights.dependencies.org.apache.hc.client5.http.wire - http-outgoing-0 << "[\r][\n]"
16:17:13.498 [agent-events] DEBUG io.sealights.dependencies.org.apache.hc.client5.http.headers - http-outgoing-0 << HTTP/1.1 200 OK
16:17:13.498 [agent-events] DEBUG io.sealights.dependencies.org.apache.hc.client5.http.headers - http-outgoing-0 << Access-Control-Expose-Headers: api-version,content-length,content-md5,content-type,date,request-id,response-time
16:17:13.499 [agent-events] DEBUG io.sealights.dependencies.org.apache.hc.client5.http.headers - http-outgoing-0 << Date: Thu, 08 Dec 2022 14:17:13 GMT
16:17:13.499 [agent-events] DEBUG io.sealights.dependencies.org.apache.hc.client5.http.headers - http-outgoing-0 << Vary: Origin
java.lang.RuntimeException: java.lang.IllegalArgumentException: Unsupported class file major version 2056
16:17:13.499 [agent-events] DEBUG io.sealights.dependencies.org.apache.hc.client5.http.headers - http-outgoing-0 << X-Powered-By: Express
16:17:13.501 [agent-events] DEBUG io.sealights.dependencies.org.apache.hc.client5.http.headers - http-outgoing-0 << X-Request-Id: 16c9b8f7-64e1-4d05-8edd-1db84fb12ae8
16:17:13.501 [agent-events] DEBUG io.sealights.dependencies.org.apache.hc.client5.http.headers - http-outgoing-0 << x-sl-txid: APIGW-16c9b8f7-64e1-4d05-8edd-1db84fb12ae8
16:17:13.502 [agent-events] DEBUG io.sealights.dependencies.org.apache.hc.client5.http.headers - http-outgoing-0 << Content-Length: 0
16:17:13.502 [agent-events] DEBUG io.sealights.dependencies.org.apache.hc.client5.http.headers - http-outgoing-0 << Connection: keep-alive
16:17:13.503 [agent-events] DEBUG io.sealights.dependencies.org.apache.hc.client5.http.impl.classic.MainClientExec - ex-00000003: connection can be kept alive for 3 MINUTES
16:17:13.503 [agent-events] DEBUG io.sealights.dependencies.org.apache.hc.client5.http.impl.classic.InternalHttpClient - ep-00000002: releasing valid endpoint
16:17:13.504 [agent-events] DEBUG io.sealights.dependencies.org.apache.hc.client5.http.impl.io.PoolingHttpClientConnectionManager - ep-00000002: releasing endpoint
16:17:13.505 [agent-events] DEBUG io.sealights.dependencies.org.apache.hc.client5.http.impl.io.PoolingHttpClientConnectionManager - ep-00000002: connection http-outgoing-0 can be kept alive for 3 MINUTES
16:17:13.505 [agent-events] DEBUG io.sealights.dependencies.org.apache.hc.client5.http.impl.io.PoolingHttpClientConnectionManager - ep-00000002: connection released [route: {s}->https://dev-ftv-gw.dev.sealights.co:443][total available: 1; route allocated: 1 of 5; total allocated: 1 of 25]
16:17:13.506 [agent-events] INFO SLHttpClient - [From ES] - responsed POST url:'https://dev-ftv-gw.dev.sealights.co/api/v3/agents/agent-events', status:200, message:null', body:'''
16:17:13.507 [agent-events] INFO SLHttpClient - [From ES] - responsed POST url:'https://dev-ftv-gw.dev.sealights.co/api/v3/agents/agent-events', status:200, message:null', body:'''
16:17:13.508 [agent-events] DEBUG AgentEventServiceHandler - sent successfully event(s):[AGENT_STARTED(1001)], agent:'Ftv'
java.lang.RuntimeException: java.lang.IllegalArgumentException: Unsupported class file major version 2056
16:17:13.621 [main] DEBUG ClassMappingBuilder - Created classes mapping:
16:17:13.626 [main] DEBUG SLHttpClient - [To BUILD_MAPPING] - attempt '#1' out of '5, url:'https://dev-ftv-gw.dev.sealights.co/api/v5/agents/build-sessions/5a56c419-ced9-42ff-a1cb-d96f9a39c8ec/buildend'
16:17:13.630 [main] INFO SLHttpClient - [To BUILD_MAPPING] - sending POST, url:'https://dev-ftv-gw.dev.sealights.co/api/v5/agents/build-sessions/5a56c419-ced9-42ff-a1cb-d96f9a39c8ec/buildend', token: ...X3B1_efpQ4', body:'{"agentId":"c4d1ef97-eca1-4822-8b83-bde1dad6e521","partsCount":1,"labId":"integ_master_0d56_gfspringftvlab01","status":{"success":true,"message":"n00p","duration":461}}''
16:17:13.631 [main] DEBUG io.sealights.dependencies.org.apache.hc.client5.http.impl.classic.InternalHttpClient - ex-00000004: preparing request execution
16:17:13.632 [main] DEBUG io.sealights.dependencies.org.apache.hc.client5.http.protocol.RequestAddCookies - Cookie spec selected: strict
16:17:13.633 [main] DEBUG io.sealights.dependencies.org.apache.hc.client5.http.protocol.RequestAuthCache - Auth cache not set in the context
16:17:13.633 [main] DEBUG io.sealights.dependencies.org.apache.hc.client5.http.impl.classic.ProtocolExec - ex-00000004: proxy auth state: UNCHALLENGED
16:17:13.634 [main] DEBUG io.sealights.dependencies.org.apache.hc.client5.http.impl.classic.ConnectExec - ex-00000004: acquiring connection with route {s}->https://dev-ftv-gw.dev.sealights.co:443
16:17:13.635 [main] DEBUG io.sealights.dependencies.org.apache.hc.client5.http.impl.classic.InternalHttpClient - ex-00000004: acquiring endpoint (20000 MILLISECONDS)
16:17:13.636 [main] DEBUG io.sealights.dependencies.org.apache.hc.client5.http.impl.io.PoolingHttpClientConnectionManager - ex-00000004: endpoint lease request (20000 MILLISECONDS) [route: {s}->https://dev-ftv-gw.dev.sealights.co:443][total available: 1; route allocated: 1 of 5; total allocated: 1 of 25]
16:17:13.637 [main] DEBUG io.sealights.dependencies.org.apache.hc.client5.http.impl.io.PoolingHttpClientConnectionManager - ex-00000004: endpoint leased [route: {s}->https://dev-ftv-gw.dev.sealights.co:443][total available: 0; route allocated: 1 of 5; total allocated: 1 of 25]
16:17:13.638 [main] DEBUG io.sealights.dependencies.org.apache.hc.client5.http.impl.io.PoolingHttpClientConnectionManager - ex-00000004: acquired ep-00000003
16:17:13.639 [main] DEBUG io.sealights.dependencies.org.apache.hc.client5.http.impl.classic.InternalHttpClient - ex-00000004: acquired endpoint ep-00000003
16:17:13.639 [main] DEBUG io.sealights.dependencies.org.apache.hc.client5.http.impl.classic.MainClientExec - ex-00000004: executing POST /api/v5/agents/build-sessions/5a56c419-ced9-42ff-a1cb-d96f9a39c8ec/buildend HTTP/1.1
16:17:13.640 [main] DEBUG io.sealights.dependencies.org.apache.hc.client5.http.impl.classic.InternalHttpClient - ep-00000003: start execution ex-00000004
16:17:13.641 [main] DEBUG io.sealights.dependencies.org.apache.hc.client5.http.impl.io.PoolingHttpClientConnectionManager - ep-00000003: executing exchange ex-00000004 over http-outgoing-0
16:17:13.642 [main] DEBUG io.sealights.dependencies.org.apache.hc.client5.http.headers - http-outgoing-0 >> POST /api/v5/agents/build-sessions/5a56c419-ced9-42ff-a1cb-d96f9a39c8ec/buildend HTTP/1.1
16:17:13.643 [main] DEBUG io.sealights.dependencies.org.apache.hc.client5.http.headers - http-outgoing-0 >> Authorization: Bearer eyJhbGciOiJSUzUxMiIsInR5cCI6IkpXVCJ9.eyJpc3MiOiJodHRwczovL0RFVi1mdHYuYXV0aC5zZWFsaWdodHMuaW8vIiwiand0aWQiOiJERVYtZnR2LGktMGMxNjU4YjA0ZTljMDMwMzMsQVBJR1ctOTYzN2FjOGUtMzAyYy00YTk1LTkyZjItZGExNTFiNDljNDI0LDE2NzA0MjE2MzI1NDAiLCJzdWJqZWN0IjoiU2VhTGlnaHRzQGFnZW50IiwiYXVkaWVuY2UiOlsiYWdlbnRzIl0sIngtc2wtcm9sZSI6ImFnZW50IiwieC1zbC1zZXJ2ZXIiOiJodHRwczovL2Rldi1mdHYtZ3cuZGV2LnNlYWxpZ2h0cy5jby9hcGkiLCJzbF9pbXBlcl9zdWJqZWN0IjoiIiwiaWF0IjoxNjcwNDIxNjMyfQ.IyAO7_zibgusLv_pPwTwlBICvRwh7EbC7Ee-Zqmx6azkjaRYDb8olKjiWM_HeYFGnIIczAuWIurFUm-h9noPOzLp-0h-r6fu3Yt4utvF9b1NhQNtL9aLlJ4-h7kDZA7K5AN39Agx6DB_be9XLcLHnwANskq16xn-H6xOOqq-VFqrN98hUl_sRiHf0CKm6RbsumyF1byqZIizENT7unGfJc6tP0poNRgpJkue0UJklgT6HRT8bPi_7rJJgUAu6Vb0LhkCManH_CsllFMxSMBFMJWM-Zxvs5pKHmK1JcIuy08i0r0cJR1axLDtFXcx8Fn_u1dtpLMk-BZCUCOKxh-YXT651AjvCsHwX2JCqxlcD7aLaQIMC3mmq6Qie7YezILQ6_GYDu-oREVgQsN2eob2k0oiFloLn4AmJllq66GasP8Oq20MuHScWvop95McYiictsdHohkkb_z97UIj70LF49qNTJxy5ZGeY90vbZ34mFBfF7cTAXY47q5ReqpyokYx-DABpjFYgS-1i6x_e-4_3Zreni1-SOmueHhhFS_S9hC-gLXvJuiDwIDPaxR16eF_I-S4w0l0071ddqt_-8HgoQcfV85zOzpgHz7IjCfhDIUDB3eI_uwW523hV-4eCoM8ElRa7lCfhQlL2iwEn-623dVjEZI1cD2sfX3B1_efpQ4
16:17:13.644 [main] DEBUG io.sealights.dependencies.org.apache.hc.client5.http.headers - http-outgoing-0 >> Content-Length: 168
16:17:13.644 [main] DEBUG io.sealights.dependencies.org.apache.hc.client5.http.headers - http-outgoing-0 >> Content-Type: application/json; charset=UTF-8
16:17:13.645 [main] DEBUG io.sealights.dependencies.org.apache.hc.client5.http.headers - http-outgoing-0 >> Host: dev-ftv-gw.dev.sealights.co
16:17:13.646 [main] DEBUG io.sealights.dependencies.org.apache.hc.client5.http.headers - http-outgoing-0 >> Connection: keep-alive
16:17:13.647 [main] DEBUG io.sealights.dependencies.org.apache.hc.client5.http.headers - http-outgoing-0 >> User-Agent: Apache-HttpClient/5.0.3 (Java/1.8.0_302)
16:17:13.648 [main] DEBUG io.sealights.dependencies.org.apache.hc.client5.http.wire - http-outgoing-0 >> "POST /api/v5/agents/build-sessions/5a56c419-ced9-42ff-a1cb-d96f9a39c8ec/buildend HTTP/1.1[\r][\n]"
16:17:13.649 [main] DEBUG io.sealights.dependencies.org.apache.hc.client5.http.wire - http-outgoing-0 >> "Authorization: Bearer eyJhbGciOiJSUzUxMiIsInR5cCI6IkpXVCJ9.eyJpc3MiOiJodHRwczovL0RFVi1mdHYuYXV0aC5zZWFsaWdodHMuaW8vIiwiand0aWQiOiJERVYtZnR2LGktMGMxNjU4YjA0ZTljMDMwMzMsQVBJR1ctOTYzN2FjOGUtMzAyYy00YTk1LTkyZjItZGExNTFiNDljNDI0LDE2NzA0MjE2MzI1NDAiLCJzdWJqZWN0IjoiU2VhTGlnaHRzQGFnZW50IiwiYXVkaWVuY2UiOlsiYWdlbnRzIl0sIngtc2wtcm9sZSI6ImFnZW50IiwieC1zbC1zZXJ2ZXIiOiJodHRwczovL2Rldi1mdHYtZ3cuZGV2LnNlYWxpZ2h0cy5jby9hcGkiLCJzbF9pbXBlcl9zdWJqZWN0IjoiIiwiaWF0IjoxNjcwNDIxNjMyfQ.IyAO7_zibgusLv_pPwTwlBICvRwh7EbC7Ee-Zqmx6azkjaRYDb8olKjiWM_HeYFGnIIczAuWIurFUm-h9noPOzLp-0h-r6fu3Yt4utvF9b1NhQNtL9aLlJ4-h7kDZA7K5AN39Agx6DB_be9XLcLHnwANskq16xn-H6xOOqq-VFqrN98hUl_sRiHf0CKm6RbsumyF1byqZIizENT7unGfJc6tP0poNRgpJkue0UJklgT6HRT8bPi_7rJJgUAu6Vb0LhkCManH_CsllFMxSMBFMJWM-Zxvs5pKHmK1JcIuy08i0r0cJR1axLDtFXcx8Fn_u1dtpLMk-BZCUCOKxh-YXT651AjvCsHwX2JCqxlcD7aLaQIMC3mmq6Qie7YezILQ6_GYDu-oREVgQsN2eob2k0oiFloLn4AmJllq66GasP8Oq20MuHScWvop95McYiictsdHohkkb_z97UIj70LF49qNTJxy5ZGeY90vbZ34mFBfF7cTAXY47q5ReqpyokYx-DABpjFYgS-1i6x_e-4_3Zreni1-SOmueHhhFS_S9hC-gLXvJuiDwIDPaxR16eF_I-S4w0l0071ddqt_-8HgoQcfV85zOzpgHz7IjCfhDIUDB3eI_uwW523hV-4eCoM8ElRa7lCfhQlL2iwEn-623dVjEZI1cD2sfX3B1_efpQ4[\r][\n]"
16:17:13.650 [main] DEBUG io.sealights.dependencies.org.apache.hc.client5.http.wire - http-outgoing-0 >> "Content-Length: 168[\r][\n]"
16:17:13.651 [main] DEBUG io.sealights.dependencies.org.apache.hc.client5.http.wire - http-outgoing-0 >> "Content-Type: application/json; charset=UTF-8[\r][\n]"
16:17:13.651 [main] DEBUG io.sealights.dependencies.org.apache.hc.client5.http.wire - http-outgoing-0 >> "Host: dev-ftv-gw.dev.sealights.co[\r][\n]"
16:17:13.652 [main] DEBUG io.sealights.dependencies.org.apache.hc.client5.http.wire - http-outgoing-0 >> "Connection: keep-alive[\r][\n]"
16:17:13.653 [main] DEBUG io.sealights.dependencies.org.apache.hc.client5.http.wire - http-outgoing-0 >> "User-Agent: Apache-HttpClient/5.0.3 (Java/1.8.0_302)[\r][\n]"
16:17:13.654 [main] DEBUG io.sealights.dependencies.org.apache.hc.client5.http.wire - http-outgoing-0 >> "[\r][\n]"
16:17:13.655 [main] DEBUG io.sealights.dependencies.org.apache.hc.client5.http.wire - http-outgoing-0 >> "{"agentId":"c4d1ef97-eca1-4822-8b83-bde1dad6e521","partsCount":1,"labId":"integ_master_0d56_gfspringftvlab01","status":{"success":true,"message":"n00p","duration":461}}"
16:17:13.765 [main] DEBUG io.sealights.dependencies.org.apache.hc.client5.http.wire - http-outgoing-0 << "HTTP/1.1 200 OK[\r][\n]"
16:17:13.767 [main] DEBUG io.sealights.dependencies.org.apache.hc.client5.http.wire - http-outgoing-0 << "Access-Control-Expose-Headers: api-version,content-length,content-md5,content-type,date,request-id,response-time[\r][\n]"
16:17:13.768 [main] DEBUG io.sealights.dependencies.org.apache.hc.client5.http.wire - http-outgoing-0 << "Date: Thu, 08 Dec 2022 14:17:14 GMT[\r][\n]"
16:17:13.769 [main] DEBUG io.sealights.dependencies.org.apache.hc.client5.http.wire - http-outgoing-0 << "ETag: W/"0-2jmj7l5rSw0yVb/vlWAYkK/YBwk"[\r][\n]"
16:17:13.770 [main] DEBUG io.sealights.dependencies.org.apache.hc.client5.http.wire - http-outgoing-0 << "Vary: Origin[\r][\n]"
16:17:13.771 [main] DEBUG io.sealights.dependencies.org.apache.hc.client5.http.wire - http-outgoing-0 << "X-Powered-By: Express[\r][\n]"
16:17:13.772 [main] DEBUG io.sealights.dependencies.org.apache.hc.client5.http.wire - http-outgoing-0 << "X-Request-Id: 97ce1eb3-09f0-41ee-ace4-aa7dfb305a45[\r][\n]"
16:17:13.773 [main] DEBUG io.sealights.dependencies.org.apache.hc.client5.http.wire - http-outgoing-0 << "x-sl-txid: APIGW-97ce1eb3-09f0-41ee-ace4-aa7dfb305a45[\r][\n]"
16:17:13.774 [main] DEBUG io.sealights.dependencies.org.apache.hc.client5.http.wire - http-outgoing-0 << "Content-Length: 0[\r][\n]"
16:17:13.775 [main] DEBUG io.sealights.dependencies.org.apache.hc.client5.http.wire - http-outgoing-0 << "Connection: keep-alive[\r][\n]"
16:17:13.776 [main] DEBUG io.sealights.dependencies.org.apache.hc.client5.http.wire - http-outgoing-0 << "[\r][\n]"
16:17:13.778 [main] DEBUG io.sealights.dependencies.org.apache.hc.client5.http.headers - http-outgoing-0 << HTTP/1.1 200 OK
16:17:13.779 [main] DEBUG io.sealights.dependencies.org.apache.hc.client5.http.headers - http-outgoing-0 << Access-Control-Expose-Headers: api-version,content-length,content-md5,content-type,date,request-id,response-time
16:17:13.779 [main] DEBUG io.sealights.dependencies.org.apache.hc.client5.http.headers - http-outgoing-0 << Date: Thu, 08 Dec 2022 14:17:14 GMT
16:17:13.780 [main] DEBUG io.sealights.dependencies.org.apache.hc.client5.http.headers - http-outgoing-0 << ETag: W/"0-2jmj7l5rSw0yVb/vlWAYkK/YBwk"
16:17:13.781 [main] DEBUG io.sealights.dependencies.org.apache.hc.client5.http.headers - http-outgoing-0 << Vary: Origin
16:17:13.782 [main] DEBUG io.sealights.dependencies.org.apache.hc.client5.http.headers - http-outgoing-0 << X-Powered-By: Express
16:17:13.783 [main] DEBUG io.sealights.dependencies.org.apache.hc.client5.http.headers - http-outgoing-0 << X-Request-Id: 97ce1eb3-09f0-41ee-ace4-aa7dfb305a45
16:17:13.784 [main] DEBUG io.sealights.dependencies.org.apache.hc.client5.http.headers - http-outgoing-0 << x-sl-txid: APIGW-97ce1eb3-09f0-41ee-ace4-aa7dfb305a45
16:17:13.785 [main] DEBUG io.sealights.dependencies.org.apache.hc.client5.http.headers - http-outgoing-0 << Content-Length: 0
16:17:13.786 [main] DEBUG io.sealights.dependencies.org.apache.hc.client5.http.headers - http-outgoing-0 << Connection: keep-alive
16:17:13.788 [main] DEBUG io.sealights.dependencies.org.apache.hc.client5.http.impl.classic.MainClientExec - ex-00000004: connection can be kept alive for 3 MINUTES
16:17:13.789 [main] DEBUG io.sealights.dependencies.org.apache.hc.client5.http.impl.classic.InternalHttpClient - ep-00000003: releasing valid endpoint
16:17:13.790 [main] DEBUG io.sealights.dependencies.org.apache.hc.client5.http.impl.io.PoolingHttpClientConnectionManager - ep-00000003: releasing endpoint
16:17:13.791 [main] DEBUG io.sealights.dependencies.org.apache.hc.client5.http.impl.io.PoolingHttpClientConnectionManager - ep-00000003: connection http-outgoing-0 can be kept alive for 3 MINUTES
16:17:13.793 [main] DEBUG io.sealights.dependencies.org.apache.hc.client5.http.impl.io.PoolingHttpClientConnectionManager - ep-00000003: connection released [route: {s}->https://dev-ftv-gw.dev.sealights.co:443][total available: 1; route allocated: 1 of 5; total allocated: 1 of 25]
16:17:13.794 [main] INFO SLHttpClient - [From BUILD_MAPPING] - responsed POST url:'https://dev-ftv-gw.dev.sealights.co/api/v5/agents/build-sessions/5a56c419-ced9-42ff-a1cb-d96f9a39c8ec/buildend', status:200, message:null', body:'''
16:17:13.796 [main] INFO SLHttpClient - [From BUILD_MAPPING] - responsed POST url:'https://dev-ftv-gw.dev.sealights.co/api/v5/agents/build-sessions/5a56c419-ced9-42ff-a1cb-d96f9a39c8ec/buildend', status:200, message:null', body:'''
16:17:13.880 [main] INFO ROOT - SL-Logging for Agent [version='4.0.0-SNAPSHOT'] [AgentID='c4d1ef97-eca1-4822-8b83-bde1dad6e521'] started with configuration: (appendToConsole=false, appendToFile=false, sendIntervalMins=0, sendLogsOnShutdown=false, logFileName=sl-java-agent, logsFolder=logs, fileCount=10, logLimitInMB=10, logLevel=off, sendMaxEntries=10)
16:17:10,734 |-INFO in io.sealights.dependencies.ch.qos.logback.classic.LoggerContext[default] - Could NOT find resource [logback-test.xml]
16:17:10,734 |-INFO in io.sealights.dependencies.ch.qos.logback.classic.LoggerContext[default] - Could NOT find resource [logback.groovy]
16:17:10,734 |-INFO in io.sealights.dependencies.ch.qos.logback.classic.LoggerContext[default] - Could NOT find resource [logback.xml]
16:17:10,747 |-INFO in io.sealights.dependencies.ch.qos.logback.classic.BasicConfigurator@618425b5 - Setting up default configuration.

16:17:13.921 [main] DEBUG SLHttpClient - [To BSS] - attempt '#1' out of '5, url:'https://dev-ftv-gw.dev.sealights.co/api/v2/agents/buildsession/5a56c419-ced9-42ff-a1cb-d96f9a39c8ec'
16:17:13.923 [main] INFO SLHttpClient - [To BSS] - sending GET, url:'https://dev-ftv-gw.dev.sealights.co/api/v2/agents/buildsession/5a56c419-ced9-42ff-a1cb-d96f9a39c8ec', token: ...X3B1_efpQ4''
16:17:14.009 [main] INFO SLHttpClient - [From BSS] - responsed GET url:'https://dev-ftv-gw.dev.sealights.co/api/v2/agents/buildsession/5a56c419-ced9-42ff-a1cb-d96f9a39c8ec', status:200, message:null', body:'{"customerId":"SeaLights","checksum":"67e11a41-1306-444a-a652-6507e51f837b","appName":"gf-spring-ftv-lab01","branchName":"master","buildName":"Thu, 08 Dec 2022 14:17:13 GMT","buildSessionId":"5a56c419-ced9-42ff-a1cb-d96f9a39c8ec","buildSessionType":"BUILD","created":1670509033040,"lab":{"labId":"integ_master_0d56_gfspringftvlab01","appName":"gf-spring-ftv-lab01","branchName":"master","testEnv":null,"labAlias":"gf-spring-ftv-lab01","isMultiLab":false,"isFtv":true},"trackingId":"APIGW-322a85c2-d02c-41f6-b042-eb9231383b1b"}''
16:17:14.034 [main] INFO SLHttpClient - [From BSS] - responsed GET url:'https://dev-ftv-gw.dev.sealights.co/api/v2/agents/buildsession/5a56c419-ced9-42ff-a1cb-d96f9a39c8ec', status:200, message:null', body:'{"customerId":"SeaLights","checksum":"67e11a41-1306-444a-a652-6507e51f837b","appName":"gf-spring-ftv-lab01","branchName":"master","buildName":"Thu, 08 Dec 2022 14:17:13 GMT","buildSessionId":"5a56c419-ced9-42ff-a1cb-d96f9a39c8ec","buildSessionType":"BUILD","created":1670509033040,"lab":{"labId":"integ_master_0d56_gfspringftvlab01","appName":"gf-spring-ftv-lab01","branchName":"master","testEnv":null,"labAlias":"gf-spring-ftv-lab01","isMultiLab":false,"isFtv":true},"trackingId":"APIGW-322a85c2-d02c-41f6-b042-eb9231383b1b"}''
16:17:14.052 [main] INFO SLHttpClient - [To CS] - sending GET, url:'https://dev-ftv-gw.dev.sealights.co/api/v3/config?agentId=c4d1ef97-eca1-4822-8b83-bde1dad6e521&buildName=Thu%2C+08+Dec+2022+14%3A17%3A13+GMT&agentType=Java&testStage=Unit+Tests&appName=gf-spring-ftv-lab01&labId=integ_master_0d56_gfspringftvlab01&agentVersion=4.0.0-SNAPSHOT&branchName=master', token: ...X3B1_efpQ4''
16:17:14.158 [main] INFO SLHttpClient - [From CS] - GET url:'https://dev-ftv-gw.dev.sealights.co/api/v3/config?agentId=c4d1ef97-eca1-4822-8b83-bde1dad6e521&buildName=Thu%2C+08+Dec+2022+14%3A17%3A13+GMT&agentType=Java&testStage=Unit+Tests&appName=gf-spring-ftv-lab01&labId=integ_master_0d56_gfspringftvlab01&agentVersion=4.0.0-SNAPSHOT&branchName=master', status:404, message:null (resource not found)
16:17:14.160 [main] INFO SLHttpClient - [From CS] - GET url:'https://dev-ftv-gw.dev.sealights.co/api/v3/config?agentId=c4d1ef97-eca1-4822-8b83-bde1dad6e521&buildName=Thu%2C+08+Dec+2022+14%3A17%3A13+GMT&agentType=Java&testStage=Unit+Tests&appName=gf-spring-ftv-lab01&labId=integ_master_0d56_gfspringftvlab01&agentVersion=4.0.0-SNAPSHOT&branchName=master', status:404, message:null (resource not found)
[Sealights Test Listener] [c4] - [premain] SeaLights Test Listener is running. agentID: 'c4d1ef97-eca1-4822-8b83-bde1dad6e521', version:'4.0.0-SNAPSHOT'
16:17:14.188 [main] DEBUG AgentEventsController - Verify time clock ...
16:17:14.189 [main] INFO AgentEventsController - Time Clock Dispatcher is disabled
16:17:14.191 [main] DEBUG AgentInstanceInfoBuilder - created (technology=Java, agentType=Ftv, agentVersion=4.0.0-SNAPSHOT, buildSessionId=5a56c419-ced9-42ff-a1cb-d96f9a39c8ec, uniqueModuleId=,appName=gf-spring-ftv-lab01, labId=integ_master_0d56_gfspringftvlab01, agentConfig={server=https://dev-ftv-gw.dev.sealights.co/api, proxy=null, buildSessionId=5a56c419-ced9-42ff-a1cb-d96f9a39c8ec, token=eyJhbGciOiJSUzUxMiIsInR5cCI6IkpXVCJ9.eyJpc3MiOiJodHRwczovL0RFVi1mdHYuYXV0aC5zZWFsaWdodHMuaW8vIiwiand0aWQiOiJERVYtZnR2LGktMGMxNjU4YjA0ZTljMDMwMzMsQVBJR1ctOTYzN2FjOGUtMzAyYy00YTk1LTkyZjItZGExNTFiNDljNDI0LDE2NzA0MjE2MzI1NDAiLCJzdWJqZWN0IjoiU2VhTGlnaHRzQGFnZW50IiwiYXVkaWVuY2UiOlsiYWdlbnRzIl0sIngtc2wtcm9sZSI6ImFnZW50IiwieC1zbC1zZXJ2ZXIiOiJodHRwczovL2Rldi1mdHYtZ3cuZGV2LnNlYWxpZ2h0cy5jby9hcGkiLCJzbF9pbXBlcl9zdWJqZWN0IjoiIiwiaWF0IjoxNjcwNDIxNjMyfQ.IyAO7_zibgusLv_pPwTwlBICvRwh7EbC7Ee-Zqmx6azkjaRYDb8olKjiWM_HeYFGnIIczAuWIurFUm-h9noPOzLp-0h-r6fu3Yt4utvF9b1NhQNtL9aLlJ4-h7kDZA7K5AN39Agx6DB_be9XLcLHnwANskq16xn-H6xOOqq-VFqrN98hUl_sRiHf0CKm6RbsumyF1byqZIizENT7unGfJc6tP0poNRgpJkue0UJklgT6HRT8bPi_7rJJgUAu6Vb0LhkCManH_CsllFMxSMBFMJWM-Zxvs5pKHmK1JcIuy08i0r0cJR1axLDtFXcx8Fn_u1dtpLMk-BZCUCOKxh-YXT651AjvCsHwX2JCqxlcD7aLaQIMC3mmq6Qie7YezILQ6_GYDu-oREVgQsN2eob2k0oiFloLn4AmJllq66GasP8Oq20MuHScWvop95McYiictsdHohkkb_z97UIj70LF49qNTJxy5ZGeY90vbZ34mFBfF7cTAXY47q5ReqpyokYx-DABpjFYgS-1i6x_e-4_3Zreni1-SOmueHhhFS_S9hC-gLXvJuiDwIDPaxR16eF_I-S4w0l0071ddqt_-8HgoQcfV85zOzpgHz7IjCfhDIUDB3eI_uwW523hV-4eCoM8ElRa7lCfhQlL2iwEn-623dVjEZI1cD2sfX3B1_efpQ4}, tags=[], processId=3816, processArch=x32, processSessionId=0, argv=[./target/ftv-hello-app-0.0.1-SNAPSHOT.jar, -javaagent:java-agent-ftv-4.0.0-SNAPSHOT.jar=appname=gf-spring-ftv-lab01,labId=integ_master_0d56_gfspringftvlab01,packagesincluded=dev.futa.sealights*,workspacepath=.,token=eyJhbGciOiJSUzUxMiIsInR5cCI6IkpXVCJ9.eyJpc3MiOiJodHRwczovL0RFVi1mdHYuYXV0aC5zZWFsaWdodHMuaW8vIiwiand0aWQiOiJERVYtZnR2LGktMGMxNjU4YjA0ZTljMDMwMzMsQVBJR1ctOTYzN2FjOGUtMzAyYy00YTk1LTkyZjItZGExNTFiNDljNDI0LDE2NzA0MjE2MzI1NDAiLCJzdWJqZWN0IjoiU2VhTGlnaHRzQGFnZW50IiwiYXVkaWVuY2UiOlsiYWdlbnRzIl0sIngtc2wtcm9sZSI6ImFnZW50IiwieC1zbC1zZXJ2ZXIiOiJodHRwczovL2Rldi1mdHYtZ3cuZGV2LnNlYWxpZ2h0cy5jby9hcGkiLCJzbF9pbXBlcl9zdWJqZWN0IjoiIiwiaWF0IjoxNjcwNDIxNjMyfQ.IyAO7_zibgusLv_pPwTwlBICvRwh7EbC7Ee-Zqmx6azkjaRYDb8olKjiWM_HeYFGnIIczAuWIurFUm-h9noPOzLp-0h-r6fu3Yt4utvF9b1NhQNtL9aLlJ4-h7kDZA7K5AN39Agx6DB_be9XLcLHnwANskq16xn-H6xOOqq-VFqrN98hUl_sRiHf0CKm6RbsumyF1byqZIizENT7unGfJc6tP0poNRgpJkue0UJklgT6HRT8bPi_7rJJgUAu6Vb0LhkCManH_CsllFMxSMBFMJWM-Zxvs5pKHmK1JcIuy08i0r0cJR1axLDtFXcx8Fn_u1dtpLMk-BZCUCOKxh-YXT651AjvCsHwX2JCqxlcD7aLaQIMC3mmq6Qie7YezILQ6_GYDu-oREVgQsN2eob2k0oiFloLn4AmJllq66GasP8Oq20MuHScWvop95McYiictsdHohkkb_z97UIj70LF49qNTJxy5ZGeY90vbZ34mFBfF7cTAXY47q5ReqpyokYx-DABpjFYgS-1i6x_e-4_3Zreni1-SOmueHhhFS_S9hC-gLXvJuiDwIDPaxR16eF_I-S4w0l0071ddqt_-8HgoQcfV85zOzpgHz7IjCfhDIUDB3eI_uwW523hV-4eCoM8ElRa7lCfhQlL2iwEn-623dVjEZI1cD2sfX3B1_efpQ4, -Dsl.includes=dev.futa.sealights*], cwd=/mnt/c/projekty/sealigths/ftv-hello-app/deployments, envVars={path=/home/gfuta/.sdkman/candidates/java/current/bin:/usr/local/sbin:/usr/local/bin:/usr/sbin:/usr/bin:/sbin:/bin:/usr/games:/usr/local/games:/usr/lib/wsl/lib:/mnt/c/Program Files (x86)/jdk/bin:/mnt/c/Program Files/Git/cmd:/mnt/c/Windows/system32:/mnt/c/Windows:/mnt/c/Windows/System32/Wbem:/mnt/c/Windows/System32/WindowsPowerShell/v1.0/:/mnt/c/Windows/System32/OpenSSH/:/mnt/c/Program Files/dotnet/:/mnt/c/Program Files (x86)/NVIDIA Corporation/PhysX/Common:/mnt/c/Program Files/Git/cmd:/mnt/c/Users/grzeg/AppData/Local/Microsoft/WindowsApps:/mnt/c/Program Files/JetBrains/IntelliJ IDEA 2022.2.3/bin:/mnt/c/programy/jvms_v2.1.1_386:/mnt/c/programy/apache-maven-3.8.6/bin:/mnt/c/Users/grzeg/AppData/Roaming/nvm:/mnt/c/Program Files/nodejs:/mnt/c/Program Files/Docker/Docker/resources/bin:/mnt/c/programy/gradle-7.6/bin:/mnt/c/Users/grzeg/AppData/Roaming/npm:/mnt/c/Program Files/JetBrains/DataGrip 2022.2.5/bin:/snap/bin}, tools=[], sendsPing=true)
16:17:14.195 [main] INFO AgentEventsDispatcher - Handling agentStart ...
16:17:14.196 [main] DEBUG TaskScheduler - Task 'agent-events' was cancelled (interrupt flag=true)
16:17:14.197 [main] DEBUG TaskScheduler - Task 'agent-events' will run periodically with interval=10000 millis, first execution delay=0 millis
16:17:14.198 [agent-events] INFO AgentEventsDispatcher - Sending 1 accumulated events ...
16:17:14.199 [agent-events] DEBUG AgentEventServiceHandler - sending event(s):[AGENT_STARTED(1001)], agent:'Ftv' ...
16:17:14.200 [agent-events] DEBUG SLHttpClient - [To ES] - attempt '#1' out of '12, url:'https://dev-ftv-gw.dev.sealights.co/api/v3/agents/agent-events'
16:17:14.202 [agent-events] INFO SLHttpClient - [To ES] - sending POST, url:'https://dev-ftv-gw.dev.sealights.co/api/v3/agents/agent-events', token: ...X3B1_efpQ4', body:'{"agentId":"c4d1ef97-eca1-4822-8b83-bde1dad6e521","buildSessionId":"5a56c419-ced9-42ff-a1cb-d96f9a39c8ec","events":[{"type":1001,"utcTimestamp_ms":1670509034190,"data":{"agentInfo":{"technology":"Java","agentType":"Ftv","agentVersion":"4.0.0-SNAPSHOT","buildSessionId":"5a56c419-ced9-42ff-a1cb-d96f9a39c8ec","uniqueModuleId":"","appName":"gf-spring-ftv-lab01","labId":"integ_master_0d56_gfspringftvlab01","agentConfig":{"server":"https://dev-ftv-gw.dev.sealights.co/api","proxy":"null","buildSessionId":"5a56c419-ced9-42ff-a1cb-d96f9a39c8ec","token":"eyJhbGciOiJSUzUxMiIsInR5cCI6IkpXVCJ9.eyJpc3MiOiJodHRwczovL0RFVi1mdHYuYXV0aC5zZWFsaWdodHMuaW8vIiwiand0aWQiOiJERVYtZnR2LGktMGMxNjU4YjA0ZTljMDMwMzMsQVBJR1ctOTYzN2FjOGUtMzAyYy00YTk1LTkyZjItZGExNTFiNDljNDI0LDE2NzA0MjE2MzI1NDAiLCJzdWJqZWN0IjoiU2VhTGlnaHRzQGFnZW50IiwiYXVkaWVuY2UiOlsiYWdlbnRzIl0sIngtc2wtcm9sZSI6ImFnZW50IiwieC1zbC1zZXJ2ZXIiOiJodHRwczovL2Rldi1mdHYtZ3cuZGV2LnNlYWxpZ2h0cy5jby9hcGkiLCJzbF9pbXBlcl9zdWJqZWN0IjoiIiwiaWF0IjoxNjcwNDIxNjMyfQ.IyAO7_zibgusLv_pPwTwlBICvRwh7...(truncated to 1024 Bytes)''
16:17:14.298 [agent-events] INFO SLHttpClient - [From ES] - responsed POST url:'https://dev-ftv-gw.dev.sealights.co/api/v3/agents/agent-events', status:200, message:null', body:'''
16:17:14.299 [agent-events] INFO SLHttpClient - [From ES] - responsed POST url:'https://dev-ftv-gw.dev.sealights.co/api/v3/agents/agent-events', status:200, message:null', body:'''
16:17:14.300 [agent-events] DEBUG AgentEventServiceHandler - sent successfully event(s):[AGENT_STARTED(1001)], agent:'Ftv'
16:17:14.540 [main] INFO SLHttpClient - [To TMS] - sending GET, url:'https://dev-ftv-gw.dev.sealights.co/api/v3/test-exclusions/5a56c419-ced9-42ff-a1cb-d96f9a39c8ec/Unit%20Tests', token: ...X3B1_efpQ4''
16:17:14.632 [main] INFO SLHttpClient - [From TMS] - responsed GET url:'https://dev-ftv-gw.dev.sealights.co/api/v3/test-exclusions/5a56c419-ced9-42ff-a1cb-d96f9a39c8ec/Unit%20Tests', status:200, message:null', body:'{"testSelectionEnabled":true,"recommendationSetStatus":"noHistory"}''
16:17:14.644 [main] INFO SLHttpClient - [From TMS] - responsed GET url:'https://dev-ftv-gw.dev.sealights.co/api/v3/test-exclusions/5a56c419-ced9-42ff-a1cb-d96f9a39c8ec/Unit%20Tests', status:200, message:null', body:'{"testSelectionEnabled":true,"recommendationSetStatus":"noHistory"}''
16:17:14.651 [main] DEBUG AgentEventsController - Verify time clock ...
16:17:14.652 [main] INFO AgentEventsController - Time Clock Dispatcher is disabled
16:17:14.664 [main] DEBUG AgentEventsController - class io.sealights.onpremise.agentevents.eventservice.proxy.api.types.StringDataEvents$GenericMessageEvent event was added, local time: 1670509034664, event timestamp: 1670509034661
16:17:14.676 [main] DEBUG AgentEventsController - Verify time clock ...
16:17:14.677 [main] INFO AgentEventsController - Time Clock Dispatcher is disabled
16:17:14.678 [main] DEBUG AgentEventsController - class io.sealights.onpremise.agentevents.eventservice.proxy.api.types.StringDataEvents$GenericWarningEvent event was added, local time: 1670509034678, event timestamp: 1670509034678
16:17:14.679 [main] WARN AgentLifeCycle - Test selection recommendations were ignored, reason: recommendationsTimeout
16:17:14.693 [get-exec] DEBUG SLHttpClient - [To TST] - attempt '#1' out of '5, url:'https://dev-ftv-gw.dev.sealights.co/api/v4/testExecution/integ_master_0d56_gfspringftvlab01'
16:17:14.694 [get-exec] INFO SLHttpClient - [To TST] - sending GET, url:'https://dev-ftv-gw.dev.sealights.co/api/v4/testExecution/integ_master_0d56_gfspringftvlab01', token: ...X3B1_efpQ4''
16:17:14.798 [get-exec] INFO SLHttpClient - [From TST] - responsed GET url:'https://dev-ftv-gw.dev.sealights.co/api/v4/testExecution/integ_master_0d56_gfspringftvlab01', status:200, message:null', body:'{"execution":null}''
16:17:14.822 [get-exec] INFO SLHttpClient - [From TST] - responsed GET url:'https://dev-ftv-gw.dev.sealights.co/api/v4/testExecution/integ_master_0d56_gfspringftvlab01', status:200, message:null', body:'{"execution":null}''
16:17:15.316 [main] DEBUG AgentEventsController - Verify time clock ...
16:17:15.317 [main] INFO AgentEventsController - Time Clock Dispatcher is disabled
16:17:15.318 [main] DEBUG AgentEventsController - class io.sealights.onpremise.agentevents.eventservice.proxy.api.types.SimpleEvents$FirstCoveragePerformedEvent event was sent, local time: 1670509035318, event timestamp: 1670509035318

  .   ____          _            __ _ _
 /\\ / ___'_ __ _ _(_)_ __  __ _ \ \ \ \
( ( )\___ | '_ | '_| | '_ \/ _` | \ \ \ \
 \\/  ___)| |_)| | | | | || (_| |  ) ) ) )
  '  |____| .__|_| |_|_| |_\__, | / / / /
 =========|_|==============|___/=/_/_/_/
 :: Spring Boot ::                (v2.7.6)

2022-12-08 16:17:19.814  INFO 3816 --- [           main] d.f.s.ftv.FtvHelloAppApplication         : Starting FtvHelloAppApplication using Java 1.8.0_302 on hajfa with PID 3816 (/mnt/c/projekty/sealigths/ftv-hello-app/deployments/target/ftv-hello-app-0.0.1-SNAPSHOT.jar started by gfuta in /mnt/c/projekty/sealigths/ftv-hello-app/deployments)
2022-12-08 16:17:19.844  INFO 3816 --- [           main] d.f.s.ftv.FtvHelloAppApplication         : No active profile set, falling back to 1 default profile: "default"
16:17:24.301 [agent-events] INFO AgentEventsDispatcher - Sending 3 accumulated events ...
16:17:24.302 [agent-events] DEBUG AgentEventServiceHandler - sending event(s):[GENERIC_MESSAGE(2000), GENERIC_WARNING(3000), FIRST_COVERAGE_INSTRUMENTATION_PERFORMED(1005)], agent:'Ftv' ...
16:17:24.303 [agent-events] DEBUG SLHttpClient - [To ES] - attempt '#1' out of '12, url:'https://dev-ftv-gw.dev.sealights.co/api/v3/agents/agent-events'
16:17:24.313 [agent-events] INFO SLHttpClient - [To ES] - sending POST, url:'https://dev-ftv-gw.dev.sealights.co/api/v3/agents/agent-events', token: ...X3B1_efpQ4', body:'{"agentId":"c4d1ef97-eca1-4822-8b83-bde1dad6e521","buildSessionId":"5a56c419-ced9-42ff-a1cb-d96f9a39c8ec","events":[{"type":2000,"utcTimestamp_ms":1670509034661,"data":"test recommendations: \ntestSelectionEnabled=true,\nstatus=noHistory,\nexcludedTests size=null(names in debug)\nexcludedTests:"},{"type":3000,"utcTimestamp_ms":1670509034678,"data":"Test selection recommendations were ignored, reason: recommendationsTimeout"},{"type":1005,"utcTimestamp_ms":1670509035318}]}''
16:17:24.405 [agent-events] INFO SLHttpClient - [From ES] - responsed POST url:'https://dev-ftv-gw.dev.sealights.co/api/v3/agents/agent-events', status:200, message:null', body:'''
16:17:24.406 [agent-events] INFO SLHttpClient - [From ES] - responsed POST url:'https://dev-ftv-gw.dev.sealights.co/api/v3/agents/agent-events', status:200, message:null', body:'''
16:17:24.406 [agent-events] DEBUG AgentEventServiceHandler - sent successfully event(s):[GENERIC_MESSAGE(2000), GENERIC_WARNING(3000), FIRST_COVERAGE_INSTRUMENTATION_PERFORMED(1005)], agent:'Ftv'
16:17:24.823 [get-exec] DEBUG SLHttpClient - [To TST] - attempt '#1' out of '5, url:'https://dev-ftv-gw.dev.sealights.co/api/v4/testExecution/integ_master_0d56_gfspringftvlab01'
16:17:24.824 [get-exec] INFO SLHttpClient - [To TST] - sending GET, url:'https://dev-ftv-gw.dev.sealights.co/api/v4/testExecution/integ_master_0d56_gfspringftvlab01', token: ...X3B1_efpQ4''
16:17:24.904 [get-exec] INFO SLHttpClient - [From TST] - responsed GET url:'https://dev-ftv-gw.dev.sealights.co/api/v4/testExecution/integ_master_0d56_gfspringftvlab01', status:200, message:null', body:'{"execution":null}''
16:17:24.905 [get-exec] INFO SLHttpClient - [From TST] - responsed GET url:'https://dev-ftv-gw.dev.sealights.co/api/v4/testExecution/integ_master_0d56_gfspringftvlab01', status:200, message:null', body:'{"execution":null}''
2022-12-08 16:17:26.305  INFO 3816 --- [           main] o.s.b.w.embedded.tomcat.TomcatWebServer  : Tomcat initialized with port(s): 8080 (http)
2022-12-08 16:17:26.382  INFO 3816 --- [           main] o.apache.catalina.core.StandardService   : Starting service [Tomcat]
2022-12-08 16:17:26.384  INFO 3816 --- [           main] org.apache.catalina.core.StandardEngine  : Starting Servlet engine: [Apache Tomcat/9.0.69]
2022-12-08 16:17:26.741  INFO 3816 --- [           main] o.a.c.c.C.[Tomcat].[localhost].[/]       : Initializing Spring embedded WebApplicationContext
2022-12-08 16:17:26.742  INFO 3816 --- [           main] w.s.c.ServletWebServerApplicationContext : Root WebApplicationContext: initialization completed in 6679 ms
2022-12-08 16:17:28.539  INFO 3816 --- [           main] o.s.b.w.embedded.tomcat.TomcatWebServer  : Tomcat started on port(s): 8080 (http) with context path ''
2022-12-08 16:17:28.559  INFO 3816 --- [           main] d.f.s.ftv.FtvHelloAppApplication         : Started FtvHelloAppApplication in 11.887 seconds (JVM running for 19.197)
16:17:34.906 [get-exec] DEBUG SLHttpClient - [To TST] - attempt '#1' out of '5, url:'https://dev-ftv-gw.dev.sealights.co/api/v4/testExecution/integ_master_0d56_gfspringftvlab01'
16:17:34.907 [get-exec] INFO SLHttpClient - [To TST] - sending GET, url:'https://dev-ftv-gw.dev.sealights.co/api/v4/testExecution/integ_master_0d56_gfspringftvlab01', token: ...X3B1_efpQ4''
16:17:34.989 [get-exec] INFO SLHttpClient - [From TST] - responsed GET url:'https://dev-ftv-gw.dev.sealights.co/api/v4/testExecution/integ_master_0d56_gfspringftvlab01', status:200, message:null', body:'{"execution":null}''
16:17:34.990 [get-exec] INFO SLHttpClient - [From TST] - responsed GET url:'https://dev-ftv-gw.dev.sealights.co/api/v4/testExecution/integ_master_0d56_gfspringftvlab01', status:200, message:null', body:'{"execution":null}''
16:17:44.991 [get-exec] DEBUG SLHttpClient - [To TST] - attempt '#1' out of '5, url:'https://dev-ftv-gw.dev.sealights.co/api/v4/testExecution/integ_master_0d56_gfspringftvlab01'
16:17:44.992 [get-exec] INFO SLHttpClient - [To TST] - sending GET, url:'https://dev-ftv-gw.dev.sealights.co/api/v4/testExecution/integ_master_0d56_gfspringftvlab01', token: ...X3B1_efpQ4''
16:17:45.071 [get-exec] INFO SLHttpClient - [From TST] - responsed GET url:'https://dev-ftv-gw.dev.sealights.co/api/v4/testExecution/integ_master_0d56_gfspringftvlab01', status:200, message:null', body:'{"execution":null}''
16:17:45.072 [get-exec] INFO SLHttpClient - [From TST] - responsed GET url:'https://dev-ftv-gw.dev.sealights.co/api/v4/testExecution/integ_master_0d56_gfspringftvlab01', status:200, message:null', body:'{"execution":null}''
16:17:55.076 [get-exec] DEBUG SLHttpClient - [To TST] - attempt '#1' out of '5, url:'https://dev-ftv-gw.dev.sealights.co/api/v4/testExecution/integ_master_0d56_gfspringftvlab01'
16:17:55.077 [get-exec] INFO SLHttpClient - [To TST] - sending GET, url:'https://dev-ftv-gw.dev.sealights.co/api/v4/testExecution/integ_master_0d56_gfspringftvlab01', token: ...X3B1_efpQ4''
16:17:55.159 [get-exec] INFO SLHttpClient - [From TST] - responsed GET url:'https://dev-ftv-gw.dev.sealights.co/api/v4/testExecution/integ_master_0d56_gfspringftvlab01', status:200, message:null', body:'{"execution":null}''
16:17:55.160 [get-exec] INFO SLHttpClient - [From TST] - responsed GET url:'https://dev-ftv-gw.dev.sealights.co/api/v4/testExecution/integ_master_0d56_gfspringftvlab01', status:200, message:null', body:'{"execution":null}''
16:18:05.162 [get-exec] DEBUG SLHttpClient - [To TST] - attempt '#1' out of '5, url:'https://dev-ftv-gw.dev.sealights.co/api/v4/testExecution/integ_master_0d56_gfspringftvlab01'
16:18:05.163 [get-exec] INFO SLHttpClient - [To TST] - sending GET, url:'https://dev-ftv-gw.dev.sealights.co/api/v4/testExecution/integ_master_0d56_gfspringftvlab01', token: ...X3B1_efpQ4''
16:18:05.272 [get-exec] INFO SLHttpClient - [From TST] - responsed GET url:'https://dev-ftv-gw.dev.sealights.co/api/v4/testExecution/integ_master_0d56_gfspringftvlab01', status:200, message:null', body:'{"execution":null}''
16:18:05.273 [get-exec] INFO SLHttpClient - [From TST] - responsed GET url:'https://dev-ftv-gw.dev.sealights.co/api/v4/testExecution/integ_master_0d56_gfspringftvlab01', status:200, message:null', body:'{"execution":null}''
16:18:13.413 [ShutdownHook] DEBUG TaskScheduler - Shutdown done
16:18:13.414 [ShutdownHook] DEBUG TaskScheduler - Schedular was stopped
16:18:13.417 [ShutdownHook] DEBUG AgentEventsController - Verify time clock ...
16:18:13.417 [ShutdownHook] INFO AgentEventsController - Time Clock Dispatcher is disabled
16:18:13.418 [ShutdownHook] DEBUG AgentEventsController - class io.sealights.onpremise.agentevents.eventservice.proxy.api.types.StringDataEvents$GenericMessageEvent event was added, local time: 1670509093418, event timestamp: 1670509093418
16:18:13.419 [ShutdownHook] DEBUG TaskScheduler - Task 'ping-agent' was cancelled (interrupt flag=false)
16:18:13.420 [ShutdownHook] DEBUG TaskScheduler - Shutdown done
16:18:13.423 [ShutdownHook] DEBUG TaskScheduler - Schedular was stopped
16:18:13.424 [ShutdownHook] DEBUG AgentEventsController - Verify time clock ...
16:18:13.425 [ShutdownHook] INFO AgentEventsController - Time Clock Dispatcher is disabled
16:18:13.426 [ShutdownHook] INFO AgentEventsDispatcher - Handling agentShutdown ...
16:18:13.426 [ShutdownHook] DEBUG TaskScheduler - Task 'agent-events' was cancelled (interrupt flag=true)
16:18:13.427 [ShutdownHook] INFO AgentEventsDispatcher - Sending 2 accumulated events ...
16:18:13.429 [ShutdownHook] DEBUG AgentEventServiceHandler - sending event(s):[GENERIC_MESSAGE(2000), AGENT_SHUTDOWN(1002)], agent:'Ftv' ...
16:18:13.429 [ShutdownHook] DEBUG SLHttpClient - [To ES] - attempt '#1' out of '12, url:'https://dev-ftv-gw.dev.sealights.co/api/v3/agents/agent-events'
16:18:13.431 [ShutdownHook] INFO SLHttpClient - [To ES] - sending POST, url:'https://dev-ftv-gw.dev.sealights.co/api/v3/agents/agent-events', token: ...X3B1_efpQ4', body:'{"agentId":"c4d1ef97-eca1-4822-8b83-bde1dad6e521","buildSessionId":"5a56c419-ced9-42ff-a1cb-d96f9a39c8ec","events":[{"type":2000,"utcTimestamp_ms":1670509093418,"data":"test events send summary - success counters:(requests=0, items=0)"},{"type":1002,"utcTimestamp_ms":1670509093426,"data":{"agentInfo":null,"avgCpuLoad":0,"freeRam_KB":281655,"labId":null}}]}''
16:18:13.537 [ShutdownHook] INFO SLHttpClient - [From ES] - responsed POST url:'https://dev-ftv-gw.dev.sealights.co/api/v3/agents/agent-events', status:200, message:null', body:'''
16:18:13.538 [ShutdownHook] INFO SLHttpClient - [From ES] - responsed POST url:'https://dev-ftv-gw.dev.sealights.co/api/v3/agents/agent-events', status:200, message:null', body:'''
16:18:13.539 [ShutdownHook] DEBUG AgentEventServiceHandler - sent successfully event(s):[GENERIC_MESSAGE(2000), AGENT_SHUTDOWN(1002)], agent:'Ftv'
16:18:13.539 [ShutdownHook] DEBUG TaskScheduler - Shutdown done
16:18:13.540 [ShutdownHook] DEBUG TaskScheduler - Schedular was stopped
[Sealights Test Listener] [c4] - Done.
